[0.039s] Invoking command in '/home/ub/dodo/dodo_robot_ROS2/build/dodo_usb_command': CMAKE_PREFIX_PATH=/opt/ros/humble /usr/bin/cmake /home/ub/dodo/dodo_robot_ROS2/src/dodo_usb_command -DAMENT_CMAKE_SYMLINK_INSTALL=1 -DCMAKE_INSTALL_PREFIX=/home/ub/dodo/dodo_robot_ROS2/install/dodo_usb_command
[0.310s] -- The C compiler identification is GNU 11.4.0
[0.522s] -- The CXX compiler identification is GNU 11.4.0
[0.549s] -- Detecting C compiler ABI info
[0.946s] -- Detecting C compiler ABI info - done
[0.963s] -- Check for working C compiler: /usr/bin/cc - skipped
[0.964s] -- Detecting C compile features
[0.965s] -- Detecting C compile features - done
[0.974s] -- Detecting CXX compiler ABI info
[1.346s] -- Detecting CXX compiler ABI info - done
[1.386s] -- Check for working CXX compiler: /usr/bin/c++ - skipped
[1.387s] -- Detecting CXX compile features
[1.390s] -- Detecting CXX compile features - done
[1.403s] -- Found ament_cmake: 1.3.11 (/opt/ros/humble/share/ament_cmake/cmake)
[1.971s] -- Found Python3: /usr/bin/python3 (found version "3.10.12") found components: Interpreter 
[2.221s] -- Override CMake install command with custom implementation using symlinks instead of copying resources
[2.360s] -- Found rclcpp: 16.0.11 (/opt/ros/humble/share/rclcpp/cmake)
[2.482s] -- Found rosidl_generator_c: 3.1.6 (/opt/ros/humble/share/rosidl_generator_c/cmake)
[2.496s] -- Found rosidl_adapter: 3.1.6 (/opt/ros/humble/share/rosidl_adapter/cmake)
[2.515s] -- Found rosidl_generator_cpp: 3.1.6 (/opt/ros/humble/share/rosidl_generator_cpp/cmake)
[2.569s] -- Using all available rosidl_typesupport_c: rosidl_typesupport_fastrtps_c;rosidl_typesupport_introspection_c
[2.632s] -- Using all available rosidl_typesupport_cpp: rosidl_typesupport_fastrtps_cpp;rosidl_typesupport_introspection_cpp
[2.747s] -- Found rmw_implementation_cmake: 6.1.2 (/opt/ros/humble/share/rmw_implementation_cmake/cmake)
[2.766s] -- Found rmw_fastrtps_cpp: 6.2.7 (/opt/ros/humble/share/rmw_fastrtps_cpp/cmake)
[3.350s] -- Found OpenSSL: /usr/lib/x86_64-linux-gnu/libcrypto.so (found version "3.0.2")  
[3.489s] -- Found FastRTPS: /opt/ros/humble/include  
[3.601s] -- Using RMW implementation 'rmw_fastrtps_cpp' as default
[3.663s] -- Looking for pthread.h
[3.967s] -- Looking for pthread.h - found
[3.968s] -- Performing Test CMAKE_HAVE_LIBC_PTHREAD
[4.443s] -- Performing Test CMAKE_HAVE_LIBC_PTHREAD - Success
[4.447s] -- Found Threads: TRUE  
[5.005s] -- Configuring done
[5.098s] -- Generating done
[5.150s] -- Build files have been written to: /home/ub/dodo/dodo_robot_ROS2/build/dodo_usb_command
[5.215s] Invoked command in '/home/ub/dodo/dodo_robot_ROS2/build/dodo_usb_command' returned '0': CMAKE_PREFIX_PATH=/opt/ros/humble /usr/bin/cmake /home/ub/dodo/dodo_robot_ROS2/src/dodo_usb_command -DAMENT_CMAKE_SYMLINK_INSTALL=1 -DCMAKE_INSTALL_PREFIX=/home/ub/dodo/dodo_robot_ROS2/install/dodo_usb_command
[5.222s] Invoking command in '/home/ub/dodo/dodo_robot_ROS2/build/dodo_usb_command': CMAKE_PREFIX_PATH=/opt/ros/humble /usr/bin/cmake --build /home/ub/dodo/dodo_robot_ROS2/build/dodo_usb_command -- -j2 -l2
[5.516s] [ 50%] [32mBuilding CXX object CMakeFiles/usb_command_node.dir/src/usb_command_node.cpp.o[0m
[15.234s] [01m[K/home/ub/dodo/dodo_robot_ROS2/src/dodo_usb_command/src/usb_command_node.cpp:[m[K In member function ‘[01m[Kdodo_usb_command::Command dodo_usb_command::USBCommandNode::processJoystickInput(const std::vector<int>&)[m[K’:
[15.242s] [01m[K/home/ub/dodo/dodo_robot_ROS2/src/dodo_usb_command/src/usb_command_node.cpp:83:71:[m[K [01;35m[Kwarning: [m[Kunused parameter ‘[01m[Kraw_data[m[K’ [[01;35m[K]8;;https://gcc.gnu.org/onlinedocs/gcc/Warning-Options.html#index-Wunused-parameter-Wunused-parameter]8;;[m[K]
[15.242s]    83 | Command USBCommandNode::processJoystickInput([01;35m[Kconst std::vector<int> & raw_data[m[K)
[15.242s]       |                                              [01;35m[K~~~~~~~~~~~~~~~~~~~~~~~~~^~~~~~~~[m[K
[22.083s] [100%] [32m[1mLinking CXX executable usb_command_node[0m
[22.684s] [100%] Built target usb_command_node
[22.750s] Invoked command in '/home/ub/dodo/dodo_robot_ROS2/build/dodo_usb_command' returned '0': CMAKE_PREFIX_PATH=/opt/ros/humble /usr/bin/cmake --build /home/ub/dodo/dodo_robot_ROS2/build/dodo_usb_command -- -j2 -l2
[22.766s] Invoking command in '/home/ub/dodo/dodo_robot_ROS2/build/dodo_usb_command': CMAKE_PREFIX_PATH=/opt/ros/humble /usr/bin/cmake --install /home/ub/dodo/dodo_robot_ROS2/build/dodo_usb_command
[22.811s] -- Install configuration: ""
[22.815s] -- Execute custom install script
[22.817s] -- Symlinking: /home/ub/dodo/dodo_robot_ROS2/install/dodo_usb_command/lib/dodo_usb_command/usb_command_node
[22.849s] -- Symlinking: /home/ub/dodo/dodo_robot_ROS2/install/dodo_usb_command/share/dodo_usb_command/launch/usb_command.launch.py
[22.900s] -- Symlinking: /home/ub/dodo/dodo_robot_ROS2/install/dodo_usb_command/include//dodo_usb_command/usb_command_node.hpp
[22.934s] -- Symlinking: /home/ub/dodo/dodo_robot_ROS2/install/dodo_usb_command/share/ament_index/resource_index/package_run_dependencies/dodo_usb_command
[22.967s] -- Symlinking: /home/ub/dodo/dodo_robot_ROS2/install/dodo_usb_command/share/ament_index/resource_index/parent_prefix_path/dodo_usb_command
[23.009s] -- Symlinking: /home/ub/dodo/dodo_robot_ROS2/install/dodo_usb_command/share/dodo_usb_command/environment/ament_prefix_path.sh
[23.045s] -- Symlinking: /home/ub/dodo/dodo_robot_ROS2/install/dodo_usb_command/share/dodo_usb_command/environment/ament_prefix_path.dsv
[23.071s] -- Symlinking: /home/ub/dodo/dodo_robot_ROS2/install/dodo_usb_command/share/dodo_usb_command/environment/path.sh
[23.118s] -- Symlinking: /home/ub/dodo/dodo_robot_ROS2/install/dodo_usb_command/share/dodo_usb_command/environment/path.dsv
[23.127s] -- Symlinking: /home/ub/dodo/dodo_robot_ROS2/install/dodo_usb_command/share/dodo_usb_command/local_setup.bash
[23.156s] -- Symlinking: /home/ub/dodo/dodo_robot_ROS2/install/dodo_usb_command/share/dodo_usb_command/local_setup.sh
[23.185s] -- Symlinking: /home/ub/dodo/dodo_robot_ROS2/install/dodo_usb_command/share/dodo_usb_command/local_setup.zsh
[23.214s] -- Symlinking: /home/ub/dodo/dodo_robot_ROS2/install/dodo_usb_command/share/dodo_usb_command/local_setup.dsv
[23.263s] -- Symlinking: /home/ub/dodo/dodo_robot_ROS2/install/dodo_usb_command/share/dodo_usb_command/package.dsv
[23.303s] -- Symlinking: /home/ub/dodo/dodo_robot_ROS2/install/dodo_usb_command/share/ament_index/resource_index/packages/dodo_usb_command
[23.324s] -- Symlinking: /home/ub/dodo/dodo_robot_ROS2/install/dodo_usb_command/share/dodo_usb_command/cmake/dodo_usb_commandConfig.cmake
[23.352s] -- Symlinking: /home/ub/dodo/dodo_robot_ROS2/install/dodo_usb_command/share/dodo_usb_command/cmake/dodo_usb_commandConfig-version.cmake
[23.373s] -- Symlinking: /home/ub/dodo/dodo_robot_ROS2/install/dodo_usb_command/share/dodo_usb_command/package.xml
[23.402s] Invoked command in '/home/ub/dodo/dodo_robot_ROS2/build/dodo_usb_command' returned '0': CMAKE_PREFIX_PATH=/opt/ros/humble /usr/bin/cmake --install /home/ub/dodo/dodo_robot_ROS2/build/dodo_usb_command
