[0.043s] Invoking command in '/home/ubuntu/dodo_main/dodo_robot_ws/build/dodo_monitor': CMAKE_PREFIX_PATH=/home/ubuntu/dodo_main/dodo_robot_ws/install/dodo_msgs:/home/ubuntu/dodo_main/dodo_robot_ws/install/dodo_bringup:/home/ubuntu/dodo_main/dodo_robot_ws/install/dodo_usb_command:/home/ubuntu/dodo_main/dodo_robot_ws/install/dodo_sensor_fusion:/home/ubuntu/dodo_main/dodo_robot_ws/install/dodo_safety:/home/ubuntu/dodo_main/dodo_robot_ws/install/dodo_rl:/home/ubuntu/dodo_main/dodo_robot_ws/install/dodo_processing:/home/ubuntu/dodo_main/dodo_robot_ws/install/dodo_monitor:/home/ubuntu/dodo_main/dodo_robot_ws/install/dodo_imu:/home/ubuntu/dodo_main/dodo_robot_ws/install/dodo_canbus:/opt/ros/humble CONDA_PROMPT_MODIFIER=(base) /usr/bin/cmake --build /home/ubuntu/dodo_main/dodo_robot_ws/build/dodo_monitor -- -j2 -l2
[0.171s] [100%] Built target monitor_node
[0.197s] Invoked command in '/home/ubuntu/dodo_main/dodo_robot_ws/build/dodo_monitor' returned '0': CMAKE_PREFIX_PATH=/home/ubuntu/dodo_main/dodo_robot_ws/install/dodo_msgs:/home/ubuntu/dodo_main/dodo_robot_ws/install/dodo_bringup:/home/ubuntu/dodo_main/dodo_robot_ws/install/dodo_usb_command:/home/ubuntu/dodo_main/dodo_robot_ws/install/dodo_sensor_fusion:/home/ubuntu/dodo_main/dodo_robot_ws/install/dodo_safety:/home/ubuntu/dodo_main/dodo_robot_ws/install/dodo_rl:/home/ubuntu/dodo_main/dodo_robot_ws/install/dodo_processing:/home/ubuntu/dodo_main/dodo_robot_ws/install/dodo_monitor:/home/ubuntu/dodo_main/dodo_robot_ws/install/dodo_imu:/home/ubuntu/dodo_main/dodo_robot_ws/install/dodo_canbus:/opt/ros/humble CONDA_PROMPT_MODIFIER=(base) /usr/bin/cmake --build /home/ubuntu/dodo_main/dodo_robot_ws/build/dodo_monitor -- -j2 -l2
[0.200s] Invoking command in '/home/ubuntu/dodo_main/dodo_robot_ws/build/dodo_monitor': CMAKE_PREFIX_PATH=/home/ubuntu/dodo_main/dodo_robot_ws/install/dodo_msgs:/home/ubuntu/dodo_main/dodo_robot_ws/install/dodo_bringup:/home/ubuntu/dodo_main/dodo_robot_ws/install/dodo_usb_command:/home/ubuntu/dodo_main/dodo_robot_ws/install/dodo_sensor_fusion:/home/ubuntu/dodo_main/dodo_robot_ws/install/dodo_safety:/home/ubuntu/dodo_main/dodo_robot_ws/install/dodo_rl:/home/ubuntu/dodo_main/dodo_robot_ws/install/dodo_processing:/home/ubuntu/dodo_main/dodo_robot_ws/install/dodo_monitor:/home/ubuntu/dodo_main/dodo_robot_ws/install/dodo_imu:/home/ubuntu/dodo_main/dodo_robot_ws/install/dodo_canbus:/opt/ros/humble CONDA_PROMPT_MODIFIER=(base) /usr/bin/cmake --install /home/ubuntu/dodo_main/dodo_robot_ws/build/dodo_monitor
[0.209s] -- Install configuration: ""
[0.210s] -- Execute custom install script
[0.211s] -- Up-to-date symlink: /home/ubuntu/dodo_main/dodo_robot_ws/install/dodo_monitor/lib/dodo_monitor/monitor_node
[0.211s] -- Up-to-date symlink: /home/ubuntu/dodo_main/dodo_robot_ws/install/dodo_monitor/share/dodo_monitor/launch/monitor_node.launch.py
[0.212s] -- Up-to-date symlink: /home/ubuntu/dodo_main/dodo_robot_ws/install/dodo_monitor/include//dodo_monitor/monitor_node.hpp
[0.213s] -- Up-to-date symlink: /home/ubuntu/dodo_main/dodo_robot_ws/install/dodo_monitor/share/ament_index/resource_index/package_run_dependencies/dodo_monitor
[0.214s] -- Up-to-date symlink: /home/ubuntu/dodo_main/dodo_robot_ws/install/dodo_monitor/share/ament_index/resource_index/parent_prefix_path/dodo_monitor
[0.214s] -- Up-to-date symlink: /home/ubuntu/dodo_main/dodo_robot_ws/install/dodo_monitor/share/dodo_monitor/environment/ament_prefix_path.sh
[0.214s] -- Up-to-date symlink: /home/ubuntu/dodo_main/dodo_robot_ws/install/dodo_monitor/share/dodo_monitor/environment/ament_prefix_path.dsv
[0.214s] -- Up-to-date symlink: /home/ubuntu/dodo_main/dodo_robot_ws/install/dodo_monitor/share/dodo_monitor/environment/path.sh
[0.215s] -- Up-to-date symlink: /home/ubuntu/dodo_main/dodo_robot_ws/install/dodo_monitor/share/dodo_monitor/environment/path.dsv
[0.215s] -- Up-to-date symlink: /home/ubuntu/dodo_main/dodo_robot_ws/install/dodo_monitor/share/dodo_monitor/local_setup.bash
[0.215s] -- Up-to-date symlink: /home/ubuntu/dodo_main/dodo_robot_ws/install/dodo_monitor/share/dodo_monitor/local_setup.sh
[0.216s] -- Up-to-date symlink: /home/ubuntu/dodo_main/dodo_robot_ws/install/dodo_monitor/share/dodo_monitor/local_setup.zsh
[0.216s] -- Up-to-date symlink: /home/ubuntu/dodo_main/dodo_robot_ws/install/dodo_monitor/share/dodo_monitor/local_setup.dsv
[0.216s] -- Symlinking: /home/ubuntu/dodo_main/dodo_robot_ws/install/dodo_monitor/share/dodo_monitor/package.dsv
[0.225s] -- Up-to-date symlink: /home/ubuntu/dodo_main/dodo_robot_ws/install/dodo_monitor/share/ament_index/resource_index/packages/dodo_monitor
[0.225s] -- Up-to-date symlink: /home/ubuntu/dodo_main/dodo_robot_ws/install/dodo_monitor/share/dodo_monitor/cmake/dodo_monitorConfig.cmake
[0.225s] -- Up-to-date symlink: /home/ubuntu/dodo_main/dodo_robot_ws/install/dodo_monitor/share/dodo_monitor/cmake/dodo_monitorConfig-version.cmake
[0.225s] -- Up-to-date symlink: /home/ubuntu/dodo_main/dodo_robot_ws/install/dodo_monitor/share/dodo_monitor/package.xml
[0.229s] Invoked command in '/home/ubuntu/dodo_main/dodo_robot_ws/build/dodo_monitor' returned '0': CMAKE_PREFIX_PATH=/home/ubuntu/dodo_main/dodo_robot_ws/install/dodo_msgs:/home/ubuntu/dodo_main/dodo_robot_ws/install/dodo_bringup:/home/ubuntu/dodo_main/dodo_robot_ws/install/dodo_usb_command:/home/ubuntu/dodo_main/dodo_robot_ws/install/dodo_sensor_fusion:/home/ubuntu/dodo_main/dodo_robot_ws/install/dodo_safety:/home/ubuntu/dodo_main/dodo_robot_ws/install/dodo_rl:/home/ubuntu/dodo_main/dodo_robot_ws/install/dodo_processing:/home/ubuntu/dodo_main/dodo_robot_ws/install/dodo_monitor:/home/ubuntu/dodo_main/dodo_robot_ws/install/dodo_imu:/home/ubuntu/dodo_main/dodo_robot_ws/install/dodo_canbus:/opt/ros/humble CONDA_PROMPT_MODIFIER=(base) /usr/bin/cmake --install /home/ubuntu/dodo_main/dodo_robot_ws/build/dodo_monitor
