[0.008s] Invoking command in '/home/ubuntu/dodo_main/dodo_robot_ws/build/dodo_msgs': CMAKE_PREFIX_PATH=${CMAKE_PREFIX_PATH}:/opt/ros/humble CONDA_PROMPT_MODIFIER=(base) /usr/bin/cmake --build /home/ubuntu/dodo_main/dodo_robot_ws/build/dodo_msgs -- -j2 -l2
[0.069s] [  3%] Built target dodo_msgs__cpp
[0.075s] [ 12%] Built target dodo_msgs__rosidl_generator_c
[0.105s] [ 12%] Built target ament_cmake_python_symlink_dodo_msgs
[0.112s] [ 22%] Built target dodo_msgs__rosidl_typesupport_cpp
[0.149s] [ 32%] Built target dodo_msgs__rosidl_typesupport_introspection_c
[0.154s] [ 41%] Built target dodo_msgs__rosidl_typesupport_fastrtps_c
[0.177s] [ 51%] Built target dodo_msgs__rosidl_typesupport_c
[0.191s] [ 61%] Built target dodo_msgs__rosidl_typesupport_fastrtps_cpp
[0.225s] [ 70%] Built target dodo_msgs__rosidl_typesupport_introspection_cpp
[0.282s] [ 70%] Built target dodo_msgs
[0.330s] [ 74%] Built target dodo_msgs__py
[0.366s] [ 80%] Built target dodo_msgs__rosidl_generator_py
[0.398s] running egg_info
[0.399s] writing dodo_msgs.egg-info/PKG-INFO
[0.399s] writing dependency_links to dodo_msgs.egg-info/dependency_links.txt
[0.400s] writing top-level names to dodo_msgs.egg-info/top_level.txt
[0.401s] reading manifest file 'dodo_msgs.egg-info/SOURCES.txt'
[0.401s] writing manifest file 'dodo_msgs.egg-info/SOURCES.txt'
[0.416s] [ 87%] Built target dodo_msgs__rosidl_typesupport_fastrtps_c__pyext
[0.425s] [ 87%] Built target ament_cmake_python_build_dodo_msgs_egg
[0.462s] [ 93%] Built target dodo_msgs__rosidl_typesupport_introspection_c__pyext
[0.470s] [100%] Built target dodo_msgs__rosidl_typesupport_c__pyext
[0.480s] Invoked command in '/home/ubuntu/dodo_main/dodo_robot_ws/build/dodo_msgs' returned '0': CMAKE_PREFIX_PATH=${CMAKE_PREFIX_PATH}:/opt/ros/humble CONDA_PROMPT_MODIFIER=(base) /usr/bin/cmake --build /home/ubuntu/dodo_main/dodo_robot_ws/build/dodo_msgs -- -j2 -l2
[0.480s] Invoking command in '/home/ubuntu/dodo_main/dodo_robot_ws/build/dodo_msgs': CMAKE_PREFIX_PATH=${CMAKE_PREFIX_PATH}:/opt/ros/humble CONDA_PROMPT_MODIFIER=(base) /usr/bin/cmake --install /home/ubuntu/dodo_main/dodo_robot_ws/build/dodo_msgs
[0.490s] -- Install configuration: ""
[0.490s] -- Execute custom install script
[0.491s] -- Up-to-date symlink: /home/ubuntu/dodo_main/dodo_robot_ws/install/dodo_msgs/share/ament_index/resource_index/rosidl_interfaces/dodo_msgs
[0.491s] -- Up-to-date symlink: /home/ubuntu/dodo_main/dodo_robot_ws/install/dodo_msgs/include/dodo_msgs/dodo_msgs/msg/aligned_sensor_data.h
[0.492s] -- Up-to-date symlink: /home/ubuntu/dodo_main/dodo_robot_ws/install/dodo_msgs/include/dodo_msgs/dodo_msgs/msg/detail/aligned_sensor_data__functions.h
[0.492s] -- Up-to-date symlink: /home/ubuntu/dodo_main/dodo_robot_ws/install/dodo_msgs/include/dodo_msgs/dodo_msgs/msg/detail/aligned_sensor_data__struct.h
[0.492s] -- Up-to-date symlink: /home/ubuntu/dodo_main/dodo_robot_ws/install/dodo_msgs/include/dodo_msgs/dodo_msgs/msg/detail/aligned_sensor_data__type_support.h
[0.492s] -- Up-to-date symlink: /home/ubuntu/dodo_main/dodo_robot_ws/install/dodo_msgs/include/dodo_msgs/dodo_msgs/msg/rosidl_generator_c__visibility_control.h
[0.493s] -- Up-to-date symlink: /home/ubuntu/dodo_main/dodo_robot_ws/install/dodo_msgs/share/dodo_msgs/environment/library_path.sh
[0.493s] -- Up-to-date symlink: /home/ubuntu/dodo_main/dodo_robot_ws/install/dodo_msgs/share/dodo_msgs/environment/library_path.dsv
[0.494s] -- Up-to-date symlink: /home/ubuntu/dodo_main/dodo_robot_ws/install/dodo_msgs/include/dodo_msgs/dodo_msgs/msg/detail/aligned_sensor_data__rosidl_typesupport_fastrtps_c.h
[0.494s] -- Up-to-date symlink: /home/ubuntu/dodo_main/dodo_robot_ws/install/dodo_msgs/include/dodo_msgs/dodo_msgs/msg/rosidl_typesupport_fastrtps_c__visibility_control.h
[0.494s] -- Up-to-date symlink: /home/ubuntu/dodo_main/dodo_robot_ws/install/dodo_msgs/include/dodo_msgs/dodo_msgs/msg/detail/aligned_sensor_data__rosidl_typesupport_introspection_c.h
[0.495s] -- Up-to-date symlink: /home/ubuntu/dodo_main/dodo_robot_ws/install/dodo_msgs/include/dodo_msgs/dodo_msgs/msg/rosidl_typesupport_introspection_c__visibility_control.h
[0.495s] -- Up-to-date symlink: /home/ubuntu/dodo_main/dodo_robot_ws/install/dodo_msgs/include/dodo_msgs/dodo_msgs/msg/aligned_sensor_data.hpp
[0.495s] -- Up-to-date symlink: /home/ubuntu/dodo_main/dodo_robot_ws/install/dodo_msgs/include/dodo_msgs/dodo_msgs/msg/detail/aligned_sensor_data__builder.hpp
[0.496s] -- Up-to-date symlink: /home/ubuntu/dodo_main/dodo_robot_ws/install/dodo_msgs/include/dodo_msgs/dodo_msgs/msg/detail/aligned_sensor_data__struct.hpp
[0.496s] -- Up-to-date symlink: /home/ubuntu/dodo_main/dodo_robot_ws/install/dodo_msgs/include/dodo_msgs/dodo_msgs/msg/detail/aligned_sensor_data__traits.hpp
[0.496s] -- Up-to-date symlink: /home/ubuntu/dodo_main/dodo_robot_ws/install/dodo_msgs/include/dodo_msgs/dodo_msgs/msg/detail/aligned_sensor_data__type_support.hpp
[0.496s] -- Up-to-date symlink: /home/ubuntu/dodo_main/dodo_robot_ws/install/dodo_msgs/include/dodo_msgs/dodo_msgs/msg/rosidl_generator_cpp__visibility_control.hpp
[0.497s] -- Up-to-date symlink: /home/ubuntu/dodo_main/dodo_robot_ws/install/dodo_msgs/include/dodo_msgs/dodo_msgs/msg/detail/aligned_sensor_data__rosidl_typesupport_fastrtps_cpp.hpp
[0.497s] -- Up-to-date symlink: /home/ubuntu/dodo_main/dodo_robot_ws/install/dodo_msgs/include/dodo_msgs/dodo_msgs/msg/rosidl_typesupport_fastrtps_cpp__visibility_control.h
[0.498s] -- Up-to-date symlink: /home/ubuntu/dodo_main/dodo_robot_ws/install/dodo_msgs/include/dodo_msgs/dodo_msgs/msg/detail/aligned_sensor_data__rosidl_typesupport_introspection_cpp.hpp
[0.498s] -- Up-to-date symlink: /home/ubuntu/dodo_main/dodo_robot_ws/install/dodo_msgs/share/dodo_msgs/environment/pythonpath.sh
[0.498s] -- Up-to-date symlink: /home/ubuntu/dodo_main/dodo_robot_ws/install/dodo_msgs/share/dodo_msgs/environment/pythonpath.dsv
[0.499s] -- Up-to-date symlink: /home/ubuntu/dodo_main/dodo_robot_ws/install/dodo_msgs/local/lib/python3.10/dist-packages/dodo_msgs-0.1.0-py3.10.egg-info/PKG-INFO
[0.499s] -- Up-to-date symlink: /home/ubuntu/dodo_main/dodo_robot_ws/install/dodo_msgs/local/lib/python3.10/dist-packages/dodo_msgs-0.1.0-py3.10.egg-info/SOURCES.txt
[0.499s] -- Up-to-date symlink: /home/ubuntu/dodo_main/dodo_robot_ws/install/dodo_msgs/local/lib/python3.10/dist-packages/dodo_msgs-0.1.0-py3.10.egg-info/dependency_links.txt
[0.499s] -- Up-to-date symlink: /home/ubuntu/dodo_main/dodo_robot_ws/install/dodo_msgs/local/lib/python3.10/dist-packages/dodo_msgs-0.1.0-py3.10.egg-info/top_level.txt
[0.500s] -- Up-to-date symlink: /home/ubuntu/dodo_main/dodo_robot_ws/install/dodo_msgs/local/lib/python3.10/dist-packages/dodo_msgs/__init__.py
[0.500s] -- Up-to-date symlink: /home/ubuntu/dodo_main/dodo_robot_ws/install/dodo_msgs/local/lib/python3.10/dist-packages/dodo_msgs/_dodo_msgs_s.ep.rosidl_typesupport_c.c
[0.501s] -- Up-to-date symlink: /home/ubuntu/dodo_main/dodo_robot_ws/install/dodo_msgs/local/lib/python3.10/dist-packages/dodo_msgs/_dodo_msgs_s.ep.rosidl_typesupport_fastrtps_c.c
[0.501s] -- Up-to-date symlink: /home/ubuntu/dodo_main/dodo_robot_ws/install/dodo_msgs/local/lib/python3.10/dist-packages/dodo_msgs/_dodo_msgs_s.ep.rosidl_typesupport_introspection_c.c
[0.501s] -- Up-to-date symlink: /home/ubuntu/dodo_main/dodo_robot_ws/install/dodo_msgs/local/lib/python3.10/dist-packages/dodo_msgs/dodo_msgs_s__rosidl_typesupport_c.cpython-310-x86_64-linux-gnu.so
[0.501s] -- Up-to-date symlink: /home/ubuntu/dodo_main/dodo_robot_ws/install/dodo_msgs/local/lib/python3.10/dist-packages/dodo_msgs/dodo_msgs_s__rosidl_typesupport_fastrtps_c.cpython-310-x86_64-linux-gnu.so
[0.502s] -- Up-to-date symlink: /home/ubuntu/dodo_main/dodo_robot_ws/install/dodo_msgs/local/lib/python3.10/dist-packages/dodo_msgs/dodo_msgs_s__rosidl_typesupport_introspection_c.cpython-310-x86_64-linux-gnu.so
[0.502s] -- Up-to-date symlink: /home/ubuntu/dodo_main/dodo_robot_ws/install/dodo_msgs/local/lib/python3.10/dist-packages/dodo_msgs/libdodo_msgs__rosidl_generator_py.so
[0.502s] -- Up-to-date symlink: /home/ubuntu/dodo_main/dodo_robot_ws/install/dodo_msgs/local/lib/python3.10/dist-packages/dodo_msgs/msg/__init__.py
[0.502s] -- Up-to-date symlink: /home/ubuntu/dodo_main/dodo_robot_ws/install/dodo_msgs/local/lib/python3.10/dist-packages/dodo_msgs/msg/_aligned_sensor_data.py
[0.503s] -- Up-to-date symlink: /home/ubuntu/dodo_main/dodo_robot_ws/install/dodo_msgs/local/lib/python3.10/dist-packages/dodo_msgs/msg/_aligned_sensor_data_s.c
[0.503s] -- Up-to-date symlink: /home/ubuntu/dodo_main/dodo_robot_ws/install/dodo_msgs/local/lib/python3.10/dist-packages/dodo_msgs/dodo_msgs_s__rosidl_typesupport_fastrtps_c.cpython-310-x86_64-linux-gnu.so
[0.503s] -- Up-to-date symlink: /home/ubuntu/dodo_main/dodo_robot_ws/install/dodo_msgs/local/lib/python3.10/dist-packages/dodo_msgs/dodo_msgs_s__rosidl_typesupport_introspection_c.cpython-310-x86_64-linux-gnu.so
[0.504s] -- Up-to-date symlink: /home/ubuntu/dodo_main/dodo_robot_ws/install/dodo_msgs/local/lib/python3.10/dist-packages/dodo_msgs/dodo_msgs_s__rosidl_typesupport_c.cpython-310-x86_64-linux-gnu.so
[0.504s] -- Up-to-date symlink: /home/ubuntu/dodo_main/dodo_robot_ws/install/dodo_msgs/share/dodo_msgs/msg/AlignedSensorData.idl
[0.504s] -- Up-to-date symlink: /home/ubuntu/dodo_main/dodo_robot_ws/install/dodo_msgs/share/dodo_msgs/msg/AlignedSensorData.msg
[0.505s] -- Up-to-date symlink: /home/ubuntu/dodo_main/dodo_robot_ws/install/dodo_msgs/share/ament_index/resource_index/package_run_dependencies/dodo_msgs
[0.505s] -- Up-to-date symlink: /home/ubuntu/dodo_main/dodo_robot_ws/install/dodo_msgs/share/ament_index/resource_index/parent_prefix_path/dodo_msgs
[0.505s] -- Up-to-date symlink: /home/ubuntu/dodo_main/dodo_robot_ws/install/dodo_msgs/share/dodo_msgs/environment/ament_prefix_path.sh
[0.506s] -- Up-to-date symlink: /home/ubuntu/dodo_main/dodo_robot_ws/install/dodo_msgs/share/dodo_msgs/environment/ament_prefix_path.dsv
[0.506s] -- Up-to-date symlink: /home/ubuntu/dodo_main/dodo_robot_ws/install/dodo_msgs/share/dodo_msgs/environment/path.sh
[0.506s] -- Up-to-date symlink: /home/ubuntu/dodo_main/dodo_robot_ws/install/dodo_msgs/share/dodo_msgs/environment/path.dsv
[0.506s] -- Up-to-date symlink: /home/ubuntu/dodo_main/dodo_robot_ws/install/dodo_msgs/share/dodo_msgs/local_setup.bash
[0.507s] -- Up-to-date symlink: /home/ubuntu/dodo_main/dodo_robot_ws/install/dodo_msgs/share/dodo_msgs/local_setup.sh
[0.507s] -- Up-to-date symlink: /home/ubuntu/dodo_main/dodo_robot_ws/install/dodo_msgs/share/dodo_msgs/local_setup.zsh
[0.507s] -- Up-to-date symlink: /home/ubuntu/dodo_main/dodo_robot_ws/install/dodo_msgs/share/dodo_msgs/local_setup.dsv
[0.507s] -- Symlinking: /home/ubuntu/dodo_main/dodo_robot_ws/install/dodo_msgs/share/dodo_msgs/package.dsv
[0.519s] -- Up-to-date symlink: /home/ubuntu/dodo_main/dodo_robot_ws/install/dodo_msgs/share/ament_index/resource_index/packages/dodo_msgs
[0.519s] -- Up-to-date symlink: /home/ubuntu/dodo_main/dodo_robot_ws/install/dodo_msgs/share/dodo_msgs/cmake/rosidl_cmake-extras.cmake
[0.519s] -- Up-to-date symlink: /home/ubuntu/dodo_main/dodo_robot_ws/install/dodo_msgs/share/dodo_msgs/cmake/ament_cmake_export_dependencies-extras.cmake
[0.519s] -- Up-to-date symlink: /home/ubuntu/dodo_main/dodo_robot_ws/install/dodo_msgs/share/dodo_msgs/cmake/ament_cmake_export_include_directories-extras.cmake
[0.522s] -- Up-to-date symlink: /home/ubuntu/dodo_main/dodo_robot_ws/install/dodo_msgs/share/dodo_msgs/cmake/ament_cmake_export_libraries-extras.cmake
[0.522s] -- Up-to-date symlink: /home/ubuntu/dodo_main/dodo_robot_ws/install/dodo_msgs/share/dodo_msgs/cmake/ament_cmake_export_targets-extras.cmake
[0.522s] -- Up-to-date symlink: /home/ubuntu/dodo_main/dodo_robot_ws/install/dodo_msgs/share/dodo_msgs/cmake/rosidl_cmake_export_typesupport_targets-extras.cmake
[0.522s] -- Up-to-date symlink: /home/ubuntu/dodo_main/dodo_robot_ws/install/dodo_msgs/share/dodo_msgs/cmake/rosidl_cmake_export_typesupport_libraries-extras.cmake
[0.522s] -- Up-to-date symlink: /home/ubuntu/dodo_main/dodo_robot_ws/install/dodo_msgs/share/dodo_msgs/cmake/dodo_msgsConfig.cmake
[0.522s] -- Up-to-date symlink: /home/ubuntu/dodo_main/dodo_robot_ws/install/dodo_msgs/share/dodo_msgs/cmake/dodo_msgsConfig-version.cmake
[0.522s] -- Up-to-date symlink: /home/ubuntu/dodo_main/dodo_robot_ws/install/dodo_msgs/share/dodo_msgs/package.xml
[0.522s] -- Up-to-date: /home/ubuntu/dodo_main/dodo_robot_ws/install/dodo_msgs/lib/libdodo_msgs__rosidl_generator_c.so
[0.522s] -- Up-to-date: /home/ubuntu/dodo_main/dodo_robot_ws/install/dodo_msgs/lib/libdodo_msgs__rosidl_typesupport_fastrtps_c.so
[0.522s] -- Up-to-date: /home/ubuntu/dodo_main/dodo_robot_ws/install/dodo_msgs/lib/libdodo_msgs__rosidl_typesupport_introspection_c.so
[0.522s] -- Up-to-date: /home/ubuntu/dodo_main/dodo_robot_ws/install/dodo_msgs/lib/libdodo_msgs__rosidl_typesupport_c.so
[0.522s] -- Up-to-date: /home/ubuntu/dodo_main/dodo_robot_ws/install/dodo_msgs/lib/libdodo_msgs__rosidl_typesupport_fastrtps_cpp.so
[0.522s] -- Up-to-date: /home/ubuntu/dodo_main/dodo_robot_ws/install/dodo_msgs/lib/libdodo_msgs__rosidl_typesupport_introspection_cpp.so
[0.522s] -- Up-to-date: /home/ubuntu/dodo_main/dodo_robot_ws/install/dodo_msgs/lib/libdodo_msgs__rosidl_typesupport_cpp.so
[0.552s] Listing '/home/ubuntu/dodo_main/dodo_robot_ws/install/dodo_msgs/local/lib/python3.10/dist-packages/dodo_msgs'...
[0.552s] Listing '/home/ubuntu/dodo_main/dodo_robot_ws/install/dodo_msgs/local/lib/python3.10/dist-packages/dodo_msgs/msg'...
[0.557s] -- Up-to-date: /home/ubuntu/dodo_main/dodo_robot_ws/install/dodo_msgs/lib/libdodo_msgs__rosidl_generator_py.so
[0.557s] -- Up-to-date: /home/ubuntu/dodo_main/dodo_robot_ws/install/dodo_msgs/share/dodo_msgs/cmake/export_dodo_msgs__rosidl_generator_cExport.cmake
[0.557s] -- Up-to-date: /home/ubuntu/dodo_main/dodo_robot_ws/install/dodo_msgs/share/dodo_msgs/cmake/export_dodo_msgs__rosidl_generator_cExport-noconfig.cmake
[0.557s] -- Up-to-date: /home/ubuntu/dodo_main/dodo_robot_ws/install/dodo_msgs/share/dodo_msgs/cmake/export_dodo_msgs__rosidl_typesupport_fastrtps_cExport.cmake
[0.557s] -- Up-to-date: /home/ubuntu/dodo_main/dodo_robot_ws/install/dodo_msgs/share/dodo_msgs/cmake/export_dodo_msgs__rosidl_typesupport_fastrtps_cExport-noconfig.cmake
[0.557s] -- Up-to-date: /home/ubuntu/dodo_main/dodo_robot_ws/install/dodo_msgs/share/dodo_msgs/cmake/dodo_msgs__rosidl_typesupport_introspection_cExport.cmake
[0.558s] -- Up-to-date: /home/ubuntu/dodo_main/dodo_robot_ws/install/dodo_msgs/share/dodo_msgs/cmake/dodo_msgs__rosidl_typesupport_introspection_cExport-noconfig.cmake
[0.558s] -- Up-to-date: /home/ubuntu/dodo_main/dodo_robot_ws/install/dodo_msgs/share/dodo_msgs/cmake/dodo_msgs__rosidl_typesupport_cExport.cmake
[0.558s] -- Up-to-date: /home/ubuntu/dodo_main/dodo_robot_ws/install/dodo_msgs/share/dodo_msgs/cmake/dodo_msgs__rosidl_typesupport_cExport-noconfig.cmake
[0.558s] -- Up-to-date: /home/ubuntu/dodo_main/dodo_robot_ws/install/dodo_msgs/share/dodo_msgs/cmake/export_dodo_msgs__rosidl_generator_cppExport.cmake
[0.558s] -- Up-to-date: /home/ubuntu/dodo_main/dodo_robot_ws/install/dodo_msgs/share/dodo_msgs/cmake/export_dodo_msgs__rosidl_typesupport_fastrtps_cppExport.cmake
[0.558s] -- Up-to-date: /home/ubuntu/dodo_main/dodo_robot_ws/install/dodo_msgs/share/dodo_msgs/cmake/export_dodo_msgs__rosidl_typesupport_fastrtps_cppExport-noconfig.cmake
[0.558s] -- Up-to-date: /home/ubuntu/dodo_main/dodo_robot_ws/install/dodo_msgs/share/dodo_msgs/cmake/dodo_msgs__rosidl_typesupport_introspection_cppExport.cmake
[0.558s] -- Up-to-date: /home/ubuntu/dodo_main/dodo_robot_ws/install/dodo_msgs/share/dodo_msgs/cmake/dodo_msgs__rosidl_typesupport_introspection_cppExport-noconfig.cmake
[0.558s] -- Up-to-date: /home/ubuntu/dodo_main/dodo_robot_ws/install/dodo_msgs/share/dodo_msgs/cmake/dodo_msgs__rosidl_typesupport_cppExport.cmake
[0.558s] -- Up-to-date: /home/ubuntu/dodo_main/dodo_robot_ws/install/dodo_msgs/share/dodo_msgs/cmake/dodo_msgs__rosidl_typesupport_cppExport-noconfig.cmake
[0.558s] -- Up-to-date: /home/ubuntu/dodo_main/dodo_robot_ws/install/dodo_msgs/share/dodo_msgs/cmake/export_dodo_msgs__rosidl_generator_pyExport.cmake
[0.558s] -- Up-to-date: /home/ubuntu/dodo_main/dodo_robot_ws/install/dodo_msgs/share/dodo_msgs/cmake/export_dodo_msgs__rosidl_generator_pyExport-noconfig.cmake
[0.571s] Invoked command in '/home/ubuntu/dodo_main/dodo_robot_ws/build/dodo_msgs' returned '0': CMAKE_PREFIX_PATH=${CMAKE_PREFIX_PATH}:/opt/ros/humble CONDA_PROMPT_MODIFIER=(base) /usr/bin/cmake --install /home/ubuntu/dodo_main/dodo_robot_ws/build/dodo_msgs
