[0.016s] Invoking command in '/home/ubuntu/dodo_main/dodo_robot_ws/build/dodo_msgs': CMAKE_PREFIX_PATH=${CMAKE_PREFIX_PATH}:/opt/ros/humble CONDA_PROMPT_MODIFIER=(base) /usr/bin/cmake --build /home/ubuntu/dodo_main/dodo_robot_ws/build/dodo_msgs -- -j2 -l2
[0.077s] [  3%] Built target dodo_msgs__cpp
[0.086s] [ 12%] Built target dodo_msgs__rosidl_generator_c
[0.127s] [ 12%] Built target ament_cmake_python_symlink_dodo_msgs
[0.144s] [ 22%] Built target dodo_msgs__rosidl_typesupport_cpp
[0.179s] [ 32%] Built target dodo_msgs__rosidl_typesupport_fastrtps_c
[0.210s] [ 41%] Built target dodo_msgs__rosidl_typesupport_introspection_c
[0.220s] [ 51%] Built target dodo_msgs__rosidl_typesupport_c
[0.254s] [ 61%] Built target dodo_msgs__rosidl_typesupport_fastrtps_cpp
[0.269s] [ 70%] Built target dodo_msgs__rosidl_typesupport_introspection_cpp
[0.321s] [ 70%] Built target dodo_msgs
[0.345s] [ 74%] Built target dodo_msgs__py
[0.401s] [ 80%] Built target dodo_msgs__rosidl_generator_py
[0.437s] [ 87%] Built target dodo_msgs__rosidl_typesupport_fastrtps_c__pyext
[0.507s] [ 93%] Built target dodo_msgs__rosidl_typesupport_introspection_c__pyext
[0.540s] running egg_info
[0.541s] writing dodo_msgs.egg-info/PKG-INFO
[0.541s] writing dependency_links to dodo_msgs.egg-info/dependency_links.txt
[0.542s] writing top-level names to dodo_msgs.egg-info/top_level.txt
[0.543s] reading manifest file 'dodo_msgs.egg-info/SOURCES.txt'
[0.544s] writing manifest file 'dodo_msgs.egg-info/SOURCES.txt'
[0.565s] [100%] Built target dodo_msgs__rosidl_typesupport_c__pyext
[0.570s] [100%] Built target ament_cmake_python_build_dodo_msgs_egg
[0.608s] Invoked command in '/home/ubuntu/dodo_main/dodo_robot_ws/build/dodo_msgs' returned '0': CMAKE_PREFIX_PATH=${CMAKE_PREFIX_PATH}:/opt/ros/humble CONDA_PROMPT_MODIFIER=(base) /usr/bin/cmake --build /home/ubuntu/dodo_main/dodo_robot_ws/build/dodo_msgs -- -j2 -l2
[0.608s] Invoking command in '/home/ubuntu/dodo_main/dodo_robot_ws/build/dodo_msgs': CMAKE_PREFIX_PATH=${CMAKE_PREFIX_PATH}:/opt/ros/humble CONDA_PROMPT_MODIFIER=(base) /usr/bin/cmake --install /home/ubuntu/dodo_main/dodo_robot_ws/build/dodo_msgs
[0.620s] -- Install configuration: ""
[0.621s] -- Execute custom install script
[0.621s] -- Up-to-date symlink: /home/ubuntu/dodo_main/dodo_robot_ws/install/dodo_msgs/share/ament_index/resource_index/rosidl_interfaces/dodo_msgs
[0.622s] -- Up-to-date symlink: /home/ubuntu/dodo_main/dodo_robot_ws/install/dodo_msgs/include/dodo_msgs/dodo_msgs/msg/aligned_sensor_data.h
[0.622s] -- Up-to-date symlink: /home/ubuntu/dodo_main/dodo_robot_ws/install/dodo_msgs/include/dodo_msgs/dodo_msgs/msg/detail/aligned_sensor_data__functions.h
[0.623s] -- Up-to-date symlink: /home/ubuntu/dodo_main/dodo_robot_ws/install/dodo_msgs/include/dodo_msgs/dodo_msgs/msg/detail/aligned_sensor_data__struct.h
[0.623s] -- Up-to-date symlink: /home/ubuntu/dodo_main/dodo_robot_ws/install/dodo_msgs/include/dodo_msgs/dodo_msgs/msg/detail/aligned_sensor_data__type_support.h
[0.623s] -- Up-to-date symlink: /home/ubuntu/dodo_main/dodo_robot_ws/install/dodo_msgs/include/dodo_msgs/dodo_msgs/msg/rosidl_generator_c__visibility_control.h
[0.624s] -- Up-to-date symlink: /home/ubuntu/dodo_main/dodo_robot_ws/install/dodo_msgs/share/dodo_msgs/environment/library_path.sh
[0.625s] -- Up-to-date symlink: /home/ubuntu/dodo_main/dodo_robot_ws/install/dodo_msgs/share/dodo_msgs/environment/library_path.dsv
[0.626s] -- Up-to-date symlink: /home/ubuntu/dodo_main/dodo_robot_ws/install/dodo_msgs/include/dodo_msgs/dodo_msgs/msg/detail/aligned_sensor_data__rosidl_typesupport_fastrtps_c.h
[0.626s] -- Up-to-date symlink: /home/ubuntu/dodo_main/dodo_robot_ws/install/dodo_msgs/include/dodo_msgs/dodo_msgs/msg/rosidl_typesupport_fastrtps_c__visibility_control.h
[0.627s] -- Up-to-date symlink: /home/ubuntu/dodo_main/dodo_robot_ws/install/dodo_msgs/include/dodo_msgs/dodo_msgs/msg/detail/aligned_sensor_data__rosidl_typesupport_introspection_c.h
[0.627s] -- Up-to-date symlink: /home/ubuntu/dodo_main/dodo_robot_ws/install/dodo_msgs/include/dodo_msgs/dodo_msgs/msg/rosidl_typesupport_introspection_c__visibility_control.h
[0.628s] -- Up-to-date symlink: /home/ubuntu/dodo_main/dodo_robot_ws/install/dodo_msgs/include/dodo_msgs/dodo_msgs/msg/aligned_sensor_data.hpp
[0.629s] -- Up-to-date symlink: /home/ubuntu/dodo_main/dodo_robot_ws/install/dodo_msgs/include/dodo_msgs/dodo_msgs/msg/detail/aligned_sensor_data__builder.hpp
[0.629s] -- Up-to-date symlink: /home/ubuntu/dodo_main/dodo_robot_ws/install/dodo_msgs/include/dodo_msgs/dodo_msgs/msg/detail/aligned_sensor_data__struct.hpp
[0.629s] -- Up-to-date symlink: /home/ubuntu/dodo_main/dodo_robot_ws/install/dodo_msgs/include/dodo_msgs/dodo_msgs/msg/detail/aligned_sensor_data__traits.hpp
[0.629s] -- Up-to-date symlink: /home/ubuntu/dodo_main/dodo_robot_ws/install/dodo_msgs/include/dodo_msgs/dodo_msgs/msg/detail/aligned_sensor_data__type_support.hpp
[0.629s] -- Up-to-date symlink: /home/ubuntu/dodo_main/dodo_robot_ws/install/dodo_msgs/include/dodo_msgs/dodo_msgs/msg/rosidl_generator_cpp__visibility_control.hpp
[0.632s] -- Up-to-date symlink: /home/ubuntu/dodo_main/dodo_robot_ws/install/dodo_msgs/include/dodo_msgs/dodo_msgs/msg/detail/aligned_sensor_data__rosidl_typesupport_fastrtps_cpp.hpp
[0.632s] -- Up-to-date symlink: /home/ubuntu/dodo_main/dodo_robot_ws/install/dodo_msgs/include/dodo_msgs/dodo_msgs/msg/rosidl_typesupport_fastrtps_cpp__visibility_control.h
[0.632s] -- Up-to-date symlink: /home/ubuntu/dodo_main/dodo_robot_ws/install/dodo_msgs/include/dodo_msgs/dodo_msgs/msg/detail/aligned_sensor_data__rosidl_typesupport_introspection_cpp.hpp
[0.633s] -- Up-to-date symlink: /home/ubuntu/dodo_main/dodo_robot_ws/install/dodo_msgs/share/dodo_msgs/environment/pythonpath.sh
[0.633s] -- Up-to-date symlink: /home/ubuntu/dodo_main/dodo_robot_ws/install/dodo_msgs/share/dodo_msgs/environment/pythonpath.dsv
[0.634s] -- Up-to-date symlink: /home/ubuntu/dodo_main/dodo_robot_ws/install/dodo_msgs/local/lib/python3.10/dist-packages/dodo_msgs-0.1.0-py3.10.egg-info/PKG-INFO
[0.634s] -- Up-to-date symlink: /home/ubuntu/dodo_main/dodo_robot_ws/install/dodo_msgs/local/lib/python3.10/dist-packages/dodo_msgs-0.1.0-py3.10.egg-info/SOURCES.txt
[0.635s] -- Up-to-date symlink: /home/ubuntu/dodo_main/dodo_robot_ws/install/dodo_msgs/local/lib/python3.10/dist-packages/dodo_msgs-0.1.0-py3.10.egg-info/dependency_links.txt
[0.635s] -- Up-to-date symlink: /home/ubuntu/dodo_main/dodo_robot_ws/install/dodo_msgs/local/lib/python3.10/dist-packages/dodo_msgs-0.1.0-py3.10.egg-info/top_level.txt
[0.636s] -- Up-to-date symlink: /home/ubuntu/dodo_main/dodo_robot_ws/install/dodo_msgs/local/lib/python3.10/dist-packages/dodo_msgs/__init__.py
[0.636s] -- Up-to-date symlink: /home/ubuntu/dodo_main/dodo_robot_ws/install/dodo_msgs/local/lib/python3.10/dist-packages/dodo_msgs/_dodo_msgs_s.ep.rosidl_typesupport_c.c
[0.637s] -- Up-to-date symlink: /home/ubuntu/dodo_main/dodo_robot_ws/install/dodo_msgs/local/lib/python3.10/dist-packages/dodo_msgs/_dodo_msgs_s.ep.rosidl_typesupport_fastrtps_c.c
[0.638s] -- Up-to-date symlink: /home/ubuntu/dodo_main/dodo_robot_ws/install/dodo_msgs/local/lib/python3.10/dist-packages/dodo_msgs/_dodo_msgs_s.ep.rosidl_typesupport_introspection_c.c
[0.638s] -- Up-to-date symlink: /home/ubuntu/dodo_main/dodo_robot_ws/install/dodo_msgs/local/lib/python3.10/dist-packages/dodo_msgs/dodo_msgs_s__rosidl_typesupport_c.cpython-310-x86_64-linux-gnu.so
[0.638s] -- Up-to-date symlink: /home/ubuntu/dodo_main/dodo_robot_ws/install/dodo_msgs/local/lib/python3.10/dist-packages/dodo_msgs/dodo_msgs_s__rosidl_typesupport_fastrtps_c.cpython-310-x86_64-linux-gnu.so
[0.639s] -- Up-to-date symlink: /home/ubuntu/dodo_main/dodo_robot_ws/install/dodo_msgs/local/lib/python3.10/dist-packages/dodo_msgs/dodo_msgs_s__rosidl_typesupport_introspection_c.cpython-310-x86_64-linux-gnu.so
[0.639s] -- Up-to-date symlink: /home/ubuntu/dodo_main/dodo_robot_ws/install/dodo_msgs/local/lib/python3.10/dist-packages/dodo_msgs/libdodo_msgs__rosidl_generator_py.so
[0.640s] -- Up-to-date symlink: /home/ubuntu/dodo_main/dodo_robot_ws/install/dodo_msgs/local/lib/python3.10/dist-packages/dodo_msgs/msg/__init__.py
[0.640s] -- Up-to-date symlink: /home/ubuntu/dodo_main/dodo_robot_ws/install/dodo_msgs/local/lib/python3.10/dist-packages/dodo_msgs/msg/_aligned_sensor_data.py
[0.641s] -- Up-to-date symlink: /home/ubuntu/dodo_main/dodo_robot_ws/install/dodo_msgs/local/lib/python3.10/dist-packages/dodo_msgs/msg/_aligned_sensor_data_s.c
[0.642s] -- Up-to-date symlink: /home/ubuntu/dodo_main/dodo_robot_ws/install/dodo_msgs/local/lib/python3.10/dist-packages/dodo_msgs/dodo_msgs_s__rosidl_typesupport_fastrtps_c.cpython-310-x86_64-linux-gnu.so
[0.642s] -- Up-to-date symlink: /home/ubuntu/dodo_main/dodo_robot_ws/install/dodo_msgs/local/lib/python3.10/dist-packages/dodo_msgs/dodo_msgs_s__rosidl_typesupport_introspection_c.cpython-310-x86_64-linux-gnu.so
[0.643s] -- Up-to-date symlink: /home/ubuntu/dodo_main/dodo_robot_ws/install/dodo_msgs/local/lib/python3.10/dist-packages/dodo_msgs/dodo_msgs_s__rosidl_typesupport_c.cpython-310-x86_64-linux-gnu.so
[0.643s] -- Up-to-date symlink: /home/ubuntu/dodo_main/dodo_robot_ws/install/dodo_msgs/share/dodo_msgs/msg/AlignedSensorData.idl
[0.644s] -- Up-to-date symlink: /home/ubuntu/dodo_main/dodo_robot_ws/install/dodo_msgs/share/dodo_msgs/msg/AlignedSensorData.msg
[0.645s] -- Up-to-date symlink: /home/ubuntu/dodo_main/dodo_robot_ws/install/dodo_msgs/share/ament_index/resource_index/package_run_dependencies/dodo_msgs
[0.646s] -- Up-to-date symlink: /home/ubuntu/dodo_main/dodo_robot_ws/install/dodo_msgs/share/ament_index/resource_index/parent_prefix_path/dodo_msgs
[0.646s] -- Up-to-date symlink: /home/ubuntu/dodo_main/dodo_robot_ws/install/dodo_msgs/share/dodo_msgs/environment/ament_prefix_path.sh
[0.646s] -- Up-to-date symlink: /home/ubuntu/dodo_main/dodo_robot_ws/install/dodo_msgs/share/dodo_msgs/environment/ament_prefix_path.dsv
[0.646s] -- Up-to-date symlink: /home/ubuntu/dodo_main/dodo_robot_ws/install/dodo_msgs/share/dodo_msgs/environment/path.sh
[0.647s] -- Up-to-date symlink: /home/ubuntu/dodo_main/dodo_robot_ws/install/dodo_msgs/share/dodo_msgs/environment/path.dsv
[0.647s] -- Up-to-date symlink: /home/ubuntu/dodo_main/dodo_robot_ws/install/dodo_msgs/share/dodo_msgs/local_setup.bash
[0.647s] -- Up-to-date symlink: /home/ubuntu/dodo_main/dodo_robot_ws/install/dodo_msgs/share/dodo_msgs/local_setup.sh
[0.648s] -- Up-to-date symlink: /home/ubuntu/dodo_main/dodo_robot_ws/install/dodo_msgs/share/dodo_msgs/local_setup.zsh
[0.648s] -- Up-to-date symlink: /home/ubuntu/dodo_main/dodo_robot_ws/install/dodo_msgs/share/dodo_msgs/local_setup.dsv
[0.649s] -- Symlinking: /home/ubuntu/dodo_main/dodo_robot_ws/install/dodo_msgs/share/dodo_msgs/package.dsv
[0.658s] -- Up-to-date symlink: /home/ubuntu/dodo_main/dodo_robot_ws/install/dodo_msgs/share/ament_index/resource_index/packages/dodo_msgs
[0.658s] -- Up-to-date symlink: /home/ubuntu/dodo_main/dodo_robot_ws/install/dodo_msgs/share/dodo_msgs/cmake/rosidl_cmake-extras.cmake
[0.659s] -- Up-to-date symlink: /home/ubuntu/dodo_main/dodo_robot_ws/install/dodo_msgs/share/dodo_msgs/cmake/ament_cmake_export_dependencies-extras.cmake
[0.659s] -- Up-to-date symlink: /home/ubuntu/dodo_main/dodo_robot_ws/install/dodo_msgs/share/dodo_msgs/cmake/ament_cmake_export_include_directories-extras.cmake
[0.659s] -- Up-to-date symlink: /home/ubuntu/dodo_main/dodo_robot_ws/install/dodo_msgs/share/dodo_msgs/cmake/ament_cmake_export_libraries-extras.cmake
[0.660s] -- Up-to-date symlink: /home/ubuntu/dodo_main/dodo_robot_ws/install/dodo_msgs/share/dodo_msgs/cmake/ament_cmake_export_targets-extras.cmake
[0.660s] -- Up-to-date symlink: /home/ubuntu/dodo_main/dodo_robot_ws/install/dodo_msgs/share/dodo_msgs/cmake/rosidl_cmake_export_typesupport_targets-extras.cmake
[0.663s] -- Up-to-date symlink: /home/ubuntu/dodo_main/dodo_robot_ws/install/dodo_msgs/share/dodo_msgs/cmake/rosidl_cmake_export_typesupport_libraries-extras.cmake
[0.663s] -- Up-to-date symlink: /home/ubuntu/dodo_main/dodo_robot_ws/install/dodo_msgs/share/dodo_msgs/cmake/dodo_msgsConfig.cmake
[0.663s] -- Up-to-date symlink: /home/ubuntu/dodo_main/dodo_robot_ws/install/dodo_msgs/share/dodo_msgs/cmake/dodo_msgsConfig-version.cmake
[0.663s] -- Up-to-date symlink: /home/ubuntu/dodo_main/dodo_robot_ws/install/dodo_msgs/share/dodo_msgs/package.xml
[0.663s] -- Up-to-date: /home/ubuntu/dodo_main/dodo_robot_ws/install/dodo_msgs/lib/libdodo_msgs__rosidl_generator_c.so
[0.663s] -- Up-to-date: /home/ubuntu/dodo_main/dodo_robot_ws/install/dodo_msgs/lib/libdodo_msgs__rosidl_typesupport_fastrtps_c.so
[0.663s] -- Up-to-date: /home/ubuntu/dodo_main/dodo_robot_ws/install/dodo_msgs/lib/libdodo_msgs__rosidl_typesupport_introspection_c.so
[0.663s] -- Up-to-date: /home/ubuntu/dodo_main/dodo_robot_ws/install/dodo_msgs/lib/libdodo_msgs__rosidl_typesupport_c.so
[0.664s] -- Up-to-date: /home/ubuntu/dodo_main/dodo_robot_ws/install/dodo_msgs/lib/libdodo_msgs__rosidl_typesupport_fastrtps_cpp.so
[0.664s] -- Up-to-date: /home/ubuntu/dodo_main/dodo_robot_ws/install/dodo_msgs/lib/libdodo_msgs__rosidl_typesupport_introspection_cpp.so
[0.664s] -- Up-to-date: /home/ubuntu/dodo_main/dodo_robot_ws/install/dodo_msgs/lib/libdodo_msgs__rosidl_typesupport_cpp.so
[0.693s] Listing '/home/ubuntu/dodo_main/dodo_robot_ws/install/dodo_msgs/local/lib/python3.10/dist-packages/dodo_msgs'...
[0.693s] Listing '/home/ubuntu/dodo_main/dodo_robot_ws/install/dodo_msgs/local/lib/python3.10/dist-packages/dodo_msgs/msg'...
[0.696s] -- Up-to-date: /home/ubuntu/dodo_main/dodo_robot_ws/install/dodo_msgs/lib/libdodo_msgs__rosidl_generator_py.so
[0.697s] -- Up-to-date: /home/ubuntu/dodo_main/dodo_robot_ws/install/dodo_msgs/share/dodo_msgs/cmake/export_dodo_msgs__rosidl_generator_cExport.cmake
[0.697s] -- Up-to-date: /home/ubuntu/dodo_main/dodo_robot_ws/install/dodo_msgs/share/dodo_msgs/cmake/export_dodo_msgs__rosidl_generator_cExport-noconfig.cmake
[0.697s] -- Up-to-date: /home/ubuntu/dodo_main/dodo_robot_ws/install/dodo_msgs/share/dodo_msgs/cmake/export_dodo_msgs__rosidl_typesupport_fastrtps_cExport.cmake
[0.697s] -- Up-to-date: /home/ubuntu/dodo_main/dodo_robot_ws/install/dodo_msgs/share/dodo_msgs/cmake/export_dodo_msgs__rosidl_typesupport_fastrtps_cExport-noconfig.cmake
[0.697s] -- Up-to-date: /home/ubuntu/dodo_main/dodo_robot_ws/install/dodo_msgs/share/dodo_msgs/cmake/dodo_msgs__rosidl_typesupport_introspection_cExport.cmake
[0.697s] -- Up-to-date: /home/ubuntu/dodo_main/dodo_robot_ws/install/dodo_msgs/share/dodo_msgs/cmake/dodo_msgs__rosidl_typesupport_introspection_cExport-noconfig.cmake
[0.697s] -- Up-to-date: /home/ubuntu/dodo_main/dodo_robot_ws/install/dodo_msgs/share/dodo_msgs/cmake/dodo_msgs__rosidl_typesupport_cExport.cmake
[0.697s] -- Up-to-date: /home/ubuntu/dodo_main/dodo_robot_ws/install/dodo_msgs/share/dodo_msgs/cmake/dodo_msgs__rosidl_typesupport_cExport-noconfig.cmake
[0.697s] -- Up-to-date: /home/ubuntu/dodo_main/dodo_robot_ws/install/dodo_msgs/share/dodo_msgs/cmake/export_dodo_msgs__rosidl_generator_cppExport.cmake
[0.697s] -- Up-to-date: /home/ubuntu/dodo_main/dodo_robot_ws/install/dodo_msgs/share/dodo_msgs/cmake/export_dodo_msgs__rosidl_typesupport_fastrtps_cppExport.cmake
[0.697s] -- Up-to-date: /home/ubuntu/dodo_main/dodo_robot_ws/install/dodo_msgs/share/dodo_msgs/cmake/export_dodo_msgs__rosidl_typesupport_fastrtps_cppExport-noconfig.cmake
[0.697s] -- Up-to-date: /home/ubuntu/dodo_main/dodo_robot_ws/install/dodo_msgs/share/dodo_msgs/cmake/dodo_msgs__rosidl_typesupport_introspection_cppExport.cmake
[0.697s] -- Up-to-date: /home/ubuntu/dodo_main/dodo_robot_ws/install/dodo_msgs/share/dodo_msgs/cmake/dodo_msgs__rosidl_typesupport_introspection_cppExport-noconfig.cmake
[0.697s] -- Up-to-date: /home/ubuntu/dodo_main/dodo_robot_ws/install/dodo_msgs/share/dodo_msgs/cmake/dodo_msgs__rosidl_typesupport_cppExport.cmake
[0.697s] -- Up-to-date: /home/ubuntu/dodo_main/dodo_robot_ws/install/dodo_msgs/share/dodo_msgs/cmake/dodo_msgs__rosidl_typesupport_cppExport-noconfig.cmake
[0.697s] -- Up-to-date: /home/ubuntu/dodo_main/dodo_robot_ws/install/dodo_msgs/share/dodo_msgs/cmake/export_dodo_msgs__rosidl_generator_pyExport.cmake
[0.697s] -- Up-to-date: /home/ubuntu/dodo_main/dodo_robot_ws/install/dodo_msgs/share/dodo_msgs/cmake/export_dodo_msgs__rosidl_generator_pyExport-noconfig.cmake
[0.707s] Invoked command in '/home/ubuntu/dodo_main/dodo_robot_ws/build/dodo_msgs' returned '0': CMAKE_PREFIX_PATH=${CMAKE_PREFIX_PATH}:/opt/ros/humble CONDA_PROMPT_MODIFIER=(base) /usr/bin/cmake --install /home/ubuntu/dodo_main/dodo_robot_ws/build/dodo_msgs
