[0.025s] Invoking command in '/home/ubuntu/dodo_main/dodo_robot_ws/build/dodo_sensor_fusion': CMAKE_PREFIX_PATH=/home/ubuntu/dodo_main/dodo_robot_ws/install/dodo_msgs:/home/ubuntu/dodo_main/dodo_robot_ws/install/dodo_bringup:/home/ubuntu/dodo_main/dodo_robot_ws/install/dodo_usb_command:/home/ubuntu/dodo_main/dodo_robot_ws/install/dodo_sensor_fusion:/home/ubuntu/dodo_main/dodo_robot_ws/install/dodo_safety:/home/ubuntu/dodo_main/dodo_robot_ws/install/dodo_rl:/home/ubuntu/dodo_main/dodo_robot_ws/install/dodo_processing:/home/ubuntu/dodo_main/dodo_robot_ws/install/dodo_monitor:/home/ubuntu/dodo_main/dodo_robot_ws/install/dodo_imu:/home/ubuntu/dodo_main/dodo_robot_ws/install/dodo_canbus:/opt/ros/humble CONDA_PROMPT_MODIFIER=(base) /usr/bin/cmake --build /home/ubuntu/dodo_main/dodo_robot_ws/build/dodo_sensor_fusion -- -j2 -l2
[0.177s] [100%] Built target fusion_node
[0.202s] Invoked command in '/home/ubuntu/dodo_main/dodo_robot_ws/build/dodo_sensor_fusion' returned '0': CMAKE_PREFIX_PATH=/home/ubuntu/dodo_main/dodo_robot_ws/install/dodo_msgs:/home/ubuntu/dodo_main/dodo_robot_ws/install/dodo_bringup:/home/ubuntu/dodo_main/dodo_robot_ws/install/dodo_usb_command:/home/ubuntu/dodo_main/dodo_robot_ws/install/dodo_sensor_fusion:/home/ubuntu/dodo_main/dodo_robot_ws/install/dodo_safety:/home/ubuntu/dodo_main/dodo_robot_ws/install/dodo_rl:/home/ubuntu/dodo_main/dodo_robot_ws/install/dodo_processing:/home/ubuntu/dodo_main/dodo_robot_ws/install/dodo_monitor:/home/ubuntu/dodo_main/dodo_robot_ws/install/dodo_imu:/home/ubuntu/dodo_main/dodo_robot_ws/install/dodo_canbus:/opt/ros/humble CONDA_PROMPT_MODIFIER=(base) /usr/bin/cmake --build /home/ubuntu/dodo_main/dodo_robot_ws/build/dodo_sensor_fusion -- -j2 -l2
[0.205s] Invoking command in '/home/ubuntu/dodo_main/dodo_robot_ws/build/dodo_sensor_fusion': CMAKE_PREFIX_PATH=/home/ubuntu/dodo_main/dodo_robot_ws/install/dodo_msgs:/home/ubuntu/dodo_main/dodo_robot_ws/install/dodo_bringup:/home/ubuntu/dodo_main/dodo_robot_ws/install/dodo_usb_command:/home/ubuntu/dodo_main/dodo_robot_ws/install/dodo_sensor_fusion:/home/ubuntu/dodo_main/dodo_robot_ws/install/dodo_safety:/home/ubuntu/dodo_main/dodo_robot_ws/install/dodo_rl:/home/ubuntu/dodo_main/dodo_robot_ws/install/dodo_processing:/home/ubuntu/dodo_main/dodo_robot_ws/install/dodo_monitor:/home/ubuntu/dodo_main/dodo_robot_ws/install/dodo_imu:/home/ubuntu/dodo_main/dodo_robot_ws/install/dodo_canbus:/opt/ros/humble CONDA_PROMPT_MODIFIER=(base) /usr/bin/cmake --install /home/ubuntu/dodo_main/dodo_robot_ws/build/dodo_sensor_fusion
[0.227s] -- Install configuration: ""
[0.232s] -- Execute custom install script
[0.233s] -- Up-to-date symlink: /home/ubuntu/dodo_main/dodo_robot_ws/install/dodo_sensor_fusion/lib/dodo_sensor_fusion/fusion_node
[0.235s] -- Up-to-date symlink: /home/ubuntu/dodo_main/dodo_robot_ws/install/dodo_sensor_fusion/share/dodo_sensor_fusion/launch/fusion_node.launch.py
[0.236s] -- Up-to-date symlink: /home/ubuntu/dodo_main/dodo_robot_ws/install/dodo_sensor_fusion/include//dodo_sensor_fusion/fusion_node.hpp
[0.236s] -- Up-to-date symlink: /home/ubuntu/dodo_main/dodo_robot_ws/install/dodo_sensor_fusion/share/ament_index/resource_index/package_run_dependencies/dodo_sensor_fusion
[0.237s] -- Up-to-date symlink: /home/ubuntu/dodo_main/dodo_robot_ws/install/dodo_sensor_fusion/share/ament_index/resource_index/parent_prefix_path/dodo_sensor_fusion
[0.237s] -- Up-to-date symlink: /home/ubuntu/dodo_main/dodo_robot_ws/install/dodo_sensor_fusion/share/dodo_sensor_fusion/environment/ament_prefix_path.sh
[0.237s] -- Up-to-date symlink: /home/ubuntu/dodo_main/dodo_robot_ws/install/dodo_sensor_fusion/share/dodo_sensor_fusion/environment/ament_prefix_path.dsv
[0.238s] -- Up-to-date symlink: /home/ubuntu/dodo_main/dodo_robot_ws/install/dodo_sensor_fusion/share/dodo_sensor_fusion/environment/path.sh
[0.239s] -- Up-to-date symlink: /home/ubuntu/dodo_main/dodo_robot_ws/install/dodo_sensor_fusion/share/dodo_sensor_fusion/environment/path.dsv
[0.240s] -- Up-to-date symlink: /home/ubuntu/dodo_main/dodo_robot_ws/install/dodo_sensor_fusion/share/dodo_sensor_fusion/local_setup.bash
[0.240s] -- Up-to-date symlink: /home/ubuntu/dodo_main/dodo_robot_ws/install/dodo_sensor_fusion/share/dodo_sensor_fusion/local_setup.sh
[0.242s] -- Up-to-date symlink: /home/ubuntu/dodo_main/dodo_robot_ws/install/dodo_sensor_fusion/share/dodo_sensor_fusion/local_setup.zsh
[0.242s] -- Up-to-date symlink: /home/ubuntu/dodo_main/dodo_robot_ws/install/dodo_sensor_fusion/share/dodo_sensor_fusion/local_setup.dsv
[0.242s] -- Symlinking: /home/ubuntu/dodo_main/dodo_robot_ws/install/dodo_sensor_fusion/share/dodo_sensor_fusion/package.dsv
[0.258s] -- Up-to-date symlink: /home/ubuntu/dodo_main/dodo_robot_ws/install/dodo_sensor_fusion/share/ament_index/resource_index/packages/dodo_sensor_fusion
[0.258s] -- Up-to-date symlink: /home/ubuntu/dodo_main/dodo_robot_ws/install/dodo_sensor_fusion/share/dodo_sensor_fusion/cmake/dodo_sensor_fusionConfig.cmake
[0.258s] -- Up-to-date symlink: /home/ubuntu/dodo_main/dodo_robot_ws/install/dodo_sensor_fusion/share/dodo_sensor_fusion/cmake/dodo_sensor_fusionConfig-version.cmake
[0.258s] -- Up-to-date symlink: /home/ubuntu/dodo_main/dodo_robot_ws/install/dodo_sensor_fusion/share/dodo_sensor_fusion/package.xml
[0.262s] Invoked command in '/home/ubuntu/dodo_main/dodo_robot_ws/build/dodo_sensor_fusion' returned '0': CMAKE_PREFIX_PATH=/home/ubuntu/dodo_main/dodo_robot_ws/install/dodo_msgs:/home/ubuntu/dodo_main/dodo_robot_ws/install/dodo_bringup:/home/ubuntu/dodo_main/dodo_robot_ws/install/dodo_usb_command:/home/ubuntu/dodo_main/dodo_robot_ws/install/dodo_sensor_fusion:/home/ubuntu/dodo_main/dodo_robot_ws/install/dodo_safety:/home/ubuntu/dodo_main/dodo_robot_ws/install/dodo_rl:/home/ubuntu/dodo_main/dodo_robot_ws/install/dodo_processing:/home/ubuntu/dodo_main/dodo_robot_ws/install/dodo_monitor:/home/ubuntu/dodo_main/dodo_robot_ws/install/dodo_imu:/home/ubuntu/dodo_main/dodo_robot_ws/install/dodo_canbus:/opt/ros/humble CONDA_PROMPT_MODIFIER=(base) /usr/bin/cmake --install /home/ubuntu/dodo_main/dodo_robot_ws/build/dodo_sensor_fusion
