-- The C compiler identification is GNU 11.4.0
-- The CXX compiler identification is GNU 11.4.0
-- Detecting C compiler ABI info
-- Detecting C compiler ABI info - done
-- Check for working C compiler: /usr/bin/cc - skipped
-- Detecting C compile features
-- Detecting C compile features - done
-- Detecting CXX compiler ABI info
-- Detecting CXX compiler ABI info - done
-- Check for working CXX compiler: /usr/bin/c++ - skipped
-- Detecting CXX compile features
-- Detecting CXX compile features - done
-- Found ament_cmake: 1.3.11 (/opt/ros/humble/share/ament_cmake/cmake)
-- Found Python3: /usr/bin/python3 (found version "3.10.12") found components: Interpreter 
-- Found rclcpp: 16.0.11 (/opt/ros/humble/share/rclcpp/cmake)
-- Found rosidl_generator_c: 3.1.6 (/opt/ros/humble/share/rosidl_generator_c/cmake)
-- Found rosidl_adapter: 3.1.6 (/opt/ros/humble/share/rosidl_adapter/cmake)
-- Found rosidl_generator_cpp: 3.1.6 (/opt/ros/humble/share/rosidl_generator_cpp/cmake)
-- Using all available rosidl_typesupport_c: rosidl_typesupport_fastrtps_c;rosidl_typesupport_introspection_c
-- Using all available rosidl_typesupport_cpp: rosidl_typesupport_fastrtps_cpp;rosidl_typesupport_introspection_cpp
-- Found rmw_implementation_cmake: 6.1.2 (/opt/ros/humble/share/rmw_implementation_cmake/cmake)
-- Found rmw_fastrtps_cpp: 6.2.7 (/opt/ros/humble/share/rmw_fastrtps_cpp/cmake)
-- Found OpenSSL: /usr/lib/x86_64-linux-gnu/libcrypto.so (found version "3.0.2")  
-- Found FastRTPS: /opt/ros/humble/include  
-- Using RMW implementation 'rmw_fastrtps_cpp' as default
-- Looking for pthread.h
-- Looking for pthread.h - found
-- Performing Test CMAKE_HAVE_LIBC_PTHREAD
-- Performing Test CMAKE_HAVE_LIBC_PTHREAD - Success
-- Found Threads: TRUE  
-- Found sensor_msgs: 4.2.4 (/opt/ros/humble/share/sensor_msgs/cmake)
-- Configuring done
-- Generating done
-- Build files have been written to: /home/ubuntu/dodo_main/dodo_robot_ws/build/dodo_canbus
[ 33%] [32mBuilding CXX object CMakeFiles/canbus_node.dir/src/canbus_node.cpp.o[0m
[ 66%] [32mBuilding CXX object CMakeFiles/canbus_node.dir/src/odrive_can.cpp.o[0m
[01m[K/home/ubuntu/dodo_main/dodo_robot_ws/src/dodo_canbus/src/odrive_can.cpp:[m[K In member function ‘[01m[Kbool dodo_canbus::OdriveCANInterface::readMotorState(int, dodo_canbus::MotorState&)[m[K’:
[01m[K/home/ubuntu/dodo_main/dodo_robot_ws/src/dodo_canbus/src/odrive_can.cpp:109:45:[m[K [01;35m[Kwarning: [m[Kunused parameter ‘[01m[Kmotor_id[m[K’ [[01;35m[K]8;;https://gcc.gnu.org/onlinedocs/gcc/Warning-Options.html#index-Wunused-parameter-Wunused-parameter]8;;[m[K]
  109 | bool OdriveCANInterface::readMotorState([01;35m[Kint motor_id[m[K, MotorState & state)
      |                                         [01;35m[K~~~~^~~~~~~~[m[K
[100%] [32m[1mLinking CXX executable canbus_node[0m
[100%] Built target canbus_node
-- Install configuration: ""
-- Installing: /home/ubuntu/dodo_main/dodo_robot_ws/install/dodo_canbus/lib/dodo_canbus/canbus_node
-- Set runtime path of "/home/ubuntu/dodo_main/dodo_robot_ws/install/dodo_canbus/lib/dodo_canbus/canbus_node" to ""
-- Installing: /home/ubuntu/dodo_main/dodo_robot_ws/install/dodo_canbus/share/dodo_canbus/launch
-- Installing: /home/ubuntu/dodo_main/dodo_robot_ws/install/dodo_canbus/share/dodo_canbus/launch/canbus_node.launch.py
-- Installing: /home/ubuntu/dodo_main/dodo_robot_ws/install/dodo_canbus/include/
-- Installing: /home/ubuntu/dodo_main/dodo_robot_ws/install/dodo_canbus/include//dodo_canbus
-- Installing: /home/ubuntu/dodo_main/dodo_robot_ws/install/dodo_canbus/include//dodo_canbus/canbus_node.hpp
-- Installing: /home/ubuntu/dodo_main/dodo_robot_ws/install/dodo_canbus/include//dodo_canbus/odrive_can.hpp
-- Installing: /home/ubuntu/dodo_main/dodo_robot_ws/install/dodo_canbus/share/ament_index/resource_index/package_run_dependencies/dodo_canbus
-- Installing: /home/ubuntu/dodo_main/dodo_robot_ws/install/dodo_canbus/share/ament_index/resource_index/parent_prefix_path/dodo_canbus
-- Installing: /home/ubuntu/dodo_main/dodo_robot_ws/install/dodo_canbus/share/dodo_canbus/environment/ament_prefix_path.sh
-- Installing: /home/ubuntu/dodo_main/dodo_robot_ws/install/dodo_canbus/share/dodo_canbus/environment/ament_prefix_path.dsv
-- Installing: /home/ubuntu/dodo_main/dodo_robot_ws/install/dodo_canbus/share/dodo_canbus/environment/path.sh
-- Installing: /home/ubuntu/dodo_main/dodo_robot_ws/install/dodo_canbus/share/dodo_canbus/environment/path.dsv
-- Installing: /home/ubuntu/dodo_main/dodo_robot_ws/install/dodo_canbus/share/dodo_canbus/local_setup.bash
-- Installing: /home/ubuntu/dodo_main/dodo_robot_ws/install/dodo_canbus/share/dodo_canbus/local_setup.sh
-- Installing: /home/ubuntu/dodo_main/dodo_robot_ws/install/dodo_canbus/share/dodo_canbus/local_setup.zsh
-- Installing: /home/ubuntu/dodo_main/dodo_robot_ws/install/dodo_canbus/share/dodo_canbus/local_setup.dsv
-- Installing: /home/ubuntu/dodo_main/dodo_robot_ws/install/dodo_canbus/share/dodo_canbus/package.dsv
-- Installing: /home/ubuntu/dodo_main/dodo_robot_ws/install/dodo_canbus/share/ament_index/resource_index/packages/dodo_canbus
-- Installing: /home/ubuntu/dodo_main/dodo_robot_ws/install/dodo_canbus/share/dodo_canbus/cmake/dodo_canbusConfig.cmake
-- Installing: /home/ubuntu/dodo_main/dodo_robot_ws/install/dodo_canbus/share/dodo_canbus/cmake/dodo_canbusConfig-version.cmake
-- Installing: /home/ubuntu/dodo_main/dodo_robot_ws/install/dodo_canbus/share/dodo_canbus/package.xml
