[0.027s] Invoking command in '/home/ub/dodo/dodo_robot_ROS2/build/dodo_imu': CMAKE_PREFIX_PATH=/opt/ros/humble /usr/bin/cmake /home/ub/dodo/dodo_robot_ROS2/src/dodo_imu -DAMENT_CMAKE_SYMLINK_INSTALL=1 -DCMAKE_INSTALL_PREFIX=/home/ub/dodo/dodo_robot_ROS2/install/dodo_imu
[0.296s] -- The C compiler identification is GNU 11.4.0
[0.652s] -- The CXX compiler identification is GNU 11.4.0
[0.683s] -- Detecting C compiler ABI info
[0.950s] -- Detecting C compiler ABI info - done
[0.981s] -- Check for working C compiler: /usr/bin/cc - skipped
[0.981s] -- Detecting C compile features
[0.986s] -- Detecting C compile features - done
[0.994s] -- Detecting CXX compiler ABI info
[1.329s] -- Detecting CXX compiler ABI info - done
[1.386s] -- Check for working CXX compiler: /usr/bin/c++ - skipped
[1.387s] -- Detecting CXX compile features
[1.389s] -- Detecting CXX compile features - done
[1.402s] -- Found ament_cmake: 1.3.11 (/opt/ros/humble/share/ament_cmake/cmake)
[2.040s] -- Found Python3: /usr/bin/python3 (found version "3.10.12") found components: Interpreter 
[2.283s] -- Override CMake install command with custom implementation using symlinks instead of copying resources
[2.357s] -- Found rclcpp: 16.0.11 (/opt/ros/humble/share/rclcpp/cmake)
[2.465s] -- Found rosidl_generator_c: 3.1.6 (/opt/ros/humble/share/rosidl_generator_c/cmake)
[2.497s] -- Found rosidl_adapter: 3.1.6 (/opt/ros/humble/share/rosidl_adapter/cmake)
[2.531s] -- Found rosidl_generator_cpp: 3.1.6 (/opt/ros/humble/share/rosidl_generator_cpp/cmake)
[2.591s] -- Using all available rosidl_typesupport_c: rosidl_typesupport_fastrtps_c;rosidl_typesupport_introspection_c
[2.664s] -- Using all available rosidl_typesupport_cpp: rosidl_typesupport_fastrtps_cpp;rosidl_typesupport_introspection_cpp
[2.790s] -- Found rmw_implementation_cmake: 6.1.2 (/opt/ros/humble/share/rmw_implementation_cmake/cmake)
[2.796s] -- Found rmw_fastrtps_cpp: 6.2.7 (/opt/ros/humble/share/rmw_fastrtps_cpp/cmake)
[3.058s] -- Found OpenSSL: /usr/lib/x86_64-linux-gnu/libcrypto.so (found version "3.0.2")  
[3.138s] -- Found FastRTPS: /opt/ros/humble/include  
[3.259s] -- Using RMW implementation 'rmw_fastrtps_cpp' as default
[3.288s] -- Looking for pthread.h
[3.591s] -- Looking for pthread.h - found
[3.595s] -- Performing Test CMAKE_HAVE_LIBC_PTHREAD
[3.888s] -- Performing Test CMAKE_HAVE_LIBC_PTHREAD - Success
[3.889s] -- Found Threads: TRUE  
[4.046s] -- Found sensor_msgs: 4.2.4 (/opt/ros/humble/share/sensor_msgs/cmake)
[4.412s] -- Configuring done
[4.477s] -- Generating done
[4.489s] -- Build files have been written to: /home/ub/dodo/dodo_robot_ROS2/build/dodo_imu
[4.515s] Invoked command in '/home/ub/dodo/dodo_robot_ROS2/build/dodo_imu' returned '0': CMAKE_PREFIX_PATH=/opt/ros/humble /usr/bin/cmake /home/ub/dodo/dodo_robot_ROS2/src/dodo_imu -DAMENT_CMAKE_SYMLINK_INSTALL=1 -DCMAKE_INSTALL_PREFIX=/home/ub/dodo/dodo_robot_ROS2/install/dodo_imu
[4.525s] Invoking command in '/home/ub/dodo/dodo_robot_ROS2/build/dodo_imu': CMAKE_PREFIX_PATH=/opt/ros/humble /usr/bin/cmake --build /home/ub/dodo/dodo_robot_ROS2/build/dodo_imu -- -j2 -l2
[4.912s] [ 33%] [32mBuilding CXX object CMakeFiles/imu_node.dir/src/imu_node.cpp.o[0m
[4.954s] [ 66%] [32mBuilding CXX object CMakeFiles/imu_node.dir/src/imu_driver.cpp.o[0m
[26.156s] [100%] [32m[1mLinking CXX executable imu_node[0m
[26.836s] [100%] Built target imu_node
[26.891s] Invoked command in '/home/ub/dodo/dodo_robot_ROS2/build/dodo_imu' returned '0': CMAKE_PREFIX_PATH=/opt/ros/humble /usr/bin/cmake --build /home/ub/dodo/dodo_robot_ROS2/build/dodo_imu -- -j2 -l2
[26.892s] Invoking command in '/home/ub/dodo/dodo_robot_ROS2/build/dodo_imu': CMAKE_PREFIX_PATH=/opt/ros/humble /usr/bin/cmake --install /home/ub/dodo/dodo_robot_ROS2/build/dodo_imu
[26.913s] -- Install configuration: ""
[26.915s] -- Execute custom install script
[26.917s] -- Symlinking: /home/ub/dodo/dodo_robot_ROS2/install/dodo_imu/lib/dodo_imu/imu_node
[26.941s] -- Symlinking: /home/ub/dodo/dodo_robot_ROS2/install/dodo_imu/share/dodo_imu/launch/imu_node.launch.py
[26.978s] -- Symlinking: /home/ub/dodo/dodo_robot_ROS2/install/dodo_imu/include//dodo_imu/imu_driver.hpp
[26.999s] -- Symlinking: /home/ub/dodo/dodo_robot_ROS2/install/dodo_imu/include//dodo_imu/imu_node.hpp
[27.022s] -- Symlinking: /home/ub/dodo/dodo_robot_ROS2/install/dodo_imu/share/ament_index/resource_index/package_run_dependencies/dodo_imu
[27.054s] -- Symlinking: /home/ub/dodo/dodo_robot_ROS2/install/dodo_imu/share/ament_index/resource_index/parent_prefix_path/dodo_imu
[27.093s] -- Symlinking: /home/ub/dodo/dodo_robot_ROS2/install/dodo_imu/share/dodo_imu/environment/ament_prefix_path.sh
[27.115s] -- Symlinking: /home/ub/dodo/dodo_robot_ROS2/install/dodo_imu/share/dodo_imu/environment/ament_prefix_path.dsv
[27.140s] -- Symlinking: /home/ub/dodo/dodo_robot_ROS2/install/dodo_imu/share/dodo_imu/environment/path.sh
[27.202s] -- Symlinking: /home/ub/dodo/dodo_robot_ROS2/install/dodo_imu/share/dodo_imu/environment/path.dsv
[27.229s] -- Symlinking: /home/ub/dodo/dodo_robot_ROS2/install/dodo_imu/share/dodo_imu/local_setup.bash
[27.255s] -- Symlinking: /home/ub/dodo/dodo_robot_ROS2/install/dodo_imu/share/dodo_imu/local_setup.sh
[27.295s] -- Symlinking: /home/ub/dodo/dodo_robot_ROS2/install/dodo_imu/share/dodo_imu/local_setup.zsh
[27.321s] -- Symlinking: /home/ub/dodo/dodo_robot_ROS2/install/dodo_imu/share/dodo_imu/local_setup.dsv
[27.342s] -- Symlinking: /home/ub/dodo/dodo_robot_ROS2/install/dodo_imu/share/dodo_imu/package.dsv
[27.370s] -- Symlinking: /home/ub/dodo/dodo_robot_ROS2/install/dodo_imu/share/ament_index/resource_index/packages/dodo_imu
[27.406s] -- Symlinking: /home/ub/dodo/dodo_robot_ROS2/install/dodo_imu/share/dodo_imu/cmake/dodo_imuConfig.cmake
[27.435s] -- Symlinking: /home/ub/dodo/dodo_robot_ROS2/install/dodo_imu/share/dodo_imu/cmake/dodo_imuConfig-version.cmake
[27.462s] -- Symlinking: /home/ub/dodo/dodo_robot_ROS2/install/dodo_imu/share/dodo_imu/package.xml
[27.504s] Invoked command in '/home/ub/dodo/dodo_robot_ROS2/build/dodo_imu' returned '0': CMAKE_PREFIX_PATH=/opt/ros/humble /usr/bin/cmake --install /home/ub/dodo/dodo_robot_ROS2/build/dodo_imu
