[0.025s] Invoking command in '/home/ubuntu/dodo_main/dodo_robot_ws/build/dodo_imu': CMAKE_PREFIX_PATH=/opt/ros/humble /usr/bin/cmake --build /home/ubuntu/dodo_main/dodo_robot_ws/build/dodo_imu -- -j2 -l2
[0.126s] [35m[1mConsolidate compiler generated dependencies of target imu_node[0m
[0.160s] [100%] Built target imu_node
[0.186s] Invoked command in '/home/ubuntu/dodo_main/dodo_robot_ws/build/dodo_imu' returned '0': CMAKE_PREFIX_PATH=/opt/ros/humble /usr/bin/cmake --build /home/ubuntu/dodo_main/dodo_robot_ws/build/dodo_imu -- -j2 -l2
[0.190s] Invoking command in '/home/ubuntu/dodo_main/dodo_robot_ws/build/dodo_imu': CMAKE_PREFIX_PATH=/opt/ros/humble /usr/bin/cmake --install /home/ubuntu/dodo_main/dodo_robot_ws/build/dodo_imu
[0.224s] -- Install configuration: ""
[0.241s] -- Up-to-date: /home/ubuntu/dodo_main/dodo_robot_ws/install/dodo_imu/lib/dodo_imu/imu_node
[0.241s] -- Up-to-date: /home/ubuntu/dodo_main/dodo_robot_ws/install/dodo_imu/share/dodo_imu/launch
[0.256s] -- Up-to-date: /home/ubuntu/dodo_main/dodo_robot_ws/install/dodo_imu/share/dodo_imu/launch/imu_node.launch.py
[0.256s] -- Up-to-date: /home/ubuntu/dodo_main/dodo_robot_ws/install/dodo_imu/include/
[0.260s] -- Up-to-date: /home/ubuntu/dodo_main/dodo_robot_ws/install/dodo_imu/include//dodo_imu
[0.263s] -- Up-to-date: /home/ubuntu/dodo_main/dodo_robot_ws/install/dodo_imu/include//dodo_imu/imu_driver.hpp
[0.263s] -- Up-to-date: /home/ubuntu/dodo_main/dodo_robot_ws/install/dodo_imu/include//dodo_imu/imu_node.hpp
[0.283s] -- Up-to-date: /home/ubuntu/dodo_main/dodo_robot_ws/install/dodo_imu/share/ament_index/resource_index/package_run_dependencies/dodo_imu
[0.283s] -- Up-to-date: /home/ubuntu/dodo_main/dodo_robot_ws/install/dodo_imu/share/ament_index/resource_index/parent_prefix_path/dodo_imu
[0.283s] -- Up-to-date: /home/ubuntu/dodo_main/dodo_robot_ws/install/dodo_imu/share/dodo_imu/environment/ament_prefix_path.sh
[0.283s] -- Up-to-date: /home/ubuntu/dodo_main/dodo_robot_ws/install/dodo_imu/share/dodo_imu/environment/ament_prefix_path.dsv
[0.284s] -- Up-to-date: /home/ubuntu/dodo_main/dodo_robot_ws/install/dodo_imu/share/dodo_imu/environment/path.sh
[0.286s] -- Up-to-date: /home/ubuntu/dodo_main/dodo_robot_ws/install/dodo_imu/share/dodo_imu/environment/path.dsv
[0.287s] -- Up-to-date: /home/ubuntu/dodo_main/dodo_robot_ws/install/dodo_imu/share/dodo_imu/local_setup.bash
[0.287s] -- Up-to-date: /home/ubuntu/dodo_main/dodo_robot_ws/install/dodo_imu/share/dodo_imu/local_setup.sh
[0.287s] -- Up-to-date: /home/ubuntu/dodo_main/dodo_robot_ws/install/dodo_imu/share/dodo_imu/local_setup.zsh
[0.287s] -- Up-to-date: /home/ubuntu/dodo_main/dodo_robot_ws/install/dodo_imu/share/dodo_imu/local_setup.dsv
[0.287s] -- Installing: /home/ubuntu/dodo_main/dodo_robot_ws/install/dodo_imu/share/dodo_imu/package.dsv
[0.288s] -- Up-to-date: /home/ubuntu/dodo_main/dodo_robot_ws/install/dodo_imu/share/ament_index/resource_index/packages/dodo_imu
[0.289s] -- Up-to-date: /home/ubuntu/dodo_main/dodo_robot_ws/install/dodo_imu/share/dodo_imu/cmake/dodo_imuConfig.cmake
[0.289s] -- Up-to-date: /home/ubuntu/dodo_main/dodo_robot_ws/install/dodo_imu/share/dodo_imu/cmake/dodo_imuConfig-version.cmake
[0.289s] -- Up-to-date: /home/ubuntu/dodo_main/dodo_robot_ws/install/dodo_imu/share/dodo_imu/package.xml
[0.291s] Invoked command in '/home/ubuntu/dodo_main/dodo_robot_ws/build/dodo_imu' returned '0': CMAKE_PREFIX_PATH=/opt/ros/humble /usr/bin/cmake --install /home/ubuntu/dodo_main/dodo_robot_ws/build/dodo_imu
