[0.079s] Invoking command in '/home/ub/dodo/dodo_robot_ROS2/build/dodo_processing': AMENT_PREFIX_PATH=/home/ub/dodo/dodo_robot_ROS2/install/dodo_msgs:${AMENT_PREFIX_PATH} CMAKE_PREFIX_PATH=/home/ub/dodo/dodo_robot_ROS2/install/dodo_msgs:/opt/ros/humble LD_LIBRARY_PATH=/home/ub/dodo/dodo_robot_ROS2/install/dodo_msgs/lib:${LD_LIBRARY_PATH} PYTHONPATH=/home/ub/dodo/dodo_robot_ROS2/install/dodo_msgs/local/lib/python3.10/dist-packages:${PYTHONPATH} /usr/bin/cmake --build /home/ub/dodo/dodo_robot_ROS2/build/dodo_processing -- -j2 -l2
[0.309s] [100%] Built target processing_node
[0.350s] Invoked command in '/home/ub/dodo/dodo_robot_ROS2/build/dodo_processing' returned '0': AMENT_PREFIX_PATH=/home/ub/dodo/dodo_robot_ROS2/install/dodo_msgs:${AMENT_PREFIX_PATH} CMAKE_PREFIX_PATH=/home/ub/dodo/dodo_robot_ROS2/install/dodo_msgs:/opt/ros/humble LD_LIBRARY_PATH=/home/ub/dodo/dodo_robot_ROS2/install/dodo_msgs/lib:${LD_LIBRARY_PATH} PYTHONPATH=/home/ub/dodo/dodo_robot_ROS2/install/dodo_msgs/local/lib/python3.10/dist-packages:${PYTHONPATH} /usr/bin/cmake --build /home/ub/dodo/dodo_robot_ROS2/build/dodo_processing -- -j2 -l2
[0.360s] Invoking command in '/home/ub/dodo/dodo_robot_ROS2/build/dodo_processing': AMENT_PREFIX_PATH=/home/ub/dodo/dodo_robot_ROS2/install/dodo_msgs:${AMENT_PREFIX_PATH} CMAKE_PREFIX_PATH=/home/ub/dodo/dodo_robot_ROS2/install/dodo_msgs:/opt/ros/humble LD_LIBRARY_PATH=/home/ub/dodo/dodo_robot_ROS2/install/dodo_msgs/lib:${LD_LIBRARY_PATH} PYTHONPATH=/home/ub/dodo/dodo_robot_ROS2/install/dodo_msgs/local/lib/python3.10/dist-packages:${PYTHONPATH} /usr/bin/cmake --install /home/ub/dodo/dodo_robot_ROS2/build/dodo_processing
[0.403s] -- Install configuration: ""
[0.404s] -- Execute custom install script
[0.406s] -- Up-to-date symlink: /home/ub/dodo/dodo_robot_ROS2/install/dodo_processing/lib/dodo_processing/processing_node
[0.408s] -- Up-to-date symlink: /home/ub/dodo/dodo_robot_ROS2/install/dodo_processing/share/dodo_processing/launch/processing_node.launch.py
[0.410s] -- Up-to-date symlink: /home/ub/dodo/dodo_robot_ROS2/install/dodo_processing/include//dodo_processing/processing_node.hpp
[0.412s] -- Up-to-date symlink: /home/ub/dodo/dodo_robot_ROS2/install/dodo_processing/share/ament_index/resource_index/package_run_dependencies/dodo_processing
[0.415s] -- Up-to-date symlink: /home/ub/dodo/dodo_robot_ROS2/install/dodo_processing/share/ament_index/resource_index/parent_prefix_path/dodo_processing
[0.415s] -- Up-to-date symlink: /home/ub/dodo/dodo_robot_ROS2/install/dodo_processing/share/dodo_processing/environment/ament_prefix_path.sh
[0.418s] -- Up-to-date symlink: /home/ub/dodo/dodo_robot_ROS2/install/dodo_processing/share/dodo_processing/environment/ament_prefix_path.dsv
[0.419s] -- Up-to-date symlink: /home/ub/dodo/dodo_robot_ROS2/install/dodo_processing/share/dodo_processing/environment/path.sh
[0.419s] -- Up-to-date symlink: /home/ub/dodo/dodo_robot_ROS2/install/dodo_processing/share/dodo_processing/environment/path.dsv
[0.419s] -- Up-to-date symlink: /home/ub/dodo/dodo_robot_ROS2/install/dodo_processing/share/dodo_processing/local_setup.bash
[0.421s] -- Up-to-date symlink: /home/ub/dodo/dodo_robot_ROS2/install/dodo_processing/share/dodo_processing/local_setup.sh
[0.425s] -- Up-to-date symlink: /home/ub/dodo/dodo_robot_ROS2/install/dodo_processing/share/dodo_processing/local_setup.zsh
[0.425s] -- Up-to-date symlink: /home/ub/dodo/dodo_robot_ROS2/install/dodo_processing/share/dodo_processing/local_setup.dsv
[0.425s] -- Symlinking: /home/ub/dodo/dodo_robot_ROS2/install/dodo_processing/share/dodo_processing/package.dsv
[0.468s] -- Up-to-date symlink: /home/ub/dodo/dodo_robot_ROS2/install/dodo_processing/share/ament_index/resource_index/packages/dodo_processing
[0.469s] -- Up-to-date symlink: /home/ub/dodo/dodo_robot_ROS2/install/dodo_processing/share/dodo_processing/cmake/dodo_processingConfig.cmake
[0.473s] -- Up-to-date symlink: /home/ub/dodo/dodo_robot_ROS2/install/dodo_processing/share/dodo_processing/cmake/dodo_processingConfig-version.cmake
[0.473s] -- Up-to-date symlink: /home/ub/dodo/dodo_robot_ROS2/install/dodo_processing/share/dodo_processing/package.xml
[0.518s] Invoked command in '/home/ub/dodo/dodo_robot_ROS2/build/dodo_processing' returned '0': AMENT_PREFIX_PATH=/home/ub/dodo/dodo_robot_ROS2/install/dodo_msgs:${AMENT_PREFIX_PATH} CMAKE_PREFIX_PATH=/home/ub/dodo/dodo_robot_ROS2/install/dodo_msgs:/opt/ros/humble LD_LIBRARY_PATH=/home/ub/dodo/dodo_robot_ROS2/install/dodo_msgs/lib:${LD_LIBRARY_PATH} PYTHONPATH=/home/ub/dodo/dodo_robot_ROS2/install/dodo_msgs/local/lib/python3.10/dist-packages:${PYTHONPATH} /usr/bin/cmake --install /home/ub/dodo/dodo_robot_ROS2/build/dodo_processing
