[0.020s] Invoking command in '/home/ubuntu/dodo_main/dodo_robot_ws/build/dodo_canbus': CMAKE_PREFIX_PATH=${CMAKE_PREFIX_PATH}:/opt/ros/humble CONDA_PROMPT_MODIFIER=(base) /usr/bin/cmake --build /home/ubuntu/dodo_main/dodo_robot_ws/build/dodo_canbus -- -j2 -l2
[0.303s] [100%] Built target canbus_node
[0.333s] Invoked command in '/home/ubuntu/dodo_main/dodo_robot_ws/build/dodo_canbus' returned '0': CMAKE_PREFIX_PATH=${CMAKE_PREFIX_PATH}:/opt/ros/humble CONDA_PROMPT_MODIFIER=(base) /usr/bin/cmake --build /home/ubuntu/dodo_main/dodo_robot_ws/build/dodo_canbus -- -j2 -l2
[0.360s] Invoking command in '/home/ubuntu/dodo_main/dodo_robot_ws/build/dodo_canbus': CMAKE_PREFIX_PATH=${CMAKE_PREFIX_PATH}:/opt/ros/humble CONDA_PROMPT_MODIFIER=(base) /usr/bin/cmake --install /home/ubuntu/dodo_main/dodo_robot_ws/build/dodo_canbus
[0.372s] -- Install configuration: ""
[0.372s] -- Execute custom install script
[0.373s] -- Up-to-date symlink: /home/ubuntu/dodo_main/dodo_robot_ws/install/dodo_canbus/lib/dodo_canbus/canbus_node
[0.373s] -- Up-to-date symlink: /home/ubuntu/dodo_main/dodo_robot_ws/install/dodo_canbus/share/dodo_canbus/launch/canbus_node.launch.py
[0.373s] -- Up-to-date symlink: /home/ubuntu/dodo_main/dodo_robot_ws/install/dodo_canbus/include//dodo_canbus/canbus_node.hpp
[0.373s] -- Up-to-date symlink: /home/ubuntu/dodo_main/dodo_robot_ws/install/dodo_canbus/include//dodo_canbus/odrive_can.hpp
[0.374s] -- Up-to-date symlink: /home/ubuntu/dodo_main/dodo_robot_ws/install/dodo_canbus/share/ament_index/resource_index/package_run_dependencies/dodo_canbus
[0.374s] -- Up-to-date symlink: /home/ubuntu/dodo_main/dodo_robot_ws/install/dodo_canbus/share/ament_index/resource_index/parent_prefix_path/dodo_canbus
[0.374s] -- Up-to-date symlink: /home/ubuntu/dodo_main/dodo_robot_ws/install/dodo_canbus/share/dodo_canbus/environment/ament_prefix_path.sh
[0.383s] -- Up-to-date symlink: /home/ubuntu/dodo_main/dodo_robot_ws/install/dodo_canbus/share/dodo_canbus/environment/ament_prefix_path.dsv
[0.383s] -- Up-to-date symlink: /home/ubuntu/dodo_main/dodo_robot_ws/install/dodo_canbus/share/dodo_canbus/environment/path.sh
[0.383s] -- Up-to-date symlink: /home/ubuntu/dodo_main/dodo_robot_ws/install/dodo_canbus/share/dodo_canbus/environment/path.dsv
[0.383s] -- Up-to-date symlink: /home/ubuntu/dodo_main/dodo_robot_ws/install/dodo_canbus/share/dodo_canbus/local_setup.bash
[0.383s] -- Up-to-date symlink: /home/ubuntu/dodo_main/dodo_robot_ws/install/dodo_canbus/share/dodo_canbus/local_setup.sh
[0.383s] -- Up-to-date symlink: /home/ubuntu/dodo_main/dodo_robot_ws/install/dodo_canbus/share/dodo_canbus/local_setup.zsh
[0.383s] -- Up-to-date symlink: /home/ubuntu/dodo_main/dodo_robot_ws/install/dodo_canbus/share/dodo_canbus/local_setup.dsv
[0.383s] -- Symlinking: /home/ubuntu/dodo_main/dodo_robot_ws/install/dodo_canbus/share/dodo_canbus/package.dsv
[0.398s] -- Up-to-date symlink: /home/ubuntu/dodo_main/dodo_robot_ws/install/dodo_canbus/share/ament_index/resource_index/packages/dodo_canbus
[0.399s] -- Up-to-date symlink: /home/ubuntu/dodo_main/dodo_robot_ws/install/dodo_canbus/share/dodo_canbus/cmake/dodo_canbusConfig.cmake
[0.401s] -- Up-to-date symlink: /home/ubuntu/dodo_main/dodo_robot_ws/install/dodo_canbus/share/dodo_canbus/cmake/dodo_canbusConfig-version.cmake
[0.405s] -- Up-to-date symlink: /home/ubuntu/dodo_main/dodo_robot_ws/install/dodo_canbus/share/dodo_canbus/package.xml
[0.407s] Invoked command in '/home/ubuntu/dodo_main/dodo_robot_ws/build/dodo_canbus' returned '0': CMAKE_PREFIX_PATH=${CMAKE_PREFIX_PATH}:/opt/ros/humble CONDA_PROMPT_MODIFIER=(base) /usr/bin/cmake --install /home/ubuntu/dodo_main/dodo_robot_ws/build/dodo_canbus
