[0.016s] Invoking command in '/home/ubuntu/dodo_main/dodo_robot_ws/build/dodo_rl': CMAKE_PREFIX_PATH=${CMAKE_PREFIX_PATH}:/opt/ros/humble CONDA_PROMPT_MODIFIER=(base) /usr/bin/cmake /home/ubuntu/dodo_main/dodo_robot_ws/src/dodo_rl -DAMENT_CMAKE_SYMLINK_INSTALL=1 -DCMAKE_INSTALL_PREFIX=/home/ubuntu/dodo_main/dodo_robot_ws/install/dodo_rl
[0.032s] -- Found ament_cmake: 1.3.11 (/opt/ros/humble/share/ament_cmake/cmake)
[0.123s] -- Override CMake install command with custom implementation using symlinks instead of copying resources
[0.123s] -- Found rclcpp: 16.0.11 (/opt/ros/humble/share/rclcpp/cmake)
[0.142s] -- Found rosidl_generator_c: 3.1.6 (/opt/ros/humble/share/rosidl_generator_c/cmake)
[0.144s] -- Found rosidl_adapter: 3.1.6 (/opt/ros/humble/share/rosidl_adapter/cmake)
[0.148s] -- Found rosidl_generator_cpp: 3.1.6 (/opt/ros/humble/share/rosidl_generator_cpp/cmake)
[0.155s] -- Using all available rosidl_typesupport_c: rosidl_typesupport_fastrtps_c;rosidl_typesupport_introspection_c
[0.163s] -- Using all available rosidl_typesupport_cpp: rosidl_typesupport_fastrtps_cpp;rosidl_typesupport_introspection_cpp
[0.186s] -- Found rmw_implementation_cmake: 6.1.2 (/opt/ros/humble/share/rmw_implementation_cmake/cmake)
[0.188s] -- Found rmw_fastrtps_cpp: 6.2.7 (/opt/ros/humble/share/rmw_fastrtps_cpp/cmake)
[0.283s] -- Using RMW implementation 'rmw_fastrtps_cpp' as default
[0.314s] -- Found sensor_msgs: 4.2.4 (/opt/ros/humble/share/sensor_msgs/cmake)
[0.379s] -- Configuring done
[0.388s] -- Generating done
[0.392s] -- Build files have been written to: /home/ubuntu/dodo_main/dodo_robot_ws/build/dodo_rl
[0.399s] Invoked command in '/home/ubuntu/dodo_main/dodo_robot_ws/build/dodo_rl' returned '0': CMAKE_PREFIX_PATH=${CMAKE_PREFIX_PATH}:/opt/ros/humble CONDA_PROMPT_MODIFIER=(base) /usr/bin/cmake /home/ubuntu/dodo_main/dodo_robot_ws/src/dodo_rl -DAMENT_CMAKE_SYMLINK_INSTALL=1 -DCMAKE_INSTALL_PREFIX=/home/ubuntu/dodo_main/dodo_robot_ws/install/dodo_rl
[0.399s] Invoking command in '/home/ubuntu/dodo_main/dodo_robot_ws/build/dodo_rl': CMAKE_PREFIX_PATH=${CMAKE_PREFIX_PATH}:/opt/ros/humble CONDA_PROMPT_MODIFIER=(base) /usr/bin/cmake --build /home/ubuntu/dodo_main/dodo_robot_ws/build/dodo_rl -- -j2 -l2
[0.445s] [35m[1mConsolidate compiler generated dependencies of target rl_node[0m
[0.464s] [ 33%] [32mBuilding CXX object CMakeFiles/rl_node.dir/src/rl_node.cpp.o[0m
[3.566s] [ 66%] [32m[1mLinking CXX executable rl_node[0m
[3.724s] [100%] Built target rl_node
[3.737s] Invoked command in '/home/ubuntu/dodo_main/dodo_robot_ws/build/dodo_rl' returned '0': CMAKE_PREFIX_PATH=${CMAKE_PREFIX_PATH}:/opt/ros/humble CONDA_PROMPT_MODIFIER=(base) /usr/bin/cmake --build /home/ubuntu/dodo_main/dodo_robot_ws/build/dodo_rl -- -j2 -l2
[3.738s] Invoking command in '/home/ubuntu/dodo_main/dodo_robot_ws/build/dodo_rl': CMAKE_PREFIX_PATH=${CMAKE_PREFIX_PATH}:/opt/ros/humble CONDA_PROMPT_MODIFIER=(base) /usr/bin/cmake --install /home/ubuntu/dodo_main/dodo_robot_ws/build/dodo_rl
[3.748s] -- Install configuration: ""
[3.748s] -- Execute custom install script
[3.749s] -- Symlinking: /home/ubuntu/dodo_main/dodo_robot_ws/install/dodo_rl/lib/dodo_rl/rl_node
[3.760s] -- Symlinking: /home/ubuntu/dodo_main/dodo_robot_ws/install/dodo_rl/share/dodo_rl/launch/rl_node.launch.py
[3.770s] -- Symlinking: /home/ubuntu/dodo_main/dodo_robot_ws/install/dodo_rl/include//dodo_rl/ppo_model.hpp
[3.778s] -- Symlinking: /home/ubuntu/dodo_main/dodo_robot_ws/install/dodo_rl/include//dodo_rl/rl_node.hpp
[3.784s] -- Symlinking: /home/ubuntu/dodo_main/dodo_robot_ws/install/dodo_rl/share/ament_index/resource_index/package_run_dependencies/dodo_rl
[3.792s] -- Symlinking: /home/ubuntu/dodo_main/dodo_robot_ws/install/dodo_rl/share/ament_index/resource_index/parent_prefix_path/dodo_rl
[3.798s] -- Symlinking: /home/ubuntu/dodo_main/dodo_robot_ws/install/dodo_rl/share/dodo_rl/environment/ament_prefix_path.sh
[3.806s] -- Symlinking: /home/ubuntu/dodo_main/dodo_robot_ws/install/dodo_rl/share/dodo_rl/environment/ament_prefix_path.dsv
[3.812s] -- Symlinking: /home/ubuntu/dodo_main/dodo_robot_ws/install/dodo_rl/share/dodo_rl/environment/path.sh
[3.819s] -- Symlinking: /home/ubuntu/dodo_main/dodo_robot_ws/install/dodo_rl/share/dodo_rl/environment/path.dsv
[3.825s] -- Symlinking: /home/ubuntu/dodo_main/dodo_robot_ws/install/dodo_rl/share/dodo_rl/local_setup.bash
[3.832s] -- Symlinking: /home/ubuntu/dodo_main/dodo_robot_ws/install/dodo_rl/share/dodo_rl/local_setup.sh
[3.839s] -- Symlinking: /home/ubuntu/dodo_main/dodo_robot_ws/install/dodo_rl/share/dodo_rl/local_setup.zsh
[3.846s] -- Symlinking: /home/ubuntu/dodo_main/dodo_robot_ws/install/dodo_rl/share/dodo_rl/local_setup.dsv
[3.852s] -- Symlinking: /home/ubuntu/dodo_main/dodo_robot_ws/install/dodo_rl/share/dodo_rl/package.dsv
[3.861s] -- Symlinking: /home/ubuntu/dodo_main/dodo_robot_ws/install/dodo_rl/share/ament_index/resource_index/packages/dodo_rl
[3.872s] -- Symlinking: /home/ubuntu/dodo_main/dodo_robot_ws/install/dodo_rl/share/dodo_rl/cmake/dodo_rlConfig.cmake
[3.880s] -- Symlinking: /home/ubuntu/dodo_main/dodo_robot_ws/install/dodo_rl/share/dodo_rl/cmake/dodo_rlConfig-version.cmake
[3.889s] -- Symlinking: /home/ubuntu/dodo_main/dodo_robot_ws/install/dodo_rl/share/dodo_rl/package.xml
[3.898s] Invoked command in '/home/ubuntu/dodo_main/dodo_robot_ws/build/dodo_rl' returned '0': CMAKE_PREFIX_PATH=${CMAKE_PREFIX_PATH}:/opt/ros/humble CONDA_PROMPT_MODIFIER=(base) /usr/bin/cmake --install /home/ubuntu/dodo_main/dodo_robot_ws/build/dodo_rl
