[0.106s] Invoking command in '/home/ub/dodo/dodo_robot_ROS2/build/dodo_canbus': CMAKE_PREFIX_PATH=/opt/ros/humble /usr/bin/cmake --build /home/ub/dodo/dodo_robot_ROS2/build/dodo_canbus -- -j2 -l2
[0.503s] [100%] Built target canbus_node
[0.582s] Invoked command in '/home/ub/dodo/dodo_robot_ROS2/build/dodo_canbus' returned '0': CMAKE_PREFIX_PATH=/opt/ros/humble /usr/bin/cmake --build /home/ub/dodo/dodo_robot_ROS2/build/dodo_canbus -- -j2 -l2
[0.648s] Invoking command in '/home/ub/dodo/dodo_robot_ROS2/build/dodo_canbus': CMAKE_PREFIX_PATH=/opt/ros/humble /usr/bin/cmake --install /home/ub/dodo/dodo_robot_ROS2/build/dodo_canbus
[0.697s] -- Install configuration: ""
[0.698s] -- Execute custom install script
[0.702s] -- Up-to-date symlink: /home/ub/dodo/dodo_robot_ROS2/install/dodo_canbus/lib/dodo_canbus/canbus_node
[0.705s] -- Up-to-date symlink: /home/ub/dodo/dodo_robot_ROS2/install/dodo_canbus/share/dodo_canbus/launch/canbus_node.launch.py
[0.710s] -- Up-to-date symlink: /home/ub/dodo/dodo_robot_ROS2/install/dodo_canbus/include//dodo_canbus/canbus_node.hpp
[0.710s] -- Up-to-date symlink: /home/ub/dodo/dodo_robot_ROS2/install/dodo_canbus/include//dodo_canbus/odrive_can.hpp
[0.710s] -- Up-to-date symlink: /home/ub/dodo/dodo_robot_ROS2/install/dodo_canbus/share/ament_index/resource_index/package_run_dependencies/dodo_canbus
[0.716s] -- Up-to-date symlink: /home/ub/dodo/dodo_robot_ROS2/install/dodo_canbus/share/ament_index/resource_index/parent_prefix_path/dodo_canbus
[0.716s] -- Up-to-date symlink: /home/ub/dodo/dodo_robot_ROS2/install/dodo_canbus/share/dodo_canbus/environment/ament_prefix_path.sh
[0.717s] -- Up-to-date symlink: /home/ub/dodo/dodo_robot_ROS2/install/dodo_canbus/share/dodo_canbus/environment/ament_prefix_path.dsv
[0.717s] -- Up-to-date symlink: /home/ub/dodo/dodo_robot_ROS2/install/dodo_canbus/share/dodo_canbus/environment/path.sh
[0.717s] -- Up-to-date symlink: /home/ub/dodo/dodo_robot_ROS2/install/dodo_canbus/share/dodo_canbus/environment/path.dsv
[0.723s] -- Up-to-date symlink: /home/ub/dodo/dodo_robot_ROS2/install/dodo_canbus/share/dodo_canbus/local_setup.bash
[0.724s] -- Up-to-date symlink: /home/ub/dodo/dodo_robot_ROS2/install/dodo_canbus/share/dodo_canbus/local_setup.sh
[0.725s] -- Up-to-date symlink: /home/ub/dodo/dodo_robot_ROS2/install/dodo_canbus/share/dodo_canbus/local_setup.zsh
[0.725s] -- Up-to-date symlink: /home/ub/dodo/dodo_robot_ROS2/install/dodo_canbus/share/dodo_canbus/local_setup.dsv
[0.725s] -- Symlinking: /home/ub/dodo/dodo_robot_ROS2/install/dodo_canbus/share/dodo_canbus/package.dsv
[0.761s] -- Up-to-date symlink: /home/ub/dodo/dodo_robot_ROS2/install/dodo_canbus/share/ament_index/resource_index/packages/dodo_canbus
[0.764s] -- Up-to-date symlink: /home/ub/dodo/dodo_robot_ROS2/install/dodo_canbus/share/dodo_canbus/cmake/dodo_canbusConfig.cmake
[0.765s] -- Up-to-date symlink: /home/ub/dodo/dodo_robot_ROS2/install/dodo_canbus/share/dodo_canbus/cmake/dodo_canbusConfig-version.cmake
[0.765s] -- Up-to-date symlink: /home/ub/dodo/dodo_robot_ROS2/install/dodo_canbus/share/dodo_canbus/package.xml
[0.770s] Invoked command in '/home/ub/dodo/dodo_robot_ROS2/build/dodo_canbus' returned '0': CMAKE_PREFIX_PATH=/opt/ros/humble /usr/bin/cmake --install /home/ub/dodo/dodo_robot_ROS2/build/dodo_canbus
