[0.020s] Invoking command in '/home/ubuntu/dodo_main/dodo_robot_ws/build/dodo_processing': AMENT_PREFIX_PATH=/home/ubuntu/dodo_main/dodo_robot_ws/install/dodo_msgs:${AMENT_PREFIX_PATH} CMAKE_PREFIX_PATH=/home/ubuntu/dodo_main/dodo_robot_ws/install/dodo_msgs:/opt/ros/humble CONDA_PROMPT_MODIFIER=(base) LD_LIBRARY_PATH=/home/ubuntu/dodo_main/dodo_robot_ws/install/dodo_msgs/lib:${LD_LIBRARY_PATH} PYTHONPATH=/home/ubuntu/dodo_main/dodo_robot_ws/install/dodo_msgs/local/lib/python3.10/dist-packages:${PYTHONPATH} /usr/bin/cmake --build /home/ubuntu/dodo_main/dodo_robot_ws/build/dodo_processing -- -j2 -l2
[0.096s] [100%] Built target processing_node
[0.116s] Invoked command in '/home/ubuntu/dodo_main/dodo_robot_ws/build/dodo_processing' returned '0': AMENT_PREFIX_PATH=/home/ubuntu/dodo_main/dodo_robot_ws/install/dodo_msgs:${AMENT_PREFIX_PATH} CMAKE_PREFIX_PATH=/home/ubuntu/dodo_main/dodo_robot_ws/install/dodo_msgs:/opt/ros/humble CONDA_PROMPT_MODIFIER=(base) LD_LIBRARY_PATH=/home/ubuntu/dodo_main/dodo_robot_ws/install/dodo_msgs/lib:${LD_LIBRARY_PATH} PYTHONPATH=/home/ubuntu/dodo_main/dodo_robot_ws/install/dodo_msgs/local/lib/python3.10/dist-packages:${PYTHONPATH} /usr/bin/cmake --build /home/ubuntu/dodo_main/dodo_robot_ws/build/dodo_processing -- -j2 -l2
[0.119s] Invoking command in '/home/ubuntu/dodo_main/dodo_robot_ws/build/dodo_processing': AMENT_PREFIX_PATH=/home/ubuntu/dodo_main/dodo_robot_ws/install/dodo_msgs:${AMENT_PREFIX_PATH} CMAKE_PREFIX_PATH=/home/ubuntu/dodo_main/dodo_robot_ws/install/dodo_msgs:/opt/ros/humble CONDA_PROMPT_MODIFIER=(base) LD_LIBRARY_PATH=/home/ubuntu/dodo_main/dodo_robot_ws/install/dodo_msgs/lib:${LD_LIBRARY_PATH} PYTHONPATH=/home/ubuntu/dodo_main/dodo_robot_ws/install/dodo_msgs/local/lib/python3.10/dist-packages:${PYTHONPATH} /usr/bin/cmake --install /home/ubuntu/dodo_main/dodo_robot_ws/build/dodo_processing
[0.128s] -- Install configuration: ""
[0.129s] -- Execute custom install script
[0.131s] -- Up-to-date symlink: /home/ubuntu/dodo_main/dodo_robot_ws/install/dodo_processing/lib/dodo_processing/processing_node
[0.133s] -- Up-to-date symlink: /home/ubuntu/dodo_main/dodo_robot_ws/install/dodo_processing/share/dodo_processing/launch/processing_node.launch.py
[0.136s] -- Up-to-date symlink: /home/ubuntu/dodo_main/dodo_robot_ws/install/dodo_processing/include//dodo_processing/processing_node.hpp
[0.138s] -- Up-to-date symlink: /home/ubuntu/dodo_main/dodo_robot_ws/install/dodo_processing/share/ament_index/resource_index/package_run_dependencies/dodo_processing
[0.139s] -- Up-to-date symlink: /home/ubuntu/dodo_main/dodo_robot_ws/install/dodo_processing/share/ament_index/resource_index/parent_prefix_path/dodo_processing
[0.139s] -- Up-to-date symlink: /home/ubuntu/dodo_main/dodo_robot_ws/install/dodo_processing/share/dodo_processing/environment/ament_prefix_path.sh
[0.140s] -- Up-to-date symlink: /home/ubuntu/dodo_main/dodo_robot_ws/install/dodo_processing/share/dodo_processing/environment/ament_prefix_path.dsv
[0.141s] -- Up-to-date symlink: /home/ubuntu/dodo_main/dodo_robot_ws/install/dodo_processing/share/dodo_processing/environment/path.sh
[0.142s] -- Up-to-date symlink: /home/ubuntu/dodo_main/dodo_robot_ws/install/dodo_processing/share/dodo_processing/environment/path.dsv
[0.142s] -- Up-to-date symlink: /home/ubuntu/dodo_main/dodo_robot_ws/install/dodo_processing/share/dodo_processing/local_setup.bash
[0.143s] -- Up-to-date symlink: /home/ubuntu/dodo_main/dodo_robot_ws/install/dodo_processing/share/dodo_processing/local_setup.sh
[0.144s] -- Up-to-date symlink: /home/ubuntu/dodo_main/dodo_robot_ws/install/dodo_processing/share/dodo_processing/local_setup.zsh
[0.144s] -- Up-to-date symlink: /home/ubuntu/dodo_main/dodo_robot_ws/install/dodo_processing/share/dodo_processing/local_setup.dsv
[0.145s] -- Symlinking: /home/ubuntu/dodo_main/dodo_robot_ws/install/dodo_processing/share/dodo_processing/package.dsv
[0.155s] -- Up-to-date symlink: /home/ubuntu/dodo_main/dodo_robot_ws/install/dodo_processing/share/ament_index/resource_index/packages/dodo_processing
[0.156s] -- Up-to-date symlink: /home/ubuntu/dodo_main/dodo_robot_ws/install/dodo_processing/share/dodo_processing/cmake/dodo_processingConfig.cmake
[0.156s] -- Up-to-date symlink: /home/ubuntu/dodo_main/dodo_robot_ws/install/dodo_processing/share/dodo_processing/cmake/dodo_processingConfig-version.cmake
[0.158s] -- Up-to-date symlink: /home/ubuntu/dodo_main/dodo_robot_ws/install/dodo_processing/share/dodo_processing/package.xml
[0.159s] Invoked command in '/home/ubuntu/dodo_main/dodo_robot_ws/build/dodo_processing' returned '0': AMENT_PREFIX_PATH=/home/ubuntu/dodo_main/dodo_robot_ws/install/dodo_msgs:${AMENT_PREFIX_PATH} CMAKE_PREFIX_PATH=/home/ubuntu/dodo_main/dodo_robot_ws/install/dodo_msgs:/opt/ros/humble CONDA_PROMPT_MODIFIER=(base) LD_LIBRARY_PATH=/home/ubuntu/dodo_main/dodo_robot_ws/install/dodo_msgs/lib:${LD_LIBRARY_PATH} PYTHONPATH=/home/ubuntu/dodo_main/dodo_robot_ws/install/dodo_msgs/local/lib/python3.10/dist-packages:${PYTHONPATH} /usr/bin/cmake --install /home/ubuntu/dodo_main/dodo_robot_ws/build/dodo_processing
