-- Install configuration: ""
-- Execute custom install script
-- Up-to-date symlink: /home/ubuntu/dodo_main/dodo_robot_ws/install/dodo_bringup/share/dodo_bringup/launch/dodo_robot.launch.py
-- Up-to-date symlink: /home/ubuntu/dodo_main/dodo_robot_ws/install/dodo_bringup/share/dodo_bringup/launch/hardware.launch.py
-- Up-to-date symlink: /home/ubuntu/dodo_main/dodo_robot_ws/install/dodo_bringup/share/dodo_bringup/launch/simulation.launch.py
-- Symlinking: /home/ubuntu/dodo_main/dodo_robot_ws/install/dodo_bringup/share/dodo_bringup/launch/state_manager.launch.py
-- Up-to-date symlink: /home/ubuntu/dodo_main/dodo_robot_ws/install/dodo_bringup/share/ament_index/resource_index/package_run_dependencies/dodo_bringup
-- Up-to-date symlink: /home/ubuntu/dodo_main/dodo_robot_ws/install/dodo_bringup/share/ament_index/resource_index/parent_prefix_path/dodo_bringup
-- Up-to-date symlink: /home/ubuntu/dodo_main/dodo_robot_ws/install/dodo_bringup/share/dodo_bringup/environment/ament_prefix_path.sh
-- Up-to-date symlink: /home/ubuntu/dodo_main/dodo_robot_ws/install/dodo_bringup/share/dodo_bringup/environment/ament_prefix_path.dsv
-- Up-to-date symlink: /home/ubuntu/dodo_main/dodo_robot_ws/install/dodo_bringup/share/dodo_bringup/environment/path.sh
-- Up-to-date symlink: /home/ubuntu/dodo_main/dodo_robot_ws/install/dodo_bringup/share/dodo_bringup/environment/path.dsv
-- Up-to-date symlink: /home/ubuntu/dodo_main/dodo_robot_ws/install/dodo_bringup/share/dodo_bringup/local_setup.bash
-- Up-to-date symlink: /home/ubuntu/dodo_main/dodo_robot_ws/install/dodo_bringup/share/dodo_bringup/local_setup.sh
-- Up-to-date symlink: /home/ubuntu/dodo_main/dodo_robot_ws/install/dodo_bringup/share/dodo_bringup/local_setup.zsh
-- Up-to-date symlink: /home/ubuntu/dodo_main/dodo_robot_ws/install/dodo_bringup/share/dodo_bringup/local_setup.dsv
-- Symlinking: /home/ubuntu/dodo_main/dodo_robot_ws/install/dodo_bringup/share/dodo_bringup/package.dsv
-- Up-to-date symlink: /home/ubuntu/dodo_main/dodo_robot_ws/install/dodo_bringup/share/ament_index/resource_index/packages/dodo_bringup
-- Up-to-date symlink: /home/ubuntu/dodo_main/dodo_robot_ws/install/dodo_bringup/share/dodo_bringup/cmake/dodo_bringupConfig.cmake
-- Up-to-date symlink: /home/ubuntu/dodo_main/dodo_robot_ws/install/dodo_bringup/share/dodo_bringup/cmake/dodo_bringupConfig-version.cmake
-- Up-to-date symlink: /home/ubuntu/dodo_main/dodo_robot_ws/install/dodo_bringup/share/dodo_bringup/package.xml
