[0.017s] Invoking command in '/home/ubuntu/dodo_main/dodo_robot_ws/build/dodo_rl': CMAKE_PREFIX_PATH=/opt/ros/humble CONDA_PROMPT_MODIFIER=(base) /usr/bin/cmake --build /home/ubuntu/dodo_main/dodo_robot_ws/build/dodo_rl -- -j2 -l2
[0.136s] [100%] Built target rl_node
[0.156s] Invoked command in '/home/ubuntu/dodo_main/dodo_robot_ws/build/dodo_rl' returned '0': CMAKE_PREFIX_PATH=/opt/ros/humble CONDA_PROMPT_MODIFIER=(base) /usr/bin/cmake --build /home/ubuntu/dodo_main/dodo_robot_ws/build/dodo_rl -- -j2 -l2
[0.159s] Invoking command in '/home/ubuntu/dodo_main/dodo_robot_ws/build/dodo_rl': CMAKE_PREFIX_PATH=/opt/ros/humble CONDA_PROMPT_MODIFIER=(base) /usr/bin/cmake --install /home/ubuntu/dodo_main/dodo_robot_ws/build/dodo_rl
[0.167s] -- Install configuration: ""
[0.168s] -- Execute custom install script
[0.168s] -- Up-to-date symlink: /home/ubuntu/dodo_main/dodo_robot_ws/install/dodo_rl/lib/dodo_rl/rl_node
[0.169s] -- Up-to-date symlink: /home/ubuntu/dodo_main/dodo_robot_ws/install/dodo_rl/share/dodo_rl/launch/rl_node.launch.py
[0.170s] -- Up-to-date symlink: /home/ubuntu/dodo_main/dodo_robot_ws/install/dodo_rl/include//dodo_rl/ppo_model.hpp
[0.171s] -- Up-to-date symlink: /home/ubuntu/dodo_main/dodo_robot_ws/install/dodo_rl/include//dodo_rl/rl_node.hpp
[0.171s] -- Up-to-date symlink: /home/ubuntu/dodo_main/dodo_robot_ws/install/dodo_rl/share/ament_index/resource_index/package_run_dependencies/dodo_rl
[0.172s] -- Up-to-date symlink: /home/ubuntu/dodo_main/dodo_robot_ws/install/dodo_rl/share/ament_index/resource_index/parent_prefix_path/dodo_rl
[0.172s] -- Up-to-date symlink: /home/ubuntu/dodo_main/dodo_robot_ws/install/dodo_rl/share/dodo_rl/environment/ament_prefix_path.sh
[0.173s] -- Up-to-date symlink: /home/ubuntu/dodo_main/dodo_robot_ws/install/dodo_rl/share/dodo_rl/environment/ament_prefix_path.dsv
[0.173s] -- Up-to-date symlink: /home/ubuntu/dodo_main/dodo_robot_ws/install/dodo_rl/share/dodo_rl/environment/path.sh
[0.174s] -- Up-to-date symlink: /home/ubuntu/dodo_main/dodo_robot_ws/install/dodo_rl/share/dodo_rl/environment/path.dsv
[0.174s] -- Up-to-date symlink: /home/ubuntu/dodo_main/dodo_robot_ws/install/dodo_rl/share/dodo_rl/local_setup.bash
[0.175s] -- Up-to-date symlink: /home/ubuntu/dodo_main/dodo_robot_ws/install/dodo_rl/share/dodo_rl/local_setup.sh
[0.176s] -- Up-to-date symlink: /home/ubuntu/dodo_main/dodo_robot_ws/install/dodo_rl/share/dodo_rl/local_setup.zsh
[0.176s] -- Up-to-date symlink: /home/ubuntu/dodo_main/dodo_robot_ws/install/dodo_rl/share/dodo_rl/local_setup.dsv
[0.176s] -- Symlinking: /home/ubuntu/dodo_main/dodo_robot_ws/install/dodo_rl/share/dodo_rl/package.dsv
[0.185s] -- Up-to-date symlink: /home/ubuntu/dodo_main/dodo_robot_ws/install/dodo_rl/share/ament_index/resource_index/packages/dodo_rl
[0.186s] -- Up-to-date symlink: /home/ubuntu/dodo_main/dodo_robot_ws/install/dodo_rl/share/dodo_rl/cmake/dodo_rlConfig.cmake
[0.186s] -- Up-to-date symlink: /home/ubuntu/dodo_main/dodo_robot_ws/install/dodo_rl/share/dodo_rl/cmake/dodo_rlConfig-version.cmake
[0.187s] -- Up-to-date symlink: /home/ubuntu/dodo_main/dodo_robot_ws/install/dodo_rl/share/dodo_rl/package.xml
[0.189s] Invoked command in '/home/ubuntu/dodo_main/dodo_robot_ws/build/dodo_rl' returned '0': CMAKE_PREFIX_PATH=/opt/ros/humble CONDA_PROMPT_MODIFIER=(base) /usr/bin/cmake --install /home/ubuntu/dodo_main/dodo_robot_ws/build/dodo_rl
