-- Found ament_cmake: 1.3.11 (/opt/ros/humble/share/ament_cmake/cmake)
-- Override CMake install command with custom implementation using symlinks instead of copying resources
-- Found rclcpp: 16.0.11 (/opt/ros/humble/share/rclcpp/cmake)
-- Found rosidl_generator_c: 3.1.6 (/opt/ros/humble/share/rosidl_generator_c/cmake)
-- Found rosidl_adapter: 3.1.6 (/opt/ros/humble/share/rosidl_adapter/cmake)
-- Found rosidl_generator_cpp: 3.1.6 (/opt/ros/humble/share/rosidl_generator_cpp/cmake)
-- Using all available rosidl_typesupport_c: rosidl_typesupport_fastrtps_c;rosidl_typesupport_introspection_c
-- Using all available rosidl_typesupport_cpp: rosidl_typesupport_fastrtps_cpp;rosidl_typesupport_introspection_cpp
-- Found rmw_implementation_cmake: 6.1.2 (/opt/ros/humble/share/rmw_implementation_cmake/cmake)
-- Found rmw_fastrtps_cpp: 6.2.7 (/opt/ros/humble/share/rmw_fastrtps_cpp/cmake)
-- Using RMW implementation 'rmw_fastrtps_cpp' as default
-- Found diagnostic_msgs: 4.2.4 (/opt/ros/humble/share/diagnostic_msgs/cmake)
-- Found dodo_msgs: 0.1.0 (/home/ubuntu/dodo_main/dodo_robot_ws/install/dodo_msgs/share/dodo_msgs/cmake)
-- Configuring done
-- Generating done
-- Build files have been written to: /home/ubuntu/dodo_main/dodo_robot_ws/build/dodo_monitor
[35m[1mConsolidate compiler generated dependencies of target monitor_node[0m
[ 50%] [32m[1mLinking CXX executable monitor_node[0m
[100%] Built target monitor_node
-- Install configuration: ""
-- Execute custom install script
-- Symlinking: /home/ubuntu/dodo_main/dodo_robot_ws/install/dodo_monitor/lib/dodo_monitor/monitor_node
-- Symlinking: /home/ubuntu/dodo_main/dodo_robot_ws/install/dodo_monitor/share/dodo_monitor/launch/monitor_node.launch.py
-- Symlinking: /home/ubuntu/dodo_main/dodo_robot_ws/install/dodo_monitor/include//dodo_monitor/monitor_node.hpp
-- Symlinking: /home/ubuntu/dodo_main/dodo_robot_ws/install/dodo_monitor/share/ament_index/resource_index/package_run_dependencies/dodo_monitor
-- Symlinking: /home/ubuntu/dodo_main/dodo_robot_ws/install/dodo_monitor/share/ament_index/resource_index/parent_prefix_path/dodo_monitor
-- Symlinking: /home/ubuntu/dodo_main/dodo_robot_ws/install/dodo_monitor/share/dodo_monitor/environment/ament_prefix_path.sh
-- Symlinking: /home/ubuntu/dodo_main/dodo_robot_ws/install/dodo_monitor/share/dodo_monitor/environment/ament_prefix_path.dsv
-- Symlinking: /home/ubuntu/dodo_main/dodo_robot_ws/install/dodo_monitor/share/dodo_monitor/environment/path.sh
-- Symlinking: /home/ubuntu/dodo_main/dodo_robot_ws/install/dodo_monitor/share/dodo_monitor/environment/path.dsv
-- Symlinking: /home/ubuntu/dodo_main/dodo_robot_ws/install/dodo_monitor/share/dodo_monitor/local_setup.bash
-- Symlinking: /home/ubuntu/dodo_main/dodo_robot_ws/install/dodo_monitor/share/dodo_monitor/local_setup.sh
-- Symlinking: /home/ubuntu/dodo_main/dodo_robot_ws/install/dodo_monitor/share/dodo_monitor/local_setup.zsh
-- Symlinking: /home/ubuntu/dodo_main/dodo_robot_ws/install/dodo_monitor/share/dodo_monitor/local_setup.dsv
-- Symlinking: /home/ubuntu/dodo_main/dodo_robot_ws/install/dodo_monitor/share/dodo_monitor/package.dsv
-- Symlinking: /home/ubuntu/dodo_main/dodo_robot_ws/install/dodo_monitor/share/ament_index/resource_index/packages/dodo_monitor
-- Symlinking: /home/ubuntu/dodo_main/dodo_robot_ws/install/dodo_monitor/share/dodo_monitor/cmake/dodo_monitorConfig.cmake
-- Symlinking: /home/ubuntu/dodo_main/dodo_robot_ws/install/dodo_monitor/share/dodo_monitor/cmake/dodo_monitorConfig-version.cmake
-- Symlinking: /home/ubuntu/dodo_main/dodo_robot_ws/install/dodo_monitor/share/dodo_monitor/package.xml
