[0.047s] Invoking command in '/home/ub/dodo/dodo_robot_ROS2/build/dodo_monitor': AMENT_PREFIX_PATH=/home/ub/dodo/dodo_robot_ROS2/install/dodo_msgs:${AMENT_PREFIX_PATH} CMAKE_PREFIX_PATH=/home/ub/dodo/dodo_robot_ROS2/install/dodo_msgs:/opt/ros/humble LD_LIBRARY_PATH=/home/ub/dodo/dodo_robot_ROS2/install/dodo_msgs/lib:${LD_LIBRARY_PATH} PYTHONPATH=/home/ub/dodo/dodo_robot_ROS2/install/dodo_msgs/local/lib/python3.10/dist-packages:${PYTHONPATH} /usr/bin/cmake --build /home/ub/dodo/dodo_robot_ROS2/build/dodo_monitor -- -j2 -l2
[0.280s] [100%] Built target monitor_node
[0.327s] Invoked command in '/home/ub/dodo/dodo_robot_ROS2/build/dodo_monitor' returned '0': AMENT_PREFIX_PATH=/home/ub/dodo/dodo_robot_ROS2/install/dodo_msgs:${AMENT_PREFIX_PATH} CMAKE_PREFIX_PATH=/home/ub/dodo/dodo_robot_ROS2/install/dodo_msgs:/opt/ros/humble LD_LIBRARY_PATH=/home/ub/dodo/dodo_robot_ROS2/install/dodo_msgs/lib:${LD_LIBRARY_PATH} PYTHONPATH=/home/ub/dodo/dodo_robot_ROS2/install/dodo_msgs/local/lib/python3.10/dist-packages:${PYTHONPATH} /usr/bin/cmake --build /home/ub/dodo/dodo_robot_ROS2/build/dodo_monitor -- -j2 -l2
[0.331s] Invoking command in '/home/ub/dodo/dodo_robot_ROS2/build/dodo_monitor': AMENT_PREFIX_PATH=/home/ub/dodo/dodo_robot_ROS2/install/dodo_msgs:${AMENT_PREFIX_PATH} CMAKE_PREFIX_PATH=/home/ub/dodo/dodo_robot_ROS2/install/dodo_msgs:/opt/ros/humble LD_LIBRARY_PATH=/home/ub/dodo/dodo_robot_ROS2/install/dodo_msgs/lib:${LD_LIBRARY_PATH} PYTHONPATH=/home/ub/dodo/dodo_robot_ROS2/install/dodo_msgs/local/lib/python3.10/dist-packages:${PYTHONPATH} /usr/bin/cmake --install /home/ub/dodo/dodo_robot_ROS2/build/dodo_monitor
[0.361s] -- Install configuration: ""
[0.380s] -- Execute custom install script
[0.381s] -- Up-to-date symlink: /home/ub/dodo/dodo_robot_ROS2/install/dodo_monitor/lib/dodo_monitor/monitor_node
[0.381s] -- Up-to-date symlink: /home/ub/dodo/dodo_robot_ROS2/install/dodo_monitor/share/dodo_monitor/launch/monitor_node.launch.py
[0.381s] -- Up-to-date symlink: /home/ub/dodo/dodo_robot_ROS2/install/dodo_monitor/include//dodo_monitor/monitor_node.hpp
[0.382s] -- Up-to-date symlink: /home/ub/dodo/dodo_robot_ROS2/install/dodo_monitor/share/ament_index/resource_index/package_run_dependencies/dodo_monitor
[0.382s] -- Up-to-date symlink: /home/ub/dodo/dodo_robot_ROS2/install/dodo_monitor/share/ament_index/resource_index/parent_prefix_path/dodo_monitor
[0.382s] -- Up-to-date symlink: /home/ub/dodo/dodo_robot_ROS2/install/dodo_monitor/share/dodo_monitor/environment/ament_prefix_path.sh
[0.393s] -- Up-to-date symlink: /home/ub/dodo/dodo_robot_ROS2/install/dodo_monitor/share/dodo_monitor/environment/ament_prefix_path.dsv
[0.393s] -- Up-to-date symlink: /home/ub/dodo/dodo_robot_ROS2/install/dodo_monitor/share/dodo_monitor/environment/path.sh
[0.393s] -- Up-to-date symlink: /home/ub/dodo/dodo_robot_ROS2/install/dodo_monitor/share/dodo_monitor/environment/path.dsv
[0.393s] -- Up-to-date symlink: /home/ub/dodo/dodo_robot_ROS2/install/dodo_monitor/share/dodo_monitor/local_setup.bash
[0.393s] -- Up-to-date symlink: /home/ub/dodo/dodo_robot_ROS2/install/dodo_monitor/share/dodo_monitor/local_setup.sh
[0.393s] -- Up-to-date symlink: /home/ub/dodo/dodo_robot_ROS2/install/dodo_monitor/share/dodo_monitor/local_setup.zsh
[0.394s] -- Up-to-date symlink: /home/ub/dodo/dodo_robot_ROS2/install/dodo_monitor/share/dodo_monitor/local_setup.dsv
[0.394s] -- Symlinking: /home/ub/dodo/dodo_robot_ROS2/install/dodo_monitor/share/dodo_monitor/package.dsv
[0.435s] -- Up-to-date symlink: /home/ub/dodo/dodo_robot_ROS2/install/dodo_monitor/share/ament_index/resource_index/packages/dodo_monitor
[0.437s] -- Up-to-date symlink: /home/ub/dodo/dodo_robot_ROS2/install/dodo_monitor/share/dodo_monitor/cmake/dodo_monitorConfig.cmake
[0.438s] -- Up-to-date symlink: /home/ub/dodo/dodo_robot_ROS2/install/dodo_monitor/share/dodo_monitor/cmake/dodo_monitorConfig-version.cmake
[0.442s] -- Up-to-date symlink: /home/ub/dodo/dodo_robot_ROS2/install/dodo_monitor/share/dodo_monitor/package.xml
[0.452s] Invoked command in '/home/ub/dodo/dodo_robot_ROS2/build/dodo_monitor' returned '0': AMENT_PREFIX_PATH=/home/ub/dodo/dodo_robot_ROS2/install/dodo_msgs:${AMENT_PREFIX_PATH} CMAKE_PREFIX_PATH=/home/ub/dodo/dodo_robot_ROS2/install/dodo_msgs:/opt/ros/humble LD_LIBRARY_PATH=/home/ub/dodo/dodo_robot_ROS2/install/dodo_msgs/lib:${LD_LIBRARY_PATH} PYTHONPATH=/home/ub/dodo/dodo_robot_ROS2/install/dodo_msgs/local/lib/python3.10/dist-packages:${PYTHONPATH} /usr/bin/cmake --install /home/ub/dodo/dodo_robot_ROS2/build/dodo_monitor
