[0.090s] Invoking command in '/home/ub/dodo/dodo_robot_ROS2/build/dodo_msgs': CMAKE_PREFIX_PATH=/opt/ros/humble /usr/bin/cmake --build /home/ub/dodo/dodo_robot_ROS2/build/dodo_msgs -- -j2 -l2
[0.441s] [  3%] Built target dodo_msgs__cpp
[0.514s] [ 12%] Built target dodo_msgs__rosidl_generator_c
[0.619s] [ 22%] Built target dodo_msgs__rosidl_typesupport_cpp
[0.627s] [ 22%] Built target ament_cmake_python_symlink_dodo_msgs
[0.710s] [ 32%] Built target dodo_msgs__rosidl_typesupport_introspection_c
[0.732s] [ 41%] Built target dodo_msgs__rosidl_typesupport_fastrtps_c
[0.850s] [ 51%] Built target dodo_msgs__rosidl_typesupport_fastrtps_cpp
[0.854s] [ 61%] Built target dodo_msgs__rosidl_typesupport_c
[1.003s] [ 70%] Built target dodo_msgs__rosidl_typesupport_introspection_cpp
[1.118s] [ 70%] Built target dodo_msgs
[1.228s] [ 74%] Built target dodo_msgs__py
[1.311s] [ 80%] Built target dodo_msgs__rosidl_generator_py
[1.381s] [ 87%] Built target dodo_msgs__rosidl_typesupport_fastrtps_c__pyext
[1.743s] [ 93%] Built target dodo_msgs__rosidl_typesupport_introspection_c__pyext
[1.899s] [100%] Built target dodo_msgs__rosidl_typesupport_c__pyext
[2.242s] running egg_info
[2.244s] writing dodo_msgs.egg-info/PKG-INFO
[2.244s] writing dependency_links to dodo_msgs.egg-info/dependency_links.txt
[2.245s] writing top-level names to dodo_msgs.egg-info/top_level.txt
[2.255s] reading manifest file 'dodo_msgs.egg-info/SOURCES.txt'
[2.260s] writing manifest file 'dodo_msgs.egg-info/SOURCES.txt'
[2.349s] [100%] Built target ament_cmake_python_build_dodo_msgs_egg
[2.382s] Invoked command in '/home/ub/dodo/dodo_robot_ROS2/build/dodo_msgs' returned '0': CMAKE_PREFIX_PATH=/opt/ros/humble /usr/bin/cmake --build /home/ub/dodo/dodo_robot_ROS2/build/dodo_msgs -- -j2 -l2
[2.384s] Invoking command in '/home/ub/dodo/dodo_robot_ROS2/build/dodo_msgs': CMAKE_PREFIX_PATH=/opt/ros/humble /usr/bin/cmake --install /home/ub/dodo/dodo_robot_ROS2/build/dodo_msgs
[2.412s] -- Install configuration: ""
[2.416s] -- Execute custom install script
[2.418s] -- Up-to-date symlink: /home/ub/dodo/dodo_robot_ROS2/install/dodo_msgs/share/ament_index/resource_index/rosidl_interfaces/dodo_msgs
[2.421s] -- Up-to-date symlink: /home/ub/dodo/dodo_robot_ROS2/install/dodo_msgs/include/dodo_msgs/dodo_msgs/msg/aligned_sensor_data.h
[2.425s] -- Up-to-date symlink: /home/ub/dodo/dodo_robot_ROS2/install/dodo_msgs/include/dodo_msgs/dodo_msgs/msg/detail/aligned_sensor_data__functions.h
[2.427s] -- Up-to-date symlink: /home/ub/dodo/dodo_robot_ROS2/install/dodo_msgs/include/dodo_msgs/dodo_msgs/msg/detail/aligned_sensor_data__struct.h
[2.429s] -- Up-to-date symlink: /home/ub/dodo/dodo_robot_ROS2/install/dodo_msgs/include/dodo_msgs/dodo_msgs/msg/detail/aligned_sensor_data__type_support.h
[2.432s] -- Up-to-date symlink: /home/ub/dodo/dodo_robot_ROS2/install/dodo_msgs/include/dodo_msgs/dodo_msgs/msg/rosidl_generator_c__visibility_control.h
[2.439s] -- Up-to-date symlink: /home/ub/dodo/dodo_robot_ROS2/install/dodo_msgs/share/dodo_msgs/environment/library_path.sh
[2.442s] -- Up-to-date symlink: /home/ub/dodo/dodo_robot_ROS2/install/dodo_msgs/share/dodo_msgs/environment/library_path.dsv
[2.442s] -- Up-to-date symlink: /home/ub/dodo/dodo_robot_ROS2/install/dodo_msgs/include/dodo_msgs/dodo_msgs/msg/detail/aligned_sensor_data__rosidl_typesupport_fastrtps_c.h
[2.445s] -- Up-to-date symlink: /home/ub/dodo/dodo_robot_ROS2/install/dodo_msgs/include/dodo_msgs/dodo_msgs/msg/rosidl_typesupport_fastrtps_c__visibility_control.h
[2.446s] -- Up-to-date symlink: /home/ub/dodo/dodo_robot_ROS2/install/dodo_msgs/include/dodo_msgs/dodo_msgs/msg/detail/aligned_sensor_data__rosidl_typesupport_introspection_c.h
[2.446s] -- Up-to-date symlink: /home/ub/dodo/dodo_robot_ROS2/install/dodo_msgs/include/dodo_msgs/dodo_msgs/msg/rosidl_typesupport_introspection_c__visibility_control.h
[2.448s] -- Up-to-date symlink: /home/ub/dodo/dodo_robot_ROS2/install/dodo_msgs/include/dodo_msgs/dodo_msgs/msg/aligned_sensor_data.hpp
[2.452s] -- Up-to-date symlink: /home/ub/dodo/dodo_robot_ROS2/install/dodo_msgs/include/dodo_msgs/dodo_msgs/msg/detail/aligned_sensor_data__builder.hpp
[2.457s] -- Up-to-date symlink: /home/ub/dodo/dodo_robot_ROS2/install/dodo_msgs/include/dodo_msgs/dodo_msgs/msg/detail/aligned_sensor_data__struct.hpp
[2.457s] -- Up-to-date symlink: /home/ub/dodo/dodo_robot_ROS2/install/dodo_msgs/include/dodo_msgs/dodo_msgs/msg/detail/aligned_sensor_data__traits.hpp
[2.457s] -- Up-to-date symlink: /home/ub/dodo/dodo_robot_ROS2/install/dodo_msgs/include/dodo_msgs/dodo_msgs/msg/detail/aligned_sensor_data__type_support.hpp
[2.457s] -- Up-to-date symlink: /home/ub/dodo/dodo_robot_ROS2/install/dodo_msgs/include/dodo_msgs/dodo_msgs/msg/rosidl_generator_cpp__visibility_control.hpp
[2.472s] -- Up-to-date symlink: /home/ub/dodo/dodo_robot_ROS2/install/dodo_msgs/include/dodo_msgs/dodo_msgs/msg/detail/aligned_sensor_data__rosidl_typesupport_fastrtps_cpp.hpp
[2.473s] -- Up-to-date symlink: /home/ub/dodo/dodo_robot_ROS2/install/dodo_msgs/include/dodo_msgs/dodo_msgs/msg/rosidl_typesupport_fastrtps_cpp__visibility_control.h
[2.473s] -- Up-to-date symlink: /home/ub/dodo/dodo_robot_ROS2/install/dodo_msgs/include/dodo_msgs/dodo_msgs/msg/detail/aligned_sensor_data__rosidl_typesupport_introspection_cpp.hpp
[2.473s] -- Up-to-date symlink: /home/ub/dodo/dodo_robot_ROS2/install/dodo_msgs/share/dodo_msgs/environment/pythonpath.sh
[2.473s] -- Up-to-date symlink: /home/ub/dodo/dodo_robot_ROS2/install/dodo_msgs/share/dodo_msgs/environment/pythonpath.dsv
[2.473s] -- Up-to-date symlink: /home/ub/dodo/dodo_robot_ROS2/install/dodo_msgs/local/lib/python3.10/dist-packages/dodo_msgs-0.1.0-py3.10.egg-info/PKG-INFO
[2.473s] -- Up-to-date symlink: /home/ub/dodo/dodo_robot_ROS2/install/dodo_msgs/local/lib/python3.10/dist-packages/dodo_msgs-0.1.0-py3.10.egg-info/SOURCES.txt
[2.474s] -- Up-to-date symlink: /home/ub/dodo/dodo_robot_ROS2/install/dodo_msgs/local/lib/python3.10/dist-packages/dodo_msgs-0.1.0-py3.10.egg-info/dependency_links.txt
[2.474s] -- Up-to-date symlink: /home/ub/dodo/dodo_robot_ROS2/install/dodo_msgs/local/lib/python3.10/dist-packages/dodo_msgs-0.1.0-py3.10.egg-info/top_level.txt
[2.475s] -- Up-to-date symlink: /home/ub/dodo/dodo_robot_ROS2/install/dodo_msgs/local/lib/python3.10/dist-packages/dodo_msgs/__init__.py
[2.475s] -- Up-to-date symlink: /home/ub/dodo/dodo_robot_ROS2/install/dodo_msgs/local/lib/python3.10/dist-packages/dodo_msgs/_dodo_msgs_s.ep.rosidl_typesupport_c.c
[2.475s] -- Up-to-date symlink: /home/ub/dodo/dodo_robot_ROS2/install/dodo_msgs/local/lib/python3.10/dist-packages/dodo_msgs/_dodo_msgs_s.ep.rosidl_typesupport_fastrtps_c.c
[2.475s] -- Up-to-date symlink: /home/ub/dodo/dodo_robot_ROS2/install/dodo_msgs/local/lib/python3.10/dist-packages/dodo_msgs/_dodo_msgs_s.ep.rosidl_typesupport_introspection_c.c
[2.475s] -- Up-to-date symlink: /home/ub/dodo/dodo_robot_ROS2/install/dodo_msgs/local/lib/python3.10/dist-packages/dodo_msgs/dodo_msgs_s__rosidl_typesupport_c.cpython-310-x86_64-linux-gnu.so
[2.475s] -- Up-to-date symlink: /home/ub/dodo/dodo_robot_ROS2/install/dodo_msgs/local/lib/python3.10/dist-packages/dodo_msgs/dodo_msgs_s__rosidl_typesupport_fastrtps_c.cpython-310-x86_64-linux-gnu.so
[2.475s] -- Up-to-date symlink: /home/ub/dodo/dodo_robot_ROS2/install/dodo_msgs/local/lib/python3.10/dist-packages/dodo_msgs/dodo_msgs_s__rosidl_typesupport_introspection_c.cpython-310-x86_64-linux-gnu.so
[2.476s] -- Up-to-date symlink: /home/ub/dodo/dodo_robot_ROS2/install/dodo_msgs/local/lib/python3.10/dist-packages/dodo_msgs/libdodo_msgs__rosidl_generator_py.so
[2.476s] -- Up-to-date symlink: /home/ub/dodo/dodo_robot_ROS2/install/dodo_msgs/local/lib/python3.10/dist-packages/dodo_msgs/msg/__init__.py
[2.476s] -- Up-to-date symlink: /home/ub/dodo/dodo_robot_ROS2/install/dodo_msgs/local/lib/python3.10/dist-packages/dodo_msgs/msg/_aligned_sensor_data.py
[2.476s] -- Up-to-date symlink: /home/ub/dodo/dodo_robot_ROS2/install/dodo_msgs/local/lib/python3.10/dist-packages/dodo_msgs/msg/_aligned_sensor_data_s.c
[2.476s] -- Up-to-date symlink: /home/ub/dodo/dodo_robot_ROS2/install/dodo_msgs/local/lib/python3.10/dist-packages/dodo_msgs/dodo_msgs_s__rosidl_typesupport_fastrtps_c.cpython-310-x86_64-linux-gnu.so
[2.476s] -- Up-to-date symlink: /home/ub/dodo/dodo_robot_ROS2/install/dodo_msgs/local/lib/python3.10/dist-packages/dodo_msgs/dodo_msgs_s__rosidl_typesupport_introspection_c.cpython-310-x86_64-linux-gnu.so
[2.476s] -- Up-to-date symlink: /home/ub/dodo/dodo_robot_ROS2/install/dodo_msgs/local/lib/python3.10/dist-packages/dodo_msgs/dodo_msgs_s__rosidl_typesupport_c.cpython-310-x86_64-linux-gnu.so
[2.476s] -- Up-to-date symlink: /home/ub/dodo/dodo_robot_ROS2/install/dodo_msgs/share/dodo_msgs/msg/AlignedSensorData.idl
[2.477s] -- Up-to-date symlink: /home/ub/dodo/dodo_robot_ROS2/install/dodo_msgs/share/dodo_msgs/msg/AlignedSensorData.msg
[2.477s] -- Up-to-date symlink: /home/ub/dodo/dodo_robot_ROS2/install/dodo_msgs/share/ament_index/resource_index/package_run_dependencies/dodo_msgs
[2.477s] -- Up-to-date symlink: /home/ub/dodo/dodo_robot_ROS2/install/dodo_msgs/share/ament_index/resource_index/parent_prefix_path/dodo_msgs
[2.477s] -- Up-to-date symlink: /home/ub/dodo/dodo_robot_ROS2/install/dodo_msgs/share/dodo_msgs/environment/ament_prefix_path.sh
[2.489s] -- Up-to-date symlink: /home/ub/dodo/dodo_robot_ROS2/install/dodo_msgs/share/dodo_msgs/environment/ament_prefix_path.dsv
[2.493s] -- Up-to-date symlink: /home/ub/dodo/dodo_robot_ROS2/install/dodo_msgs/share/dodo_msgs/environment/path.sh
[2.493s] -- Up-to-date symlink: /home/ub/dodo/dodo_robot_ROS2/install/dodo_msgs/share/dodo_msgs/environment/path.dsv
[2.493s] -- Up-to-date symlink: /home/ub/dodo/dodo_robot_ROS2/install/dodo_msgs/share/dodo_msgs/local_setup.bash
[2.499s] -- Up-to-date symlink: /home/ub/dodo/dodo_robot_ROS2/install/dodo_msgs/share/dodo_msgs/local_setup.sh
[2.499s] -- Up-to-date symlink: /home/ub/dodo/dodo_robot_ROS2/install/dodo_msgs/share/dodo_msgs/local_setup.zsh
[2.499s] -- Up-to-date symlink: /home/ub/dodo/dodo_robot_ROS2/install/dodo_msgs/share/dodo_msgs/local_setup.dsv
[2.500s] -- Symlinking: /home/ub/dodo/dodo_robot_ROS2/install/dodo_msgs/share/dodo_msgs/package.dsv
[2.500s] -- Up-to-date symlink: /home/ub/dodo/dodo_robot_ROS2/install/dodo_msgs/share/ament_index/resource_index/packages/dodo_msgs
[2.500s] -- Up-to-date symlink: /home/ub/dodo/dodo_robot_ROS2/install/dodo_msgs/share/dodo_msgs/cmake/rosidl_cmake-extras.cmake
[2.500s] -- Up-to-date symlink: /home/ub/dodo/dodo_robot_ROS2/install/dodo_msgs/share/dodo_msgs/cmake/ament_cmake_export_dependencies-extras.cmake
[2.500s] -- Up-to-date symlink: /home/ub/dodo/dodo_robot_ROS2/install/dodo_msgs/share/dodo_msgs/cmake/ament_cmake_export_include_directories-extras.cmake
[2.501s] -- Up-to-date symlink: /home/ub/dodo/dodo_robot_ROS2/install/dodo_msgs/share/dodo_msgs/cmake/ament_cmake_export_libraries-extras.cmake
[2.501s] -- Up-to-date symlink: /home/ub/dodo/dodo_robot_ROS2/install/dodo_msgs/share/dodo_msgs/cmake/ament_cmake_export_targets-extras.cmake
[2.501s] -- Up-to-date symlink: /home/ub/dodo/dodo_robot_ROS2/install/dodo_msgs/share/dodo_msgs/cmake/rosidl_cmake_export_typesupport_targets-extras.cmake
[2.501s] -- Up-to-date symlink: /home/ub/dodo/dodo_robot_ROS2/install/dodo_msgs/share/dodo_msgs/cmake/rosidl_cmake_export_typesupport_libraries-extras.cmake
[2.510s] -- Up-to-date symlink: /home/ub/dodo/dodo_robot_ROS2/install/dodo_msgs/share/dodo_msgs/cmake/dodo_msgsConfig.cmake
[2.511s] -- Up-to-date symlink: /home/ub/dodo/dodo_robot_ROS2/install/dodo_msgs/share/dodo_msgs/cmake/dodo_msgsConfig-version.cmake
[2.511s] -- Up-to-date symlink: /home/ub/dodo/dodo_robot_ROS2/install/dodo_msgs/share/dodo_msgs/package.xml
[2.511s] -- Up-to-date: /home/ub/dodo/dodo_robot_ROS2/install/dodo_msgs/lib/libdodo_msgs__rosidl_generator_c.so
[2.511s] -- Up-to-date: /home/ub/dodo/dodo_robot_ROS2/install/dodo_msgs/lib/libdodo_msgs__rosidl_typesupport_fastrtps_c.so
[2.511s] -- Up-to-date: /home/ub/dodo/dodo_robot_ROS2/install/dodo_msgs/lib/libdodo_msgs__rosidl_typesupport_introspection_c.so
[2.512s] -- Up-to-date: /home/ub/dodo/dodo_robot_ROS2/install/dodo_msgs/lib/libdodo_msgs__rosidl_typesupport_c.so
[2.512s] -- Up-to-date: /home/ub/dodo/dodo_robot_ROS2/install/dodo_msgs/lib/libdodo_msgs__rosidl_typesupport_fastrtps_cpp.so
[2.512s] -- Up-to-date: /home/ub/dodo/dodo_robot_ROS2/install/dodo_msgs/lib/libdodo_msgs__rosidl_typesupport_introspection_cpp.so
[2.512s] -- Up-to-date: /home/ub/dodo/dodo_robot_ROS2/install/dodo_msgs/lib/libdodo_msgs__rosidl_typesupport_cpp.so
[2.603s] Listing '/home/ub/dodo/dodo_robot_ROS2/install/dodo_msgs/local/lib/python3.10/dist-packages/dodo_msgs'...
[2.603s] Listing '/home/ub/dodo/dodo_robot_ROS2/install/dodo_msgs/local/lib/python3.10/dist-packages/dodo_msgs/msg'...
[2.618s] -- Up-to-date: /home/ub/dodo/dodo_robot_ROS2/install/dodo_msgs/lib/libdodo_msgs__rosidl_generator_py.so
[2.619s] -- Up-to-date: /home/ub/dodo/dodo_robot_ROS2/install/dodo_msgs/share/dodo_msgs/cmake/export_dodo_msgs__rosidl_generator_cExport.cmake
[2.621s] -- Up-to-date: /home/ub/dodo/dodo_robot_ROS2/install/dodo_msgs/share/dodo_msgs/cmake/export_dodo_msgs__rosidl_generator_cExport-noconfig.cmake
[2.622s] -- Up-to-date: /home/ub/dodo/dodo_robot_ROS2/install/dodo_msgs/share/dodo_msgs/cmake/export_dodo_msgs__rosidl_typesupport_fastrtps_cExport.cmake
[2.622s] -- Up-to-date: /home/ub/dodo/dodo_robot_ROS2/install/dodo_msgs/share/dodo_msgs/cmake/export_dodo_msgs__rosidl_typesupport_fastrtps_cExport-noconfig.cmake
[2.622s] -- Up-to-date: /home/ub/dodo/dodo_robot_ROS2/install/dodo_msgs/share/dodo_msgs/cmake/dodo_msgs__rosidl_typesupport_introspection_cExport.cmake
[2.622s] -- Up-to-date: /home/ub/dodo/dodo_robot_ROS2/install/dodo_msgs/share/dodo_msgs/cmake/dodo_msgs__rosidl_typesupport_introspection_cExport-noconfig.cmake
[2.623s] -- Up-to-date: /home/ub/dodo/dodo_robot_ROS2/install/dodo_msgs/share/dodo_msgs/cmake/dodo_msgs__rosidl_typesupport_cExport.cmake
[2.623s] -- Up-to-date: /home/ub/dodo/dodo_robot_ROS2/install/dodo_msgs/share/dodo_msgs/cmake/dodo_msgs__rosidl_typesupport_cExport-noconfig.cmake
[2.623s] -- Up-to-date: /home/ub/dodo/dodo_robot_ROS2/install/dodo_msgs/share/dodo_msgs/cmake/export_dodo_msgs__rosidl_generator_cppExport.cmake
[2.623s] -- Up-to-date: /home/ub/dodo/dodo_robot_ROS2/install/dodo_msgs/share/dodo_msgs/cmake/export_dodo_msgs__rosidl_typesupport_fastrtps_cppExport.cmake
[2.623s] -- Up-to-date: /home/ub/dodo/dodo_robot_ROS2/install/dodo_msgs/share/dodo_msgs/cmake/export_dodo_msgs__rosidl_typesupport_fastrtps_cppExport-noconfig.cmake
[2.623s] -- Up-to-date: /home/ub/dodo/dodo_robot_ROS2/install/dodo_msgs/share/dodo_msgs/cmake/dodo_msgs__rosidl_typesupport_introspection_cppExport.cmake
[2.623s] -- Up-to-date: /home/ub/dodo/dodo_robot_ROS2/install/dodo_msgs/share/dodo_msgs/cmake/dodo_msgs__rosidl_typesupport_introspection_cppExport-noconfig.cmake
[2.623s] -- Up-to-date: /home/ub/dodo/dodo_robot_ROS2/install/dodo_msgs/share/dodo_msgs/cmake/dodo_msgs__rosidl_typesupport_cppExport.cmake
[2.634s] -- Up-to-date: /home/ub/dodo/dodo_robot_ROS2/install/dodo_msgs/share/dodo_msgs/cmake/dodo_msgs__rosidl_typesupport_cppExport-noconfig.cmake
[2.634s] -- Up-to-date: /home/ub/dodo/dodo_robot_ROS2/install/dodo_msgs/share/dodo_msgs/cmake/export_dodo_msgs__rosidl_generator_pyExport.cmake
[2.635s] -- Up-to-date: /home/ub/dodo/dodo_robot_ROS2/install/dodo_msgs/share/dodo_msgs/cmake/export_dodo_msgs__rosidl_generator_pyExport-noconfig.cmake
[2.683s] Invoked command in '/home/ub/dodo/dodo_robot_ROS2/build/dodo_msgs' returned '0': CMAKE_PREFIX_PATH=/opt/ros/humble /usr/bin/cmake --install /home/ub/dodo/dodo_robot_ROS2/build/dodo_msgs
