[  3%] Built target dodo_msgs__cpp
[ 12%] Built target dodo_msgs__rosidl_generator_c
[ 22%] Built target dodo_msgs__rosidl_typesupport_cpp
[ 22%] Built target ament_cmake_python_symlink_dodo_msgs
[35m[1mConsolidate compiler generated dependencies of target dodo_msgs__rosidl_typesupport_fastrtps_c[0m
[35m[1mConsolidate compiler generated dependencies of target dodo_msgs__rosidl_typesupport_introspection_c[0m
[ 32%] Built target dodo_msgs__rosidl_typesupport_fastrtps_c
[ 41%] Built target dodo_msgs__rosidl_typesupport_introspection_c
[35m[1mConsolidate compiler generated dependencies of target dodo_msgs__rosidl_typesupport_c[0m
[ 51%] Built target dodo_msgs__rosidl_typesupport_c
[35m[1mConsolidate compiler generated dependencies of target dodo_msgs__rosidl_typesupport_fastrtps_cpp[0m
[35m[1mConsolidate compiler generated dependencies of target dodo_msgs__rosidl_typesupport_introspection_cpp[0m
[ 61%] Built target dodo_msgs__rosidl_typesupport_fastrtps_cpp
[ 70%] Built target dodo_msgs__rosidl_typesupport_introspection_cpp
[ 70%] Built target dodo_msgs
[ 74%] Built target dodo_msgs__py
[35m[1mConsolidate compiler generated dependencies of target dodo_msgs__rosidl_generator_py[0m
[ 80%] Built target dodo_msgs__rosidl_generator_py
[35m[1mConsolidate compiler generated dependencies of target dodo_msgs__rosidl_typesupport_fastrtps_c__pyext[0m
[ 83%] [32m[1mLinking C shared library rosidl_generator_py/dodo_msgs/dodo_msgs_s__rosidl_typesupport_fastrtps_c.cpython-310-x86_64-linux-gnu.so[0m
[ 87%] Built target dodo_msgs__rosidl_typesupport_fastrtps_c__pyext
[35m[1mConsolidate compiler generated dependencies of target dodo_msgs__rosidl_typesupport_introspection_c__pyext[0m
[ 90%] [32m[1mLinking C shared library rosidl_generator_py/dodo_msgs/dodo_msgs_s__rosidl_typesupport_introspection_c.cpython-310-x86_64-linux-gnu.so[0m
running egg_info
writing dodo_msgs.egg-info/PKG-INFO
writing dependency_links to dodo_msgs.egg-info/dependency_links.txt
writing top-level names to dodo_msgs.egg-info/top_level.txt
reading manifest file 'dodo_msgs.egg-info/SOURCES.txt'
writing manifest file 'dodo_msgs.egg-info/SOURCES.txt'
[ 93%] Built target dodo_msgs__rosidl_typesupport_introspection_c__pyext
[35m[1mConsolidate compiler generated dependencies of target dodo_msgs__rosidl_typesupport_c__pyext[0m
[ 93%] Built target ament_cmake_python_build_dodo_msgs_egg
[ 96%] [32m[1mLinking C shared library rosidl_generator_py/dodo_msgs/dodo_msgs_s__rosidl_typesupport_c.cpython-310-x86_64-linux-gnu.so[0m
[100%] Built target dodo_msgs__rosidl_typesupport_c__pyext
-- Install configuration: ""
-- Execute custom install script
-- Symlinking: /home/ubuntu/dodo_main/dodo_robot_ws/install/dodo_msgs/share/ament_index/resource_index/rosidl_interfaces/dodo_msgs
-- Symlinking: /home/ubuntu/dodo_main/dodo_robot_ws/install/dodo_msgs/include/dodo_msgs/dodo_msgs/msg/aligned_sensor_data.h
-- Symlinking: /home/ubuntu/dodo_main/dodo_robot_ws/install/dodo_msgs/include/dodo_msgs/dodo_msgs/msg/detail/aligned_sensor_data__functions.h
-- Symlinking: /home/ubuntu/dodo_main/dodo_robot_ws/install/dodo_msgs/include/dodo_msgs/dodo_msgs/msg/detail/aligned_sensor_data__struct.h
-- Symlinking: /home/ubuntu/dodo_main/dodo_robot_ws/install/dodo_msgs/include/dodo_msgs/dodo_msgs/msg/detail/aligned_sensor_data__type_support.h
-- Symlinking: /home/ubuntu/dodo_main/dodo_robot_ws/install/dodo_msgs/include/dodo_msgs/dodo_msgs/msg/rosidl_generator_c__visibility_control.h
-- Symlinking: /home/ubuntu/dodo_main/dodo_robot_ws/install/dodo_msgs/share/dodo_msgs/environment/library_path.sh
-- Symlinking: /home/ubuntu/dodo_main/dodo_robot_ws/install/dodo_msgs/share/dodo_msgs/environment/library_path.dsv
-- Symlinking: /home/ubuntu/dodo_main/dodo_robot_ws/install/dodo_msgs/include/dodo_msgs/dodo_msgs/msg/detail/aligned_sensor_data__rosidl_typesupport_fastrtps_c.h
-- Symlinking: /home/ubuntu/dodo_main/dodo_robot_ws/install/dodo_msgs/include/dodo_msgs/dodo_msgs/msg/rosidl_typesupport_fastrtps_c__visibility_control.h
-- Symlinking: /home/ubuntu/dodo_main/dodo_robot_ws/install/dodo_msgs/include/dodo_msgs/dodo_msgs/msg/detail/aligned_sensor_data__rosidl_typesupport_introspection_c.h
-- Symlinking: /home/ubuntu/dodo_main/dodo_robot_ws/install/dodo_msgs/include/dodo_msgs/dodo_msgs/msg/rosidl_typesupport_introspection_c__visibility_control.h
-- Symlinking: /home/ubuntu/dodo_main/dodo_robot_ws/install/dodo_msgs/include/dodo_msgs/dodo_msgs/msg/aligned_sensor_data.hpp
-- Symlinking: /home/ubuntu/dodo_main/dodo_robot_ws/install/dodo_msgs/include/dodo_msgs/dodo_msgs/msg/detail/aligned_sensor_data__builder.hpp
-- Symlinking: /home/ubuntu/dodo_main/dodo_robot_ws/install/dodo_msgs/include/dodo_msgs/dodo_msgs/msg/detail/aligned_sensor_data__struct.hpp
-- Symlinking: /home/ubuntu/dodo_main/dodo_robot_ws/install/dodo_msgs/include/dodo_msgs/dodo_msgs/msg/detail/aligned_sensor_data__traits.hpp
-- Symlinking: /home/ubuntu/dodo_main/dodo_robot_ws/install/dodo_msgs/include/dodo_msgs/dodo_msgs/msg/detail/aligned_sensor_data__type_support.hpp
-- Symlinking: /home/ubuntu/dodo_main/dodo_robot_ws/install/dodo_msgs/include/dodo_msgs/dodo_msgs/msg/rosidl_generator_cpp__visibility_control.hpp
-- Symlinking: /home/ubuntu/dodo_main/dodo_robot_ws/install/dodo_msgs/include/dodo_msgs/dodo_msgs/msg/detail/aligned_sensor_data__rosidl_typesupport_fastrtps_cpp.hpp
-- Symlinking: /home/ubuntu/dodo_main/dodo_robot_ws/install/dodo_msgs/include/dodo_msgs/dodo_msgs/msg/rosidl_typesupport_fastrtps_cpp__visibility_control.h
-- Symlinking: /home/ubuntu/dodo_main/dodo_robot_ws/install/dodo_msgs/include/dodo_msgs/dodo_msgs/msg/detail/aligned_sensor_data__rosidl_typesupport_introspection_cpp.hpp
-- Symlinking: /home/ubuntu/dodo_main/dodo_robot_ws/install/dodo_msgs/share/dodo_msgs/environment/pythonpath.sh
-- Symlinking: /home/ubuntu/dodo_main/dodo_robot_ws/install/dodo_msgs/share/dodo_msgs/environment/pythonpath.dsv
-- Symlinking: /home/ubuntu/dodo_main/dodo_robot_ws/install/dodo_msgs/local/lib/python3.10/dist-packages/dodo_msgs-0.1.0-py3.10.egg-info/PKG-INFO
-- Symlinking: /home/ubuntu/dodo_main/dodo_robot_ws/install/dodo_msgs/local/lib/python3.10/dist-packages/dodo_msgs-0.1.0-py3.10.egg-info/SOURCES.txt
-- Symlinking: /home/ubuntu/dodo_main/dodo_robot_ws/install/dodo_msgs/local/lib/python3.10/dist-packages/dodo_msgs-0.1.0-py3.10.egg-info/dependency_links.txt
-- Symlinking: /home/ubuntu/dodo_main/dodo_robot_ws/install/dodo_msgs/local/lib/python3.10/dist-packages/dodo_msgs-0.1.0-py3.10.egg-info/top_level.txt
-- Symlinking: /home/ubuntu/dodo_main/dodo_robot_ws/install/dodo_msgs/local/lib/python3.10/dist-packages/dodo_msgs/__init__.py
-- Symlinking: /home/ubuntu/dodo_main/dodo_robot_ws/install/dodo_msgs/local/lib/python3.10/dist-packages/dodo_msgs/_dodo_msgs_s.ep.rosidl_typesupport_c.c
-- Symlinking: /home/ubuntu/dodo_main/dodo_robot_ws/install/dodo_msgs/local/lib/python3.10/dist-packages/dodo_msgs/_dodo_msgs_s.ep.rosidl_typesupport_fastrtps_c.c
-- Symlinking: /home/ubuntu/dodo_main/dodo_robot_ws/install/dodo_msgs/local/lib/python3.10/dist-packages/dodo_msgs/_dodo_msgs_s.ep.rosidl_typesupport_introspection_c.c
-- Symlinking: /home/ubuntu/dodo_main/dodo_robot_ws/install/dodo_msgs/local/lib/python3.10/dist-packages/dodo_msgs/dodo_msgs_s__rosidl_typesupport_c.cpython-310-x86_64-linux-gnu.so
-- Symlinking: /home/ubuntu/dodo_main/dodo_robot_ws/install/dodo_msgs/local/lib/python3.10/dist-packages/dodo_msgs/dodo_msgs_s__rosidl_typesupport_fastrtps_c.cpython-310-x86_64-linux-gnu.so
-- Symlinking: /home/ubuntu/dodo_main/dodo_robot_ws/install/dodo_msgs/local/lib/python3.10/dist-packages/dodo_msgs/dodo_msgs_s__rosidl_typesupport_introspection_c.cpython-310-x86_64-linux-gnu.so
-- Symlinking: /home/ubuntu/dodo_main/dodo_robot_ws/install/dodo_msgs/local/lib/python3.10/dist-packages/dodo_msgs/libdodo_msgs__rosidl_generator_py.so
-- Symlinking: /home/ubuntu/dodo_main/dodo_robot_ws/install/dodo_msgs/local/lib/python3.10/dist-packages/dodo_msgs/msg/__init__.py
-- Symlinking: /home/ubuntu/dodo_main/dodo_robot_ws/install/dodo_msgs/local/lib/python3.10/dist-packages/dodo_msgs/msg/_aligned_sensor_data.py
-- Symlinking: /home/ubuntu/dodo_main/dodo_robot_ws/install/dodo_msgs/local/lib/python3.10/dist-packages/dodo_msgs/msg/_aligned_sensor_data_s.c
-- Up-to-date symlink: /home/ubuntu/dodo_main/dodo_robot_ws/install/dodo_msgs/local/lib/python3.10/dist-packages/dodo_msgs/dodo_msgs_s__rosidl_typesupport_fastrtps_c.cpython-310-x86_64-linux-gnu.so
-- Up-to-date symlink: /home/ubuntu/dodo_main/dodo_robot_ws/install/dodo_msgs/local/lib/python3.10/dist-packages/dodo_msgs/dodo_msgs_s__rosidl_typesupport_introspection_c.cpython-310-x86_64-linux-gnu.so
-- Up-to-date symlink: /home/ubuntu/dodo_main/dodo_robot_ws/install/dodo_msgs/local/lib/python3.10/dist-packages/dodo_msgs/dodo_msgs_s__rosidl_typesupport_c.cpython-310-x86_64-linux-gnu.so
-- Symlinking: /home/ubuntu/dodo_main/dodo_robot_ws/install/dodo_msgs/share/dodo_msgs/msg/AlignedSensorData.idl
-- Symlinking: /home/ubuntu/dodo_main/dodo_robot_ws/install/dodo_msgs/share/dodo_msgs/msg/AlignedSensorData.msg
-- Symlinking: /home/ubuntu/dodo_main/dodo_robot_ws/install/dodo_msgs/share/ament_index/resource_index/package_run_dependencies/dodo_msgs
-- Symlinking: /home/ubuntu/dodo_main/dodo_robot_ws/install/dodo_msgs/share/ament_index/resource_index/parent_prefix_path/dodo_msgs
-- Symlinking: /home/ubuntu/dodo_main/dodo_robot_ws/install/dodo_msgs/share/dodo_msgs/environment/ament_prefix_path.sh
-- Symlinking: /home/ubuntu/dodo_main/dodo_robot_ws/install/dodo_msgs/share/dodo_msgs/environment/ament_prefix_path.dsv
-- Symlinking: /home/ubuntu/dodo_main/dodo_robot_ws/install/dodo_msgs/share/dodo_msgs/environment/path.sh
-- Symlinking: /home/ubuntu/dodo_main/dodo_robot_ws/install/dodo_msgs/share/dodo_msgs/environment/path.dsv
-- Symlinking: /home/ubuntu/dodo_main/dodo_robot_ws/install/dodo_msgs/share/dodo_msgs/local_setup.bash
-- Symlinking: /home/ubuntu/dodo_main/dodo_robot_ws/install/dodo_msgs/share/dodo_msgs/local_setup.sh
-- Symlinking: /home/ubuntu/dodo_main/dodo_robot_ws/install/dodo_msgs/share/dodo_msgs/local_setup.zsh
-- Symlinking: /home/ubuntu/dodo_main/dodo_robot_ws/install/dodo_msgs/share/dodo_msgs/local_setup.dsv
-- Symlinking: /home/ubuntu/dodo_main/dodo_robot_ws/install/dodo_msgs/share/dodo_msgs/package.dsv
-- Symlinking: /home/ubuntu/dodo_main/dodo_robot_ws/install/dodo_msgs/share/ament_index/resource_index/packages/dodo_msgs
-- Symlinking: /home/ubuntu/dodo_main/dodo_robot_ws/install/dodo_msgs/share/dodo_msgs/cmake/rosidl_cmake-extras.cmake
-- Symlinking: /home/ubuntu/dodo_main/dodo_robot_ws/install/dodo_msgs/share/dodo_msgs/cmake/ament_cmake_export_dependencies-extras.cmake
-- Symlinking: /home/ubuntu/dodo_main/dodo_robot_ws/install/dodo_msgs/share/dodo_msgs/cmake/ament_cmake_export_include_directories-extras.cmake
-- Symlinking: /home/ubuntu/dodo_main/dodo_robot_ws/install/dodo_msgs/share/dodo_msgs/cmake/ament_cmake_export_libraries-extras.cmake
-- Symlinking: /home/ubuntu/dodo_main/dodo_robot_ws/install/dodo_msgs/share/dodo_msgs/cmake/ament_cmake_export_targets-extras.cmake
-- Symlinking: /home/ubuntu/dodo_main/dodo_robot_ws/install/dodo_msgs/share/dodo_msgs/cmake/rosidl_cmake_export_typesupport_targets-extras.cmake
-- Symlinking: /home/ubuntu/dodo_main/dodo_robot_ws/install/dodo_msgs/share/dodo_msgs/cmake/rosidl_cmake_export_typesupport_libraries-extras.cmake
-- Symlinking: /home/ubuntu/dodo_main/dodo_robot_ws/install/dodo_msgs/share/dodo_msgs/cmake/dodo_msgsConfig.cmake
-- Symlinking: /home/ubuntu/dodo_main/dodo_robot_ws/install/dodo_msgs/share/dodo_msgs/cmake/dodo_msgsConfig-version.cmake
-- Symlinking: /home/ubuntu/dodo_main/dodo_robot_ws/install/dodo_msgs/share/dodo_msgs/package.xml
-- Up-to-date: /home/ubuntu/dodo_main/dodo_robot_ws/install/dodo_msgs/lib/libdodo_msgs__rosidl_generator_c.so
-- Up-to-date: /home/ubuntu/dodo_main/dodo_robot_ws/install/dodo_msgs/lib/libdodo_msgs__rosidl_typesupport_fastrtps_c.so
-- Up-to-date: /home/ubuntu/dodo_main/dodo_robot_ws/install/dodo_msgs/lib/libdodo_msgs__rosidl_typesupport_introspection_c.so
-- Up-to-date: /home/ubuntu/dodo_main/dodo_robot_ws/install/dodo_msgs/lib/libdodo_msgs__rosidl_typesupport_c.so
-- Up-to-date: /home/ubuntu/dodo_main/dodo_robot_ws/install/dodo_msgs/lib/libdodo_msgs__rosidl_typesupport_fastrtps_cpp.so
-- Up-to-date: /home/ubuntu/dodo_main/dodo_robot_ws/install/dodo_msgs/lib/libdodo_msgs__rosidl_typesupport_introspection_cpp.so
-- Up-to-date: /home/ubuntu/dodo_main/dodo_robot_ws/install/dodo_msgs/lib/libdodo_msgs__rosidl_typesupport_cpp.so
Listing '/home/ubuntu/dodo_main/dodo_robot_ws/install/dodo_msgs/local/lib/python3.10/dist-packages/dodo_msgs'...
Compiling '/home/ubuntu/dodo_main/dodo_robot_ws/install/dodo_msgs/local/lib/python3.10/dist-packages/dodo_msgs/__init__.py'...
Listing '/home/ubuntu/dodo_main/dodo_robot_ws/install/dodo_msgs/local/lib/python3.10/dist-packages/dodo_msgs/msg'...
-- Up-to-date: /home/ubuntu/dodo_main/dodo_robot_ws/install/dodo_msgs/lib/libdodo_msgs__rosidl_generator_py.so
-- Up-to-date: /home/ubuntu/dodo_main/dodo_robot_ws/install/dodo_msgs/share/dodo_msgs/cmake/export_dodo_msgs__rosidl_generator_cExport.cmake
-- Up-to-date: /home/ubuntu/dodo_main/dodo_robot_ws/install/dodo_msgs/share/dodo_msgs/cmake/export_dodo_msgs__rosidl_generator_cExport-noconfig.cmake
-- Up-to-date: /home/ubuntu/dodo_main/dodo_robot_ws/install/dodo_msgs/share/dodo_msgs/cmake/export_dodo_msgs__rosidl_typesupport_fastrtps_cExport.cmake
-- Up-to-date: /home/ubuntu/dodo_main/dodo_robot_ws/install/dodo_msgs/share/dodo_msgs/cmake/export_dodo_msgs__rosidl_typesupport_fastrtps_cExport-noconfig.cmake
-- Up-to-date: /home/ubuntu/dodo_main/dodo_robot_ws/install/dodo_msgs/share/dodo_msgs/cmake/dodo_msgs__rosidl_typesupport_introspection_cExport.cmake
-- Up-to-date: /home/ubuntu/dodo_main/dodo_robot_ws/install/dodo_msgs/share/dodo_msgs/cmake/dodo_msgs__rosidl_typesupport_introspection_cExport-noconfig.cmake
-- Up-to-date: /home/ubuntu/dodo_main/dodo_robot_ws/install/dodo_msgs/share/dodo_msgs/cmake/dodo_msgs__rosidl_typesupport_cExport.cmake
-- Up-to-date: /home/ubuntu/dodo_main/dodo_robot_ws/install/dodo_msgs/share/dodo_msgs/cmake/dodo_msgs__rosidl_typesupport_cExport-noconfig.cmake
-- Up-to-date: /home/ubuntu/dodo_main/dodo_robot_ws/install/dodo_msgs/share/dodo_msgs/cmake/export_dodo_msgs__rosidl_generator_cppExport.cmake
-- Up-to-date: /home/ubuntu/dodo_main/dodo_robot_ws/install/dodo_msgs/share/dodo_msgs/cmake/export_dodo_msgs__rosidl_typesupport_fastrtps_cppExport.cmake
-- Up-to-date: /home/ubuntu/dodo_main/dodo_robot_ws/install/dodo_msgs/share/dodo_msgs/cmake/export_dodo_msgs__rosidl_typesupport_fastrtps_cppExport-noconfig.cmake
-- Up-to-date: /home/ubuntu/dodo_main/dodo_robot_ws/install/dodo_msgs/share/dodo_msgs/cmake/dodo_msgs__rosidl_typesupport_introspection_cppExport.cmake
-- Up-to-date: /home/ubuntu/dodo_main/dodo_robot_ws/install/dodo_msgs/share/dodo_msgs/cmake/dodo_msgs__rosidl_typesupport_introspection_cppExport-noconfig.cmake
-- Up-to-date: /home/ubuntu/dodo_main/dodo_robot_ws/install/dodo_msgs/share/dodo_msgs/cmake/dodo_msgs__rosidl_typesupport_cppExport.cmake
-- Up-to-date: /home/ubuntu/dodo_main/dodo_robot_ws/install/dodo_msgs/share/dodo_msgs/cmake/dodo_msgs__rosidl_typesupport_cppExport-noconfig.cmake
-- Up-to-date: /home/ubuntu/dodo_main/dodo_robot_ws/install/dodo_msgs/share/dodo_msgs/cmake/export_dodo_msgs__rosidl_generator_pyExport.cmake
-- Up-to-date: /home/ubuntu/dodo_main/dodo_robot_ws/install/dodo_msgs/share/dodo_msgs/cmake/export_dodo_msgs__rosidl_generator_pyExport-noconfig.cmake
