[0.061s] Invoking command in '/home/ub/dodo/dodo_robot_ROS2/build/dodo_bringup': AMENT_PREFIX_PATH=/home/ub/dodo/dodo_robot_ROS2/install/dodo_sensor_fusion:/home/ub/dodo/dodo_robot_ROS2/install/dodo_safety:/home/ub/dodo/dodo_robot_ROS2/install/dodo_processing:/home/ub/dodo/dodo_robot_ROS2/install/dodo_monitor:/home/ub/dodo/dodo_robot_ROS2/install/dodo_usb_command:/home/ub/dodo/dodo_robot_ROS2/install/dodo_rl:/home/ub/dodo/dodo_robot_ROS2/install/dodo_msgs:/home/ub/dodo/dodo_robot_ROS2/install/dodo_imu:/home/ub/dodo/dodo_robot_ROS2/install/dodo_canbus:${AMENT_PREFIX_PATH} CMAKE_PREFIX_PATH=/home/ub/dodo/dodo_robot_ROS2/install/dodo_sensor_fusion:/home/ub/dodo/dodo_robot_ROS2/install/dodo_safety:/home/ub/dodo/dodo_robot_ROS2/install/dodo_processing:/home/ub/dodo/dodo_robot_ROS2/install/dodo_monitor:/home/ub/dodo/dodo_robot_ROS2/install/dodo_usb_command:/home/ub/dodo/dodo_robot_ROS2/install/dodo_rl:/home/ub/dodo/dodo_robot_ROS2/install/dodo_msgs:/home/ub/dodo/dodo_robot_ROS2/install/dodo_imu:/home/ub/dodo/dodo_robot_ROS2/install/dodo_canbus:/opt/ros/humble LD_LIBRARY_PATH=/home/ub/dodo/dodo_robot_ROS2/install/dodo_msgs/lib:${LD_LIBRARY_PATH} PYTHONPATH=/home/ub/dodo/dodo_robot_ROS2/install/dodo_msgs/local/lib/python3.10/dist-packages:${PYTHONPATH} /usr/bin/cmake /home/ub/dodo/dodo_robot_ROS2/src/dodo_bringup -DAMENT_CMAKE_SYMLINK_INSTALL=1 -DCMAKE_INSTALL_PREFIX=/home/ub/dodo/dodo_robot_ROS2/install/dodo_bringup
[0.245s] -- The C compiler identification is GNU 11.4.0
[0.468s] -- The CXX compiler identification is GNU 11.4.0
[0.509s] -- Detecting C compiler ABI info
[0.713s] -- Detecting C compiler ABI info - done
[0.726s] -- Check for working C compiler: /usr/bin/cc - skipped
[0.726s] -- Detecting C compile features
[0.729s] -- Detecting C compile features - done
[0.734s] -- Detecting CXX compiler ABI info
[1.025s] -- Detecting CXX compiler ABI info - done
[1.043s] -- Check for working CXX compiler: /usr/bin/c++ - skipped
[1.044s] -- Detecting CXX compile features
[1.045s] -- Detecting CXX compile features - done
[1.056s] -- Found ament_cmake: 1.3.11 (/opt/ros/humble/share/ament_cmake/cmake)
[1.642s] -- Found Python3: /usr/bin/python3 (found version "3.10.12") found components: Interpreter 
[1.850s] -- Override CMake install command with custom implementation using symlinks instead of copying resources
[2.159s] -- Configuring done
[2.165s] -- Generating done
[2.171s] -- Build files have been written to: /home/ub/dodo/dodo_robot_ROS2/build/dodo_bringup
[2.179s] Invoked command in '/home/ub/dodo/dodo_robot_ROS2/build/dodo_bringup' returned '0': AMENT_PREFIX_PATH=/home/ub/dodo/dodo_robot_ROS2/install/dodo_sensor_fusion:/home/ub/dodo/dodo_robot_ROS2/install/dodo_safety:/home/ub/dodo/dodo_robot_ROS2/install/dodo_processing:/home/ub/dodo/dodo_robot_ROS2/install/dodo_monitor:/home/ub/dodo/dodo_robot_ROS2/install/dodo_usb_command:/home/ub/dodo/dodo_robot_ROS2/install/dodo_rl:/home/ub/dodo/dodo_robot_ROS2/install/dodo_msgs:/home/ub/dodo/dodo_robot_ROS2/install/dodo_imu:/home/ub/dodo/dodo_robot_ROS2/install/dodo_canbus:${AMENT_PREFIX_PATH} CMAKE_PREFIX_PATH=/home/ub/dodo/dodo_robot_ROS2/install/dodo_sensor_fusion:/home/ub/dodo/dodo_robot_ROS2/install/dodo_safety:/home/ub/dodo/dodo_robot_ROS2/install/dodo_processing:/home/ub/dodo/dodo_robot_ROS2/install/dodo_monitor:/home/ub/dodo/dodo_robot_ROS2/install/dodo_usb_command:/home/ub/dodo/dodo_robot_ROS2/install/dodo_rl:/home/ub/dodo/dodo_robot_ROS2/install/dodo_msgs:/home/ub/dodo/dodo_robot_ROS2/install/dodo_imu:/home/ub/dodo/dodo_robot_ROS2/install/dodo_canbus:/opt/ros/humble LD_LIBRARY_PATH=/home/ub/dodo/dodo_robot_ROS2/install/dodo_msgs/lib:${LD_LIBRARY_PATH} PYTHONPATH=/home/ub/dodo/dodo_robot_ROS2/install/dodo_msgs/local/lib/python3.10/dist-packages:${PYTHONPATH} /usr/bin/cmake /home/ub/dodo/dodo_robot_ROS2/src/dodo_bringup -DAMENT_CMAKE_SYMLINK_INSTALL=1 -DCMAKE_INSTALL_PREFIX=/home/ub/dodo/dodo_robot_ROS2/install/dodo_bringup
[2.188s] Invoking command in '/home/ub/dodo/dodo_robot_ROS2/build/dodo_bringup': AMENT_PREFIX_PATH=/home/ub/dodo/dodo_robot_ROS2/install/dodo_sensor_fusion:/home/ub/dodo/dodo_robot_ROS2/install/dodo_safety:/home/ub/dodo/dodo_robot_ROS2/install/dodo_processing:/home/ub/dodo/dodo_robot_ROS2/install/dodo_monitor:/home/ub/dodo/dodo_robot_ROS2/install/dodo_usb_command:/home/ub/dodo/dodo_robot_ROS2/install/dodo_rl:/home/ub/dodo/dodo_robot_ROS2/install/dodo_msgs:/home/ub/dodo/dodo_robot_ROS2/install/dodo_imu:/home/ub/dodo/dodo_robot_ROS2/install/dodo_canbus:${AMENT_PREFIX_PATH} CMAKE_PREFIX_PATH=/home/ub/dodo/dodo_robot_ROS2/install/dodo_sensor_fusion:/home/ub/dodo/dodo_robot_ROS2/install/dodo_safety:/home/ub/dodo/dodo_robot_ROS2/install/dodo_processing:/home/ub/dodo/dodo_robot_ROS2/install/dodo_monitor:/home/ub/dodo/dodo_robot_ROS2/install/dodo_usb_command:/home/ub/dodo/dodo_robot_ROS2/install/dodo_rl:/home/ub/dodo/dodo_robot_ROS2/install/dodo_msgs:/home/ub/dodo/dodo_robot_ROS2/install/dodo_imu:/home/ub/dodo/dodo_robot_ROS2/install/dodo_canbus:/opt/ros/humble LD_LIBRARY_PATH=/home/ub/dodo/dodo_robot_ROS2/install/dodo_msgs/lib:${LD_LIBRARY_PATH} PYTHONPATH=/home/ub/dodo/dodo_robot_ROS2/install/dodo_msgs/local/lib/python3.10/dist-packages:${PYTHONPATH} /usr/bin/cmake --build /home/ub/dodo/dodo_robot_ROS2/build/dodo_bringup -- -j2 -l2
[2.309s] Invoked command in '/home/ub/dodo/dodo_robot_ROS2/build/dodo_bringup' returned '0': AMENT_PREFIX_PATH=/home/ub/dodo/dodo_robot_ROS2/install/dodo_sensor_fusion:/home/ub/dodo/dodo_robot_ROS2/install/dodo_safety:/home/ub/dodo/dodo_robot_ROS2/install/dodo_processing:/home/ub/dodo/dodo_robot_ROS2/install/dodo_monitor:/home/ub/dodo/dodo_robot_ROS2/install/dodo_usb_command:/home/ub/dodo/dodo_robot_ROS2/install/dodo_rl:/home/ub/dodo/dodo_robot_ROS2/install/dodo_msgs:/home/ub/dodo/dodo_robot_ROS2/install/dodo_imu:/home/ub/dodo/dodo_robot_ROS2/install/dodo_canbus:${AMENT_PREFIX_PATH} CMAKE_PREFIX_PATH=/home/ub/dodo/dodo_robot_ROS2/install/dodo_sensor_fusion:/home/ub/dodo/dodo_robot_ROS2/install/dodo_safety:/home/ub/dodo/dodo_robot_ROS2/install/dodo_processing:/home/ub/dodo/dodo_robot_ROS2/install/dodo_monitor:/home/ub/dodo/dodo_robot_ROS2/install/dodo_usb_command:/home/ub/dodo/dodo_robot_ROS2/install/dodo_rl:/home/ub/dodo/dodo_robot_ROS2/install/dodo_msgs:/home/ub/dodo/dodo_robot_ROS2/install/dodo_imu:/home/ub/dodo/dodo_robot_ROS2/install/dodo_canbus:/opt/ros/humble LD_LIBRARY_PATH=/home/ub/dodo/dodo_robot_ROS2/install/dodo_msgs/lib:${LD_LIBRARY_PATH} PYTHONPATH=/home/ub/dodo/dodo_robot_ROS2/install/dodo_msgs/local/lib/python3.10/dist-packages:${PYTHONPATH} /usr/bin/cmake --build /home/ub/dodo/dodo_robot_ROS2/build/dodo_bringup -- -j2 -l2
[2.314s] Invoking command in '/home/ub/dodo/dodo_robot_ROS2/build/dodo_bringup': AMENT_PREFIX_PATH=/home/ub/dodo/dodo_robot_ROS2/install/dodo_sensor_fusion:/home/ub/dodo/dodo_robot_ROS2/install/dodo_safety:/home/ub/dodo/dodo_robot_ROS2/install/dodo_processing:/home/ub/dodo/dodo_robot_ROS2/install/dodo_monitor:/home/ub/dodo/dodo_robot_ROS2/install/dodo_usb_command:/home/ub/dodo/dodo_robot_ROS2/install/dodo_rl:/home/ub/dodo/dodo_robot_ROS2/install/dodo_msgs:/home/ub/dodo/dodo_robot_ROS2/install/dodo_imu:/home/ub/dodo/dodo_robot_ROS2/install/dodo_canbus:${AMENT_PREFIX_PATH} CMAKE_PREFIX_PATH=/home/ub/dodo/dodo_robot_ROS2/install/dodo_sensor_fusion:/home/ub/dodo/dodo_robot_ROS2/install/dodo_safety:/home/ub/dodo/dodo_robot_ROS2/install/dodo_processing:/home/ub/dodo/dodo_robot_ROS2/install/dodo_monitor:/home/ub/dodo/dodo_robot_ROS2/install/dodo_usb_command:/home/ub/dodo/dodo_robot_ROS2/install/dodo_rl:/home/ub/dodo/dodo_robot_ROS2/install/dodo_msgs:/home/ub/dodo/dodo_robot_ROS2/install/dodo_imu:/home/ub/dodo/dodo_robot_ROS2/install/dodo_canbus:/opt/ros/humble LD_LIBRARY_PATH=/home/ub/dodo/dodo_robot_ROS2/install/dodo_msgs/lib:${LD_LIBRARY_PATH} PYTHONPATH=/home/ub/dodo/dodo_robot_ROS2/install/dodo_msgs/local/lib/python3.10/dist-packages:${PYTHONPATH} /usr/bin/cmake --install /home/ub/dodo/dodo_robot_ROS2/build/dodo_bringup
[2.341s] -- Install configuration: ""
[2.345s] -- Execute custom install script
[2.346s] -- Symlinking: /home/ub/dodo/dodo_robot_ROS2/install/dodo_bringup/share/dodo_bringup/launch/dodo_robot.launch.py
[2.387s] -- Symlinking: /home/ub/dodo/dodo_robot_ROS2/install/dodo_bringup/share/dodo_bringup/launch/hardware.launch.py
[2.413s] -- Symlinking: /home/ub/dodo/dodo_robot_ROS2/install/dodo_bringup/share/dodo_bringup/launch/simulation.launch.py
[2.451s] -- Symlinking: /home/ub/dodo/dodo_robot_ROS2/install/dodo_bringup/share/dodo_bringup/launch/state_manager.launch.py
[2.482s] -- Symlinking: /home/ub/dodo/dodo_robot_ROS2/install/dodo_bringup/share/ament_index/resource_index/package_run_dependencies/dodo_bringup
[2.505s] -- Symlinking: /home/ub/dodo/dodo_robot_ROS2/install/dodo_bringup/share/ament_index/resource_index/parent_prefix_path/dodo_bringup
[2.528s] -- Symlinking: /home/ub/dodo/dodo_robot_ROS2/install/dodo_bringup/share/dodo_bringup/environment/ament_prefix_path.sh
[2.559s] -- Symlinking: /home/ub/dodo/dodo_robot_ROS2/install/dodo_bringup/share/dodo_bringup/environment/ament_prefix_path.dsv
[2.602s] -- Symlinking: /home/ub/dodo/dodo_robot_ROS2/install/dodo_bringup/share/dodo_bringup/environment/path.sh
[2.639s] -- Symlinking: /home/ub/dodo/dodo_robot_ROS2/install/dodo_bringup/share/dodo_bringup/environment/path.dsv
[2.665s] -- Symlinking: /home/ub/dodo/dodo_robot_ROS2/install/dodo_bringup/share/dodo_bringup/local_setup.bash
[2.691s] -- Symlinking: /home/ub/dodo/dodo_robot_ROS2/install/dodo_bringup/share/dodo_bringup/local_setup.sh
[2.736s] -- Symlinking: /home/ub/dodo/dodo_robot_ROS2/install/dodo_bringup/share/dodo_bringup/local_setup.zsh
[2.772s] -- Symlinking: /home/ub/dodo/dodo_robot_ROS2/install/dodo_bringup/share/dodo_bringup/local_setup.dsv
[2.804s] -- Symlinking: /home/ub/dodo/dodo_robot_ROS2/install/dodo_bringup/share/dodo_bringup/package.dsv
[2.829s] -- Symlinking: /home/ub/dodo/dodo_robot_ROS2/install/dodo_bringup/share/ament_index/resource_index/packages/dodo_bringup
[2.863s] -- Symlinking: /home/ub/dodo/dodo_robot_ROS2/install/dodo_bringup/share/dodo_bringup/cmake/dodo_bringupConfig.cmake
[2.892s] -- Symlinking: /home/ub/dodo/dodo_robot_ROS2/install/dodo_bringup/share/dodo_bringup/cmake/dodo_bringupConfig-version.cmake
[2.919s] -- Symlinking: /home/ub/dodo/dodo_robot_ROS2/install/dodo_bringup/share/dodo_bringup/package.xml
[2.950s] Invoked command in '/home/ub/dodo/dodo_robot_ROS2/build/dodo_bringup' returned '0': AMENT_PREFIX_PATH=/home/ub/dodo/dodo_robot_ROS2/install/dodo_sensor_fusion:/home/ub/dodo/dodo_robot_ROS2/install/dodo_safety:/home/ub/dodo/dodo_robot_ROS2/install/dodo_processing:/home/ub/dodo/dodo_robot_ROS2/install/dodo_monitor:/home/ub/dodo/dodo_robot_ROS2/install/dodo_usb_command:/home/ub/dodo/dodo_robot_ROS2/install/dodo_rl:/home/ub/dodo/dodo_robot_ROS2/install/dodo_msgs:/home/ub/dodo/dodo_robot_ROS2/install/dodo_imu:/home/ub/dodo/dodo_robot_ROS2/install/dodo_canbus:${AMENT_PREFIX_PATH} CMAKE_PREFIX_PATH=/home/ub/dodo/dodo_robot_ROS2/install/dodo_sensor_fusion:/home/ub/dodo/dodo_robot_ROS2/install/dodo_safety:/home/ub/dodo/dodo_robot_ROS2/install/dodo_processing:/home/ub/dodo/dodo_robot_ROS2/install/dodo_monitor:/home/ub/dodo/dodo_robot_ROS2/install/dodo_usb_command:/home/ub/dodo/dodo_robot_ROS2/install/dodo_rl:/home/ub/dodo/dodo_robot_ROS2/install/dodo_msgs:/home/ub/dodo/dodo_robot_ROS2/install/dodo_imu:/home/ub/dodo/dodo_robot_ROS2/install/dodo_canbus:/opt/ros/humble LD_LIBRARY_PATH=/home/ub/dodo/dodo_robot_ROS2/install/dodo_msgs/lib:${LD_LIBRARY_PATH} PYTHONPATH=/home/ub/dodo/dodo_robot_ROS2/install/dodo_msgs/local/lib/python3.10/dist-packages:${PYTHONPATH} /usr/bin/cmake --install /home/ub/dodo/dodo_robot_ROS2/build/dodo_bringup
