[0.027s] Invoking command in '/home/ubuntu/dodo_main/dodo_robot_ws/build/dodo_bringup': AMENT_PREFIX_PATH=/home/ubuntu/dodo_main/dodo_robot_ws/install/dodo_sensor_fusion:/home/ubuntu/dodo_main/dodo_robot_ws/install/dodo_safety:/home/ubuntu/dodo_main/dodo_robot_ws/install/dodo_processing:/home/ubuntu/dodo_main/dodo_robot_ws/install/dodo_monitor:/home/ubuntu/dodo_main/dodo_robot_ws/install/dodo_usb_command:/home/ubuntu/dodo_main/dodo_robot_ws/install/dodo_rl:/home/ubuntu/dodo_main/dodo_robot_ws/install/dodo_msgs:/home/ubuntu/dodo_main/dodo_robot_ws/install/dodo_imu:/home/ubuntu/dodo_main/dodo_robot_ws/install/dodo_canbus:${AMENT_PREFIX_PATH} CMAKE_PREFIX_PATH=/home/ubuntu/dodo_main/dodo_robot_ws/install/dodo_sensor_fusion:/home/ubuntu/dodo_main/dodo_robot_ws/install/dodo_safety:/home/ubuntu/dodo_main/dodo_robot_ws/install/dodo_processing:/home/ubuntu/dodo_main/dodo_robot_ws/install/dodo_monitor:/home/ubuntu/dodo_main/dodo_robot_ws/install/dodo_usb_command:/home/ubuntu/dodo_main/dodo_robot_ws/install/dodo_rl:/home/ubuntu/dodo_main/dodo_robot_ws/install/dodo_msgs:/home/ubuntu/dodo_main/dodo_robot_ws/install/dodo_imu:/home/ubuntu/dodo_main/dodo_robot_ws/install/dodo_canbus:/opt/ros/humble LD_LIBRARY_PATH=/home/ubuntu/dodo_main/dodo_robot_ws/install/dodo_msgs/lib:${LD_LIBRARY_PATH} PYTHONPATH=/home/ubuntu/dodo_main/dodo_robot_ws/install/dodo_msgs/local/lib/python3.10/dist-packages:${PYTHONPATH} /usr/bin/cmake /home/ubuntu/dodo_main/dodo_robot_ws/src/dodo_bringup -DCMAKE_INSTALL_PREFIX=/home/ubuntu/dodo_main/dodo_robot_ws/install/dodo_bringup
[0.080s] -- The C compiler identification is GNU 11.4.0
[0.126s] -- The CXX compiler identification is GNU 11.4.0
[0.131s] -- Detecting C compiler ABI info
[0.199s] -- Detecting C compiler ABI info - done
[0.202s] -- Check for working C compiler: /usr/bin/cc - skipped
[0.202s] -- Detecting C compile features
[0.202s] -- Detecting C compile features - done
[0.204s] -- Detecting CXX compiler ABI info
[0.275s] -- Detecting CXX compiler ABI info - done
[0.280s] -- Check for working CXX compiler: /usr/bin/c++ - skipped
[0.280s] -- Detecting CXX compile features
[0.280s] -- Detecting CXX compile features - done
[0.284s] -- Found ament_cmake: 1.3.11 (/opt/ros/humble/share/ament_cmake/cmake)
[0.398s] -- Found Python3: /usr/bin/python3 (found version "3.10.12") found components: Interpreter 
[0.514s] -- Configuring done
[0.516s] -- Generating done
[0.517s] -- Build files have been written to: /home/ubuntu/dodo_main/dodo_robot_ws/build/dodo_bringup
[0.522s] Invoked command in '/home/ubuntu/dodo_main/dodo_robot_ws/build/dodo_bringup' returned '0': AMENT_PREFIX_PATH=/home/ubuntu/dodo_main/dodo_robot_ws/install/dodo_sensor_fusion:/home/ubuntu/dodo_main/dodo_robot_ws/install/dodo_safety:/home/ubuntu/dodo_main/dodo_robot_ws/install/dodo_processing:/home/ubuntu/dodo_main/dodo_robot_ws/install/dodo_monitor:/home/ubuntu/dodo_main/dodo_robot_ws/install/dodo_usb_command:/home/ubuntu/dodo_main/dodo_robot_ws/install/dodo_rl:/home/ubuntu/dodo_main/dodo_robot_ws/install/dodo_msgs:/home/ubuntu/dodo_main/dodo_robot_ws/install/dodo_imu:/home/ubuntu/dodo_main/dodo_robot_ws/install/dodo_canbus:${AMENT_PREFIX_PATH} CMAKE_PREFIX_PATH=/home/ubuntu/dodo_main/dodo_robot_ws/install/dodo_sensor_fusion:/home/ubuntu/dodo_main/dodo_robot_ws/install/dodo_safety:/home/ubuntu/dodo_main/dodo_robot_ws/install/dodo_processing:/home/ubuntu/dodo_main/dodo_robot_ws/install/dodo_monitor:/home/ubuntu/dodo_main/dodo_robot_ws/install/dodo_usb_command:/home/ubuntu/dodo_main/dodo_robot_ws/install/dodo_rl:/home/ubuntu/dodo_main/dodo_robot_ws/install/dodo_msgs:/home/ubuntu/dodo_main/dodo_robot_ws/install/dodo_imu:/home/ubuntu/dodo_main/dodo_robot_ws/install/dodo_canbus:/opt/ros/humble LD_LIBRARY_PATH=/home/ubuntu/dodo_main/dodo_robot_ws/install/dodo_msgs/lib:${LD_LIBRARY_PATH} PYTHONPATH=/home/ubuntu/dodo_main/dodo_robot_ws/install/dodo_msgs/local/lib/python3.10/dist-packages:${PYTHONPATH} /usr/bin/cmake /home/ubuntu/dodo_main/dodo_robot_ws/src/dodo_bringup -DCMAKE_INSTALL_PREFIX=/home/ubuntu/dodo_main/dodo_robot_ws/install/dodo_bringup
[0.522s] Invoking command in '/home/ubuntu/dodo_main/dodo_robot_ws/build/dodo_bringup': AMENT_PREFIX_PATH=/home/ubuntu/dodo_main/dodo_robot_ws/install/dodo_sensor_fusion:/home/ubuntu/dodo_main/dodo_robot_ws/install/dodo_safety:/home/ubuntu/dodo_main/dodo_robot_ws/install/dodo_processing:/home/ubuntu/dodo_main/dodo_robot_ws/install/dodo_monitor:/home/ubuntu/dodo_main/dodo_robot_ws/install/dodo_usb_command:/home/ubuntu/dodo_main/dodo_robot_ws/install/dodo_rl:/home/ubuntu/dodo_main/dodo_robot_ws/install/dodo_msgs:/home/ubuntu/dodo_main/dodo_robot_ws/install/dodo_imu:/home/ubuntu/dodo_main/dodo_robot_ws/install/dodo_canbus:${AMENT_PREFIX_PATH} CMAKE_PREFIX_PATH=/home/ubuntu/dodo_main/dodo_robot_ws/install/dodo_sensor_fusion:/home/ubuntu/dodo_main/dodo_robot_ws/install/dodo_safety:/home/ubuntu/dodo_main/dodo_robot_ws/install/dodo_processing:/home/ubuntu/dodo_main/dodo_robot_ws/install/dodo_monitor:/home/ubuntu/dodo_main/dodo_robot_ws/install/dodo_usb_command:/home/ubuntu/dodo_main/dodo_robot_ws/install/dodo_rl:/home/ubuntu/dodo_main/dodo_robot_ws/install/dodo_msgs:/home/ubuntu/dodo_main/dodo_robot_ws/install/dodo_imu:/home/ubuntu/dodo_main/dodo_robot_ws/install/dodo_canbus:/opt/ros/humble LD_LIBRARY_PATH=/home/ubuntu/dodo_main/dodo_robot_ws/install/dodo_msgs/lib:${LD_LIBRARY_PATH} PYTHONPATH=/home/ubuntu/dodo_main/dodo_robot_ws/install/dodo_msgs/local/lib/python3.10/dist-packages:${PYTHONPATH} /usr/bin/cmake --build /home/ubuntu/dodo_main/dodo_robot_ws/build/dodo_bringup -- -j2 -l2
[0.557s] Invoked command in '/home/ubuntu/dodo_main/dodo_robot_ws/build/dodo_bringup' returned '0': AMENT_PREFIX_PATH=/home/ubuntu/dodo_main/dodo_robot_ws/install/dodo_sensor_fusion:/home/ubuntu/dodo_main/dodo_robot_ws/install/dodo_safety:/home/ubuntu/dodo_main/dodo_robot_ws/install/dodo_processing:/home/ubuntu/dodo_main/dodo_robot_ws/install/dodo_monitor:/home/ubuntu/dodo_main/dodo_robot_ws/install/dodo_usb_command:/home/ubuntu/dodo_main/dodo_robot_ws/install/dodo_rl:/home/ubuntu/dodo_main/dodo_robot_ws/install/dodo_msgs:/home/ubuntu/dodo_main/dodo_robot_ws/install/dodo_imu:/home/ubuntu/dodo_main/dodo_robot_ws/install/dodo_canbus:${AMENT_PREFIX_PATH} CMAKE_PREFIX_PATH=/home/ubuntu/dodo_main/dodo_robot_ws/install/dodo_sensor_fusion:/home/ubuntu/dodo_main/dodo_robot_ws/install/dodo_safety:/home/ubuntu/dodo_main/dodo_robot_ws/install/dodo_processing:/home/ubuntu/dodo_main/dodo_robot_ws/install/dodo_monitor:/home/ubuntu/dodo_main/dodo_robot_ws/install/dodo_usb_command:/home/ubuntu/dodo_main/dodo_robot_ws/install/dodo_rl:/home/ubuntu/dodo_main/dodo_robot_ws/install/dodo_msgs:/home/ubuntu/dodo_main/dodo_robot_ws/install/dodo_imu:/home/ubuntu/dodo_main/dodo_robot_ws/install/dodo_canbus:/opt/ros/humble LD_LIBRARY_PATH=/home/ubuntu/dodo_main/dodo_robot_ws/install/dodo_msgs/lib:${LD_LIBRARY_PATH} PYTHONPATH=/home/ubuntu/dodo_main/dodo_robot_ws/install/dodo_msgs/local/lib/python3.10/dist-packages:${PYTHONPATH} /usr/bin/cmake --build /home/ubuntu/dodo_main/dodo_robot_ws/build/dodo_bringup -- -j2 -l2
[0.557s] Invoking command in '/home/ubuntu/dodo_main/dodo_robot_ws/build/dodo_bringup': AMENT_PREFIX_PATH=/home/ubuntu/dodo_main/dodo_robot_ws/install/dodo_sensor_fusion:/home/ubuntu/dodo_main/dodo_robot_ws/install/dodo_safety:/home/ubuntu/dodo_main/dodo_robot_ws/install/dodo_processing:/home/ubuntu/dodo_main/dodo_robot_ws/install/dodo_monitor:/home/ubuntu/dodo_main/dodo_robot_ws/install/dodo_usb_command:/home/ubuntu/dodo_main/dodo_robot_ws/install/dodo_rl:/home/ubuntu/dodo_main/dodo_robot_ws/install/dodo_msgs:/home/ubuntu/dodo_main/dodo_robot_ws/install/dodo_imu:/home/ubuntu/dodo_main/dodo_robot_ws/install/dodo_canbus:${AMENT_PREFIX_PATH} CMAKE_PREFIX_PATH=/home/ubuntu/dodo_main/dodo_robot_ws/install/dodo_sensor_fusion:/home/ubuntu/dodo_main/dodo_robot_ws/install/dodo_safety:/home/ubuntu/dodo_main/dodo_robot_ws/install/dodo_processing:/home/ubuntu/dodo_main/dodo_robot_ws/install/dodo_monitor:/home/ubuntu/dodo_main/dodo_robot_ws/install/dodo_usb_command:/home/ubuntu/dodo_main/dodo_robot_ws/install/dodo_rl:/home/ubuntu/dodo_main/dodo_robot_ws/install/dodo_msgs:/home/ubuntu/dodo_main/dodo_robot_ws/install/dodo_imu:/home/ubuntu/dodo_main/dodo_robot_ws/install/dodo_canbus:/opt/ros/humble LD_LIBRARY_PATH=/home/ubuntu/dodo_main/dodo_robot_ws/install/dodo_msgs/lib:${LD_LIBRARY_PATH} PYTHONPATH=/home/ubuntu/dodo_main/dodo_robot_ws/install/dodo_msgs/local/lib/python3.10/dist-packages:${PYTHONPATH} /usr/bin/cmake --install /home/ubuntu/dodo_main/dodo_robot_ws/build/dodo_bringup
[0.562s] -- Install configuration: ""
[0.562s] -- Installing: /home/ubuntu/dodo_main/dodo_robot_ws/install/dodo_bringup/share/dodo_bringup/launch
[0.563s] -- Installing: /home/ubuntu/dodo_main/dodo_robot_ws/install/dodo_bringup/share/dodo_bringup/launch/simulation.launch.py
[0.563s] -- Installing: /home/ubuntu/dodo_main/dodo_robot_ws/install/dodo_bringup/share/dodo_bringup/launch/hardware.launch.py
[0.564s] -- Installing: /home/ubuntu/dodo_main/dodo_robot_ws/install/dodo_bringup/share/dodo_bringup/launch/dodo_robot.launch.py
[0.564s] -- Installing: /home/ubuntu/dodo_main/dodo_robot_ws/install/dodo_bringup/share/dodo_bringup/config
[0.565s] -- Installing: /home/ubuntu/dodo_main/dodo_robot_ws/install/dodo_bringup/share/ament_index/resource_index/package_run_dependencies/dodo_bringup
[0.565s] -- Installing: /home/ubuntu/dodo_main/dodo_robot_ws/install/dodo_bringup/share/ament_index/resource_index/parent_prefix_path/dodo_bringup
[0.566s] -- Installing: /home/ubuntu/dodo_main/dodo_robot_ws/install/dodo_bringup/share/dodo_bringup/environment/ament_prefix_path.sh
[0.566s] -- Installing: /home/ubuntu/dodo_main/dodo_robot_ws/install/dodo_bringup/share/dodo_bringup/environment/ament_prefix_path.dsv
[0.566s] -- Installing: /home/ubuntu/dodo_main/dodo_robot_ws/install/dodo_bringup/share/dodo_bringup/environment/path.sh
[0.566s] -- Installing: /home/ubuntu/dodo_main/dodo_robot_ws/install/dodo_bringup/share/dodo_bringup/environment/path.dsv
[0.566s] -- Installing: /home/ubuntu/dodo_main/dodo_robot_ws/install/dodo_bringup/share/dodo_bringup/local_setup.bash
[0.566s] -- Installing: /home/ubuntu/dodo_main/dodo_robot_ws/install/dodo_bringup/share/dodo_bringup/local_setup.sh
[0.566s] -- Installing: /home/ubuntu/dodo_main/dodo_robot_ws/install/dodo_bringup/share/dodo_bringup/local_setup.zsh
[0.567s] -- Installing: /home/ubuntu/dodo_main/dodo_robot_ws/install/dodo_bringup/share/dodo_bringup/local_setup.dsv
[0.567s] -- Installing: /home/ubuntu/dodo_main/dodo_robot_ws/install/dodo_bringup/share/dodo_bringup/package.dsv
[0.567s] -- Installing: /home/ubuntu/dodo_main/dodo_robot_ws/install/dodo_bringup/share/ament_index/resource_index/packages/dodo_bringup
[0.567s] -- Installing: /home/ubuntu/dodo_main/dodo_robot_ws/install/dodo_bringup/share/dodo_bringup/cmake/dodo_bringupConfig.cmake
[0.567s] -- Installing: /home/ubuntu/dodo_main/dodo_robot_ws/install/dodo_bringup/share/dodo_bringup/cmake/dodo_bringupConfig-version.cmake
[0.567s] -- Installing: /home/ubuntu/dodo_main/dodo_robot_ws/install/dodo_bringup/share/dodo_bringup/package.xml
[0.573s] Invoked command in '/home/ubuntu/dodo_main/dodo_robot_ws/build/dodo_bringup' returned '0': AMENT_PREFIX_PATH=/home/ubuntu/dodo_main/dodo_robot_ws/install/dodo_sensor_fusion:/home/ubuntu/dodo_main/dodo_robot_ws/install/dodo_safety:/home/ubuntu/dodo_main/dodo_robot_ws/install/dodo_processing:/home/ubuntu/dodo_main/dodo_robot_ws/install/dodo_monitor:/home/ubuntu/dodo_main/dodo_robot_ws/install/dodo_usb_command:/home/ubuntu/dodo_main/dodo_robot_ws/install/dodo_rl:/home/ubuntu/dodo_main/dodo_robot_ws/install/dodo_msgs:/home/ubuntu/dodo_main/dodo_robot_ws/install/dodo_imu:/home/ubuntu/dodo_main/dodo_robot_ws/install/dodo_canbus:${AMENT_PREFIX_PATH} CMAKE_PREFIX_PATH=/home/ubuntu/dodo_main/dodo_robot_ws/install/dodo_sensor_fusion:/home/ubuntu/dodo_main/dodo_robot_ws/install/dodo_safety:/home/ubuntu/dodo_main/dodo_robot_ws/install/dodo_processing:/home/ubuntu/dodo_main/dodo_robot_ws/install/dodo_monitor:/home/ubuntu/dodo_main/dodo_robot_ws/install/dodo_usb_command:/home/ubuntu/dodo_main/dodo_robot_ws/install/dodo_rl:/home/ubuntu/dodo_main/dodo_robot_ws/install/dodo_msgs:/home/ubuntu/dodo_main/dodo_robot_ws/install/dodo_imu:/home/ubuntu/dodo_main/dodo_robot_ws/install/dodo_canbus:/opt/ros/humble LD_LIBRARY_PATH=/home/ubuntu/dodo_main/dodo_robot_ws/install/dodo_msgs/lib:${LD_LIBRARY_PATH} PYTHONPATH=/home/ubuntu/dodo_main/dodo_robot_ws/install/dodo_msgs/local/lib/python3.10/dist-packages:${PYTHONPATH} /usr/bin/cmake --install /home/ubuntu/dodo_main/dodo_robot_ws/build/dodo_bringup
