[0.069s] Invoking command in '/home/ub/dodo/dodo_robot_ROS2/build/dodo_sensor_fusion': AMENT_PREFIX_PATH=/home/ub/dodo/dodo_robot_ROS2/install/dodo_msgs:${AMENT_PREFIX_PATH} CMAKE_PREFIX_PATH=/home/ub/dodo/dodo_robot_ROS2/install/dodo_msgs:/opt/ros/humble LD_LIBRARY_PATH=/home/ub/dodo/dodo_robot_ROS2/install/dodo_msgs/lib:${LD_LIBRARY_PATH} PYTHONPATH=/home/ub/dodo/dodo_robot_ROS2/install/dodo_msgs/local/lib/python3.10/dist-packages:${PYTHONPATH} /usr/bin/cmake --build /home/ub/dodo/dodo_robot_ROS2/build/dodo_sensor_fusion -- -j2 -l2
[0.301s] [35m[1mConsolidate compiler generated dependencies of target fusion_node[0m
[0.419s] [100%] Built target fusion_node
[0.558s] Invoked command in '/home/ub/dodo/dodo_robot_ROS2/build/dodo_sensor_fusion' returned '0': AMENT_PREFIX_PATH=/home/ub/dodo/dodo_robot_ROS2/install/dodo_msgs:${AMENT_PREFIX_PATH} CMAKE_PREFIX_PATH=/home/ub/dodo/dodo_robot_ROS2/install/dodo_msgs:/opt/ros/humble LD_LIBRARY_PATH=/home/ub/dodo/dodo_robot_ROS2/install/dodo_msgs/lib:${LD_LIBRARY_PATH} PYTHONPATH=/home/ub/dodo/dodo_robot_ROS2/install/dodo_msgs/local/lib/python3.10/dist-packages:${PYTHONPATH} /usr/bin/cmake --build /home/ub/dodo/dodo_robot_ROS2/build/dodo_sensor_fusion -- -j2 -l2
[0.567s] Invoking command in '/home/ub/dodo/dodo_robot_ROS2/build/dodo_sensor_fusion': AMENT_PREFIX_PATH=/home/ub/dodo/dodo_robot_ROS2/install/dodo_msgs:${AMENT_PREFIX_PATH} CMAKE_PREFIX_PATH=/home/ub/dodo/dodo_robot_ROS2/install/dodo_msgs:/opt/ros/humble LD_LIBRARY_PATH=/home/ub/dodo/dodo_robot_ROS2/install/dodo_msgs/lib:${LD_LIBRARY_PATH} PYTHONPATH=/home/ub/dodo/dodo_robot_ROS2/install/dodo_msgs/local/lib/python3.10/dist-packages:${PYTHONPATH} /usr/bin/cmake --install /home/ub/dodo/dodo_robot_ROS2/build/dodo_sensor_fusion
[0.577s] -- Install configuration: ""
[0.580s] -- Execute custom install script
[0.580s] -- Up-to-date symlink: /home/ub/dodo/dodo_robot_ROS2/install/dodo_sensor_fusion/lib/dodo_sensor_fusion/fusion_node
[0.583s] -- Up-to-date symlink: /home/ub/dodo/dodo_robot_ROS2/install/dodo_sensor_fusion/share/dodo_sensor_fusion/launch/fusion_node.launch.py
[0.583s] -- Up-to-date symlink: /home/ub/dodo/dodo_robot_ROS2/install/dodo_sensor_fusion/include//dodo_sensor_fusion/fusion_node.hpp
[0.584s] -- Up-to-date symlink: /home/ub/dodo/dodo_robot_ROS2/install/dodo_sensor_fusion/share/ament_index/resource_index/package_run_dependencies/dodo_sensor_fusion
[0.584s] -- Up-to-date symlink: /home/ub/dodo/dodo_robot_ROS2/install/dodo_sensor_fusion/share/ament_index/resource_index/parent_prefix_path/dodo_sensor_fusion
[0.584s] -- Up-to-date symlink: /home/ub/dodo/dodo_robot_ROS2/install/dodo_sensor_fusion/share/dodo_sensor_fusion/environment/ament_prefix_path.sh
[0.584s] -- Up-to-date symlink: /home/ub/dodo/dodo_robot_ROS2/install/dodo_sensor_fusion/share/dodo_sensor_fusion/environment/ament_prefix_path.dsv
[0.597s] -- Up-to-date symlink: /home/ub/dodo/dodo_robot_ROS2/install/dodo_sensor_fusion/share/dodo_sensor_fusion/environment/path.sh
[0.597s] -- Up-to-date symlink: /home/ub/dodo/dodo_robot_ROS2/install/dodo_sensor_fusion/share/dodo_sensor_fusion/environment/path.dsv
[0.597s] -- Up-to-date symlink: /home/ub/dodo/dodo_robot_ROS2/install/dodo_sensor_fusion/share/dodo_sensor_fusion/local_setup.bash
[0.600s] -- Up-to-date symlink: /home/ub/dodo/dodo_robot_ROS2/install/dodo_sensor_fusion/share/dodo_sensor_fusion/local_setup.sh
[0.606s] -- Up-to-date symlink: /home/ub/dodo/dodo_robot_ROS2/install/dodo_sensor_fusion/share/dodo_sensor_fusion/local_setup.zsh
[0.608s] -- Up-to-date symlink: /home/ub/dodo/dodo_robot_ROS2/install/dodo_sensor_fusion/share/dodo_sensor_fusion/local_setup.dsv
[0.608s] -- Symlinking: /home/ub/dodo/dodo_robot_ROS2/install/dodo_sensor_fusion/share/dodo_sensor_fusion/package.dsv
[0.629s] -- Up-to-date symlink: /home/ub/dodo/dodo_robot_ROS2/install/dodo_sensor_fusion/share/ament_index/resource_index/packages/dodo_sensor_fusion
[0.630s] -- Up-to-date symlink: /home/ub/dodo/dodo_robot_ROS2/install/dodo_sensor_fusion/share/dodo_sensor_fusion/cmake/dodo_sensor_fusionConfig.cmake
[0.630s] -- Up-to-date symlink: /home/ub/dodo/dodo_robot_ROS2/install/dodo_sensor_fusion/share/dodo_sensor_fusion/cmake/dodo_sensor_fusionConfig-version.cmake
[0.630s] -- Up-to-date symlink: /home/ub/dodo/dodo_robot_ROS2/install/dodo_sensor_fusion/share/dodo_sensor_fusion/package.xml
[0.651s] Invoked command in '/home/ub/dodo/dodo_robot_ROS2/build/dodo_sensor_fusion' returned '0': AMENT_PREFIX_PATH=/home/ub/dodo/dodo_robot_ROS2/install/dodo_msgs:${AMENT_PREFIX_PATH} CMAKE_PREFIX_PATH=/home/ub/dodo/dodo_robot_ROS2/install/dodo_msgs:/opt/ros/humble LD_LIBRARY_PATH=/home/ub/dodo/dodo_robot_ROS2/install/dodo_msgs/lib:${LD_LIBRARY_PATH} PYTHONPATH=/home/ub/dodo/dodo_robot_ROS2/install/dodo_msgs/local/lib/python3.10/dist-packages:${PYTHONPATH} /usr/bin/cmake --install /home/ub/dodo/dodo_robot_ROS2/build/dodo_sensor_fusion
