[0.018s] Invoking command in '/home/ubuntu/dodo_main/dodo_robot_ws/build/dodo_monitor': AMENT_PREFIX_PATH=/home/ubuntu/dodo_main/dodo_robot_ws/install/dodo_msgs:${AMENT_PREFIX_PATH} CMAKE_PREFIX_PATH=/home/ubuntu/dodo_main/dodo_robot_ws/install/dodo_msgs:/opt/ros/humble CONDA_PROMPT_MODIFIER=(base) LD_LIBRARY_PATH=/home/ubuntu/dodo_main/dodo_robot_ws/install/dodo_msgs/lib:${LD_LIBRARY_PATH} PYTHONPATH=/home/ubuntu/dodo_main/dodo_robot_ws/install/dodo_msgs/local/lib/python3.10/dist-packages:${PYTHONPATH} /usr/bin/cmake --build /home/ubuntu/dodo_main/dodo_robot_ws/build/dodo_monitor -- -j2 -l2
[0.100s] [100%] Built target monitor_node
[0.117s] Invoked command in '/home/ubuntu/dodo_main/dodo_robot_ws/build/dodo_monitor' returned '0': AMENT_PREFIX_PATH=/home/ubuntu/dodo_main/dodo_robot_ws/install/dodo_msgs:${AMENT_PREFIX_PATH} CMAKE_PREFIX_PATH=/home/ubuntu/dodo_main/dodo_robot_ws/install/dodo_msgs:/opt/ros/humble CONDA_PROMPT_MODIFIER=(base) LD_LIBRARY_PATH=/home/ubuntu/dodo_main/dodo_robot_ws/install/dodo_msgs/lib:${LD_LIBRARY_PATH} PYTHONPATH=/home/ubuntu/dodo_main/dodo_robot_ws/install/dodo_msgs/local/lib/python3.10/dist-packages:${PYTHONPATH} /usr/bin/cmake --build /home/ubuntu/dodo_main/dodo_robot_ws/build/dodo_monitor -- -j2 -l2
[0.120s] Invoking command in '/home/ubuntu/dodo_main/dodo_robot_ws/build/dodo_monitor': AMENT_PREFIX_PATH=/home/ubuntu/dodo_main/dodo_robot_ws/install/dodo_msgs:${AMENT_PREFIX_PATH} CMAKE_PREFIX_PATH=/home/ubuntu/dodo_main/dodo_robot_ws/install/dodo_msgs:/opt/ros/humble CONDA_PROMPT_MODIFIER=(base) LD_LIBRARY_PATH=/home/ubuntu/dodo_main/dodo_robot_ws/install/dodo_msgs/lib:${LD_LIBRARY_PATH} PYTHONPATH=/home/ubuntu/dodo_main/dodo_robot_ws/install/dodo_msgs/local/lib/python3.10/dist-packages:${PYTHONPATH} /usr/bin/cmake --install /home/ubuntu/dodo_main/dodo_robot_ws/build/dodo_monitor
[0.128s] -- Install configuration: ""
[0.129s] -- Execute custom install script
[0.131s] -- Up-to-date symlink: /home/ubuntu/dodo_main/dodo_robot_ws/install/dodo_monitor/lib/dodo_monitor/monitor_node
[0.135s] -- Up-to-date symlink: /home/ubuntu/dodo_main/dodo_robot_ws/install/dodo_monitor/share/dodo_monitor/launch/monitor_node.launch.py
[0.137s] -- Up-to-date symlink: /home/ubuntu/dodo_main/dodo_robot_ws/install/dodo_monitor/include//dodo_monitor/monitor_node.hpp
[0.139s] -- Up-to-date symlink: /home/ubuntu/dodo_main/dodo_robot_ws/install/dodo_monitor/share/ament_index/resource_index/package_run_dependencies/dodo_monitor
[0.140s] -- Up-to-date symlink: /home/ubuntu/dodo_main/dodo_robot_ws/install/dodo_monitor/share/ament_index/resource_index/parent_prefix_path/dodo_monitor
[0.142s] -- Up-to-date symlink: /home/ubuntu/dodo_main/dodo_robot_ws/install/dodo_monitor/share/dodo_monitor/environment/ament_prefix_path.sh
[0.142s] -- Up-to-date symlink: /home/ubuntu/dodo_main/dodo_robot_ws/install/dodo_monitor/share/dodo_monitor/environment/ament_prefix_path.dsv
[0.143s] -- Up-to-date symlink: /home/ubuntu/dodo_main/dodo_robot_ws/install/dodo_monitor/share/dodo_monitor/environment/path.sh
[0.145s] -- Up-to-date symlink: /home/ubuntu/dodo_main/dodo_robot_ws/install/dodo_monitor/share/dodo_monitor/environment/path.dsv
[0.146s] -- Up-to-date symlink: /home/ubuntu/dodo_main/dodo_robot_ws/install/dodo_monitor/share/dodo_monitor/local_setup.bash
[0.148s] -- Up-to-date symlink: /home/ubuntu/dodo_main/dodo_robot_ws/install/dodo_monitor/share/dodo_monitor/local_setup.sh
[0.149s] -- Up-to-date symlink: /home/ubuntu/dodo_main/dodo_robot_ws/install/dodo_monitor/share/dodo_monitor/local_setup.zsh
[0.150s] -- Up-to-date symlink: /home/ubuntu/dodo_main/dodo_robot_ws/install/dodo_monitor/share/dodo_monitor/local_setup.dsv
[0.151s] -- Symlinking: /home/ubuntu/dodo_main/dodo_robot_ws/install/dodo_monitor/share/dodo_monitor/package.dsv
[0.176s] -- Up-to-date symlink: /home/ubuntu/dodo_main/dodo_robot_ws/install/dodo_monitor/share/ament_index/resource_index/packages/dodo_monitor
[0.177s] -- Up-to-date symlink: /home/ubuntu/dodo_main/dodo_robot_ws/install/dodo_monitor/share/dodo_monitor/cmake/dodo_monitorConfig.cmake
[0.178s] -- Up-to-date symlink: /home/ubuntu/dodo_main/dodo_robot_ws/install/dodo_monitor/share/dodo_monitor/cmake/dodo_monitorConfig-version.cmake
[0.178s] -- Up-to-date symlink: /home/ubuntu/dodo_main/dodo_robot_ws/install/dodo_monitor/share/dodo_monitor/package.xml
[0.189s] Invoked command in '/home/ubuntu/dodo_main/dodo_robot_ws/build/dodo_monitor' returned '0': AMENT_PREFIX_PATH=/home/ubuntu/dodo_main/dodo_robot_ws/install/dodo_msgs:${AMENT_PREFIX_PATH} CMAKE_PREFIX_PATH=/home/ubuntu/dodo_main/dodo_robot_ws/install/dodo_msgs:/opt/ros/humble CONDA_PROMPT_MODIFIER=(base) LD_LIBRARY_PATH=/home/ubuntu/dodo_main/dodo_robot_ws/install/dodo_msgs/lib:${LD_LIBRARY_PATH} PYTHONPATH=/home/ubuntu/dodo_main/dodo_robot_ws/install/dodo_msgs/local/lib/python3.10/dist-packages:${PYTHONPATH} /usr/bin/cmake --install /home/ubuntu/dodo_main/dodo_robot_ws/build/dodo_monitor
