-- The C compiler identification is GNU 11.4.0
-- The CXX compiler identification is GNU 11.4.0
-- Detecting C compiler ABI info
-- Detecting C compiler ABI info - done
-- Check for working C compiler: /usr/bin/cc - skipped
-- Detecting C compile features
-- Detecting C compile features - done
-- Detecting CXX compiler ABI info
-- Detecting CXX compiler ABI info - done
-- Check for working CXX compiler: /usr/bin/c++ - skipped
-- Detecting CXX compile features
-- Detecting CXX compile features - done
-- Found ament_cmake: 1.3.11 (/opt/ros/humble/share/ament_cmake/cmake)
-- Found Python3: /usr/bin/python3 (found version "3.10.12") found components: Interpreter 
-- Found rclcpp: 16.0.11 (/opt/ros/humble/share/rclcpp/cmake)
-- Found rosidl_generator_c: 3.1.6 (/opt/ros/humble/share/rosidl_generator_c/cmake)
-- Found rosidl_adapter: 3.1.6 (/opt/ros/humble/share/rosidl_adapter/cmake)
-- Found rosidl_generator_cpp: 3.1.6 (/opt/ros/humble/share/rosidl_generator_cpp/cmake)
-- Using all available rosidl_typesupport_c: rosidl_typesupport_fastrtps_c;rosidl_typesupport_introspection_c
-- Using all available rosidl_typesupport_cpp: rosidl_typesupport_fastrtps_cpp;rosidl_typesupport_introspection_cpp
-- Found rmw_implementation_cmake: 6.1.2 (/opt/ros/humble/share/rmw_implementation_cmake/cmake)
-- Found rmw_fastrtps_cpp: 6.2.7 (/opt/ros/humble/share/rmw_fastrtps_cpp/cmake)
-- Found OpenSSL: /usr/lib/x86_64-linux-gnu/libcrypto.so (found version "3.0.2")  
-- Found FastRTPS: /opt/ros/humble/include  
-- Using RMW implementation 'rmw_fastrtps_cpp' as default
-- Looking for pthread.h
-- Looking for pthread.h - found
-- Performing Test CMAKE_HAVE_LIBC_PTHREAD
-- Performing Test CMAKE_HAVE_LIBC_PTHREAD - Success
-- Found Threads: TRUE  
-- Found sensor_msgs: 4.2.4 (/opt/ros/humble/share/sensor_msgs/cmake)
-- Configuring done
-- Generating done
-- Build files have been written to: /home/ubuntu/dodo_main/dodo_robot_ws/build/dodo_rl
[ 33%] [32mBuilding CXX object CMakeFiles/rl_node.dir/src/rl_node.cpp.o[0m
[ 66%] [32mBuilding CXX object CMakeFiles/rl_node.dir/src/ppo_model.cpp.o[0m
[100%] [32m[1mLinking CXX executable rl_node[0m
[100%] Built target rl_node
-- Install configuration: ""
-- Installing: /home/ubuntu/dodo_main/dodo_robot_ws/install/dodo_rl/lib/dodo_rl/rl_node
-- Set runtime path of "/home/ubuntu/dodo_main/dodo_robot_ws/install/dodo_rl/lib/dodo_rl/rl_node" to ""
-- Installing: /home/ubuntu/dodo_main/dodo_robot_ws/install/dodo_rl/share/dodo_rl/launch
-- Installing: /home/ubuntu/dodo_main/dodo_robot_ws/install/dodo_rl/share/dodo_rl/launch/rl_node.launch.py
-- Installing: /home/ubuntu/dodo_main/dodo_robot_ws/install/dodo_rl/include/
-- Installing: /home/ubuntu/dodo_main/dodo_robot_ws/install/dodo_rl/include//dodo_rl
-- Installing: /home/ubuntu/dodo_main/dodo_robot_ws/install/dodo_rl/include//dodo_rl/ppo_model.hpp
-- Installing: /home/ubuntu/dodo_main/dodo_robot_ws/install/dodo_rl/include//dodo_rl/rl_node.hpp
-- Installing: /home/ubuntu/dodo_main/dodo_robot_ws/install/dodo_rl/share/ament_index/resource_index/package_run_dependencies/dodo_rl
-- Installing: /home/ubuntu/dodo_main/dodo_robot_ws/install/dodo_rl/share/ament_index/resource_index/parent_prefix_path/dodo_rl
-- Installing: /home/ubuntu/dodo_main/dodo_robot_ws/install/dodo_rl/share/dodo_rl/environment/ament_prefix_path.sh
-- Installing: /home/ubuntu/dodo_main/dodo_robot_ws/install/dodo_rl/share/dodo_rl/environment/ament_prefix_path.dsv
-- Installing: /home/ubuntu/dodo_main/dodo_robot_ws/install/dodo_rl/share/dodo_rl/environment/path.sh
-- Installing: /home/ubuntu/dodo_main/dodo_robot_ws/install/dodo_rl/share/dodo_rl/environment/path.dsv
-- Installing: /home/ubuntu/dodo_main/dodo_robot_ws/install/dodo_rl/share/dodo_rl/local_setup.bash
-- Installing: /home/ubuntu/dodo_main/dodo_robot_ws/install/dodo_rl/share/dodo_rl/local_setup.sh
-- Installing: /home/ubuntu/dodo_main/dodo_robot_ws/install/dodo_rl/share/dodo_rl/local_setup.zsh
-- Installing: /home/ubuntu/dodo_main/dodo_robot_ws/install/dodo_rl/share/dodo_rl/local_setup.dsv
-- Installing: /home/ubuntu/dodo_main/dodo_robot_ws/install/dodo_rl/share/dodo_rl/package.dsv
-- Installing: /home/ubuntu/dodo_main/dodo_robot_ws/install/dodo_rl/share/ament_index/resource_index/packages/dodo_rl
-- Installing: /home/ubuntu/dodo_main/dodo_robot_ws/install/dodo_rl/share/dodo_rl/cmake/dodo_rlConfig.cmake
-- Installing: /home/ubuntu/dodo_main/dodo_robot_ws/install/dodo_rl/share/dodo_rl/cmake/dodo_rlConfig-version.cmake
-- Installing: /home/ubuntu/dodo_main/dodo_robot_ws/install/dodo_rl/share/dodo_rl/package.xml
