[0.017s] Invoking command in '/home/ubuntu/dodo_main/dodo_robot_ws/build/dodo_rl': CMAKE_PREFIX_PATH=/opt/ros/humble /usr/bin/cmake /home/ubuntu/dodo_main/dodo_robot_ws/src/dodo_rl -DCMAKE_INSTALL_PREFIX=/home/ubuntu/dodo_main/dodo_robot_ws/install/dodo_rl
[0.218s] -- The C compiler identification is GNU 11.4.0
[0.385s] -- The CXX compiler identification is GNU 11.4.0
[0.401s] -- Detecting C compiler ABI info
[0.492s] -- Detecting C compiler ABI info - done
[0.492s] -- Check for working C compiler: /usr/bin/cc - skipped
[0.492s] -- Detecting C compile features
[0.492s] -- Detecting C compile features - done
[0.502s] -- Detecting CXX compiler ABI info
[0.570s] -- Detecting CXX compiler ABI info - done
[0.575s] -- Check for working CXX compiler: /usr/bin/c++ - skipped
[0.576s] -- Detecting CXX compile features
[0.576s] -- Detecting CXX compile features - done
[0.595s] -- Found ament_cmake: 1.3.11 (/opt/ros/humble/share/ament_cmake/cmake)
[0.754s] -- Found Python3: /usr/bin/python3 (found version "3.10.12") found components: Interpreter 
[0.897s] -- Found rclcpp: 16.0.11 (/opt/ros/humble/share/rclcpp/cmake)
[0.980s] -- Found rosidl_generator_c: 3.1.6 (/opt/ros/humble/share/rosidl_generator_c/cmake)
[0.987s] -- Found rosidl_adapter: 3.1.6 (/opt/ros/humble/share/rosidl_adapter/cmake)
[0.999s] -- Found rosidl_generator_cpp: 3.1.6 (/opt/ros/humble/share/rosidl_generator_cpp/cmake)
[1.020s] -- Using all available rosidl_typesupport_c: rosidl_typesupport_fastrtps_c;rosidl_typesupport_introspection_c
[1.041s] -- Using all available rosidl_typesupport_cpp: rosidl_typesupport_fastrtps_cpp;rosidl_typesupport_introspection_cpp
[1.102s] -- Found rmw_implementation_cmake: 6.1.2 (/opt/ros/humble/share/rmw_implementation_cmake/cmake)
[1.107s] -- Found rmw_fastrtps_cpp: 6.2.7 (/opt/ros/humble/share/rmw_fastrtps_cpp/cmake)
[1.231s] -- Found OpenSSL: /usr/lib/x86_64-linux-gnu/libcrypto.so (found version "3.0.2")  
[1.254s] -- Found FastRTPS: /opt/ros/humble/include  
[1.289s] -- Using RMW implementation 'rmw_fastrtps_cpp' as default
[1.304s] -- Looking for pthread.h
[1.391s] -- Looking for pthread.h - found
[1.392s] -- Performing Test CMAKE_HAVE_LIBC_PTHREAD
[1.452s] -- Performing Test CMAKE_HAVE_LIBC_PTHREAD - Success
[1.453s] -- Found Threads: TRUE  
[1.524s] -- Found sensor_msgs: 4.2.4 (/opt/ros/humble/share/sensor_msgs/cmake)
[1.626s] -- Configuring done
[1.635s] -- Generating done
[1.637s] -- Build files have been written to: /home/ubuntu/dodo_main/dodo_robot_ws/build/dodo_rl
[1.648s] Invoked command in '/home/ubuntu/dodo_main/dodo_robot_ws/build/dodo_rl' returned '0': CMAKE_PREFIX_PATH=/opt/ros/humble /usr/bin/cmake /home/ubuntu/dodo_main/dodo_robot_ws/src/dodo_rl -DCMAKE_INSTALL_PREFIX=/home/ubuntu/dodo_main/dodo_robot_ws/install/dodo_rl
[1.648s] Invoking command in '/home/ubuntu/dodo_main/dodo_robot_ws/build/dodo_rl': CMAKE_PREFIX_PATH=/opt/ros/humble /usr/bin/cmake --build /home/ubuntu/dodo_main/dodo_robot_ws/build/dodo_rl -- -j2 -l2
[1.689s] [ 33%] [32mBuilding CXX object CMakeFiles/rl_node.dir/src/rl_node.cpp.o[0m
[1.698s] [ 66%] [32mBuilding CXX object CMakeFiles/rl_node.dir/src/ppo_model.cpp.o[0m
[5.151s] [100%] [32m[1mLinking CXX executable rl_node[0m
[5.285s] [100%] Built target rl_node
[5.298s] Invoked command in '/home/ubuntu/dodo_main/dodo_robot_ws/build/dodo_rl' returned '0': CMAKE_PREFIX_PATH=/opt/ros/humble /usr/bin/cmake --build /home/ubuntu/dodo_main/dodo_robot_ws/build/dodo_rl -- -j2 -l2
[5.298s] Invoking command in '/home/ubuntu/dodo_main/dodo_robot_ws/build/dodo_rl': CMAKE_PREFIX_PATH=/opt/ros/humble /usr/bin/cmake --install /home/ubuntu/dodo_main/dodo_robot_ws/build/dodo_rl
[5.306s] -- Install configuration: ""
[5.306s] -- Installing: /home/ubuntu/dodo_main/dodo_robot_ws/install/dodo_rl/lib/dodo_rl/rl_node
[5.307s] -- Set runtime path of "/home/ubuntu/dodo_main/dodo_robot_ws/install/dodo_rl/lib/dodo_rl/rl_node" to ""
[5.307s] -- Installing: /home/ubuntu/dodo_main/dodo_robot_ws/install/dodo_rl/share/dodo_rl/launch
[5.307s] -- Installing: /home/ubuntu/dodo_main/dodo_robot_ws/install/dodo_rl/share/dodo_rl/launch/rl_node.launch.py
[5.308s] -- Installing: /home/ubuntu/dodo_main/dodo_robot_ws/install/dodo_rl/include/
[5.308s] -- Installing: /home/ubuntu/dodo_main/dodo_robot_ws/install/dodo_rl/include//dodo_rl
[5.308s] -- Installing: /home/ubuntu/dodo_main/dodo_robot_ws/install/dodo_rl/include//dodo_rl/ppo_model.hpp
[5.308s] -- Installing: /home/ubuntu/dodo_main/dodo_robot_ws/install/dodo_rl/include//dodo_rl/rl_node.hpp
[5.309s] -- Installing: /home/ubuntu/dodo_main/dodo_robot_ws/install/dodo_rl/share/ament_index/resource_index/package_run_dependencies/dodo_rl
[5.309s] -- Installing: /home/ubuntu/dodo_main/dodo_robot_ws/install/dodo_rl/share/ament_index/resource_index/parent_prefix_path/dodo_rl
[5.310s] -- Installing: /home/ubuntu/dodo_main/dodo_robot_ws/install/dodo_rl/share/dodo_rl/environment/ament_prefix_path.sh
[5.310s] -- Installing: /home/ubuntu/dodo_main/dodo_robot_ws/install/dodo_rl/share/dodo_rl/environment/ament_prefix_path.dsv
[5.310s] -- Installing: /home/ubuntu/dodo_main/dodo_robot_ws/install/dodo_rl/share/dodo_rl/environment/path.sh
[5.310s] -- Installing: /home/ubuntu/dodo_main/dodo_robot_ws/install/dodo_rl/share/dodo_rl/environment/path.dsv
[5.311s] -- Installing: /home/ubuntu/dodo_main/dodo_robot_ws/install/dodo_rl/share/dodo_rl/local_setup.bash
[5.311s] -- Installing: /home/ubuntu/dodo_main/dodo_robot_ws/install/dodo_rl/share/dodo_rl/local_setup.sh
[5.311s] -- Installing: /home/ubuntu/dodo_main/dodo_robot_ws/install/dodo_rl/share/dodo_rl/local_setup.zsh
[5.311s] -- Installing: /home/ubuntu/dodo_main/dodo_robot_ws/install/dodo_rl/share/dodo_rl/local_setup.dsv
[5.312s] -- Installing: /home/ubuntu/dodo_main/dodo_robot_ws/install/dodo_rl/share/dodo_rl/package.dsv
[5.312s] -- Installing: /home/ubuntu/dodo_main/dodo_robot_ws/install/dodo_rl/share/ament_index/resource_index/packages/dodo_rl
[5.313s] -- Installing: /home/ubuntu/dodo_main/dodo_robot_ws/install/dodo_rl/share/dodo_rl/cmake/dodo_rlConfig.cmake
[5.313s] -- Installing: /home/ubuntu/dodo_main/dodo_robot_ws/install/dodo_rl/share/dodo_rl/cmake/dodo_rlConfig-version.cmake
[5.313s] -- Installing: /home/ubuntu/dodo_main/dodo_robot_ws/install/dodo_rl/share/dodo_rl/package.xml
[5.317s] Invoked command in '/home/ubuntu/dodo_main/dodo_robot_ws/build/dodo_rl' returned '0': CMAKE_PREFIX_PATH=/opt/ros/humble /usr/bin/cmake --install /home/ubuntu/dodo_main/dodo_robot_ws/build/dodo_rl
