-- Found ament_cmake: 1.3.11 (/opt/ros/humble/share/ament_cmake/cmake)
-- Override CMake install command with custom implementation using symlinks instead of copying resources
-- Found rclcpp: 16.0.11 (/opt/ros/humble/share/rclcpp/cmake)
-- Found rosidl_generator_c: 3.1.6 (/opt/ros/humble/share/rosidl_generator_c/cmake)
-- Found rosidl_adapter: 3.1.6 (/opt/ros/humble/share/rosidl_adapter/cmake)
-- Found rosidl_generator_cpp: 3.1.6 (/opt/ros/humble/share/rosidl_generator_cpp/cmake)
-- Using all available rosidl_typesupport_c: rosidl_typesupport_fastrtps_c;rosidl_typesupport_introspection_c
-- Using all available rosidl_typesupport_cpp: rosidl_typesupport_fastrtps_cpp;rosidl_typesupport_introspection_cpp
-- Found rmw_implementation_cmake: 6.1.2 (/opt/ros/humble/share/rmw_implementation_cmake/cmake)
-- Found rmw_fastrtps_cpp: 6.2.7 (/opt/ros/humble/share/rmw_fastrtps_cpp/cmake)
-- Found OpenSSL: /usr/lib/x86_64-linux-gnu/libcrypto.so (found version "3.0.2")  
-- Found FastRTPS: /opt/ros/humble/include  
-- Using RMW implementation 'rmw_fastrtps_cpp' as default
-- Looking for pthread.h
-- Looking for pthread.h - found
-- Performing Test CMAKE_HAVE_LIBC_PTHREAD
-- Performing Test CMAKE_HAVE_LIBC_PTHREAD - Success
-- Found Threads: TRUE  
-- Found sensor_msgs: 4.2.4 (/opt/ros/humble/share/sensor_msgs/cmake)
-- Found dodo_msgs: 0.1.0 (/home/ub/dodo/dodo_robot_ROS2/install/dodo_msgs/share/dodo_msgs/cmake)
-- Found nlohmann_json: /usr/lib/cmake/nlohmann_json/nlohmann_jsonConfig.cmake (found version "3.10.5") 
-- Configuring done
-- Generating done
-- Build files have been written to: /home/ub/dodo/dodo_robot_ROS2/build/dodo_bringup
[ 20%] [32mBuilding CXX object CMakeFiles/parameter_debugging_node.dir/src/parameter_debugging_node.cpp.o[0m
[ 40%] [32mBuilding CXX object CMakeFiles/state_manager_node.dir/src/state_manager_node.cpp.o[0m
[ 60%] [32m[1mLinking CXX executable parameter_debugging_node[0m
[ 60%] Built target parameter_debugging_node
[ 80%] [32mBuilding CXX object CMakeFiles/state_manager_node.dir/src/robot_state_machine.cpp.o[0m
[100%] [32m[1mLinking CXX executable state_manager_node[0m
[100%] Built target state_manager_node
-- Install configuration: ""
-- Execute custom install script
-- Symlinking: /home/ub/dodo/dodo_robot_ROS2/install/dodo_bringup/lib/dodo_bringup/state_manager_node
-- Symlinking: /home/ub/dodo/dodo_robot_ROS2/install/dodo_bringup/lib/dodo_bringup/parameter_debugging_node
-- Up-to-date symlink: /home/ub/dodo/dodo_robot_ROS2/install/dodo_bringup/share/dodo_bringup/launch/dodo_robot.launch.py
-- Up-to-date symlink: /home/ub/dodo/dodo_robot_ROS2/install/dodo_bringup/share/dodo_bringup/launch/hardware.launch.py
-- Up-to-date symlink: /home/ub/dodo/dodo_robot_ROS2/install/dodo_bringup/share/dodo_bringup/launch/simulation.launch.py
-- Up-to-date symlink: /home/ub/dodo/dodo_robot_ROS2/install/dodo_bringup/share/dodo_bringup/launch/state_manager.launch.py
-- Symlinking: /home/ub/dodo/dodo_robot_ROS2/install/dodo_bringup/include/dodo_bringup/dodo_bringup/robot_state_machine.hpp
-- Symlinking: /home/ub/dodo/dodo_robot_ROS2/install/dodo_bringup/include/dodo_bringup/dodo_bringup/state_manager_node.hpp
-- Up-to-date symlink: /home/ub/dodo/dodo_robot_ROS2/install/dodo_bringup/share/ament_index/resource_index/package_run_dependencies/dodo_bringup
-- Up-to-date symlink: /home/ub/dodo/dodo_robot_ROS2/install/dodo_bringup/share/ament_index/resource_index/parent_prefix_path/dodo_bringup
-- Up-to-date symlink: /home/ub/dodo/dodo_robot_ROS2/install/dodo_bringup/share/dodo_bringup/environment/ament_prefix_path.sh
-- Up-to-date symlink: /home/ub/dodo/dodo_robot_ROS2/install/dodo_bringup/share/dodo_bringup/environment/ament_prefix_path.dsv
-- Up-to-date symlink: /home/ub/dodo/dodo_robot_ROS2/install/dodo_bringup/share/dodo_bringup/environment/path.sh
-- Up-to-date symlink: /home/ub/dodo/dodo_robot_ROS2/install/dodo_bringup/share/dodo_bringup/environment/path.dsv
-- Up-to-date symlink: /home/ub/dodo/dodo_robot_ROS2/install/dodo_bringup/share/dodo_bringup/local_setup.bash
-- Up-to-date symlink: /home/ub/dodo/dodo_robot_ROS2/install/dodo_bringup/share/dodo_bringup/local_setup.sh
-- Up-to-date symlink: /home/ub/dodo/dodo_robot_ROS2/install/dodo_bringup/share/dodo_bringup/local_setup.zsh
-- Up-to-date symlink: /home/ub/dodo/dodo_robot_ROS2/install/dodo_bringup/share/dodo_bringup/local_setup.dsv
-- Symlinking: /home/ub/dodo/dodo_robot_ROS2/install/dodo_bringup/share/dodo_bringup/package.dsv
-- Up-to-date symlink: /home/ub/dodo/dodo_robot_ROS2/install/dodo_bringup/share/ament_index/resource_index/packages/dodo_bringup
-- Up-to-date symlink: /home/ub/dodo/dodo_robot_ROS2/install/dodo_bringup/share/dodo_bringup/cmake/dodo_bringupConfig.cmake
-- Up-to-date symlink: /home/ub/dodo/dodo_robot_ROS2/install/dodo_bringup/share/dodo_bringup/cmake/dodo_bringupConfig-version.cmake
-- Up-to-date symlink: /home/ub/dodo/dodo_robot_ROS2/install/dodo_bringup/share/dodo_bringup/package.xml
