[0.079s] Invoking command in '/home/ub/dodo/dodo_robot_ROS2/build/dodo_sensor_fusion': AMENT_PREFIX_PATH=/home/ub/dodo/dodo_robot_ROS2/install/dodo_msgs:${AMENT_PREFIX_PATH} CMAKE_PREFIX_PATH=/home/ub/dodo/dodo_robot_ROS2/install/dodo_msgs:/opt/ros/humble LD_LIBRARY_PATH=/home/ub/dodo/dodo_robot_ROS2/install/dodo_msgs/lib:${LD_LIBRARY_PATH} PYTHONPATH=/home/ub/dodo/dodo_robot_ROS2/install/dodo_msgs/local/lib/python3.10/dist-packages:${PYTHONPATH} /usr/bin/cmake /home/ub/dodo/dodo_robot_ROS2/src/dodo_sensor_fusion -DAMENT_CMAKE_SYMLINK_INSTALL=1 -DCMAKE_INSTALL_PREFIX=/home/ub/dodo/dodo_robot_ROS2/install/dodo_sensor_fusion
[0.267s] -- The C compiler identification is GNU 11.4.0
[0.466s] -- The CXX compiler identification is GNU 11.4.0
[0.494s] -- Detecting C compiler ABI info
[0.828s] -- Detecting C compiler ABI info - done
[0.843s] -- Check for working C compiler: /usr/bin/cc - skipped
[0.845s] -- Detecting C compile features
[0.847s] -- Detecting C compile features - done
[0.857s] -- Detecting CXX compiler ABI info
[1.160s] -- Detecting CXX compiler ABI info - done
[1.192s] -- Check for working CXX compiler: /usr/bin/c++ - skipped
[1.193s] -- Detecting CXX compile features
[1.204s] -- Detecting CXX compile features - done
[1.207s] -- Found ament_cmake: 1.3.11 (/opt/ros/humble/share/ament_cmake/cmake)
[1.676s] -- Found Python3: /usr/bin/python3 (found version "3.10.12") found components: Interpreter 
[1.883s] -- Override CMake install command with custom implementation using symlinks instead of copying resources
[1.947s] -- Found rclcpp: 16.0.11 (/opt/ros/humble/share/rclcpp/cmake)
[2.051s] -- Found rosidl_generator_c: 3.1.6 (/opt/ros/humble/share/rosidl_generator_c/cmake)
[2.056s] -- Found rosidl_adapter: 3.1.6 (/opt/ros/humble/share/rosidl_adapter/cmake)
[2.069s] -- Found rosidl_generator_cpp: 3.1.6 (/opt/ros/humble/share/rosidl_generator_cpp/cmake)
[2.103s] -- Using all available rosidl_typesupport_c: rosidl_typesupport_fastrtps_c;rosidl_typesupport_introspection_c
[2.138s] -- Using all available rosidl_typesupport_cpp: rosidl_typesupport_fastrtps_cpp;rosidl_typesupport_introspection_cpp
[2.252s] -- Found rmw_implementation_cmake: 6.1.2 (/opt/ros/humble/share/rmw_implementation_cmake/cmake)
[2.259s] -- Found rmw_fastrtps_cpp: 6.2.7 (/opt/ros/humble/share/rmw_fastrtps_cpp/cmake)
[2.568s] -- Found OpenSSL: /usr/lib/x86_64-linux-gnu/libcrypto.so (found version "3.0.2")  
[2.650s] -- Found FastRTPS: /opt/ros/humble/include  
[2.761s] -- Using RMW implementation 'rmw_fastrtps_cpp' as default
[2.776s] -- Looking for pthread.h
[3.174s] -- Looking for pthread.h - found
[3.175s] -- Performing Test CMAKE_HAVE_LIBC_PTHREAD
[3.497s] -- Performing Test CMAKE_HAVE_LIBC_PTHREAD - Success
[3.500s] -- Found Threads: TRUE  
[3.670s] -- Found sensor_msgs: 4.2.4 (/opt/ros/humble/share/sensor_msgs/cmake)
[3.756s] -- Found dodo_msgs: 0.1.0 (/home/ub/dodo/dodo_robot_ROS2/install/dodo_msgs/share/dodo_msgs/cmake)
[4.035s] -- Configuring done
[4.091s] -- Generating done
[4.109s] -- Build files have been written to: /home/ub/dodo/dodo_robot_ROS2/build/dodo_sensor_fusion
[4.141s] Invoked command in '/home/ub/dodo/dodo_robot_ROS2/build/dodo_sensor_fusion' returned '0': AMENT_PREFIX_PATH=/home/ub/dodo/dodo_robot_ROS2/install/dodo_msgs:${AMENT_PREFIX_PATH} CMAKE_PREFIX_PATH=/home/ub/dodo/dodo_robot_ROS2/install/dodo_msgs:/opt/ros/humble LD_LIBRARY_PATH=/home/ub/dodo/dodo_robot_ROS2/install/dodo_msgs/lib:${LD_LIBRARY_PATH} PYTHONPATH=/home/ub/dodo/dodo_robot_ROS2/install/dodo_msgs/local/lib/python3.10/dist-packages:${PYTHONPATH} /usr/bin/cmake /home/ub/dodo/dodo_robot_ROS2/src/dodo_sensor_fusion -DAMENT_CMAKE_SYMLINK_INSTALL=1 -DCMAKE_INSTALL_PREFIX=/home/ub/dodo/dodo_robot_ROS2/install/dodo_sensor_fusion
[4.144s] Invoking command in '/home/ub/dodo/dodo_robot_ROS2/build/dodo_sensor_fusion': AMENT_PREFIX_PATH=/home/ub/dodo/dodo_robot_ROS2/install/dodo_msgs:${AMENT_PREFIX_PATH} CMAKE_PREFIX_PATH=/home/ub/dodo/dodo_robot_ROS2/install/dodo_msgs:/opt/ros/humble LD_LIBRARY_PATH=/home/ub/dodo/dodo_robot_ROS2/install/dodo_msgs/lib:${LD_LIBRARY_PATH} PYTHONPATH=/home/ub/dodo/dodo_robot_ROS2/install/dodo_msgs/local/lib/python3.10/dist-packages:${PYTHONPATH} /usr/bin/cmake --build /home/ub/dodo/dodo_robot_ROS2/build/dodo_sensor_fusion -- -j2 -l2
[4.307s] [ 50%] [32mBuilding CXX object CMakeFiles/fusion_node.dir/src/fusion_node.cpp.o[0m
[44.699s] [100%] [32m[1mLinking CXX executable fusion_node[0m
[46.588s] [100%] Built target fusion_node
[46.628s] Invoked command in '/home/ub/dodo/dodo_robot_ROS2/build/dodo_sensor_fusion' returned '0': AMENT_PREFIX_PATH=/home/ub/dodo/dodo_robot_ROS2/install/dodo_msgs:${AMENT_PREFIX_PATH} CMAKE_PREFIX_PATH=/home/ub/dodo/dodo_robot_ROS2/install/dodo_msgs:/opt/ros/humble LD_LIBRARY_PATH=/home/ub/dodo/dodo_robot_ROS2/install/dodo_msgs/lib:${LD_LIBRARY_PATH} PYTHONPATH=/home/ub/dodo/dodo_robot_ROS2/install/dodo_msgs/local/lib/python3.10/dist-packages:${PYTHONPATH} /usr/bin/cmake --build /home/ub/dodo/dodo_robot_ROS2/build/dodo_sensor_fusion -- -j2 -l2
[46.633s] Invoking command in '/home/ub/dodo/dodo_robot_ROS2/build/dodo_sensor_fusion': AMENT_PREFIX_PATH=/home/ub/dodo/dodo_robot_ROS2/install/dodo_msgs:${AMENT_PREFIX_PATH} CMAKE_PREFIX_PATH=/home/ub/dodo/dodo_robot_ROS2/install/dodo_msgs:/opt/ros/humble LD_LIBRARY_PATH=/home/ub/dodo/dodo_robot_ROS2/install/dodo_msgs/lib:${LD_LIBRARY_PATH} PYTHONPATH=/home/ub/dodo/dodo_robot_ROS2/install/dodo_msgs/local/lib/python3.10/dist-packages:${PYTHONPATH} /usr/bin/cmake --install /home/ub/dodo/dodo_robot_ROS2/build/dodo_sensor_fusion
[46.658s] -- Install configuration: ""
[46.659s] -- Execute custom install script
[46.665s] -- Symlinking: /home/ub/dodo/dodo_robot_ROS2/install/dodo_sensor_fusion/lib/dodo_sensor_fusion/fusion_node
[46.712s] -- Symlinking: /home/ub/dodo/dodo_robot_ROS2/install/dodo_sensor_fusion/share/dodo_sensor_fusion/launch/fusion_node.launch.py
[46.737s] -- Symlinking: /home/ub/dodo/dodo_robot_ROS2/install/dodo_sensor_fusion/include//dodo_sensor_fusion/fusion_node.hpp
[46.767s] -- Symlinking: /home/ub/dodo/dodo_robot_ROS2/install/dodo_sensor_fusion/share/ament_index/resource_index/package_run_dependencies/dodo_sensor_fusion
[46.790s] -- Symlinking: /home/ub/dodo/dodo_robot_ROS2/install/dodo_sensor_fusion/share/ament_index/resource_index/parent_prefix_path/dodo_sensor_fusion
[46.816s] -- Symlinking: /home/ub/dodo/dodo_robot_ROS2/install/dodo_sensor_fusion/share/dodo_sensor_fusion/environment/ament_prefix_path.sh
[46.842s] -- Symlinking: /home/ub/dodo/dodo_robot_ROS2/install/dodo_sensor_fusion/share/dodo_sensor_fusion/environment/ament_prefix_path.dsv
[46.871s] -- Symlinking: /home/ub/dodo/dodo_robot_ROS2/install/dodo_sensor_fusion/share/dodo_sensor_fusion/environment/path.sh
[46.906s] -- Symlinking: /home/ub/dodo/dodo_robot_ROS2/install/dodo_sensor_fusion/share/dodo_sensor_fusion/environment/path.dsv
[46.936s] -- Symlinking: /home/ub/dodo/dodo_robot_ROS2/install/dodo_sensor_fusion/share/dodo_sensor_fusion/local_setup.bash
[46.989s] -- Symlinking: /home/ub/dodo/dodo_robot_ROS2/install/dodo_sensor_fusion/share/dodo_sensor_fusion/local_setup.sh
[47.023s] -- Symlinking: /home/ub/dodo/dodo_robot_ROS2/install/dodo_sensor_fusion/share/dodo_sensor_fusion/local_setup.zsh
[47.050s] -- Symlinking: /home/ub/dodo/dodo_robot_ROS2/install/dodo_sensor_fusion/share/dodo_sensor_fusion/local_setup.dsv
[47.075s] -- Symlinking: /home/ub/dodo/dodo_robot_ROS2/install/dodo_sensor_fusion/share/dodo_sensor_fusion/package.dsv
[47.117s] -- Symlinking: /home/ub/dodo/dodo_robot_ROS2/install/dodo_sensor_fusion/share/ament_index/resource_index/packages/dodo_sensor_fusion
[47.144s] -- Symlinking: /home/ub/dodo/dodo_robot_ROS2/install/dodo_sensor_fusion/share/dodo_sensor_fusion/cmake/dodo_sensor_fusionConfig.cmake
[47.167s] -- Symlinking: /home/ub/dodo/dodo_robot_ROS2/install/dodo_sensor_fusion/share/dodo_sensor_fusion/cmake/dodo_sensor_fusionConfig-version.cmake
[47.196s] -- Symlinking: /home/ub/dodo/dodo_robot_ROS2/install/dodo_sensor_fusion/share/dodo_sensor_fusion/package.xml
[47.228s] Invoked command in '/home/ub/dodo/dodo_robot_ROS2/build/dodo_sensor_fusion' returned '0': AMENT_PREFIX_PATH=/home/ub/dodo/dodo_robot_ROS2/install/dodo_msgs:${AMENT_PREFIX_PATH} CMAKE_PREFIX_PATH=/home/ub/dodo/dodo_robot_ROS2/install/dodo_msgs:/opt/ros/humble LD_LIBRARY_PATH=/home/ub/dodo/dodo_robot_ROS2/install/dodo_msgs/lib:${LD_LIBRARY_PATH} PYTHONPATH=/home/ub/dodo/dodo_robot_ROS2/install/dodo_msgs/local/lib/python3.10/dist-packages:${PYTHONPATH} /usr/bin/cmake --install /home/ub/dodo/dodo_robot_ROS2/build/dodo_sensor_fusion
