[0.099s] Invoking command in '/home/ub/dodo/dodo_robot_ROS2/build/dodo_msgs': CMAKE_PREFIX_PATH=/opt/ros/humble /usr/bin/cmake /home/ub/dodo/dodo_robot_ROS2/src/dodo_msgs -DAMENT_CMAKE_SYMLINK_INSTALL=1 -DCMAKE_INSTALL_PREFIX=/home/ub/dodo/dodo_robot_ROS2/install/dodo_msgs
[0.470s] -- The C compiler identification is GNU 11.4.0
[0.744s] -- The CXX compiler identification is GNU 11.4.0
[0.772s] -- Detecting C compiler ABI info
[1.057s] -- Detecting C compiler ABI info - done
[1.098s] -- Check for working C compiler: /usr/bin/cc - skipped
[1.099s] -- Detecting C compile features
[1.101s] -- Detecting C compile features - done
[1.114s] -- Detecting CXX compiler ABI info
[1.445s] -- Detecting CXX compiler ABI info - done
[1.504s] -- Check for working CXX compiler: /usr/bin/c++ - skipped
[1.504s] -- Detecting CXX compile features
[1.505s] -- Detecting CXX compile features - done
[1.514s] -- Found ament_cmake: 1.3.11 (/opt/ros/humble/share/ament_cmake/cmake)
[2.113s] -- Found Python3: /usr/bin/python3 (found version "3.10.12") found components: Interpreter 
[2.370s] -- Override CMake install command with custom implementation using symlinks instead of copying resources
[2.436s] -- Found rosidl_default_generators: 1.2.0 (/opt/ros/humble/share/rosidl_default_generators/cmake)
[2.445s] -- Using all available rosidl_typesupport_c: rosidl_typesupport_fastrtps_c;rosidl_typesupport_introspection_c
[2.464s] -- Found rosidl_adapter: 3.1.6 (/opt/ros/humble/share/rosidl_adapter/cmake)
[2.578s] -- Using all available rosidl_typesupport_cpp: rosidl_typesupport_fastrtps_cpp;rosidl_typesupport_introspection_cpp
[2.708s] -- Found std_msgs: 4.2.4 (/opt/ros/humble/share/std_msgs/cmake)
[2.892s] -- Found sensor_msgs: 4.2.4 (/opt/ros/humble/share/sensor_msgs/cmake)
[3.139s] -- Found diagnostic_msgs: 4.2.4 (/opt/ros/humble/share/diagnostic_msgs/cmake)
[4.744s] -- Found ament_cmake_ros: 0.10.0 (/opt/ros/humble/share/ament_cmake_ros/cmake)
[6.165s] -- Using all available rosidl_typesupport_c: rosidl_typesupport_fastrtps_c;rosidl_typesupport_introspection_c
[8.311s] -- Using all available rosidl_typesupport_cpp: rosidl_typesupport_fastrtps_cpp;rosidl_typesupport_introspection_cpp
[8.346s] -- Found PythonInterp: /usr/bin/python3 (found suitable version "3.10.12", minimum required is "3.6") 
[8.351s] -- Found python_cmake_module: 0.10.0 (/opt/ros/humble/share/python_cmake_module/cmake)
[8.396s] -- Found PythonLibs: /usr/lib/x86_64-linux-gnu/libpython3.10.so (found suitable version "3.10.12", minimum required is "3.5") 
[8.396s] -- Using PYTHON_EXECUTABLE: /usr/bin/python3
[8.396s] -- Using PYTHON_INCLUDE_DIRS: /usr/include/python3.10
[8.396s] -- Using PYTHON_LIBRARIES: /usr/lib/x86_64-linux-gnu/libpython3.10.so
[8.443s] -- Found PythonExtra: .so  
[8.791s] -- Configuring done
[9.162s] -- Generating done
[9.236s] -- Build files have been written to: /home/ub/dodo/dodo_robot_ROS2/build/dodo_msgs
[9.292s] Invoked command in '/home/ub/dodo/dodo_robot_ROS2/build/dodo_msgs' returned '0': CMAKE_PREFIX_PATH=/opt/ros/humble /usr/bin/cmake /home/ub/dodo/dodo_robot_ROS2/src/dodo_msgs -DAMENT_CMAKE_SYMLINK_INSTALL=1 -DCMAKE_INSTALL_PREFIX=/home/ub/dodo/dodo_robot_ROS2/install/dodo_msgs
[9.324s] Invoking command in '/home/ub/dodo/dodo_robot_ROS2/build/dodo_msgs': CMAKE_PREFIX_PATH=/opt/ros/humble /usr/bin/cmake --build /home/ub/dodo/dodo_robot_ROS2/build/dodo_msgs -- -j2 -l2
[9.673s] [  3%] [34m[1mGenerating C code for ROS interfaces[0m
[9.683s] [  6%] [34m[1mGenerating C++ code for ROS interfaces[0m
[11.872s] [  6%] Built target dodo_msgs__cpp
[12.041s] [  9%] [32mBuilding C object CMakeFiles/dodo_msgs__rosidl_generator_c.dir/rosidl_generator_c/dodo_msgs/msg/detail/aligned_sensor_data__functions.c.o[0m
[12.059s] [  9%] Built target ament_cmake_python_symlink_dodo_msgs
[12.142s] [ 12%] [34m[1mGenerating C++ type support dispatch for ROS interfaces[0m
[12.294s] [ 16%] [32m[1mLinking C shared library libdodo_msgs__rosidl_generator_c.so[0m
[12.596s] [ 16%] Built target dodo_msgs__rosidl_generator_c
[12.650s] [ 19%] [34m[1mGenerating C++ type support for eProsima Fast-RTPS[0m
[13.353s] [ 22%] [32mBuilding CXX object CMakeFiles/dodo_msgs__rosidl_typesupport_cpp.dir/rosidl_typesupport_cpp/dodo_msgs/msg/aligned_sensor_data__type_support.cpp.o[0m
[14.295s] [ 25%] [32mBuilding CXX object CMakeFiles/dodo_msgs__rosidl_typesupport_fastrtps_cpp.dir/rosidl_typesupport_fastrtps_cpp/dodo_msgs/msg/detail/dds_fastrtps/aligned_sensor_data__type_support.cpp.o[0m
[14.956s] [ 29%] [32m[1mLinking CXX shared library libdodo_msgs__rosidl_typesupport_cpp.so[0m
[15.367s] [ 29%] Built target dodo_msgs__rosidl_typesupport_cpp
[15.516s] [ 32%] [34m[1mGenerating C++ introspection for ROS interfaces[0m
[16.739s] [ 35%] [32mBuilding CXX object CMakeFiles/dodo_msgs__rosidl_typesupport_introspection_cpp.dir/rosidl_typesupport_introspection_cpp/dodo_msgs/msg/detail/aligned_sensor_data__type_support.cpp.o[0m
[17.040s] [ 38%] [32m[1mLinking CXX shared library libdodo_msgs__rosidl_typesupport_fastrtps_cpp.so[0m
[17.346s] [ 38%] Built target dodo_msgs__rosidl_typesupport_fastrtps_cpp
[18.925s] running egg_info
[18.931s] creating dodo_msgs.egg-info
[18.936s] writing dodo_msgs.egg-info/PKG-INFO
[18.936s] writing dependency_links to dodo_msgs.egg-info/dependency_links.txt
[18.936s] writing top-level names to dodo_msgs.egg-info/top_level.txt
[18.938s] writing manifest file 'dodo_msgs.egg-info/SOURCES.txt'
[18.962s] reading manifest file 'dodo_msgs.egg-info/SOURCES.txt'
[18.962s] writing manifest file 'dodo_msgs.egg-info/SOURCES.txt'
[19.105s] [ 38%] Built target ament_cmake_python_build_dodo_msgs_egg
[19.173s] [ 41%] [34m[1mGenerating C type support for eProsima Fast-RTPS[0m
[19.599s] [ 45%] [32m[1mLinking CXX shared library libdodo_msgs__rosidl_typesupport_introspection_cpp.so[0m
[20.142s] [ 45%] Built target dodo_msgs__rosidl_typesupport_introspection_cpp
[20.226s] [ 48%] [34m[1mGenerating C introspection for ROS interfaces[0m
[20.817s] [ 51%] [32mBuilding CXX object CMakeFiles/dodo_msgs__rosidl_typesupport_fastrtps_c.dir/rosidl_typesupport_fastrtps_c/dodo_msgs/msg/detail/aligned_sensor_data__type_support_c.cpp.o[0m
[21.990s] [ 54%] [32mBuilding C object CMakeFiles/dodo_msgs__rosidl_typesupport_introspection_c.dir/rosidl_typesupport_introspection_c/dodo_msgs/msg/detail/aligned_sensor_data__type_support.c.o[0m
[22.248s] [ 58%] [32m[1mLinking C shared library libdodo_msgs__rosidl_typesupport_introspection_c.so[0m
[22.375s] [ 58%] Built target dodo_msgs__rosidl_typesupport_introspection_c
[22.432s] [ 61%] [34m[1mGenerating C type support dispatch for ROS interfaces[0m
[23.007s] [ 64%] [32m[1mLinking CXX shared library libdodo_msgs__rosidl_typesupport_fastrtps_c.so[0m
[23.378s] [ 64%] Built target dodo_msgs__rosidl_typesupport_fastrtps_c
[23.936s] [ 67%] [32mBuilding CXX object CMakeFiles/dodo_msgs__rosidl_typesupport_c.dir/rosidl_typesupport_c/dodo_msgs/msg/aligned_sensor_data__type_support.cpp.o[0m
[24.088s] [ 70%] [32m[1mLinking CXX shared library libdodo_msgs__rosidl_typesupport_c.so[0m
[24.270s] [ 70%] Built target dodo_msgs__rosidl_typesupport_c
[24.341s] [ 70%] Built target dodo_msgs
[24.500s] [ 74%] [34m[1mGenerating Python code for ROS interfaces[0m
[25.962s] [ 74%] Built target dodo_msgs__py
[26.024s] [ 77%] [32mBuilding C object CMakeFiles/dodo_msgs__rosidl_generator_py.dir/rosidl_generator_py/dodo_msgs/msg/_aligned_sensor_data_s.c.o[0m
[26.367s] [ 80%] [32m[1mLinking C shared library rosidl_generator_py/dodo_msgs/libdodo_msgs__rosidl_generator_py.so[0m
[26.506s] [ 80%] Built target dodo_msgs__rosidl_generator_py
[26.607s] [ 83%] [32mBuilding C object CMakeFiles/dodo_msgs__rosidl_typesupport_fastrtps_c__pyext.dir/rosidl_generator_py/dodo_msgs/_dodo_msgs_s.ep.rosidl_typesupport_fastrtps_c.c.o[0m
[26.652s] [ 87%] [32mBuilding C object CMakeFiles/dodo_msgs__rosidl_typesupport_introspection_c__pyext.dir/rosidl_generator_py/dodo_msgs/_dodo_msgs_s.ep.rosidl_typesupport_introspection_c.c.o[0m
[27.156s] [ 90%] [32m[1mLinking C shared library rosidl_generator_py/dodo_msgs/dodo_msgs_s__rosidl_typesupport_fastrtps_c.cpython-310-x86_64-linux-gnu.so[0m
[27.157s] [ 93%] [32m[1mLinking C shared library rosidl_generator_py/dodo_msgs/dodo_msgs_s__rosidl_typesupport_introspection_c.cpython-310-x86_64-linux-gnu.so[0m
[27.360s] [ 93%] Built target dodo_msgs__rosidl_typesupport_introspection_c__pyext
[27.460s] [ 93%] Built target dodo_msgs__rosidl_typesupport_fastrtps_c__pyext
[27.477s] [ 96%] [32mBuilding C object CMakeFiles/dodo_msgs__rosidl_typesupport_c__pyext.dir/rosidl_generator_py/dodo_msgs/_dodo_msgs_s.ep.rosidl_typesupport_c.c.o[0m
[27.747s] [100%] [32m[1mLinking C shared library rosidl_generator_py/dodo_msgs/dodo_msgs_s__rosidl_typesupport_c.cpython-310-x86_64-linux-gnu.so[0m
[27.925s] [100%] Built target dodo_msgs__rosidl_typesupport_c__pyext
[27.963s] Invoked command in '/home/ub/dodo/dodo_robot_ROS2/build/dodo_msgs' returned '0': CMAKE_PREFIX_PATH=/opt/ros/humble /usr/bin/cmake --build /home/ub/dodo/dodo_robot_ROS2/build/dodo_msgs -- -j2 -l2
[28.009s] Invoking command in '/home/ub/dodo/dodo_robot_ROS2/build/dodo_msgs': CMAKE_PREFIX_PATH=/opt/ros/humble /usr/bin/cmake --install /home/ub/dodo/dodo_robot_ROS2/build/dodo_msgs
[28.046s] -- Install configuration: ""
[28.050s] -- Execute custom install script
[28.053s] -- Symlinking: /home/ub/dodo/dodo_robot_ROS2/install/dodo_msgs/share/ament_index/resource_index/rosidl_interfaces/dodo_msgs
[28.088s] -- Symlinking: /home/ub/dodo/dodo_robot_ROS2/install/dodo_msgs/include/dodo_msgs/dodo_msgs/msg/aligned_sensor_data.h
[28.100s] -- Symlinking: /home/ub/dodo/dodo_robot_ROS2/install/dodo_msgs/include/dodo_msgs/dodo_msgs/msg/detail/aligned_sensor_data__functions.h
[28.115s] -- Symlinking: /home/ub/dodo/dodo_robot_ROS2/install/dodo_msgs/include/dodo_msgs/dodo_msgs/msg/detail/aligned_sensor_data__struct.h
[28.139s] -- Symlinking: /home/ub/dodo/dodo_robot_ROS2/install/dodo_msgs/include/dodo_msgs/dodo_msgs/msg/detail/aligned_sensor_data__type_support.h
[28.168s] -- Symlinking: /home/ub/dodo/dodo_robot_ROS2/install/dodo_msgs/include/dodo_msgs/dodo_msgs/msg/rosidl_generator_c__visibility_control.h
[28.192s] -- Symlinking: /home/ub/dodo/dodo_robot_ROS2/install/dodo_msgs/share/dodo_msgs/environment/library_path.sh
[28.214s] -- Symlinking: /home/ub/dodo/dodo_robot_ROS2/install/dodo_msgs/share/dodo_msgs/environment/library_path.dsv
[28.240s] -- Symlinking: /home/ub/dodo/dodo_robot_ROS2/install/dodo_msgs/include/dodo_msgs/dodo_msgs/msg/detail/aligned_sensor_data__rosidl_typesupport_fastrtps_c.h
[28.506s] -- Symlinking: /home/ub/dodo/dodo_robot_ROS2/install/dodo_msgs/include/dodo_msgs/dodo_msgs/msg/rosidl_typesupport_fastrtps_c__visibility_control.h
[28.595s] -- Symlinking: /home/ub/dodo/dodo_robot_ROS2/install/dodo_msgs/include/dodo_msgs/dodo_msgs/msg/detail/aligned_sensor_data__rosidl_typesupport_introspection_c.h
[28.619s] -- Symlinking: /home/ub/dodo/dodo_robot_ROS2/install/dodo_msgs/include/dodo_msgs/dodo_msgs/msg/rosidl_typesupport_introspection_c__visibility_control.h
[28.651s] -- Symlinking: /home/ub/dodo/dodo_robot_ROS2/install/dodo_msgs/include/dodo_msgs/dodo_msgs/msg/aligned_sensor_data.hpp
[28.678s] -- Symlinking: /home/ub/dodo/dodo_robot_ROS2/install/dodo_msgs/include/dodo_msgs/dodo_msgs/msg/detail/aligned_sensor_data__builder.hpp
[28.707s] -- Symlinking: /home/ub/dodo/dodo_robot_ROS2/install/dodo_msgs/include/dodo_msgs/dodo_msgs/msg/detail/aligned_sensor_data__struct.hpp
[28.754s] -- Symlinking: /home/ub/dodo/dodo_robot_ROS2/install/dodo_msgs/include/dodo_msgs/dodo_msgs/msg/detail/aligned_sensor_data__traits.hpp
[28.819s] -- Symlinking: /home/ub/dodo/dodo_robot_ROS2/install/dodo_msgs/include/dodo_msgs/dodo_msgs/msg/detail/aligned_sensor_data__type_support.hpp
[28.858s] -- Symlinking: /home/ub/dodo/dodo_robot_ROS2/install/dodo_msgs/include/dodo_msgs/dodo_msgs/msg/rosidl_generator_cpp__visibility_control.hpp
[28.946s] -- Symlinking: /home/ub/dodo/dodo_robot_ROS2/install/dodo_msgs/include/dodo_msgs/dodo_msgs/msg/detail/aligned_sensor_data__rosidl_typesupport_fastrtps_cpp.hpp
[28.998s] -- Symlinking: /home/ub/dodo/dodo_robot_ROS2/install/dodo_msgs/include/dodo_msgs/dodo_msgs/msg/rosidl_typesupport_fastrtps_cpp__visibility_control.h
[29.034s] -- Symlinking: /home/ub/dodo/dodo_robot_ROS2/install/dodo_msgs/include/dodo_msgs/dodo_msgs/msg/detail/aligned_sensor_data__rosidl_typesupport_introspection_cpp.hpp
[29.066s] -- Symlinking: /home/ub/dodo/dodo_robot_ROS2/install/dodo_msgs/share/dodo_msgs/environment/pythonpath.sh
[29.115s] -- Symlinking: /home/ub/dodo/dodo_robot_ROS2/install/dodo_msgs/share/dodo_msgs/environment/pythonpath.dsv
[29.163s] -- Symlinking: /home/ub/dodo/dodo_robot_ROS2/install/dodo_msgs/local/lib/python3.10/dist-packages/dodo_msgs-0.1.0-py3.10.egg-info/PKG-INFO
[29.204s] -- Symlinking: /home/ub/dodo/dodo_robot_ROS2/install/dodo_msgs/local/lib/python3.10/dist-packages/dodo_msgs-0.1.0-py3.10.egg-info/SOURCES.txt
[29.226s] -- Symlinking: /home/ub/dodo/dodo_robot_ROS2/install/dodo_msgs/local/lib/python3.10/dist-packages/dodo_msgs-0.1.0-py3.10.egg-info/dependency_links.txt
[29.259s] -- Symlinking: /home/ub/dodo/dodo_robot_ROS2/install/dodo_msgs/local/lib/python3.10/dist-packages/dodo_msgs-0.1.0-py3.10.egg-info/top_level.txt
[29.295s] -- Symlinking: /home/ub/dodo/dodo_robot_ROS2/install/dodo_msgs/local/lib/python3.10/dist-packages/dodo_msgs/__init__.py
[29.324s] -- Symlinking: /home/ub/dodo/dodo_robot_ROS2/install/dodo_msgs/local/lib/python3.10/dist-packages/dodo_msgs/_dodo_msgs_s.ep.rosidl_typesupport_c.c
[29.348s] -- Symlinking: /home/ub/dodo/dodo_robot_ROS2/install/dodo_msgs/local/lib/python3.10/dist-packages/dodo_msgs/_dodo_msgs_s.ep.rosidl_typesupport_fastrtps_c.c
[29.384s] -- Symlinking: /home/ub/dodo/dodo_robot_ROS2/install/dodo_msgs/local/lib/python3.10/dist-packages/dodo_msgs/_dodo_msgs_s.ep.rosidl_typesupport_introspection_c.c
[29.411s] -- Symlinking: /home/ub/dodo/dodo_robot_ROS2/install/dodo_msgs/local/lib/python3.10/dist-packages/dodo_msgs/dodo_msgs_s__rosidl_typesupport_c.cpython-310-x86_64-linux-gnu.so
[29.424s] -- Symlinking: /home/ub/dodo/dodo_robot_ROS2/install/dodo_msgs/local/lib/python3.10/dist-packages/dodo_msgs/dodo_msgs_s__rosidl_typesupport_fastrtps_c.cpython-310-x86_64-linux-gnu.so
[29.448s] -- Symlinking: /home/ub/dodo/dodo_robot_ROS2/install/dodo_msgs/local/lib/python3.10/dist-packages/dodo_msgs/dodo_msgs_s__rosidl_typesupport_introspection_c.cpython-310-x86_64-linux-gnu.so
[29.479s] -- Symlinking: /home/ub/dodo/dodo_robot_ROS2/install/dodo_msgs/local/lib/python3.10/dist-packages/dodo_msgs/libdodo_msgs__rosidl_generator_py.so
[29.506s] -- Symlinking: /home/ub/dodo/dodo_robot_ROS2/install/dodo_msgs/local/lib/python3.10/dist-packages/dodo_msgs/msg/__init__.py
[29.556s] -- Symlinking: /home/ub/dodo/dodo_robot_ROS2/install/dodo_msgs/local/lib/python3.10/dist-packages/dodo_msgs/msg/_aligned_sensor_data.py
[29.585s] -- Symlinking: /home/ub/dodo/dodo_robot_ROS2/install/dodo_msgs/local/lib/python3.10/dist-packages/dodo_msgs/msg/_aligned_sensor_data_s.c
[29.614s] -- Up-to-date symlink: /home/ub/dodo/dodo_robot_ROS2/install/dodo_msgs/local/lib/python3.10/dist-packages/dodo_msgs/dodo_msgs_s__rosidl_typesupport_fastrtps_c.cpython-310-x86_64-linux-gnu.so
[29.618s] -- Up-to-date symlink: /home/ub/dodo/dodo_robot_ROS2/install/dodo_msgs/local/lib/python3.10/dist-packages/dodo_msgs/dodo_msgs_s__rosidl_typesupport_introspection_c.cpython-310-x86_64-linux-gnu.so
[29.619s] -- Up-to-date symlink: /home/ub/dodo/dodo_robot_ROS2/install/dodo_msgs/local/lib/python3.10/dist-packages/dodo_msgs/dodo_msgs_s__rosidl_typesupport_c.cpython-310-x86_64-linux-gnu.so
[29.622s] -- Symlinking: /home/ub/dodo/dodo_robot_ROS2/install/dodo_msgs/share/dodo_msgs/msg/AlignedSensorData.idl
[29.678s] -- Symlinking: /home/ub/dodo/dodo_robot_ROS2/install/dodo_msgs/share/dodo_msgs/msg/AlignedSensorData.msg
[29.730s] -- Symlinking: /home/ub/dodo/dodo_robot_ROS2/install/dodo_msgs/share/ament_index/resource_index/package_run_dependencies/dodo_msgs
[29.760s] -- Symlinking: /home/ub/dodo/dodo_robot_ROS2/install/dodo_msgs/share/ament_index/resource_index/parent_prefix_path/dodo_msgs
[29.792s] -- Symlinking: /home/ub/dodo/dodo_robot_ROS2/install/dodo_msgs/share/dodo_msgs/environment/ament_prefix_path.sh
[29.820s] -- Symlinking: /home/ub/dodo/dodo_robot_ROS2/install/dodo_msgs/share/dodo_msgs/environment/ament_prefix_path.dsv
[29.855s] -- Symlinking: /home/ub/dodo/dodo_robot_ROS2/install/dodo_msgs/share/dodo_msgs/environment/path.sh
[29.919s] -- Symlinking: /home/ub/dodo/dodo_robot_ROS2/install/dodo_msgs/share/dodo_msgs/environment/path.dsv
[29.967s] -- Symlinking: /home/ub/dodo/dodo_robot_ROS2/install/dodo_msgs/share/dodo_msgs/local_setup.bash
[30.047s] -- Symlinking: /home/ub/dodo/dodo_robot_ROS2/install/dodo_msgs/share/dodo_msgs/local_setup.sh
[30.113s] -- Symlinking: /home/ub/dodo/dodo_robot_ROS2/install/dodo_msgs/share/dodo_msgs/local_setup.zsh
[30.139s] -- Symlinking: /home/ub/dodo/dodo_robot_ROS2/install/dodo_msgs/share/dodo_msgs/local_setup.dsv
[30.180s] -- Symlinking: /home/ub/dodo/dodo_robot_ROS2/install/dodo_msgs/share/dodo_msgs/package.dsv
[30.239s] -- Symlinking: /home/ub/dodo/dodo_robot_ROS2/install/dodo_msgs/share/ament_index/resource_index/packages/dodo_msgs
[30.277s] -- Symlinking: /home/ub/dodo/dodo_robot_ROS2/install/dodo_msgs/share/dodo_msgs/cmake/rosidl_cmake-extras.cmake
[30.316s] -- Symlinking: /home/ub/dodo/dodo_robot_ROS2/install/dodo_msgs/share/dodo_msgs/cmake/ament_cmake_export_dependencies-extras.cmake
[30.347s] -- Symlinking: /home/ub/dodo/dodo_robot_ROS2/install/dodo_msgs/share/dodo_msgs/cmake/ament_cmake_export_include_directories-extras.cmake
[30.385s] -- Symlinking: /home/ub/dodo/dodo_robot_ROS2/install/dodo_msgs/share/dodo_msgs/cmake/ament_cmake_export_libraries-extras.cmake
[30.412s] -- Symlinking: /home/ub/dodo/dodo_robot_ROS2/install/dodo_msgs/share/dodo_msgs/cmake/ament_cmake_export_targets-extras.cmake
[30.435s] -- Symlinking: /home/ub/dodo/dodo_robot_ROS2/install/dodo_msgs/share/dodo_msgs/cmake/rosidl_cmake_export_typesupport_targets-extras.cmake
[30.468s] -- Symlinking: /home/ub/dodo/dodo_robot_ROS2/install/dodo_msgs/share/dodo_msgs/cmake/rosidl_cmake_export_typesupport_libraries-extras.cmake
[30.509s] -- Symlinking: /home/ub/dodo/dodo_robot_ROS2/install/dodo_msgs/share/dodo_msgs/cmake/dodo_msgsConfig.cmake
[30.531s] -- Symlinking: /home/ub/dodo/dodo_robot_ROS2/install/dodo_msgs/share/dodo_msgs/cmake/dodo_msgsConfig-version.cmake
[30.582s] -- Symlinking: /home/ub/dodo/dodo_robot_ROS2/install/dodo_msgs/share/dodo_msgs/package.xml
[30.642s] -- Installing: /home/ub/dodo/dodo_robot_ROS2/install/dodo_msgs/lib/libdodo_msgs__rosidl_generator_c.so
[30.643s] -- Set runtime path of "/home/ub/dodo/dodo_robot_ROS2/install/dodo_msgs/lib/libdodo_msgs__rosidl_generator_c.so" to ""
[30.643s] -- Installing: /home/ub/dodo/dodo_robot_ROS2/install/dodo_msgs/lib/libdodo_msgs__rosidl_typesupport_fastrtps_c.so
[30.643s] -- Set runtime path of "/home/ub/dodo/dodo_robot_ROS2/install/dodo_msgs/lib/libdodo_msgs__rosidl_typesupport_fastrtps_c.so" to ""
[30.643s] -- Installing: /home/ub/dodo/dodo_robot_ROS2/install/dodo_msgs/lib/libdodo_msgs__rosidl_typesupport_introspection_c.so
[30.647s] -- Set runtime path of "/home/ub/dodo/dodo_robot_ROS2/install/dodo_msgs/lib/libdodo_msgs__rosidl_typesupport_introspection_c.so" to ""
[30.647s] -- Installing: /home/ub/dodo/dodo_robot_ROS2/install/dodo_msgs/lib/libdodo_msgs__rosidl_typesupport_c.so
[30.647s] -- Set runtime path of "/home/ub/dodo/dodo_robot_ROS2/install/dodo_msgs/lib/libdodo_msgs__rosidl_typesupport_c.so" to ""
[30.648s] -- Installing: /home/ub/dodo/dodo_robot_ROS2/install/dodo_msgs/lib/libdodo_msgs__rosidl_typesupport_fastrtps_cpp.so
[30.648s] -- Set runtime path of "/home/ub/dodo/dodo_robot_ROS2/install/dodo_msgs/lib/libdodo_msgs__rosidl_typesupport_fastrtps_cpp.so" to ""
[30.648s] -- Installing: /home/ub/dodo/dodo_robot_ROS2/install/dodo_msgs/lib/libdodo_msgs__rosidl_typesupport_introspection_cpp.so
[30.648s] -- Set runtime path of "/home/ub/dodo/dodo_robot_ROS2/install/dodo_msgs/lib/libdodo_msgs__rosidl_typesupport_introspection_cpp.so" to ""
[30.648s] -- Installing: /home/ub/dodo/dodo_robot_ROS2/install/dodo_msgs/lib/libdodo_msgs__rosidl_typesupport_cpp.so
[30.648s] -- Set runtime path of "/home/ub/dodo/dodo_robot_ROS2/install/dodo_msgs/lib/libdodo_msgs__rosidl_typesupport_cpp.so" to ""
[30.756s] Listing '/home/ub/dodo/dodo_robot_ROS2/install/dodo_msgs/local/lib/python3.10/dist-packages/dodo_msgs'...
[30.757s] Compiling '/home/ub/dodo/dodo_robot_ROS2/install/dodo_msgs/local/lib/python3.10/dist-packages/dodo_msgs/__init__.py'...
[30.757s] Listing '/home/ub/dodo/dodo_robot_ROS2/install/dodo_msgs/local/lib/python3.10/dist-packages/dodo_msgs/msg'...
[30.757s] Compiling '/home/ub/dodo/dodo_robot_ROS2/install/dodo_msgs/local/lib/python3.10/dist-packages/dodo_msgs/msg/__init__.py'...
[30.757s] Compiling '/home/ub/dodo/dodo_robot_ROS2/install/dodo_msgs/local/lib/python3.10/dist-packages/dodo_msgs/msg/_aligned_sensor_data.py'...
[30.771s] -- Installing: /home/ub/dodo/dodo_robot_ROS2/install/dodo_msgs/lib/libdodo_msgs__rosidl_generator_py.so
[30.772s] -- Set runtime path of "/home/ub/dodo/dodo_robot_ROS2/install/dodo_msgs/lib/libdodo_msgs__rosidl_generator_py.so" to ""
[30.772s] -- Installing: /home/ub/dodo/dodo_robot_ROS2/install/dodo_msgs/share/dodo_msgs/cmake/export_dodo_msgs__rosidl_generator_cExport.cmake
[30.772s] -- Installing: /home/ub/dodo/dodo_robot_ROS2/install/dodo_msgs/share/dodo_msgs/cmake/export_dodo_msgs__rosidl_generator_cExport-noconfig.cmake
[30.772s] -- Installing: /home/ub/dodo/dodo_robot_ROS2/install/dodo_msgs/share/dodo_msgs/cmake/export_dodo_msgs__rosidl_typesupport_fastrtps_cExport.cmake
[30.772s] -- Installing: /home/ub/dodo/dodo_robot_ROS2/install/dodo_msgs/share/dodo_msgs/cmake/export_dodo_msgs__rosidl_typesupport_fastrtps_cExport-noconfig.cmake
[30.772s] -- Installing: /home/ub/dodo/dodo_robot_ROS2/install/dodo_msgs/share/dodo_msgs/cmake/dodo_msgs__rosidl_typesupport_introspection_cExport.cmake
[30.772s] -- Installing: /home/ub/dodo/dodo_robot_ROS2/install/dodo_msgs/share/dodo_msgs/cmake/dodo_msgs__rosidl_typesupport_introspection_cExport-noconfig.cmake
[30.773s] -- Installing: /home/ub/dodo/dodo_robot_ROS2/install/dodo_msgs/share/dodo_msgs/cmake/dodo_msgs__rosidl_typesupport_cExport.cmake
[30.773s] -- Installing: /home/ub/dodo/dodo_robot_ROS2/install/dodo_msgs/share/dodo_msgs/cmake/dodo_msgs__rosidl_typesupport_cExport-noconfig.cmake
[30.779s] -- Installing: /home/ub/dodo/dodo_robot_ROS2/install/dodo_msgs/share/dodo_msgs/cmake/export_dodo_msgs__rosidl_generator_cppExport.cmake
[30.779s] -- Installing: /home/ub/dodo/dodo_robot_ROS2/install/dodo_msgs/share/dodo_msgs/cmake/export_dodo_msgs__rosidl_typesupport_fastrtps_cppExport.cmake
[30.779s] -- Installing: /home/ub/dodo/dodo_robot_ROS2/install/dodo_msgs/share/dodo_msgs/cmake/export_dodo_msgs__rosidl_typesupport_fastrtps_cppExport-noconfig.cmake
[30.779s] -- Installing: /home/ub/dodo/dodo_robot_ROS2/install/dodo_msgs/share/dodo_msgs/cmake/dodo_msgs__rosidl_typesupport_introspection_cppExport.cmake
[30.780s] -- Installing: /home/ub/dodo/dodo_robot_ROS2/install/dodo_msgs/share/dodo_msgs/cmake/dodo_msgs__rosidl_typesupport_introspection_cppExport-noconfig.cmake
[30.780s] -- Installing: /home/ub/dodo/dodo_robot_ROS2/install/dodo_msgs/share/dodo_msgs/cmake/dodo_msgs__rosidl_typesupport_cppExport.cmake
[30.780s] -- Installing: /home/ub/dodo/dodo_robot_ROS2/install/dodo_msgs/share/dodo_msgs/cmake/dodo_msgs__rosidl_typesupport_cppExport-noconfig.cmake
[30.787s] -- Installing: /home/ub/dodo/dodo_robot_ROS2/install/dodo_msgs/share/dodo_msgs/cmake/export_dodo_msgs__rosidl_generator_pyExport.cmake
[30.788s] -- Installing: /home/ub/dodo/dodo_robot_ROS2/install/dodo_msgs/share/dodo_msgs/cmake/export_dodo_msgs__rosidl_generator_pyExport-noconfig.cmake
[30.797s] Invoked command in '/home/ub/dodo/dodo_robot_ROS2/build/dodo_msgs' returned '0': CMAKE_PREFIX_PATH=/opt/ros/humble /usr/bin/cmake --install /home/ub/dodo/dodo_robot_ROS2/build/dodo_msgs
