[0.033s] Invoking command in '/home/ub/dodo/dodo_robot_ROS2/build/dodo_imu': CMAKE_PREFIX_PATH=/opt/ros/humble /usr/bin/cmake --build /home/ub/dodo/dodo_robot_ROS2/build/dodo_imu -- -j2 -l2
[0.325s] [35m[1mConsolidate compiler generated dependencies of target imu_node[0m
[0.441s] [100%] Built target imu_node
[0.527s] Invoked command in '/home/ub/dodo/dodo_robot_ROS2/build/dodo_imu' returned '0': CMAKE_PREFIX_PATH=/opt/ros/humble /usr/bin/cmake --build /home/ub/dodo/dodo_robot_ROS2/build/dodo_imu -- -j2 -l2
[0.554s] Invoking command in '/home/ub/dodo/dodo_robot_ROS2/build/dodo_imu': CMAKE_PREFIX_PATH=/opt/ros/humble /usr/bin/cmake --install /home/ub/dodo/dodo_robot_ROS2/build/dodo_imu
[0.611s] -- Install configuration: ""
[0.611s] -- Execute custom install script
[0.616s] -- Up-to-date symlink: /home/ub/dodo/dodo_robot_ROS2/install/dodo_imu/lib/dodo_imu/imu_node
[0.622s] -- Up-to-date symlink: /home/ub/dodo/dodo_robot_ROS2/install/dodo_imu/share/dodo_imu/launch/imu_node.launch.py
[0.626s] -- Up-to-date symlink: /home/ub/dodo/dodo_robot_ROS2/install/dodo_imu/include//dodo_imu/imu_driver.hpp
[0.626s] -- Up-to-date symlink: /home/ub/dodo/dodo_robot_ROS2/install/dodo_imu/include//dodo_imu/imu_node.hpp
[0.630s] -- Up-to-date symlink: /home/ub/dodo/dodo_robot_ROS2/install/dodo_imu/share/ament_index/resource_index/package_run_dependencies/dodo_imu
[0.631s] -- Up-to-date symlink: /home/ub/dodo/dodo_robot_ROS2/install/dodo_imu/share/ament_index/resource_index/parent_prefix_path/dodo_imu
[0.631s] -- Up-to-date symlink: /home/ub/dodo/dodo_robot_ROS2/install/dodo_imu/share/dodo_imu/environment/ament_prefix_path.sh
[0.631s] -- Up-to-date symlink: /home/ub/dodo/dodo_robot_ROS2/install/dodo_imu/share/dodo_imu/environment/ament_prefix_path.dsv
[0.631s] -- Up-to-date symlink: /home/ub/dodo/dodo_robot_ROS2/install/dodo_imu/share/dodo_imu/environment/path.sh
[0.631s] -- Up-to-date symlink: /home/ub/dodo/dodo_robot_ROS2/install/dodo_imu/share/dodo_imu/environment/path.dsv
[0.631s] -- Up-to-date symlink: /home/ub/dodo/dodo_robot_ROS2/install/dodo_imu/share/dodo_imu/local_setup.bash
[0.632s] -- Up-to-date symlink: /home/ub/dodo/dodo_robot_ROS2/install/dodo_imu/share/dodo_imu/local_setup.sh
[0.632s] -- Up-to-date symlink: /home/ub/dodo/dodo_robot_ROS2/install/dodo_imu/share/dodo_imu/local_setup.zsh
[0.648s] -- Up-to-date symlink: /home/ub/dodo/dodo_robot_ROS2/install/dodo_imu/share/dodo_imu/local_setup.dsv
[0.648s] -- Symlinking: /home/ub/dodo/dodo_robot_ROS2/install/dodo_imu/share/dodo_imu/package.dsv
[0.692s] -- Up-to-date symlink: /home/ub/dodo/dodo_robot_ROS2/install/dodo_imu/share/ament_index/resource_index/packages/dodo_imu
[0.692s] -- Up-to-date symlink: /home/ub/dodo/dodo_robot_ROS2/install/dodo_imu/share/dodo_imu/cmake/dodo_imuConfig.cmake
[0.692s] -- Up-to-date symlink: /home/ub/dodo/dodo_robot_ROS2/install/dodo_imu/share/dodo_imu/cmake/dodo_imuConfig-version.cmake
[0.693s] -- Up-to-date symlink: /home/ub/dodo/dodo_robot_ROS2/install/dodo_imu/share/dodo_imu/package.xml
[0.711s] Invoked command in '/home/ub/dodo/dodo_robot_ROS2/build/dodo_imu' returned '0': CMAKE_PREFIX_PATH=/opt/ros/humble /usr/bin/cmake --install /home/ub/dodo/dodo_robot_ROS2/build/dodo_imu
