[0.358s] DEBUG:colcon:Command line arguments: ['/usr/bin/colcon', 'build', '--symlink-install']
[0.359s] DEBUG:colcon:Parsed command line arguments: Namespace(log_base=None, log_level=None, verb_name='build', build_base='build', install_base='install', merge_install=False, symlink_install=True, test_result_base=None, continue_on_error=False, executor='parallel', parallel_workers=2, event_handlers=None, ignore_user_meta=False, metas=['./colcon.meta'], base_paths=['.'], packages_ignore=None, packages_ignore_regex=None, paths=None, packages_up_to=None, packages_up_to_regex=None, packages_above=None, packages_above_and_dependencies=None, packages_above_depth=None, packages_select_by_dep=None, packages_skip_by_dep=None, packages_skip_up_to=None, packages_select_build_failed=False, packages_skip_build_finished=False, packages_select_test_failures=False, packages_skip_test_passed=False, packages_select=None, packages_skip=None, packages_select_regex=None, packages_skip_regex=None, packages_start=None, packages_end=None, allow_overriding=[], cmake_args=None, cmake_target=None, cmake_target_skip_unavailable=False, cmake_clean_cache=False, cmake_clean_first=False, cmake_force_configure=False, ament_cmake_args=None, catkin_cmake_args=None, catkin_skip_building_tests=False, verb_parser=<colcon_defaults.argument_parser.defaults.DefaultArgumentsDecorator object at 0x7faf523636a0>, verb_extension=<colcon_core.verb.build.BuildVerb object at 0x7faf52362da0>, main=<bound method BuildVerb.main of <colcon_core.verb.build.BuildVerb object at 0x7faf52362da0>>)
[0.632s] Level 1:colcon.colcon_core.package_discovery:discover_packages(colcon_meta) check parameters
[0.632s] Level 1:colcon.colcon_core.package_discovery:discover_packages(recursive) check parameters
[0.632s] Level 1:colcon.colcon_core.package_discovery:discover_packages(ignore) check parameters
[0.632s] Level 1:colcon.colcon_core.package_discovery:discover_packages(path) check parameters
[0.632s] Level 1:colcon.colcon_core.package_discovery:discover_packages(colcon_meta) discover
[0.632s] Level 1:colcon.colcon_core.package_discovery:discover_packages(recursive) discover
[0.632s] INFO:colcon.colcon_core.package_discovery:Crawling recursively for packages in '/home/ubuntu/dodo_main/dodo_robot_ws'
[0.632s] Level 1:colcon.colcon_core.package_identification:_identify(.) by extensions ['ignore', 'ignore_ament_install']
[0.632s] Level 1:colcon.colcon_core.package_identification:_identify(.) by extension 'ignore'
[0.632s] Level 1:colcon.colcon_core.package_identification:_identify(.) by extension 'ignore_ament_install'
[0.632s] Level 1:colcon.colcon_core.package_identification:_identify(.) by extensions ['colcon_pkg']
[0.632s] Level 1:colcon.colcon_core.package_identification:_identify(.) by extension 'colcon_pkg'
[0.632s] Level 1:colcon.colcon_core.package_identification:_identify(.) by extensions ['colcon_meta']
[0.632s] Level 1:colcon.colcon_core.package_identification:_identify(.) by extension 'colcon_meta'
[0.632s] Level 1:colcon.colcon_core.package_identification:_identify(.) by extensions ['ros']
[0.632s] Level 1:colcon.colcon_core.package_identification:_identify(.) by extension 'ros'
[0.642s] Level 1:colcon.colcon_core.package_identification:_identify(.) by extensions ['cmake', 'python']
[0.642s] Level 1:colcon.colcon_core.package_identification:_identify(.) by extension 'cmake'
[0.642s] Level 1:colcon.colcon_core.package_identification:_identify(.) by extension 'python'
[0.642s] Level 1:colcon.colcon_core.package_identification:_identify(.) by extensions ['python_setup_py']
[0.642s] Level 1:colcon.colcon_core.package_identification:_identify(.) by extension 'python_setup_py'
[0.642s] Level 1:colcon.colcon_core.package_identification:_identify(build) by extensions ['ignore', 'ignore_ament_install']
[0.643s] Level 1:colcon.colcon_core.package_identification:_identify(build) by extension 'ignore'
[0.643s] Level 1:colcon.colcon_core.package_identification:_identify(build) ignored
[0.643s] Level 1:colcon.colcon_core.package_identification:_identify(install) by extensions ['ignore', 'ignore_ament_install']
[0.643s] Level 1:colcon.colcon_core.package_identification:_identify(install) by extension 'ignore'
[0.643s] Level 1:colcon.colcon_core.package_identification:_identify(install) ignored
[0.643s] Level 1:colcon.colcon_core.package_identification:_identify(log) by extensions ['ignore', 'ignore_ament_install']
[0.643s] Level 1:colcon.colcon_core.package_identification:_identify(log) by extension 'ignore'
[0.643s] Level 1:colcon.colcon_core.package_identification:_identify(log) ignored
[0.643s] Level 1:colcon.colcon_core.package_identification:_identify(media) by extensions ['ignore', 'ignore_ament_install']
[0.643s] Level 1:colcon.colcon_core.package_identification:_identify(media) by extension 'ignore'
[0.643s] Level 1:colcon.colcon_core.package_identification:_identify(media) by extension 'ignore_ament_install'
[0.643s] Level 1:colcon.colcon_core.package_identification:_identify(media) by extensions ['colcon_pkg']
[0.643s] Level 1:colcon.colcon_core.package_identification:_identify(media) by extension 'colcon_pkg'
[0.643s] Level 1:colcon.colcon_core.package_identification:_identify(media) by extensions ['colcon_meta']
[0.643s] Level 1:colcon.colcon_core.package_identification:_identify(media) by extension 'colcon_meta'
[0.643s] Level 1:colcon.colcon_core.package_identification:_identify(media) by extensions ['ros']
[0.643s] Level 1:colcon.colcon_core.package_identification:_identify(media) by extension 'ros'
[0.643s] Level 1:colcon.colcon_core.package_identification:_identify(media) by extensions ['cmake', 'python']
[0.643s] Level 1:colcon.colcon_core.package_identification:_identify(media) by extension 'cmake'
[0.643s] Level 1:colcon.colcon_core.package_identification:_identify(media) by extension 'python'
[0.643s] Level 1:colcon.colcon_core.package_identification:_identify(media) by extensions ['python_setup_py']
[0.643s] Level 1:colcon.colcon_core.package_identification:_identify(media) by extension 'python_setup_py'
[0.643s] Level 1:colcon.colcon_core.package_identification:_identify(src) by extensions ['ignore', 'ignore_ament_install']
[0.643s] Level 1:colcon.colcon_core.package_identification:_identify(src) by extension 'ignore'
[0.643s] Level 1:colcon.colcon_core.package_identification:_identify(src) by extension 'ignore_ament_install'
[0.643s] Level 1:colcon.colcon_core.package_identification:_identify(src) by extensions ['colcon_pkg']
[0.643s] Level 1:colcon.colcon_core.package_identification:_identify(src) by extension 'colcon_pkg'
[0.643s] Level 1:colcon.colcon_core.package_identification:_identify(src) by extensions ['colcon_meta']
[0.643s] Level 1:colcon.colcon_core.package_identification:_identify(src) by extension 'colcon_meta'
[0.643s] Level 1:colcon.colcon_core.package_identification:_identify(src) by extensions ['ros']
[0.643s] Level 1:colcon.colcon_core.package_identification:_identify(src) by extension 'ros'
[0.644s] Level 1:colcon.colcon_core.package_identification:_identify(src) by extensions ['cmake', 'python']
[0.644s] Level 1:colcon.colcon_core.package_identification:_identify(src) by extension 'cmake'
[0.644s] Level 1:colcon.colcon_core.package_identification:_identify(src) by extension 'python'
[0.644s] Level 1:colcon.colcon_core.package_identification:_identify(src) by extensions ['python_setup_py']
[0.644s] Level 1:colcon.colcon_core.package_identification:_identify(src) by extension 'python_setup_py'
[0.644s] Level 1:colcon.colcon_core.package_identification:_identify(src/dodo_bringup) by extensions ['ignore', 'ignore_ament_install']
[0.644s] Level 1:colcon.colcon_core.package_identification:_identify(src/dodo_bringup) by extension 'ignore'
[0.644s] Level 1:colcon.colcon_core.package_identification:_identify(src/dodo_bringup) by extension 'ignore_ament_install'
[0.644s] Level 1:colcon.colcon_core.package_identification:_identify(src/dodo_bringup) by extensions ['colcon_pkg']
[0.644s] Level 1:colcon.colcon_core.package_identification:_identify(src/dodo_bringup) by extension 'colcon_pkg'
[0.644s] Level 1:colcon.colcon_core.package_identification:_identify(src/dodo_bringup) by extensions ['colcon_meta']
[0.644s] Level 1:colcon.colcon_core.package_identification:_identify(src/dodo_bringup) by extension 'colcon_meta'
[0.644s] Level 1:colcon.colcon_core.package_identification:_identify(src/dodo_bringup) by extensions ['ros']
[0.644s] Level 1:colcon.colcon_core.package_identification:_identify(src/dodo_bringup) by extension 'ros'
[0.647s] DEBUG:colcon.colcon_core.package_identification:Package 'src/dodo_bringup' with type 'ros.ament_cmake' and name 'dodo_bringup'
[0.647s] Level 1:colcon.colcon_core.package_identification:_identify(src/dodo_canbus) by extensions ['ignore', 'ignore_ament_install']
[0.647s] Level 1:colcon.colcon_core.package_identification:_identify(src/dodo_canbus) by extension 'ignore'
[0.647s] Level 1:colcon.colcon_core.package_identification:_identify(src/dodo_canbus) by extension 'ignore_ament_install'
[0.647s] Level 1:colcon.colcon_core.package_identification:_identify(src/dodo_canbus) by extensions ['colcon_pkg']
[0.647s] Level 1:colcon.colcon_core.package_identification:_identify(src/dodo_canbus) by extension 'colcon_pkg'
[0.647s] Level 1:colcon.colcon_core.package_identification:_identify(src/dodo_canbus) by extensions ['colcon_meta']
[0.647s] Level 1:colcon.colcon_core.package_identification:_identify(src/dodo_canbus) by extension 'colcon_meta'
[0.647s] Level 1:colcon.colcon_core.package_identification:_identify(src/dodo_canbus) by extensions ['ros']
[0.647s] Level 1:colcon.colcon_core.package_identification:_identify(src/dodo_canbus) by extension 'ros'
[0.648s] DEBUG:colcon.colcon_core.package_identification:Package 'src/dodo_canbus' with type 'ros.ament_cmake' and name 'dodo_canbus'
[0.648s] Level 1:colcon.colcon_core.package_identification:_identify(src/dodo_imu) by extensions ['ignore', 'ignore_ament_install']
[0.648s] Level 1:colcon.colcon_core.package_identification:_identify(src/dodo_imu) by extension 'ignore'
[0.648s] Level 1:colcon.colcon_core.package_identification:_identify(src/dodo_imu) by extension 'ignore_ament_install'
[0.648s] Level 1:colcon.colcon_core.package_identification:_identify(src/dodo_imu) by extensions ['colcon_pkg']
[0.648s] Level 1:colcon.colcon_core.package_identification:_identify(src/dodo_imu) by extension 'colcon_pkg'
[0.648s] Level 1:colcon.colcon_core.package_identification:_identify(src/dodo_imu) by extensions ['colcon_meta']
[0.648s] Level 1:colcon.colcon_core.package_identification:_identify(src/dodo_imu) by extension 'colcon_meta'
[0.648s] Level 1:colcon.colcon_core.package_identification:_identify(src/dodo_imu) by extensions ['ros']
[0.648s] Level 1:colcon.colcon_core.package_identification:_identify(src/dodo_imu) by extension 'ros'
[0.648s] DEBUG:colcon.colcon_core.package_identification:Package 'src/dodo_imu' with type 'ros.ament_cmake' and name 'dodo_imu'
[0.648s] Level 1:colcon.colcon_core.package_identification:_identify(src/dodo_monitor) by extensions ['ignore', 'ignore_ament_install']
[0.649s] Level 1:colcon.colcon_core.package_identification:_identify(src/dodo_monitor) by extension 'ignore'
[0.649s] Level 1:colcon.colcon_core.package_identification:_identify(src/dodo_monitor) by extension 'ignore_ament_install'
[0.649s] Level 1:colcon.colcon_core.package_identification:_identify(src/dodo_monitor) by extensions ['colcon_pkg']
[0.649s] Level 1:colcon.colcon_core.package_identification:_identify(src/dodo_monitor) by extension 'colcon_pkg'
[0.649s] Level 1:colcon.colcon_core.package_identification:_identify(src/dodo_monitor) by extensions ['colcon_meta']
[0.649s] Level 1:colcon.colcon_core.package_identification:_identify(src/dodo_monitor) by extension 'colcon_meta'
[0.649s] Level 1:colcon.colcon_core.package_identification:_identify(src/dodo_monitor) by extensions ['ros']
[0.649s] Level 1:colcon.colcon_core.package_identification:_identify(src/dodo_monitor) by extension 'ros'
[0.649s] DEBUG:colcon.colcon_core.package_identification:Package 'src/dodo_monitor' with type 'ros.ament_cmake' and name 'dodo_monitor'
[0.649s] Level 1:colcon.colcon_core.package_identification:_identify(src/dodo_msgs) by extensions ['ignore', 'ignore_ament_install']
[0.649s] Level 1:colcon.colcon_core.package_identification:_identify(src/dodo_msgs) by extension 'ignore'
[0.649s] Level 1:colcon.colcon_core.package_identification:_identify(src/dodo_msgs) by extension 'ignore_ament_install'
[0.649s] Level 1:colcon.colcon_core.package_identification:_identify(src/dodo_msgs) by extensions ['colcon_pkg']
[0.649s] Level 1:colcon.colcon_core.package_identification:_identify(src/dodo_msgs) by extension 'colcon_pkg'
[0.649s] Level 1:colcon.colcon_core.package_identification:_identify(src/dodo_msgs) by extensions ['colcon_meta']
[0.649s] Level 1:colcon.colcon_core.package_identification:_identify(src/dodo_msgs) by extension 'colcon_meta'
[0.649s] Level 1:colcon.colcon_core.package_identification:_identify(src/dodo_msgs) by extensions ['ros']
[0.649s] Level 1:colcon.colcon_core.package_identification:_identify(src/dodo_msgs) by extension 'ros'
[0.650s] DEBUG:colcon.colcon_core.package_identification:Package 'src/dodo_msgs' with type 'ros.ament_cmake' and name 'dodo_msgs'
[0.650s] Level 1:colcon.colcon_core.package_identification:_identify(src/dodo_processing) by extensions ['ignore', 'ignore_ament_install']
[0.650s] Level 1:colcon.colcon_core.package_identification:_identify(src/dodo_processing) by extension 'ignore'
[0.650s] Level 1:colcon.colcon_core.package_identification:_identify(src/dodo_processing) by extension 'ignore_ament_install'
[0.650s] Level 1:colcon.colcon_core.package_identification:_identify(src/dodo_processing) by extensions ['colcon_pkg']
[0.650s] Level 1:colcon.colcon_core.package_identification:_identify(src/dodo_processing) by extension 'colcon_pkg'
[0.650s] Level 1:colcon.colcon_core.package_identification:_identify(src/dodo_processing) by extensions ['colcon_meta']
[0.650s] Level 1:colcon.colcon_core.package_identification:_identify(src/dodo_processing) by extension 'colcon_meta'
[0.650s] Level 1:colcon.colcon_core.package_identification:_identify(src/dodo_processing) by extensions ['ros']
[0.650s] Level 1:colcon.colcon_core.package_identification:_identify(src/dodo_processing) by extension 'ros'
[0.650s] DEBUG:colcon.colcon_core.package_identification:Package 'src/dodo_processing' with type 'ros.ament_cmake' and name 'dodo_processing'
[0.650s] Level 1:colcon.colcon_core.package_identification:_identify(src/dodo_rl) by extensions ['ignore', 'ignore_ament_install']
[0.650s] Level 1:colcon.colcon_core.package_identification:_identify(src/dodo_rl) by extension 'ignore'
[0.650s] Level 1:colcon.colcon_core.package_identification:_identify(src/dodo_rl) by extension 'ignore_ament_install'
[0.651s] Level 1:colcon.colcon_core.package_identification:_identify(src/dodo_rl) by extensions ['colcon_pkg']
[0.651s] Level 1:colcon.colcon_core.package_identification:_identify(src/dodo_rl) by extension 'colcon_pkg'
[0.651s] Level 1:colcon.colcon_core.package_identification:_identify(src/dodo_rl) by extensions ['colcon_meta']
[0.651s] Level 1:colcon.colcon_core.package_identification:_identify(src/dodo_rl) by extension 'colcon_meta'
[0.651s] Level 1:colcon.colcon_core.package_identification:_identify(src/dodo_rl) by extensions ['ros']
[0.651s] Level 1:colcon.colcon_core.package_identification:_identify(src/dodo_rl) by extension 'ros'
[0.651s] DEBUG:colcon.colcon_core.package_identification:Package 'src/dodo_rl' with type 'ros.ament_cmake' and name 'dodo_rl'
[0.651s] Level 1:colcon.colcon_core.package_identification:_identify(src/dodo_robot_ws) by extensions ['ignore', 'ignore_ament_install']
[0.651s] Level 1:colcon.colcon_core.package_identification:_identify(src/dodo_robot_ws) by extension 'ignore'
[0.651s] Level 1:colcon.colcon_core.package_identification:_identify(src/dodo_robot_ws) by extension 'ignore_ament_install'
[0.651s] Level 1:colcon.colcon_core.package_identification:_identify(src/dodo_robot_ws) by extensions ['colcon_pkg']
[0.651s] Level 1:colcon.colcon_core.package_identification:_identify(src/dodo_robot_ws) by extension 'colcon_pkg'
[0.651s] Level 1:colcon.colcon_core.package_identification:_identify(src/dodo_robot_ws) by extensions ['colcon_meta']
[0.651s] Level 1:colcon.colcon_core.package_identification:_identify(src/dodo_robot_ws) by extension 'colcon_meta'
[0.651s] Level 1:colcon.colcon_core.package_identification:_identify(src/dodo_robot_ws) by extensions ['ros']
[0.651s] Level 1:colcon.colcon_core.package_identification:_identify(src/dodo_robot_ws) by extension 'ros'
[0.651s] Level 1:colcon.colcon_core.package_identification:_identify(src/dodo_robot_ws) by extensions ['cmake', 'python']
[0.651s] Level 1:colcon.colcon_core.package_identification:_identify(src/dodo_robot_ws) by extension 'cmake'
[0.651s] Level 1:colcon.colcon_core.package_identification:_identify(src/dodo_robot_ws) by extension 'python'
[0.651s] Level 1:colcon.colcon_core.package_identification:_identify(src/dodo_robot_ws) by extensions ['python_setup_py']
[0.651s] Level 1:colcon.colcon_core.package_identification:_identify(src/dodo_robot_ws) by extension 'python_setup_py'
[0.651s] Level 1:colcon.colcon_core.package_identification:_identify(src/dodo_safety) by extensions ['ignore', 'ignore_ament_install']
[0.652s] Level 1:colcon.colcon_core.package_identification:_identify(src/dodo_safety) by extension 'ignore'
[0.652s] Level 1:colcon.colcon_core.package_identification:_identify(src/dodo_safety) by extension 'ignore_ament_install'
[0.652s] Level 1:colcon.colcon_core.package_identification:_identify(src/dodo_safety) by extensions ['colcon_pkg']
[0.652s] Level 1:colcon.colcon_core.package_identification:_identify(src/dodo_safety) by extension 'colcon_pkg'
[0.652s] Level 1:colcon.colcon_core.package_identification:_identify(src/dodo_safety) by extensions ['colcon_meta']
[0.652s] Level 1:colcon.colcon_core.package_identification:_identify(src/dodo_safety) by extension 'colcon_meta'
[0.652s] Level 1:colcon.colcon_core.package_identification:_identify(src/dodo_safety) by extensions ['ros']
[0.652s] Level 1:colcon.colcon_core.package_identification:_identify(src/dodo_safety) by extension 'ros'
[0.652s] DEBUG:colcon.colcon_core.package_identification:Package 'src/dodo_safety' with type 'ros.ament_cmake' and name 'dodo_safety'
[0.652s] Level 1:colcon.colcon_core.package_identification:_identify(src/dodo_sensor_fusion) by extensions ['ignore', 'ignore_ament_install']
[0.652s] Level 1:colcon.colcon_core.package_identification:_identify(src/dodo_sensor_fusion) by extension 'ignore'
[0.652s] Level 1:colcon.colcon_core.package_identification:_identify(src/dodo_sensor_fusion) by extension 'ignore_ament_install'
[0.652s] Level 1:colcon.colcon_core.package_identification:_identify(src/dodo_sensor_fusion) by extensions ['colcon_pkg']
[0.652s] Level 1:colcon.colcon_core.package_identification:_identify(src/dodo_sensor_fusion) by extension 'colcon_pkg'
[0.652s] Level 1:colcon.colcon_core.package_identification:_identify(src/dodo_sensor_fusion) by extensions ['colcon_meta']
[0.652s] Level 1:colcon.colcon_core.package_identification:_identify(src/dodo_sensor_fusion) by extension 'colcon_meta'
[0.652s] Level 1:colcon.colcon_core.package_identification:_identify(src/dodo_sensor_fusion) by extensions ['ros']
[0.652s] Level 1:colcon.colcon_core.package_identification:_identify(src/dodo_sensor_fusion) by extension 'ros'
[0.653s] DEBUG:colcon.colcon_core.package_identification:Package 'src/dodo_sensor_fusion' with type 'ros.ament_cmake' and name 'dodo_sensor_fusion'
[0.653s] Level 1:colcon.colcon_core.package_identification:_identify(src/dodo_usb_command) by extensions ['ignore', 'ignore_ament_install']
[0.653s] Level 1:colcon.colcon_core.package_identification:_identify(src/dodo_usb_command) by extension 'ignore'
[0.653s] Level 1:colcon.colcon_core.package_identification:_identify(src/dodo_usb_command) by extension 'ignore_ament_install'
[0.653s] Level 1:colcon.colcon_core.package_identification:_identify(src/dodo_usb_command) by extensions ['colcon_pkg']
[0.653s] Level 1:colcon.colcon_core.package_identification:_identify(src/dodo_usb_command) by extension 'colcon_pkg'
[0.653s] Level 1:colcon.colcon_core.package_identification:_identify(src/dodo_usb_command) by extensions ['colcon_meta']
[0.653s] Level 1:colcon.colcon_core.package_identification:_identify(src/dodo_usb_command) by extension 'colcon_meta'
[0.653s] Level 1:colcon.colcon_core.package_identification:_identify(src/dodo_usb_command) by extensions ['ros']
[0.653s] Level 1:colcon.colcon_core.package_identification:_identify(src/dodo_usb_command) by extension 'ros'
[0.654s] DEBUG:colcon.colcon_core.package_identification:Package 'src/dodo_usb_command' with type 'ros.ament_cmake' and name 'dodo_usb_command'
[0.654s] Level 1:colcon.colcon_core.package_discovery:discover_packages(recursive) using defaults
[0.654s] Level 1:colcon.colcon_core.package_discovery:discover_packages(ignore) discover
[0.654s] Level 1:colcon.colcon_core.package_discovery:discover_packages(ignore) using defaults
[0.654s] Level 1:colcon.colcon_core.package_discovery:discover_packages(path) discover
[0.654s] Level 1:colcon.colcon_core.package_discovery:discover_packages(path) using defaults
[0.691s] Level 1:colcon.colcon_core.package_discovery:discover_packages(prefix_path) check parameters
[0.691s] Level 1:colcon.colcon_core.package_discovery:discover_packages(prefix_path) discover
[0.696s] DEBUG:colcon.colcon_installed_package_information.package_discovery:Found 10 installed packages in /home/ubuntu/dodo_main/dodo_robot_ws/install
[0.697s] DEBUG:colcon.colcon_installed_package_information.package_discovery:Found 271 installed packages in /opt/ros/humble
[0.697s] Level 1:colcon.colcon_core.package_discovery:discover_packages(prefix_path) using defaults
[0.722s] Level 5:colcon.colcon_core.verb:set package 'dodo_canbus' build argument 'cmake_args' from command line to 'None'
[0.722s] Level 5:colcon.colcon_core.verb:set package 'dodo_canbus' build argument 'cmake_target' from command line to 'None'
[0.722s] Level 5:colcon.colcon_core.verb:set package 'dodo_canbus' build argument 'cmake_target_skip_unavailable' from command line to 'False'
[0.722s] Level 5:colcon.colcon_core.verb:set package 'dodo_canbus' build argument 'cmake_clean_cache' from command line to 'False'
[0.722s] Level 5:colcon.colcon_core.verb:set package 'dodo_canbus' build argument 'cmake_clean_first' from command line to 'False'
[0.722s] Level 5:colcon.colcon_core.verb:set package 'dodo_canbus' build argument 'cmake_force_configure' from command line to 'False'
[0.722s] Level 5:colcon.colcon_core.verb:set package 'dodo_canbus' build argument 'ament_cmake_args' from command line to 'None'
[0.722s] Level 5:colcon.colcon_core.verb:set package 'dodo_canbus' build argument 'catkin_cmake_args' from command line to 'None'
[0.722s] Level 5:colcon.colcon_core.verb:set package 'dodo_canbus' build argument 'catkin_skip_building_tests' from command line to 'False'
[0.722s] DEBUG:colcon.colcon_core.verb:Building package 'dodo_canbus' with the following arguments: {'ament_cmake_args': None, 'build_base': '/home/ubuntu/dodo_main/dodo_robot_ws/build/dodo_canbus', 'catkin_cmake_args': None, 'catkin_skip_building_tests': False, 'cmake_args': None, 'cmake_clean_cache': False, 'cmake_clean_first': False, 'cmake_force_configure': False, 'cmake_target': None, 'cmake_target_skip_unavailable': False, 'install_base': '/home/ubuntu/dodo_main/dodo_robot_ws/install/dodo_canbus', 'merge_install': False, 'path': '/home/ubuntu/dodo_main/dodo_robot_ws/src/dodo_canbus', 'symlink_install': True, 'test_result_base': None}
[0.722s] Level 5:colcon.colcon_core.verb:set package 'dodo_imu' build argument 'cmake_args' from command line to 'None'
[0.722s] Level 5:colcon.colcon_core.verb:set package 'dodo_imu' build argument 'cmake_target' from command line to 'None'
[0.722s] Level 5:colcon.colcon_core.verb:set package 'dodo_imu' build argument 'cmake_target_skip_unavailable' from command line to 'False'
[0.722s] Level 5:colcon.colcon_core.verb:set package 'dodo_imu' build argument 'cmake_clean_cache' from command line to 'False'
[0.722s] Level 5:colcon.colcon_core.verb:set package 'dodo_imu' build argument 'cmake_clean_first' from command line to 'False'
[0.722s] Level 5:colcon.colcon_core.verb:set package 'dodo_imu' build argument 'cmake_force_configure' from command line to 'False'
[0.722s] Level 5:colcon.colcon_core.verb:set package 'dodo_imu' build argument 'ament_cmake_args' from command line to 'None'
[0.722s] Level 5:colcon.colcon_core.verb:set package 'dodo_imu' build argument 'catkin_cmake_args' from command line to 'None'
[0.722s] Level 5:colcon.colcon_core.verb:set package 'dodo_imu' build argument 'catkin_skip_building_tests' from command line to 'False'
[0.722s] DEBUG:colcon.colcon_core.verb:Building package 'dodo_imu' with the following arguments: {'ament_cmake_args': None, 'build_base': '/home/ubuntu/dodo_main/dodo_robot_ws/build/dodo_imu', 'catkin_cmake_args': None, 'catkin_skip_building_tests': False, 'cmake_args': None, 'cmake_clean_cache': False, 'cmake_clean_first': False, 'cmake_force_configure': False, 'cmake_target': None, 'cmake_target_skip_unavailable': False, 'install_base': '/home/ubuntu/dodo_main/dodo_robot_ws/install/dodo_imu', 'merge_install': False, 'path': '/home/ubuntu/dodo_main/dodo_robot_ws/src/dodo_imu', 'symlink_install': True, 'test_result_base': None}
[0.722s] Level 5:colcon.colcon_core.verb:set package 'dodo_msgs' build argument 'cmake_args' from command line to 'None'
[0.722s] Level 5:colcon.colcon_core.verb:set package 'dodo_msgs' build argument 'cmake_target' from command line to 'None'
[0.722s] Level 5:colcon.colcon_core.verb:set package 'dodo_msgs' build argument 'cmake_target_skip_unavailable' from command line to 'False'
[0.722s] Level 5:colcon.colcon_core.verb:set package 'dodo_msgs' build argument 'cmake_clean_cache' from command line to 'False'
[0.722s] Level 5:colcon.colcon_core.verb:set package 'dodo_msgs' build argument 'cmake_clean_first' from command line to 'False'
[0.722s] Level 5:colcon.colcon_core.verb:set package 'dodo_msgs' build argument 'cmake_force_configure' from command line to 'False'
[0.722s] Level 5:colcon.colcon_core.verb:set package 'dodo_msgs' build argument 'ament_cmake_args' from command line to 'None'
[0.722s] Level 5:colcon.colcon_core.verb:set package 'dodo_msgs' build argument 'catkin_cmake_args' from command line to 'None'
[0.722s] Level 5:colcon.colcon_core.verb:set package 'dodo_msgs' build argument 'catkin_skip_building_tests' from command line to 'False'
[0.722s] DEBUG:colcon.colcon_core.verb:Building package 'dodo_msgs' with the following arguments: {'ament_cmake_args': None, 'build_base': '/home/ubuntu/dodo_main/dodo_robot_ws/build/dodo_msgs', 'catkin_cmake_args': None, 'catkin_skip_building_tests': False, 'cmake_args': None, 'cmake_clean_cache': False, 'cmake_clean_first': False, 'cmake_force_configure': False, 'cmake_target': None, 'cmake_target_skip_unavailable': False, 'install_base': '/home/ubuntu/dodo_main/dodo_robot_ws/install/dodo_msgs', 'merge_install': False, 'path': '/home/ubuntu/dodo_main/dodo_robot_ws/src/dodo_msgs', 'symlink_install': True, 'test_result_base': None}
[0.722s] Level 5:colcon.colcon_core.verb:set package 'dodo_rl' build argument 'cmake_args' from command line to 'None'
[0.723s] Level 5:colcon.colcon_core.verb:set package 'dodo_rl' build argument 'cmake_target' from command line to 'None'
[0.723s] Level 5:colcon.colcon_core.verb:set package 'dodo_rl' build argument 'cmake_target_skip_unavailable' from command line to 'False'
[0.723s] Level 5:colcon.colcon_core.verb:set package 'dodo_rl' build argument 'cmake_clean_cache' from command line to 'False'
[0.723s] Level 5:colcon.colcon_core.verb:set package 'dodo_rl' build argument 'cmake_clean_first' from command line to 'False'
[0.723s] Level 5:colcon.colcon_core.verb:set package 'dodo_rl' build argument 'cmake_force_configure' from command line to 'False'
[0.723s] Level 5:colcon.colcon_core.verb:set package 'dodo_rl' build argument 'ament_cmake_args' from command line to 'None'
[0.723s] Level 5:colcon.colcon_core.verb:set package 'dodo_rl' build argument 'catkin_cmake_args' from command line to 'None'
[0.723s] Level 5:colcon.colcon_core.verb:set package 'dodo_rl' build argument 'catkin_skip_building_tests' from command line to 'False'
[0.723s] DEBUG:colcon.colcon_core.verb:Building package 'dodo_rl' with the following arguments: {'ament_cmake_args': None, 'build_base': '/home/ubuntu/dodo_main/dodo_robot_ws/build/dodo_rl', 'catkin_cmake_args': None, 'catkin_skip_building_tests': False, 'cmake_args': None, 'cmake_clean_cache': False, 'cmake_clean_first': False, 'cmake_force_configure': False, 'cmake_target': None, 'cmake_target_skip_unavailable': False, 'install_base': '/home/ubuntu/dodo_main/dodo_robot_ws/install/dodo_rl', 'merge_install': False, 'path': '/home/ubuntu/dodo_main/dodo_robot_ws/src/dodo_rl', 'symlink_install': True, 'test_result_base': None}
[0.723s] Level 5:colcon.colcon_core.verb:set package 'dodo_usb_command' build argument 'cmake_args' from command line to 'None'
[0.723s] Level 5:colcon.colcon_core.verb:set package 'dodo_usb_command' build argument 'cmake_target' from command line to 'None'
[0.723s] Level 5:colcon.colcon_core.verb:set package 'dodo_usb_command' build argument 'cmake_target_skip_unavailable' from command line to 'False'
[0.723s] Level 5:colcon.colcon_core.verb:set package 'dodo_usb_command' build argument 'cmake_clean_cache' from command line to 'False'
[0.723s] Level 5:colcon.colcon_core.verb:set package 'dodo_usb_command' build argument 'cmake_clean_first' from command line to 'False'
[0.723s] Level 5:colcon.colcon_core.verb:set package 'dodo_usb_command' build argument 'cmake_force_configure' from command line to 'False'
[0.723s] Level 5:colcon.colcon_core.verb:set package 'dodo_usb_command' build argument 'ament_cmake_args' from command line to 'None'
[0.723s] Level 5:colcon.colcon_core.verb:set package 'dodo_usb_command' build argument 'catkin_cmake_args' from command line to 'None'
[0.723s] Level 5:colcon.colcon_core.verb:set package 'dodo_usb_command' build argument 'catkin_skip_building_tests' from command line to 'False'
[0.723s] DEBUG:colcon.colcon_core.verb:Building package 'dodo_usb_command' with the following arguments: {'ament_cmake_args': None, 'build_base': '/home/ubuntu/dodo_main/dodo_robot_ws/build/dodo_usb_command', 'catkin_cmake_args': None, 'catkin_skip_building_tests': False, 'cmake_args': None, 'cmake_clean_cache': False, 'cmake_clean_first': False, 'cmake_force_configure': False, 'cmake_target': None, 'cmake_target_skip_unavailable': False, 'install_base': '/home/ubuntu/dodo_main/dodo_robot_ws/install/dodo_usb_command', 'merge_install': False, 'path': '/home/ubuntu/dodo_main/dodo_robot_ws/src/dodo_usb_command', 'symlink_install': True, 'test_result_base': None}
[0.723s] Level 5:colcon.colcon_core.verb:set package 'dodo_monitor' build argument 'cmake_args' from command line to 'None'
[0.723s] Level 5:colcon.colcon_core.verb:set package 'dodo_monitor' build argument 'cmake_target' from command line to 'None'
[0.723s] Level 5:colcon.colcon_core.verb:set package 'dodo_monitor' build argument 'cmake_target_skip_unavailable' from command line to 'False'
[0.723s] Level 5:colcon.colcon_core.verb:set package 'dodo_monitor' build argument 'cmake_clean_cache' from command line to 'False'
[0.723s] Level 5:colcon.colcon_core.verb:set package 'dodo_monitor' build argument 'cmake_clean_first' from command line to 'False'
[0.723s] Level 5:colcon.colcon_core.verb:set package 'dodo_monitor' build argument 'cmake_force_configure' from command line to 'False'
[0.723s] Level 5:colcon.colcon_core.verb:set package 'dodo_monitor' build argument 'ament_cmake_args' from command line to 'None'
[0.723s] Level 5:colcon.colcon_core.verb:set package 'dodo_monitor' build argument 'catkin_cmake_args' from command line to 'None'
[0.723s] Level 5:colcon.colcon_core.verb:set package 'dodo_monitor' build argument 'catkin_skip_building_tests' from command line to 'False'
[0.723s] DEBUG:colcon.colcon_core.verb:Building package 'dodo_monitor' with the following arguments: {'ament_cmake_args': None, 'build_base': '/home/ubuntu/dodo_main/dodo_robot_ws/build/dodo_monitor', 'catkin_cmake_args': None, 'catkin_skip_building_tests': False, 'cmake_args': None, 'cmake_clean_cache': False, 'cmake_clean_first': False, 'cmake_force_configure': False, 'cmake_target': None, 'cmake_target_skip_unavailable': False, 'install_base': '/home/ubuntu/dodo_main/dodo_robot_ws/install/dodo_monitor', 'merge_install': False, 'path': '/home/ubuntu/dodo_main/dodo_robot_ws/src/dodo_monitor', 'symlink_install': True, 'test_result_base': None}
[0.723s] Level 5:colcon.colcon_core.verb:set package 'dodo_processing' build argument 'cmake_args' from command line to 'None'
[0.723s] Level 5:colcon.colcon_core.verb:set package 'dodo_processing' build argument 'cmake_target' from command line to 'None'
[0.724s] Level 5:colcon.colcon_core.verb:set package 'dodo_processing' build argument 'cmake_target_skip_unavailable' from command line to 'False'
[0.724s] Level 5:colcon.colcon_core.verb:set package 'dodo_processing' build argument 'cmake_clean_cache' from command line to 'False'
[0.724s] Level 5:colcon.colcon_core.verb:set package 'dodo_processing' build argument 'cmake_clean_first' from command line to 'False'
[0.724s] Level 5:colcon.colcon_core.verb:set package 'dodo_processing' build argument 'cmake_force_configure' from command line to 'False'
[0.724s] Level 5:colcon.colcon_core.verb:set package 'dodo_processing' build argument 'ament_cmake_args' from command line to 'None'
[0.724s] Level 5:colcon.colcon_core.verb:set package 'dodo_processing' build argument 'catkin_cmake_args' from command line to 'None'
[0.724s] Level 5:colcon.colcon_core.verb:set package 'dodo_processing' build argument 'catkin_skip_building_tests' from command line to 'False'
[0.724s] DEBUG:colcon.colcon_core.verb:Building package 'dodo_processing' with the following arguments: {'ament_cmake_args': None, 'build_base': '/home/ubuntu/dodo_main/dodo_robot_ws/build/dodo_processing', 'catkin_cmake_args': None, 'catkin_skip_building_tests': False, 'cmake_args': None, 'cmake_clean_cache': False, 'cmake_clean_first': False, 'cmake_force_configure': False, 'cmake_target': None, 'cmake_target_skip_unavailable': False, 'install_base': '/home/ubuntu/dodo_main/dodo_robot_ws/install/dodo_processing', 'merge_install': False, 'path': '/home/ubuntu/dodo_main/dodo_robot_ws/src/dodo_processing', 'symlink_install': True, 'test_result_base': None}
[0.724s] Level 5:colcon.colcon_core.verb:set package 'dodo_safety' build argument 'cmake_args' from command line to 'None'
[0.724s] Level 5:colcon.colcon_core.verb:set package 'dodo_safety' build argument 'cmake_target' from command line to 'None'
[0.724s] Level 5:colcon.colcon_core.verb:set package 'dodo_safety' build argument 'cmake_target_skip_unavailable' from command line to 'False'
[0.724s] Level 5:colcon.colcon_core.verb:set package 'dodo_safety' build argument 'cmake_clean_cache' from command line to 'False'
[0.724s] Level 5:colcon.colcon_core.verb:set package 'dodo_safety' build argument 'cmake_clean_first' from command line to 'False'
[0.724s] Level 5:colcon.colcon_core.verb:set package 'dodo_safety' build argument 'cmake_force_configure' from command line to 'False'
[0.724s] Level 5:colcon.colcon_core.verb:set package 'dodo_safety' build argument 'ament_cmake_args' from command line to 'None'
[0.724s] Level 5:colcon.colcon_core.verb:set package 'dodo_safety' build argument 'catkin_cmake_args' from command line to 'None'
[0.724s] Level 5:colcon.colcon_core.verb:set package 'dodo_safety' build argument 'catkin_skip_building_tests' from command line to 'False'
[0.724s] DEBUG:colcon.colcon_core.verb:Building package 'dodo_safety' with the following arguments: {'ament_cmake_args': None, 'build_base': '/home/ubuntu/dodo_main/dodo_robot_ws/build/dodo_safety', 'catkin_cmake_args': None, 'catkin_skip_building_tests': False, 'cmake_args': None, 'cmake_clean_cache': False, 'cmake_clean_first': False, 'cmake_force_configure': False, 'cmake_target': None, 'cmake_target_skip_unavailable': False, 'install_base': '/home/ubuntu/dodo_main/dodo_robot_ws/install/dodo_safety', 'merge_install': False, 'path': '/home/ubuntu/dodo_main/dodo_robot_ws/src/dodo_safety', 'symlink_install': True, 'test_result_base': None}
[0.724s] Level 5:colcon.colcon_core.verb:set package 'dodo_sensor_fusion' build argument 'cmake_args' from command line to 'None'
[0.724s] Level 5:colcon.colcon_core.verb:set package 'dodo_sensor_fusion' build argument 'cmake_target' from command line to 'None'
[0.724s] Level 5:colcon.colcon_core.verb:set package 'dodo_sensor_fusion' build argument 'cmake_target_skip_unavailable' from command line to 'False'
[0.724s] Level 5:colcon.colcon_core.verb:set package 'dodo_sensor_fusion' build argument 'cmake_clean_cache' from command line to 'False'
[0.724s] Level 5:colcon.colcon_core.verb:set package 'dodo_sensor_fusion' build argument 'cmake_clean_first' from command line to 'False'
[0.724s] Level 5:colcon.colcon_core.verb:set package 'dodo_sensor_fusion' build argument 'cmake_force_configure' from command line to 'False'
[0.724s] Level 5:colcon.colcon_core.verb:set package 'dodo_sensor_fusion' build argument 'ament_cmake_args' from command line to 'None'
[0.724s] Level 5:colcon.colcon_core.verb:set package 'dodo_sensor_fusion' build argument 'catkin_cmake_args' from command line to 'None'
[0.724s] Level 5:colcon.colcon_core.verb:set package 'dodo_sensor_fusion' build argument 'catkin_skip_building_tests' from command line to 'False'
[0.724s] DEBUG:colcon.colcon_core.verb:Building package 'dodo_sensor_fusion' with the following arguments: {'ament_cmake_args': None, 'build_base': '/home/ubuntu/dodo_main/dodo_robot_ws/build/dodo_sensor_fusion', 'catkin_cmake_args': None, 'catkin_skip_building_tests': False, 'cmake_args': None, 'cmake_clean_cache': False, 'cmake_clean_first': False, 'cmake_force_configure': False, 'cmake_target': None, 'cmake_target_skip_unavailable': False, 'install_base': '/home/ubuntu/dodo_main/dodo_robot_ws/install/dodo_sensor_fusion', 'merge_install': False, 'path': '/home/ubuntu/dodo_main/dodo_robot_ws/src/dodo_sensor_fusion', 'symlink_install': True, 'test_result_base': None}
[0.724s] Level 5:colcon.colcon_core.verb:set package 'dodo_bringup' build argument 'cmake_args' from command line to 'None'
[0.724s] Level 5:colcon.colcon_core.verb:set package 'dodo_bringup' build argument 'cmake_target' from command line to 'None'
[0.724s] Level 5:colcon.colcon_core.verb:set package 'dodo_bringup' build argument 'cmake_target_skip_unavailable' from command line to 'False'
[0.724s] Level 5:colcon.colcon_core.verb:set package 'dodo_bringup' build argument 'cmake_clean_cache' from command line to 'False'
[0.724s] Level 5:colcon.colcon_core.verb:set package 'dodo_bringup' build argument 'cmake_clean_first' from command line to 'False'
[0.724s] Level 5:colcon.colcon_core.verb:set package 'dodo_bringup' build argument 'cmake_force_configure' from command line to 'False'
[0.724s] Level 5:colcon.colcon_core.verb:set package 'dodo_bringup' build argument 'ament_cmake_args' from command line to 'None'
[0.724s] Level 5:colcon.colcon_core.verb:set package 'dodo_bringup' build argument 'catkin_cmake_args' from command line to 'None'
[0.724s] Level 5:colcon.colcon_core.verb:set package 'dodo_bringup' build argument 'catkin_skip_building_tests' from command line to 'False'
[0.724s] DEBUG:colcon.colcon_core.verb:Building package 'dodo_bringup' with the following arguments: {'ament_cmake_args': None, 'build_base': '/home/ubuntu/dodo_main/dodo_robot_ws/build/dodo_bringup', 'catkin_cmake_args': None, 'catkin_skip_building_tests': False, 'cmake_args': None, 'cmake_clean_cache': False, 'cmake_clean_first': False, 'cmake_force_configure': False, 'cmake_target': None, 'cmake_target_skip_unavailable': False, 'install_base': '/home/ubuntu/dodo_main/dodo_robot_ws/install/dodo_bringup', 'merge_install': False, 'path': '/home/ubuntu/dodo_main/dodo_robot_ws/src/dodo_bringup', 'symlink_install': True, 'test_result_base': None}
[0.725s] INFO:colcon.colcon_core.executor:Executing jobs using 'parallel' executor
[0.725s] DEBUG:colcon.colcon_parallel_executor.executor.parallel:run_until_complete
[0.726s] INFO:colcon.colcon_ros.task.ament_cmake.build:Building ROS package in '/home/ubuntu/dodo_main/dodo_robot_ws/src/dodo_msgs' with build type 'ament_cmake'
[0.726s] INFO:colcon.colcon_cmake.task.cmake.build:Building CMake package in '/home/ubuntu/dodo_main/dodo_robot_ws/src/dodo_msgs'
[0.732s] INFO:colcon.colcon_core.plugin_system:Skipping extension 'colcon_core.shell.bat': Not used on non-Windows systems
[0.732s] INFO:colcon.colcon_core.shell:Skip shell extension 'powershell' for command environment: Not usable outside of PowerShell
[0.732s] DEBUG:colcon.colcon_core.shell:Skip shell extension 'dsv' for command environment
[0.736s] INFO:colcon.colcon_ros.task.ament_cmake.build:Building ROS package in '/home/ubuntu/dodo_main/dodo_robot_ws/src/dodo_canbus' with build type 'ament_cmake'
[0.736s] INFO:colcon.colcon_cmake.task.cmake.build:Building CMake package in '/home/ubuntu/dodo_main/dodo_robot_ws/src/dodo_canbus'
[0.736s] INFO:colcon.colcon_core.shell:Skip shell extension 'powershell' for command environment: Not usable outside of PowerShell
[0.736s] DEBUG:colcon.colcon_core.shell:Skip shell extension 'dsv' for command environment
[0.745s] DEBUG:colcon.colcon_core.event_handler.log_command:Invoking command in '/home/ubuntu/dodo_main/dodo_robot_ws/build/dodo_msgs': CMAKE_PREFIX_PATH=${CMAKE_PREFIX_PATH}:/opt/ros/humble CONDA_PROMPT_MODIFIER=(base) /usr/bin/cmake /home/ubuntu/dodo_main/dodo_robot_ws/src/dodo_msgs -DAMENT_CMAKE_SYMLINK_INSTALL=1 -DCMAKE_INSTALL_PREFIX=/home/ubuntu/dodo_main/dodo_robot_ws/install/dodo_msgs
[0.752s] DEBUG:colcon.colcon_core.event_handler.log_command:Invoking command in '/home/ubuntu/dodo_main/dodo_robot_ws/build/dodo_canbus': CMAKE_PREFIX_PATH=${CMAKE_PREFIX_PATH}:/opt/ros/humble CONDA_PROMPT_MODIFIER=(base) /usr/bin/cmake /home/ubuntu/dodo_main/dodo_robot_ws/src/dodo_canbus -DAMENT_CMAKE_SYMLINK_INSTALL=1 -DCMAKE_INSTALL_PREFIX=/home/ubuntu/dodo_main/dodo_robot_ws/install/dodo_canbus
[1.357s] DEBUG:colcon.colcon_core.event_handler.log_command:Invoked command in '/home/ubuntu/dodo_main/dodo_robot_ws/build/dodo_canbus' returned '0': CMAKE_PREFIX_PATH=${CMAKE_PREFIX_PATH}:/opt/ros/humble CONDA_PROMPT_MODIFIER=(base) /usr/bin/cmake /home/ubuntu/dodo_main/dodo_robot_ws/src/dodo_canbus -DAMENT_CMAKE_SYMLINK_INSTALL=1 -DCMAKE_INSTALL_PREFIX=/home/ubuntu/dodo_main/dodo_robot_ws/install/dodo_canbus
[1.358s] DEBUG:colcon.colcon_core.event_handler.log_command:Invoking command in '/home/ubuntu/dodo_main/dodo_robot_ws/build/dodo_canbus': CMAKE_PREFIX_PATH=${CMAKE_PREFIX_PATH}:/opt/ros/humble CONDA_PROMPT_MODIFIER=(base) /usr/bin/cmake --build /home/ubuntu/dodo_main/dodo_robot_ws/build/dodo_canbus -- -j2 -l2
[2.020s] DEBUG:colcon.colcon_core.event_handler.log_command:Invoked command in '/home/ubuntu/dodo_main/dodo_robot_ws/build/dodo_msgs' returned '0': CMAKE_PREFIX_PATH=${CMAKE_PREFIX_PATH}:/opt/ros/humble CONDA_PROMPT_MODIFIER=(base) /usr/bin/cmake /home/ubuntu/dodo_main/dodo_robot_ws/src/dodo_msgs -DAMENT_CMAKE_SYMLINK_INSTALL=1 -DCMAKE_INSTALL_PREFIX=/home/ubuntu/dodo_main/dodo_robot_ws/install/dodo_msgs
[2.021s] DEBUG:colcon.colcon_core.event_handler.log_command:Invoking command in '/home/ubuntu/dodo_main/dodo_robot_ws/build/dodo_msgs': CMAKE_PREFIX_PATH=${CMAKE_PREFIX_PATH}:/opt/ros/humble CONDA_PROMPT_MODIFIER=(base) /usr/bin/cmake --build /home/ubuntu/dodo_main/dodo_robot_ws/build/dodo_msgs -- -j2 -l2
[2.127s] DEBUG:colcon.colcon_core.event_handler.log_command:Invoked command in '/home/ubuntu/dodo_main/dodo_robot_ws/build/dodo_msgs' returned '2': CMAKE_PREFIX_PATH=${CMAKE_PREFIX_PATH}:/opt/ros/humble CONDA_PROMPT_MODIFIER=(base) /usr/bin/cmake --build /home/ubuntu/dodo_main/dodo_robot_ws/build/dodo_msgs -- -j2 -l2
[2.128s] Level 1:colcon.colcon_core.environment:create_environment_scripts_only(dodo_msgs)
[2.136s] Level 1:colcon.colcon_core.environment:checking '/home/ubuntu/dodo_main/dodo_robot_ws/install/dodo_msgs' for CMake module files
[2.136s] Level 1:colcon.colcon_core.environment:checking '/home/ubuntu/dodo_main/dodo_robot_ws/install/dodo_msgs' for CMake config files
[2.137s] Level 1:colcon.colcon_core.shell:create_environment_hook('dodo_msgs', 'cmake_prefix_path')
[2.137s] INFO:colcon.colcon_core.shell:Creating environment hook '/home/ubuntu/dodo_main/dodo_robot_ws/install/dodo_msgs/share/dodo_msgs/hook/cmake_prefix_path.ps1'
[2.138s] INFO:colcon.colcon_core.shell:Creating environment descriptor '/home/ubuntu/dodo_main/dodo_robot_ws/install/dodo_msgs/share/dodo_msgs/hook/cmake_prefix_path.dsv'
[2.139s] INFO:colcon.colcon_core.shell:Creating environment hook '/home/ubuntu/dodo_main/dodo_robot_ws/install/dodo_msgs/share/dodo_msgs/hook/cmake_prefix_path.sh'
[2.140s] Level 1:colcon.colcon_core.environment:checking '/home/ubuntu/dodo_main/dodo_robot_ws/install/dodo_msgs/lib'
[2.140s] Level 1:colcon.colcon_core.shell:create_environment_hook('dodo_msgs', 'ld_library_path_lib')
[2.140s] INFO:colcon.colcon_core.shell:Creating environment hook '/home/ubuntu/dodo_main/dodo_robot_ws/install/dodo_msgs/share/dodo_msgs/hook/ld_library_path_lib.ps1'
[2.141s] INFO:colcon.colcon_core.shell:Creating environment descriptor '/home/ubuntu/dodo_main/dodo_robot_ws/install/dodo_msgs/share/dodo_msgs/hook/ld_library_path_lib.dsv'
[2.141s] INFO:colcon.colcon_core.shell:Creating environment hook '/home/ubuntu/dodo_main/dodo_robot_ws/install/dodo_msgs/share/dodo_msgs/hook/ld_library_path_lib.sh'
[2.141s] Level 1:colcon.colcon_core.environment:checking '/home/ubuntu/dodo_main/dodo_robot_ws/install/dodo_msgs/bin'
[2.141s] Level 1:colcon.colcon_core.environment:checking '/home/ubuntu/dodo_main/dodo_robot_ws/install/dodo_msgs/lib/pkgconfig/dodo_msgs.pc'
[2.142s] Level 1:colcon.colcon_core.environment:checking '/home/ubuntu/dodo_main/dodo_robot_ws/install/dodo_msgs/lib/python3.10/site-packages'
[2.142s] Level 1:colcon.colcon_core.environment:checking '/home/ubuntu/dodo_main/dodo_robot_ws/install/dodo_msgs/bin'
[2.142s] INFO:colcon.colcon_core.shell:Creating package script '/home/ubuntu/dodo_main/dodo_robot_ws/install/dodo_msgs/share/dodo_msgs/package.ps1'
[2.143s] INFO:colcon.colcon_core.shell:Creating package descriptor '/home/ubuntu/dodo_main/dodo_robot_ws/install/dodo_msgs/share/dodo_msgs/package.dsv'
[2.143s] INFO:colcon.colcon_core.shell:Creating package script '/home/ubuntu/dodo_main/dodo_robot_ws/install/dodo_msgs/share/dodo_msgs/package.sh'
[2.144s] INFO:colcon.colcon_core.shell:Creating package script '/home/ubuntu/dodo_main/dodo_robot_ws/install/dodo_msgs/share/dodo_msgs/package.bash'
[2.145s] INFO:colcon.colcon_core.shell:Creating package script '/home/ubuntu/dodo_main/dodo_robot_ws/install/dodo_msgs/share/dodo_msgs/package.zsh'
[2.146s] Level 1:colcon.colcon_core.environment:create_file_with_runtime_dependencies(/home/ubuntu/dodo_main/dodo_robot_ws/install/dodo_msgs/share/colcon-core/packages/dodo_msgs)
[11.235s] DEBUG:colcon.colcon_parallel_executor.executor.parallel:closing loop
[11.236s] DEBUG:colcon.colcon_parallel_executor.executor.parallel:loop closed
[11.236s] DEBUG:colcon.colcon_parallel_executor.executor.parallel:run_until_complete finished with '2'
[11.236s] DEBUG:colcon.colcon_core.event_reactor:joining thread
[11.251s] INFO:colcon.colcon_core.plugin_system:Skipping extension 'colcon_notification.desktop_notification.terminal_notifier': Not used on non-Darwin systems
[11.251s] INFO:colcon.colcon_core.plugin_system:Skipping extension 'colcon_notification.desktop_notification.win32': Not used on non-Windows systems
[11.251s] INFO:colcon.colcon_notification.desktop_notification:Sending desktop notification using 'notify2'
[11.272s] DEBUG:colcon.colcon_core.event_reactor:joined thread
[11.272s] INFO:colcon.colcon_core.shell:Creating prefix script '/home/ubuntu/dodo_main/dodo_robot_ws/install/local_setup.ps1'
[11.273s] INFO:colcon.colcon_core.shell:Creating prefix util module '/home/ubuntu/dodo_main/dodo_robot_ws/install/_local_setup_util_ps1.py'
[11.275s] INFO:colcon.colcon_core.shell:Creating prefix chain script '/home/ubuntu/dodo_main/dodo_robot_ws/install/setup.ps1'
[11.276s] INFO:colcon.colcon_core.shell:Creating prefix script '/home/ubuntu/dodo_main/dodo_robot_ws/install/local_setup.sh'
[11.277s] INFO:colcon.colcon_core.shell:Creating prefix util module '/home/ubuntu/dodo_main/dodo_robot_ws/install/_local_setup_util_sh.py'
[11.277s] INFO:colcon.colcon_core.shell:Creating prefix chain script '/home/ubuntu/dodo_main/dodo_robot_ws/install/setup.sh'
[11.279s] INFO:colcon.colcon_core.shell:Creating prefix script '/home/ubuntu/dodo_main/dodo_robot_ws/install/local_setup.bash'
[11.280s] INFO:colcon.colcon_core.shell:Creating prefix chain script '/home/ubuntu/dodo_main/dodo_robot_ws/install/setup.bash'
[11.281s] INFO:colcon.colcon_core.shell:Creating prefix script '/home/ubuntu/dodo_main/dodo_robot_ws/install/local_setup.zsh'
[11.282s] INFO:colcon.colcon_core.shell:Creating prefix chain script '/home/ubuntu/dodo_main/dodo_robot_ws/install/setup.zsh'
