[0.012s] Invoking command in '/home/ubuntu/dodo_main/dodo_robot_ws/build/dodo_msgs': CMAKE_PREFIX_PATH=/opt/ros/humble /usr/bin/cmake /home/ubuntu/dodo_main/dodo_robot_ws/src/dodo_msgs -DCMAKE_INSTALL_PREFIX=/home/ubuntu/dodo_main/dodo_robot_ws/install/dodo_msgs
[0.034s] -- Found ament_cmake: 1.3.11 (/opt/ros/humble/share/ament_cmake/cmake)
[0.139s] -- Found rosidl_default_generators: 1.2.0 (/opt/ros/humble/share/rosidl_default_generators/cmake)
[0.140s] -- Using all available rosidl_typesupport_c: rosidl_typesupport_fastrtps_c;rosidl_typesupport_introspection_c
[0.142s] -- Found rosidl_adapter: 3.1.6 (/opt/ros/humble/share/rosidl_adapter/cmake)
[0.162s] -- Using all available rosidl_typesupport_cpp: rosidl_typesupport_fastrtps_cpp;rosidl_typesupport_introspection_cpp
[0.179s] -- Found std_msgs: 4.2.4 (/opt/ros/humble/share/std_msgs/cmake)
[0.193s] -- Found sensor_msgs: 4.2.4 (/opt/ros/humble/share/sensor_msgs/cmake)
[0.212s] -- Found diagnostic_msgs: 4.2.4 (/opt/ros/humble/share/diagnostic_msgs/cmake)
[0.299s] [31mCMake Error at /opt/ros/humble/share/rosidl_adapter/cmake/rosidl_adapt_interfaces.cmake:59 (message):
[0.299s]   execute_process(/home/ubuntu/miniconda3/bin/python3 -m rosidl_adapter
[0.299s]   --package-name dodo_msgs --arguments-file
[0.300s]   /home/ubuntu/dodo_main/dodo_robot_ws/build/dodo_msgs/rosidl_adapter__arguments__dodo_msgs.json
[0.300s]   --output-dir
[0.300s]   /home/ubuntu/dodo_main/dodo_robot_ws/build/dodo_msgs/rosidl_adapter/dodo_msgs
[0.300s]   --output-file
[0.300s]   /home/ubuntu/dodo_main/dodo_robot_ws/build/dodo_msgs/rosidl_adapter/dodo_msgs.idls)
[0.300s]   returned error code 1:
[0.300s] 
[0.300s]   Traceback (most recent call last):
[0.300s] 
[0.300s]     File "<frozen runpy>", line 198, in _run_module_as_main
[0.300s]     File "<frozen runpy>", line 88, in _run_code
[0.300s]     File "/opt/ros/humble/local/lib/python3.10/dist-packages/rosidl_adapter/__main__.py", line 19, in <module>
[0.300s]       sys.exit(main())
[0.300s]                ^^^^^^
[0.300s]     File "/opt/ros/humble/local/lib/python3.10/dist-packages/rosidl_adapter/main.py", line 53, in main
[0.300s]       abs_idl_file = convert_to_idl(
[0.300s]                      ^^^^^^^^^^^^^^^
[0.300s]     File "/opt/ros/humble/local/lib/python3.10/dist-packages/rosidl_adapter/__init__.py", line 18, in convert_to_idl
[0.300s]       from rosidl_adapter.msg import convert_msg_to_idl
[0.300s]     File "/opt/ros/humble/local/lib/python3.10/dist-packages/rosidl_adapter/msg/__init__.py", line 16, in <module>
[0.300s]       from rosidl_adapter.resource import expand_template
[0.300s]     File "/opt/ros/humble/local/lib/python3.10/dist-packages/rosidl_adapter/resource/__init__.py", line 19, in <module>
[0.300s]       import em
[0.300s] 
[0.300s]   ModuleNotFoundError: No module named 'em'
[0.300s] 
[0.300s] Call Stack (most recent call first):
[0.300s]   /opt/ros/humble/share/rosidl_cmake/cmake/rosidl_generate_interfaces.cmake:130 (rosidl_adapt_interfaces)
[0.300s]   CMakeLists.txt:20 (rosidl_generate_interfaces)
[0.300s] 
[0.300s] [0m
[0.303s] -- Configuring incomplete, errors occurred!
[0.303s] See also "/home/ubuntu/dodo_main/dodo_robot_ws/build/dodo_msgs/CMakeFiles/CMakeOutput.log".
[0.309s] Invoked command in '/home/ubuntu/dodo_main/dodo_robot_ws/build/dodo_msgs' returned '1': CMAKE_PREFIX_PATH=/opt/ros/humble /usr/bin/cmake /home/ubuntu/dodo_main/dodo_robot_ws/src/dodo_msgs -DCMAKE_INSTALL_PREFIX=/home/ubuntu/dodo_main/dodo_robot_ws/install/dodo_msgs
