[0.012s] Invoking command in '/home/ub/dodo/dodo_robot_ROS2/build/dodo_rl': CMAKE_PREFIX_PATH=/opt/ros/humble /usr/bin/cmake /home/ub/dodo/dodo_robot_ROS2/src/dodo_rl -DAMENT_CMAKE_SYMLINK_INSTALL=1 -DCMAKE_INSTALL_PREFIX=/home/ub/dodo/dodo_robot_ROS2/install/dodo_rl
[0.274s] -- The C compiler identification is GNU 11.4.0
[0.539s] -- The CXX compiler identification is GNU 11.4.0
[0.570s] -- Detecting C compiler ABI info
[0.904s] -- Detecting C compiler ABI info - done
[0.933s] -- Check for working C compiler: /usr/bin/cc - skipped
[0.933s] -- Detecting C compile features
[0.934s] -- Detecting C compile features - done
[0.940s] -- Detecting CXX compiler ABI info
[1.424s] -- Detecting CXX compiler ABI info - done
[1.453s] -- Check for working CXX compiler: /usr/bin/c++ - skipped
[1.453s] -- Detecting CXX compile features
[1.453s] -- Detecting CXX compile features - done
[1.470s] -- Found ament_cmake: 1.3.11 (/opt/ros/humble/share/ament_cmake/cmake)
[1.986s] -- Found Python3: /usr/bin/python3 (found version "3.10.12") found components: Interpreter 
[2.318s] -- Override CMake install command with custom implementation using symlinks instead of copying resources
[2.430s] -- Found rclcpp: 16.0.11 (/opt/ros/humble/share/rclcpp/cmake)
[2.571s] -- Found rosidl_generator_c: 3.1.6 (/opt/ros/humble/share/rosidl_generator_c/cmake)
[2.585s] -- Found rosidl_adapter: 3.1.6 (/opt/ros/humble/share/rosidl_adapter/cmake)
[2.598s] -- Found rosidl_generator_cpp: 3.1.6 (/opt/ros/humble/share/rosidl_generator_cpp/cmake)
[2.623s] -- Using all available rosidl_typesupport_c: rosidl_typesupport_fastrtps_c;rosidl_typesupport_introspection_c
[2.680s] -- Using all available rosidl_typesupport_cpp: rosidl_typesupport_fastrtps_cpp;rosidl_typesupport_introspection_cpp
[2.774s] -- Found rmw_implementation_cmake: 6.1.2 (/opt/ros/humble/share/rmw_implementation_cmake/cmake)
[2.779s] -- Found rmw_fastrtps_cpp: 6.2.7 (/opt/ros/humble/share/rmw_fastrtps_cpp/cmake)
[2.993s] -- Found OpenSSL: /usr/lib/x86_64-linux-gnu/libcrypto.so (found version "3.0.2")  
[3.045s] -- Found FastRTPS: /opt/ros/humble/include  
[3.142s] -- Using RMW implementation 'rmw_fastrtps_cpp' as default
[3.168s] -- Looking for pthread.h
[3.406s] -- Looking for pthread.h - found
[3.408s] -- Performing Test CMAKE_HAVE_LIBC_PTHREAD
[3.595s] -- Performing Test CMAKE_HAVE_LIBC_PTHREAD - Success
[3.605s] -- Found Threads: TRUE  
[3.737s] -- Found sensor_msgs: 4.2.4 (/opt/ros/humble/share/sensor_msgs/cmake)
[4.025s] -- Configuring done
[4.065s] -- Generating done
[4.102s] -- Build files have been written to: /home/ub/dodo/dodo_robot_ROS2/build/dodo_rl
[4.123s] Invoked command in '/home/ub/dodo/dodo_robot_ROS2/build/dodo_rl' returned '0': CMAKE_PREFIX_PATH=/opt/ros/humble /usr/bin/cmake /home/ub/dodo/dodo_robot_ROS2/src/dodo_rl -DAMENT_CMAKE_SYMLINK_INSTALL=1 -DCMAKE_INSTALL_PREFIX=/home/ub/dodo/dodo_robot_ROS2/install/dodo_rl
[4.135s] Invoking command in '/home/ub/dodo/dodo_robot_ROS2/build/dodo_rl': CMAKE_PREFIX_PATH=/opt/ros/humble /usr/bin/cmake --build /home/ub/dodo/dodo_robot_ROS2/build/dodo_rl -- -j2 -l2
[4.393s] [ 33%] [32mBuilding CXX object CMakeFiles/rl_node.dir/src/rl_node.cpp.o[0m
[23.012s] [ 66%] [32mBuilding CXX object CMakeFiles/rl_node.dir/src/ppo_model.cpp.o[0m
[24.014s] [100%] [32m[1mLinking CXX executable rl_node[0m
[24.724s] [100%] Built target rl_node
[24.764s] Invoked command in '/home/ub/dodo/dodo_robot_ROS2/build/dodo_rl' returned '0': CMAKE_PREFIX_PATH=/opt/ros/humble /usr/bin/cmake --build /home/ub/dodo/dodo_robot_ROS2/build/dodo_rl -- -j2 -l2
[24.766s] Invoking command in '/home/ub/dodo/dodo_robot_ROS2/build/dodo_rl': CMAKE_PREFIX_PATH=/opt/ros/humble /usr/bin/cmake --install /home/ub/dodo/dodo_robot_ROS2/build/dodo_rl
[24.790s] -- Install configuration: ""
[24.792s] -- Execute custom install script
[24.799s] -- Symlinking: /home/ub/dodo/dodo_robot_ROS2/install/dodo_rl/lib/dodo_rl/rl_node
[24.832s] -- Symlinking: /home/ub/dodo/dodo_robot_ROS2/install/dodo_rl/share/dodo_rl/launch/rl_node.launch.py
[24.861s] -- Symlinking: /home/ub/dodo/dodo_robot_ROS2/install/dodo_rl/include//dodo_rl/ppo_model.hpp
[24.892s] -- Symlinking: /home/ub/dodo/dodo_robot_ROS2/install/dodo_rl/include//dodo_rl/rl_node.hpp
[24.947s] -- Symlinking: /home/ub/dodo/dodo_robot_ROS2/install/dodo_rl/share/ament_index/resource_index/package_run_dependencies/dodo_rl
[24.972s] -- Symlinking: /home/ub/dodo/dodo_robot_ROS2/install/dodo_rl/share/ament_index/resource_index/parent_prefix_path/dodo_rl
[24.999s] -- Symlinking: /home/ub/dodo/dodo_robot_ROS2/install/dodo_rl/share/dodo_rl/environment/ament_prefix_path.sh
[25.029s] -- Symlinking: /home/ub/dodo/dodo_robot_ROS2/install/dodo_rl/share/dodo_rl/environment/ament_prefix_path.dsv
[25.068s] -- Symlinking: /home/ub/dodo/dodo_robot_ROS2/install/dodo_rl/share/dodo_rl/environment/path.sh
[25.092s] -- Symlinking: /home/ub/dodo/dodo_robot_ROS2/install/dodo_rl/share/dodo_rl/environment/path.dsv
[25.130s] -- Symlinking: /home/ub/dodo/dodo_robot_ROS2/install/dodo_rl/share/dodo_rl/local_setup.bash
[25.165s] -- Symlinking: /home/ub/dodo/dodo_robot_ROS2/install/dodo_rl/share/dodo_rl/local_setup.sh
[25.192s] -- Symlinking: /home/ub/dodo/dodo_robot_ROS2/install/dodo_rl/share/dodo_rl/local_setup.zsh
[25.221s] -- Symlinking: /home/ub/dodo/dodo_robot_ROS2/install/dodo_rl/share/dodo_rl/local_setup.dsv
[25.250s] -- Symlinking: /home/ub/dodo/dodo_robot_ROS2/install/dodo_rl/share/dodo_rl/package.dsv
[25.282s] -- Symlinking: /home/ub/dodo/dodo_robot_ROS2/install/dodo_rl/share/ament_index/resource_index/packages/dodo_rl
[25.323s] -- Symlinking: /home/ub/dodo/dodo_robot_ROS2/install/dodo_rl/share/dodo_rl/cmake/dodo_rlConfig.cmake
[25.356s] -- Symlinking: /home/ub/dodo/dodo_robot_ROS2/install/dodo_rl/share/dodo_rl/cmake/dodo_rlConfig-version.cmake
[25.381s] -- Symlinking: /home/ub/dodo/dodo_robot_ROS2/install/dodo_rl/share/dodo_rl/package.xml
[25.431s] Invoked command in '/home/ub/dodo/dodo_robot_ROS2/build/dodo_rl' returned '0': CMAKE_PREFIX_PATH=/opt/ros/humble /usr/bin/cmake --install /home/ub/dodo/dodo_robot_ROS2/build/dodo_rl
