[0.015s] Invoking command in '/home/ubuntu/dodo_main/dodo_robot_ws/build/dodo_processing': AMENT_PREFIX_PATH=/home/ubuntu/dodo_main/dodo_robot_ws/install/dodo_msgs:${AMENT_PREFIX_PATH} CMAKE_PREFIX_PATH=/home/ubuntu/dodo_main/dodo_robot_ws/install/dodo_msgs:/opt/ros/humble LD_LIBRARY_PATH=/home/ubuntu/dodo_main/dodo_robot_ws/install/dodo_msgs/lib:${LD_LIBRARY_PATH} PYTHONPATH=/home/ubuntu/dodo_main/dodo_robot_ws/install/dodo_msgs/local/lib/python3.10/dist-packages:${PYTHONPATH} /usr/bin/cmake --build /home/ubuntu/dodo_main/dodo_robot_ws/build/dodo_processing -- -j2 -l2
[0.062s] [35m[1mConsolidate compiler generated dependencies of target processing_node[0m
[0.084s] [100%] Built target processing_node
[0.108s] Invoked command in '/home/ubuntu/dodo_main/dodo_robot_ws/build/dodo_processing' returned '0': AMENT_PREFIX_PATH=/home/ubuntu/dodo_main/dodo_robot_ws/install/dodo_msgs:${AMENT_PREFIX_PATH} CMAKE_PREFIX_PATH=/home/ubuntu/dodo_main/dodo_robot_ws/install/dodo_msgs:/opt/ros/humble LD_LIBRARY_PATH=/home/ubuntu/dodo_main/dodo_robot_ws/install/dodo_msgs/lib:${LD_LIBRARY_PATH} PYTHONPATH=/home/ubuntu/dodo_main/dodo_robot_ws/install/dodo_msgs/local/lib/python3.10/dist-packages:${PYTHONPATH} /usr/bin/cmake --build /home/ubuntu/dodo_main/dodo_robot_ws/build/dodo_processing -- -j2 -l2
[0.109s] Invoking command in '/home/ubuntu/dodo_main/dodo_robot_ws/build/dodo_processing': AMENT_PREFIX_PATH=/home/ubuntu/dodo_main/dodo_robot_ws/install/dodo_msgs:${AMENT_PREFIX_PATH} CMAKE_PREFIX_PATH=/home/ubuntu/dodo_main/dodo_robot_ws/install/dodo_msgs:/opt/ros/humble LD_LIBRARY_PATH=/home/ubuntu/dodo_main/dodo_robot_ws/install/dodo_msgs/lib:${LD_LIBRARY_PATH} PYTHONPATH=/home/ubuntu/dodo_main/dodo_robot_ws/install/dodo_msgs/local/lib/python3.10/dist-packages:${PYTHONPATH} /usr/bin/cmake --install /home/ubuntu/dodo_main/dodo_robot_ws/build/dodo_processing
[0.119s] -- Install configuration: ""
[0.120s] -- Up-to-date: /home/ubuntu/dodo_main/dodo_robot_ws/install/dodo_processing/lib/dodo_processing/processing_node
[0.121s] -- Up-to-date: /home/ubuntu/dodo_main/dodo_robot_ws/install/dodo_processing/share/dodo_processing/launch
[0.121s] -- Up-to-date: /home/ubuntu/dodo_main/dodo_robot_ws/install/dodo_processing/share/dodo_processing/launch/processing_node.launch.py
[0.121s] -- Up-to-date: /home/ubuntu/dodo_main/dodo_robot_ws/install/dodo_processing/include/
[0.121s] -- Up-to-date: /home/ubuntu/dodo_main/dodo_robot_ws/install/dodo_processing/include//dodo_processing
[0.121s] -- Up-to-date: /home/ubuntu/dodo_main/dodo_robot_ws/install/dodo_processing/include//dodo_processing/processing_node.hpp
[0.122s] -- Up-to-date: /home/ubuntu/dodo_main/dodo_robot_ws/install/dodo_processing/share/ament_index/resource_index/package_run_dependencies/dodo_processing
[0.122s] -- Up-to-date: /home/ubuntu/dodo_main/dodo_robot_ws/install/dodo_processing/share/ament_index/resource_index/parent_prefix_path/dodo_processing
[0.122s] -- Up-to-date: /home/ubuntu/dodo_main/dodo_robot_ws/install/dodo_processing/share/dodo_processing/environment/ament_prefix_path.sh
[0.122s] -- Up-to-date: /home/ubuntu/dodo_main/dodo_robot_ws/install/dodo_processing/share/dodo_processing/environment/ament_prefix_path.dsv
[0.122s] -- Up-to-date: /home/ubuntu/dodo_main/dodo_robot_ws/install/dodo_processing/share/dodo_processing/environment/path.sh
[0.122s] -- Up-to-date: /home/ubuntu/dodo_main/dodo_robot_ws/install/dodo_processing/share/dodo_processing/environment/path.dsv
[0.122s] -- Up-to-date: /home/ubuntu/dodo_main/dodo_robot_ws/install/dodo_processing/share/dodo_processing/local_setup.bash
[0.122s] -- Up-to-date: /home/ubuntu/dodo_main/dodo_robot_ws/install/dodo_processing/share/dodo_processing/local_setup.sh
[0.122s] -- Up-to-date: /home/ubuntu/dodo_main/dodo_robot_ws/install/dodo_processing/share/dodo_processing/local_setup.zsh
[0.122s] -- Up-to-date: /home/ubuntu/dodo_main/dodo_robot_ws/install/dodo_processing/share/dodo_processing/local_setup.dsv
[0.122s] -- Installing: /home/ubuntu/dodo_main/dodo_robot_ws/install/dodo_processing/share/dodo_processing/package.dsv
[0.122s] -- Up-to-date: /home/ubuntu/dodo_main/dodo_robot_ws/install/dodo_processing/share/ament_index/resource_index/packages/dodo_processing
[0.122s] -- Up-to-date: /home/ubuntu/dodo_main/dodo_robot_ws/install/dodo_processing/share/dodo_processing/cmake/dodo_processingConfig.cmake
[0.122s] -- Up-to-date: /home/ubuntu/dodo_main/dodo_robot_ws/install/dodo_processing/share/dodo_processing/cmake/dodo_processingConfig-version.cmake
[0.122s] -- Up-to-date: /home/ubuntu/dodo_main/dodo_robot_ws/install/dodo_processing/share/dodo_processing/package.xml
[0.124s] Invoked command in '/home/ubuntu/dodo_main/dodo_robot_ws/build/dodo_processing' returned '0': AMENT_PREFIX_PATH=/home/ubuntu/dodo_main/dodo_robot_ws/install/dodo_msgs:${AMENT_PREFIX_PATH} CMAKE_PREFIX_PATH=/home/ubuntu/dodo_main/dodo_robot_ws/install/dodo_msgs:/opt/ros/humble LD_LIBRARY_PATH=/home/ubuntu/dodo_main/dodo_robot_ws/install/dodo_msgs/lib:${LD_LIBRARY_PATH} PYTHONPATH=/home/ubuntu/dodo_main/dodo_robot_ws/install/dodo_msgs/local/lib/python3.10/dist-packages:${PYTHONPATH} /usr/bin/cmake --install /home/ubuntu/dodo_main/dodo_robot_ws/build/dodo_processing
