-- Found ament_cmake: 1.3.11 (/opt/ros/humble/share/ament_cmake/cmake)
-- Override CMake install command with custom implementation using symlinks instead of copying resources
-- Configuring done
-- Generating done
-- Build files have been written to: /home/ubuntu/dodo_main/dodo_robot_ws/build/dodo_bringup
-- Install configuration: ""
-- Execute custom install script
-- Symlinking: /home/ubuntu/dodo_main/dodo_robot_ws/install/dodo_bringup/share/dodo_bringup/launch/dodo_robot.launch.py
-- Symlinking: /home/ubuntu/dodo_main/dodo_robot_ws/install/dodo_bringup/share/dodo_bringup/launch/hardware.launch.py
-- Symlinking: /home/ubuntu/dodo_main/dodo_robot_ws/install/dodo_bringup/share/dodo_bringup/launch/simulation.launch.py
-- Symlinking: /home/ubuntu/dodo_main/dodo_robot_ws/install/dodo_bringup/share/ament_index/resource_index/package_run_dependencies/dodo_bringup
-- Symlinking: /home/ubuntu/dodo_main/dodo_robot_ws/install/dodo_bringup/share/ament_index/resource_index/parent_prefix_path/dodo_bringup
-- Symlinking: /home/ubuntu/dodo_main/dodo_robot_ws/install/dodo_bringup/share/dodo_bringup/environment/ament_prefix_path.sh
-- Symlinking: /home/ubuntu/dodo_main/dodo_robot_ws/install/dodo_bringup/share/dodo_bringup/environment/ament_prefix_path.dsv
-- Symlinking: /home/ubuntu/dodo_main/dodo_robot_ws/install/dodo_bringup/share/dodo_bringup/environment/path.sh
-- Symlinking: /home/ubuntu/dodo_main/dodo_robot_ws/install/dodo_bringup/share/dodo_bringup/environment/path.dsv
-- Symlinking: /home/ubuntu/dodo_main/dodo_robot_ws/install/dodo_bringup/share/dodo_bringup/local_setup.bash
-- Symlinking: /home/ubuntu/dodo_main/dodo_robot_ws/install/dodo_bringup/share/dodo_bringup/local_setup.sh
-- Symlinking: /home/ubuntu/dodo_main/dodo_robot_ws/install/dodo_bringup/share/dodo_bringup/local_setup.zsh
-- Symlinking: /home/ubuntu/dodo_main/dodo_robot_ws/install/dodo_bringup/share/dodo_bringup/local_setup.dsv
-- Symlinking: /home/ubuntu/dodo_main/dodo_robot_ws/install/dodo_bringup/share/dodo_bringup/package.dsv
-- Symlinking: /home/ubuntu/dodo_main/dodo_robot_ws/install/dodo_bringup/share/ament_index/resource_index/packages/dodo_bringup
-- Symlinking: /home/ubuntu/dodo_main/dodo_robot_ws/install/dodo_bringup/share/dodo_bringup/cmake/dodo_bringupConfig.cmake
-- Symlinking: /home/ubuntu/dodo_main/dodo_robot_ws/install/dodo_bringup/share/dodo_bringup/cmake/dodo_bringupConfig-version.cmake
-- Symlinking: /home/ubuntu/dodo_main/dodo_robot_ws/install/dodo_bringup/share/dodo_bringup/package.xml
