[0.020s] Invoking command in '/home/ubuntu/dodo_main/dodo_robot_ws/build/dodo_bringup': CMAKE_PREFIX_PATH=/home/ubuntu/dodo_main/dodo_robot_ws/install/dodo_sensor_fusion:/home/ubuntu/dodo_main/dodo_robot_ws/install/dodo_safety:/home/ubuntu/dodo_main/dodo_robot_ws/install/dodo_processing:/home/ubuntu/dodo_main/dodo_robot_ws/install/dodo_monitor:/home/ubuntu/dodo_main/dodo_robot_ws/install/dodo_usb_command:/home/ubuntu/dodo_main/dodo_robot_ws/install/dodo_rl:/home/ubuntu/dodo_main/dodo_robot_ws/install/dodo_msgs:/home/ubuntu/dodo_main/dodo_robot_ws/install/dodo_imu:/home/ubuntu/dodo_main/dodo_robot_ws/install/dodo_canbus:/home/ubuntu/dodo_main/dodo_robot_ws/install/dodo_bringup:/opt/ros/humble CONDA_PROMPT_MODIFIER=(base) /usr/bin/cmake /home/ubuntu/dodo_main/dodo_robot_ws/src/dodo_bringup -DAMENT_CMAKE_SYMLINK_INSTALL=1 -DCMAKE_INSTALL_PREFIX=/home/ubuntu/dodo_main/dodo_robot_ws/install/dodo_bringup
[0.036s] -- Found ament_cmake: 1.3.11 (/opt/ros/humble/share/ament_cmake/cmake)
[0.125s] -- Override CMake install command with custom implementation using symlinks instead of copying resources
[0.183s] -- Configuring done
[0.191s] -- Generating done
[0.193s] -- Build files have been written to: /home/ubuntu/dodo_main/dodo_robot_ws/build/dodo_bringup
[0.198s] Invoked command in '/home/ubuntu/dodo_main/dodo_robot_ws/build/dodo_bringup' returned '0': CMAKE_PREFIX_PATH=/home/ubuntu/dodo_main/dodo_robot_ws/install/dodo_sensor_fusion:/home/ubuntu/dodo_main/dodo_robot_ws/install/dodo_safety:/home/ubuntu/dodo_main/dodo_robot_ws/install/dodo_processing:/home/ubuntu/dodo_main/dodo_robot_ws/install/dodo_monitor:/home/ubuntu/dodo_main/dodo_robot_ws/install/dodo_usb_command:/home/ubuntu/dodo_main/dodo_robot_ws/install/dodo_rl:/home/ubuntu/dodo_main/dodo_robot_ws/install/dodo_msgs:/home/ubuntu/dodo_main/dodo_robot_ws/install/dodo_imu:/home/ubuntu/dodo_main/dodo_robot_ws/install/dodo_canbus:/home/ubuntu/dodo_main/dodo_robot_ws/install/dodo_bringup:/opt/ros/humble CONDA_PROMPT_MODIFIER=(base) /usr/bin/cmake /home/ubuntu/dodo_main/dodo_robot_ws/src/dodo_bringup -DAMENT_CMAKE_SYMLINK_INSTALL=1 -DCMAKE_INSTALL_PREFIX=/home/ubuntu/dodo_main/dodo_robot_ws/install/dodo_bringup
[0.199s] Invoking command in '/home/ubuntu/dodo_main/dodo_robot_ws/build/dodo_bringup': CMAKE_PREFIX_PATH=/home/ubuntu/dodo_main/dodo_robot_ws/install/dodo_sensor_fusion:/home/ubuntu/dodo_main/dodo_robot_ws/install/dodo_safety:/home/ubuntu/dodo_main/dodo_robot_ws/install/dodo_processing:/home/ubuntu/dodo_main/dodo_robot_ws/install/dodo_monitor:/home/ubuntu/dodo_main/dodo_robot_ws/install/dodo_usb_command:/home/ubuntu/dodo_main/dodo_robot_ws/install/dodo_rl:/home/ubuntu/dodo_main/dodo_robot_ws/install/dodo_msgs:/home/ubuntu/dodo_main/dodo_robot_ws/install/dodo_imu:/home/ubuntu/dodo_main/dodo_robot_ws/install/dodo_canbus:/home/ubuntu/dodo_main/dodo_robot_ws/install/dodo_bringup:/opt/ros/humble CONDA_PROMPT_MODIFIER=(base) /usr/bin/cmake --build /home/ubuntu/dodo_main/dodo_robot_ws/build/dodo_bringup -- -j2 -l2
[0.239s] Invoked command in '/home/ubuntu/dodo_main/dodo_robot_ws/build/dodo_bringup' returned '0': CMAKE_PREFIX_PATH=/home/ubuntu/dodo_main/dodo_robot_ws/install/dodo_sensor_fusion:/home/ubuntu/dodo_main/dodo_robot_ws/install/dodo_safety:/home/ubuntu/dodo_main/dodo_robot_ws/install/dodo_processing:/home/ubuntu/dodo_main/dodo_robot_ws/install/dodo_monitor:/home/ubuntu/dodo_main/dodo_robot_ws/install/dodo_usb_command:/home/ubuntu/dodo_main/dodo_robot_ws/install/dodo_rl:/home/ubuntu/dodo_main/dodo_robot_ws/install/dodo_msgs:/home/ubuntu/dodo_main/dodo_robot_ws/install/dodo_imu:/home/ubuntu/dodo_main/dodo_robot_ws/install/dodo_canbus:/home/ubuntu/dodo_main/dodo_robot_ws/install/dodo_bringup:/opt/ros/humble CONDA_PROMPT_MODIFIER=(base) /usr/bin/cmake --build /home/ubuntu/dodo_main/dodo_robot_ws/build/dodo_bringup -- -j2 -l2
[0.240s] Invoking command in '/home/ubuntu/dodo_main/dodo_robot_ws/build/dodo_bringup': CMAKE_PREFIX_PATH=/home/ubuntu/dodo_main/dodo_robot_ws/install/dodo_sensor_fusion:/home/ubuntu/dodo_main/dodo_robot_ws/install/dodo_safety:/home/ubuntu/dodo_main/dodo_robot_ws/install/dodo_processing:/home/ubuntu/dodo_main/dodo_robot_ws/install/dodo_monitor:/home/ubuntu/dodo_main/dodo_robot_ws/install/dodo_usb_command:/home/ubuntu/dodo_main/dodo_robot_ws/install/dodo_rl:/home/ubuntu/dodo_main/dodo_robot_ws/install/dodo_msgs:/home/ubuntu/dodo_main/dodo_robot_ws/install/dodo_imu:/home/ubuntu/dodo_main/dodo_robot_ws/install/dodo_canbus:/home/ubuntu/dodo_main/dodo_robot_ws/install/dodo_bringup:/opt/ros/humble CONDA_PROMPT_MODIFIER=(base) /usr/bin/cmake --install /home/ubuntu/dodo_main/dodo_robot_ws/build/dodo_bringup
[0.249s] -- Install configuration: ""
[0.250s] -- Execute custom install script
[0.251s] -- Symlinking: /home/ubuntu/dodo_main/dodo_robot_ws/install/dodo_bringup/share/dodo_bringup/launch/dodo_robot.launch.py
[0.259s] -- Symlinking: /home/ubuntu/dodo_main/dodo_robot_ws/install/dodo_bringup/share/dodo_bringup/launch/hardware.launch.py
[0.267s] -- Symlinking: /home/ubuntu/dodo_main/dodo_robot_ws/install/dodo_bringup/share/dodo_bringup/launch/simulation.launch.py
[0.276s] -- Symlinking: /home/ubuntu/dodo_main/dodo_robot_ws/install/dodo_bringup/share/ament_index/resource_index/package_run_dependencies/dodo_bringup
[0.285s] -- Symlinking: /home/ubuntu/dodo_main/dodo_robot_ws/install/dodo_bringup/share/ament_index/resource_index/parent_prefix_path/dodo_bringup
[0.293s] -- Symlinking: /home/ubuntu/dodo_main/dodo_robot_ws/install/dodo_bringup/share/dodo_bringup/environment/ament_prefix_path.sh
[0.301s] -- Symlinking: /home/ubuntu/dodo_main/dodo_robot_ws/install/dodo_bringup/share/dodo_bringup/environment/ament_prefix_path.dsv
[0.310s] -- Symlinking: /home/ubuntu/dodo_main/dodo_robot_ws/install/dodo_bringup/share/dodo_bringup/environment/path.sh
[0.318s] -- Symlinking: /home/ubuntu/dodo_main/dodo_robot_ws/install/dodo_bringup/share/dodo_bringup/environment/path.dsv
[0.327s] -- Symlinking: /home/ubuntu/dodo_main/dodo_robot_ws/install/dodo_bringup/share/dodo_bringup/local_setup.bash
[0.335s] -- Symlinking: /home/ubuntu/dodo_main/dodo_robot_ws/install/dodo_bringup/share/dodo_bringup/local_setup.sh
[0.343s] -- Symlinking: /home/ubuntu/dodo_main/dodo_robot_ws/install/dodo_bringup/share/dodo_bringup/local_setup.zsh
[0.351s] -- Symlinking: /home/ubuntu/dodo_main/dodo_robot_ws/install/dodo_bringup/share/dodo_bringup/local_setup.dsv
[0.359s] -- Symlinking: /home/ubuntu/dodo_main/dodo_robot_ws/install/dodo_bringup/share/dodo_bringup/package.dsv
[0.366s] -- Symlinking: /home/ubuntu/dodo_main/dodo_robot_ws/install/dodo_bringup/share/ament_index/resource_index/packages/dodo_bringup
[0.374s] -- Symlinking: /home/ubuntu/dodo_main/dodo_robot_ws/install/dodo_bringup/share/dodo_bringup/cmake/dodo_bringupConfig.cmake
[0.382s] -- Symlinking: /home/ubuntu/dodo_main/dodo_robot_ws/install/dodo_bringup/share/dodo_bringup/cmake/dodo_bringupConfig-version.cmake
[0.389s] -- Symlinking: /home/ubuntu/dodo_main/dodo_robot_ws/install/dodo_bringup/share/dodo_bringup/package.xml
[0.400s] Invoked command in '/home/ubuntu/dodo_main/dodo_robot_ws/build/dodo_bringup' returned '0': CMAKE_PREFIX_PATH=/home/ubuntu/dodo_main/dodo_robot_ws/install/dodo_sensor_fusion:/home/ubuntu/dodo_main/dodo_robot_ws/install/dodo_safety:/home/ubuntu/dodo_main/dodo_robot_ws/install/dodo_processing:/home/ubuntu/dodo_main/dodo_robot_ws/install/dodo_monitor:/home/ubuntu/dodo_main/dodo_robot_ws/install/dodo_usb_command:/home/ubuntu/dodo_main/dodo_robot_ws/install/dodo_rl:/home/ubuntu/dodo_main/dodo_robot_ws/install/dodo_msgs:/home/ubuntu/dodo_main/dodo_robot_ws/install/dodo_imu:/home/ubuntu/dodo_main/dodo_robot_ws/install/dodo_canbus:/home/ubuntu/dodo_main/dodo_robot_ws/install/dodo_bringup:/opt/ros/humble CONDA_PROMPT_MODIFIER=(base) /usr/bin/cmake --install /home/ubuntu/dodo_main/dodo_robot_ws/build/dodo_bringup
