[0.013s] Invoking command in '/home/ubuntu/dodo_main/dodo_robot_ws/build/dodo_sensor_fusion': AMENT_PREFIX_PATH=/home/ubuntu/dodo_main/dodo_robot_ws/install/dodo_msgs:${AMENT_PREFIX_PATH} CMAKE_PREFIX_PATH=/home/ubuntu/dodo_main/dodo_robot_ws/install/dodo_msgs:/opt/ros/humble CONDA_PROMPT_MODIFIER=(base) LD_LIBRARY_PATH=/home/ubuntu/dodo_main/dodo_robot_ws/install/dodo_msgs/lib:${LD_LIBRARY_PATH} PYTHONPATH=/home/ubuntu/dodo_main/dodo_robot_ws/install/dodo_msgs/local/lib/python3.10/dist-packages:${PYTHONPATH} /usr/bin/cmake --build /home/ubuntu/dodo_main/dodo_robot_ws/build/dodo_sensor_fusion -- -j2 -l2
[0.082s] [100%] Built target fusion_node
[0.094s] Invoked command in '/home/ubuntu/dodo_main/dodo_robot_ws/build/dodo_sensor_fusion' returned '0': AMENT_PREFIX_PATH=/home/ubuntu/dodo_main/dodo_robot_ws/install/dodo_msgs:${AMENT_PREFIX_PATH} CMAKE_PREFIX_PATH=/home/ubuntu/dodo_main/dodo_robot_ws/install/dodo_msgs:/opt/ros/humble CONDA_PROMPT_MODIFIER=(base) LD_LIBRARY_PATH=/home/ubuntu/dodo_main/dodo_robot_ws/install/dodo_msgs/lib:${LD_LIBRARY_PATH} PYTHONPATH=/home/ubuntu/dodo_main/dodo_robot_ws/install/dodo_msgs/local/lib/python3.10/dist-packages:${PYTHONPATH} /usr/bin/cmake --build /home/ubuntu/dodo_main/dodo_robot_ws/build/dodo_sensor_fusion -- -j2 -l2
[0.099s] Invoking command in '/home/ubuntu/dodo_main/dodo_robot_ws/build/dodo_sensor_fusion': AMENT_PREFIX_PATH=/home/ubuntu/dodo_main/dodo_robot_ws/install/dodo_msgs:${AMENT_PREFIX_PATH} CMAKE_PREFIX_PATH=/home/ubuntu/dodo_main/dodo_robot_ws/install/dodo_msgs:/opt/ros/humble CONDA_PROMPT_MODIFIER=(base) LD_LIBRARY_PATH=/home/ubuntu/dodo_main/dodo_robot_ws/install/dodo_msgs/lib:${LD_LIBRARY_PATH} PYTHONPATH=/home/ubuntu/dodo_main/dodo_robot_ws/install/dodo_msgs/local/lib/python3.10/dist-packages:${PYTHONPATH} /usr/bin/cmake --install /home/ubuntu/dodo_main/dodo_robot_ws/build/dodo_sensor_fusion
[0.108s] -- Install configuration: ""
[0.109s] -- Execute custom install script
[0.110s] -- Up-to-date symlink: /home/ubuntu/dodo_main/dodo_robot_ws/install/dodo_sensor_fusion/lib/dodo_sensor_fusion/fusion_node
[0.111s] -- Up-to-date symlink: /home/ubuntu/dodo_main/dodo_robot_ws/install/dodo_sensor_fusion/share/dodo_sensor_fusion/launch/fusion_node.launch.py
[0.112s] -- Up-to-date symlink: /home/ubuntu/dodo_main/dodo_robot_ws/install/dodo_sensor_fusion/include//dodo_sensor_fusion/fusion_node.hpp
[0.112s] -- Up-to-date symlink: /home/ubuntu/dodo_main/dodo_robot_ws/install/dodo_sensor_fusion/share/ament_index/resource_index/package_run_dependencies/dodo_sensor_fusion
[0.113s] -- Up-to-date symlink: /home/ubuntu/dodo_main/dodo_robot_ws/install/dodo_sensor_fusion/share/ament_index/resource_index/parent_prefix_path/dodo_sensor_fusion
[0.116s] -- Up-to-date symlink: /home/ubuntu/dodo_main/dodo_robot_ws/install/dodo_sensor_fusion/share/dodo_sensor_fusion/environment/ament_prefix_path.sh
[0.116s] -- Up-to-date symlink: /home/ubuntu/dodo_main/dodo_robot_ws/install/dodo_sensor_fusion/share/dodo_sensor_fusion/environment/ament_prefix_path.dsv
[0.117s] -- Up-to-date symlink: /home/ubuntu/dodo_main/dodo_robot_ws/install/dodo_sensor_fusion/share/dodo_sensor_fusion/environment/path.sh
[0.118s] -- Up-to-date symlink: /home/ubuntu/dodo_main/dodo_robot_ws/install/dodo_sensor_fusion/share/dodo_sensor_fusion/environment/path.dsv
[0.118s] -- Up-to-date symlink: /home/ubuntu/dodo_main/dodo_robot_ws/install/dodo_sensor_fusion/share/dodo_sensor_fusion/local_setup.bash
[0.119s] -- Up-to-date symlink: /home/ubuntu/dodo_main/dodo_robot_ws/install/dodo_sensor_fusion/share/dodo_sensor_fusion/local_setup.sh
[0.119s] -- Up-to-date symlink: /home/ubuntu/dodo_main/dodo_robot_ws/install/dodo_sensor_fusion/share/dodo_sensor_fusion/local_setup.zsh
[0.120s] -- Up-to-date symlink: /home/ubuntu/dodo_main/dodo_robot_ws/install/dodo_sensor_fusion/share/dodo_sensor_fusion/local_setup.dsv
[0.120s] -- Symlinking: /home/ubuntu/dodo_main/dodo_robot_ws/install/dodo_sensor_fusion/share/dodo_sensor_fusion/package.dsv
[0.136s] -- Up-to-date symlink: /home/ubuntu/dodo_main/dodo_robot_ws/install/dodo_sensor_fusion/share/ament_index/resource_index/packages/dodo_sensor_fusion
[0.136s] -- Up-to-date symlink: /home/ubuntu/dodo_main/dodo_robot_ws/install/dodo_sensor_fusion/share/dodo_sensor_fusion/cmake/dodo_sensor_fusionConfig.cmake
[0.137s] -- Up-to-date symlink: /home/ubuntu/dodo_main/dodo_robot_ws/install/dodo_sensor_fusion/share/dodo_sensor_fusion/cmake/dodo_sensor_fusionConfig-version.cmake
[0.137s] -- Up-to-date symlink: /home/ubuntu/dodo_main/dodo_robot_ws/install/dodo_sensor_fusion/share/dodo_sensor_fusion/package.xml
[0.139s] Invoked command in '/home/ubuntu/dodo_main/dodo_robot_ws/build/dodo_sensor_fusion' returned '0': AMENT_PREFIX_PATH=/home/ubuntu/dodo_main/dodo_robot_ws/install/dodo_msgs:${AMENT_PREFIX_PATH} CMAKE_PREFIX_PATH=/home/ubuntu/dodo_main/dodo_robot_ws/install/dodo_msgs:/opt/ros/humble CONDA_PROMPT_MODIFIER=(base) LD_LIBRARY_PATH=/home/ubuntu/dodo_main/dodo_robot_ws/install/dodo_msgs/lib:${LD_LIBRARY_PATH} PYTHONPATH=/home/ubuntu/dodo_main/dodo_robot_ws/install/dodo_msgs/local/lib/python3.10/dist-packages:${PYTHONPATH} /usr/bin/cmake --install /home/ubuntu/dodo_main/dodo_robot_ws/build/dodo_sensor_fusion
