[0.013s] Invoking command in '/home/ubuntu/dodo_main/dodo_robot_ws/build/dodo_usb_command': CMAKE_PREFIX_PATH=${CMAKE_PREFIX_PATH}:/opt/ros/humble CONDA_PROMPT_MODIFIER=(base) /usr/bin/cmake /home/ubuntu/dodo_main/dodo_robot_ws/src/dodo_usb_command -DAMENT_CMAKE_SYMLINK_INSTALL=1 -DCMAKE_INSTALL_PREFIX=/home/ubuntu/dodo_main/dodo_robot_ws/install/dodo_usb_command
[0.027s] -- Found ament_cmake: 1.3.11 (/opt/ros/humble/share/ament_cmake/cmake)
[0.121s] -- Override CMake install command with custom implementation using symlinks instead of copying resources
[0.129s] -- Found rclcpp: 16.0.11 (/opt/ros/humble/share/rclcpp/cmake)
[0.150s] -- Found rosidl_generator_c: 3.1.6 (/opt/ros/humble/share/rosidl_generator_c/cmake)
[0.152s] -- Found rosidl_adapter: 3.1.6 (/opt/ros/humble/share/rosidl_adapter/cmake)
[0.156s] -- Found rosidl_generator_cpp: 3.1.6 (/opt/ros/humble/share/rosidl_generator_cpp/cmake)
[0.164s] -- Using all available rosidl_typesupport_c: rosidl_typesupport_fastrtps_c;rosidl_typesupport_introspection_c
[0.172s] -- Using all available rosidl_typesupport_cpp: rosidl_typesupport_fastrtps_cpp;rosidl_typesupport_introspection_cpp
[0.194s] -- Found rmw_implementation_cmake: 6.1.2 (/opt/ros/humble/share/rmw_implementation_cmake/cmake)
[0.195s] -- Found rmw_fastrtps_cpp: 6.2.7 (/opt/ros/humble/share/rmw_fastrtps_cpp/cmake)
[0.292s] -- Using RMW implementation 'rmw_fastrtps_cpp' as default
[0.384s] -- Configuring done
[0.398s] -- Generating done
[0.402s] -- Build files have been written to: /home/ubuntu/dodo_main/dodo_robot_ws/build/dodo_usb_command
[0.408s] Invoked command in '/home/ubuntu/dodo_main/dodo_robot_ws/build/dodo_usb_command' returned '0': CMAKE_PREFIX_PATH=${CMAKE_PREFIX_PATH}:/opt/ros/humble CONDA_PROMPT_MODIFIER=(base) /usr/bin/cmake /home/ubuntu/dodo_main/dodo_robot_ws/src/dodo_usb_command -DAMENT_CMAKE_SYMLINK_INSTALL=1 -DCMAKE_INSTALL_PREFIX=/home/ubuntu/dodo_main/dodo_robot_ws/install/dodo_usb_command
[0.410s] Invoking command in '/home/ubuntu/dodo_main/dodo_robot_ws/build/dodo_usb_command': CMAKE_PREFIX_PATH=${CMAKE_PREFIX_PATH}:/opt/ros/humble CONDA_PROMPT_MODIFIER=(base) /usr/bin/cmake --build /home/ubuntu/dodo_main/dodo_robot_ws/build/dodo_usb_command -- -j2 -l2
[0.455s] [35m[1mConsolidate compiler generated dependencies of target usb_command_node[0m
[0.477s] [ 50%] [32m[1mLinking CXX executable usb_command_node[0m
[0.614s] [100%] Built target usb_command_node
[0.625s] Invoked command in '/home/ubuntu/dodo_main/dodo_robot_ws/build/dodo_usb_command' returned '0': CMAKE_PREFIX_PATH=${CMAKE_PREFIX_PATH}:/opt/ros/humble CONDA_PROMPT_MODIFIER=(base) /usr/bin/cmake --build /home/ubuntu/dodo_main/dodo_robot_ws/build/dodo_usb_command -- -j2 -l2
[0.627s] Invoking command in '/home/ubuntu/dodo_main/dodo_robot_ws/build/dodo_usb_command': CMAKE_PREFIX_PATH=${CMAKE_PREFIX_PATH}:/opt/ros/humble CONDA_PROMPT_MODIFIER=(base) /usr/bin/cmake --install /home/ubuntu/dodo_main/dodo_robot_ws/build/dodo_usb_command
[0.635s] -- Install configuration: ""
[0.635s] -- Execute custom install script
[0.635s] -- Symlinking: /home/ubuntu/dodo_main/dodo_robot_ws/install/dodo_usb_command/lib/dodo_usb_command/usb_command_node
[0.645s] -- Symlinking: /home/ubuntu/dodo_main/dodo_robot_ws/install/dodo_usb_command/share/dodo_usb_command/launch/usb_command.launch.py
[0.654s] -- Symlinking: /home/ubuntu/dodo_main/dodo_robot_ws/install/dodo_usb_command/include//dodo_usb_command/usb_command_node.hpp
[0.662s] -- Symlinking: /home/ubuntu/dodo_main/dodo_robot_ws/install/dodo_usb_command/share/ament_index/resource_index/package_run_dependencies/dodo_usb_command
[0.669s] -- Symlinking: /home/ubuntu/dodo_main/dodo_robot_ws/install/dodo_usb_command/share/ament_index/resource_index/parent_prefix_path/dodo_usb_command
[0.677s] -- Symlinking: /home/ubuntu/dodo_main/dodo_robot_ws/install/dodo_usb_command/share/dodo_usb_command/environment/ament_prefix_path.sh
[0.691s] -- Symlinking: /home/ubuntu/dodo_main/dodo_robot_ws/install/dodo_usb_command/share/dodo_usb_command/environment/ament_prefix_path.dsv
[0.700s] -- Symlinking: /home/ubuntu/dodo_main/dodo_robot_ws/install/dodo_usb_command/share/dodo_usb_command/environment/path.sh
[0.707s] -- Symlinking: /home/ubuntu/dodo_main/dodo_robot_ws/install/dodo_usb_command/share/dodo_usb_command/environment/path.dsv
[0.714s] -- Symlinking: /home/ubuntu/dodo_main/dodo_robot_ws/install/dodo_usb_command/share/dodo_usb_command/local_setup.bash
[0.724s] -- Symlinking: /home/ubuntu/dodo_main/dodo_robot_ws/install/dodo_usb_command/share/dodo_usb_command/local_setup.sh
[0.732s] -- Symlinking: /home/ubuntu/dodo_main/dodo_robot_ws/install/dodo_usb_command/share/dodo_usb_command/local_setup.zsh
[0.741s] -- Symlinking: /home/ubuntu/dodo_main/dodo_robot_ws/install/dodo_usb_command/share/dodo_usb_command/local_setup.dsv
[0.749s] -- Symlinking: /home/ubuntu/dodo_main/dodo_robot_ws/install/dodo_usb_command/share/dodo_usb_command/package.dsv
[0.756s] -- Symlinking: /home/ubuntu/dodo_main/dodo_robot_ws/install/dodo_usb_command/share/ament_index/resource_index/packages/dodo_usb_command
[0.765s] -- Symlinking: /home/ubuntu/dodo_main/dodo_robot_ws/install/dodo_usb_command/share/dodo_usb_command/cmake/dodo_usb_commandConfig.cmake
[0.773s] -- Symlinking: /home/ubuntu/dodo_main/dodo_robot_ws/install/dodo_usb_command/share/dodo_usb_command/cmake/dodo_usb_commandConfig-version.cmake
[0.780s] -- Symlinking: /home/ubuntu/dodo_main/dodo_robot_ws/install/dodo_usb_command/share/dodo_usb_command/package.xml
[0.790s] Invoked command in '/home/ubuntu/dodo_main/dodo_robot_ws/build/dodo_usb_command' returned '0': CMAKE_PREFIX_PATH=${CMAKE_PREFIX_PATH}:/opt/ros/humble CONDA_PROMPT_MODIFIER=(base) /usr/bin/cmake --install /home/ubuntu/dodo_main/dodo_robot_ws/build/dodo_usb_command
