[0.042s] Invoking command in '/home/ubuntu/dodo_main/dodo_robot_ws/build/dodo_processing': CMAKE_PREFIX_PATH=/home/ubuntu/dodo_main/dodo_robot_ws/install/dodo_msgs:/home/ubuntu/dodo_main/dodo_robot_ws/install/dodo_bringup:/home/ubuntu/dodo_main/dodo_robot_ws/install/dodo_usb_command:/home/ubuntu/dodo_main/dodo_robot_ws/install/dodo_sensor_fusion:/home/ubuntu/dodo_main/dodo_robot_ws/install/dodo_safety:/home/ubuntu/dodo_main/dodo_robot_ws/install/dodo_rl:/home/ubuntu/dodo_main/dodo_robot_ws/install/dodo_processing:/home/ubuntu/dodo_main/dodo_robot_ws/install/dodo_monitor:/home/ubuntu/dodo_main/dodo_robot_ws/install/dodo_imu:/home/ubuntu/dodo_main/dodo_robot_ws/install/dodo_canbus:/opt/ros/humble CONDA_PROMPT_MODIFIER=(base) /usr/bin/cmake --build /home/ubuntu/dodo_main/dodo_robot_ws/build/dodo_processing -- -j2 -l2
[0.370s] [100%] Built target processing_node
[0.427s] Invoked command in '/home/ubuntu/dodo_main/dodo_robot_ws/build/dodo_processing' returned '0': CMAKE_PREFIX_PATH=/home/ubuntu/dodo_main/dodo_robot_ws/install/dodo_msgs:/home/ubuntu/dodo_main/dodo_robot_ws/install/dodo_bringup:/home/ubuntu/dodo_main/dodo_robot_ws/install/dodo_usb_command:/home/ubuntu/dodo_main/dodo_robot_ws/install/dodo_sensor_fusion:/home/ubuntu/dodo_main/dodo_robot_ws/install/dodo_safety:/home/ubuntu/dodo_main/dodo_robot_ws/install/dodo_rl:/home/ubuntu/dodo_main/dodo_robot_ws/install/dodo_processing:/home/ubuntu/dodo_main/dodo_robot_ws/install/dodo_monitor:/home/ubuntu/dodo_main/dodo_robot_ws/install/dodo_imu:/home/ubuntu/dodo_main/dodo_robot_ws/install/dodo_canbus:/opt/ros/humble CONDA_PROMPT_MODIFIER=(base) /usr/bin/cmake --build /home/ubuntu/dodo_main/dodo_robot_ws/build/dodo_processing -- -j2 -l2
[0.442s] Invoking command in '/home/ubuntu/dodo_main/dodo_robot_ws/build/dodo_processing': CMAKE_PREFIX_PATH=/home/ubuntu/dodo_main/dodo_robot_ws/install/dodo_msgs:/home/ubuntu/dodo_main/dodo_robot_ws/install/dodo_bringup:/home/ubuntu/dodo_main/dodo_robot_ws/install/dodo_usb_command:/home/ubuntu/dodo_main/dodo_robot_ws/install/dodo_sensor_fusion:/home/ubuntu/dodo_main/dodo_robot_ws/install/dodo_safety:/home/ubuntu/dodo_main/dodo_robot_ws/install/dodo_rl:/home/ubuntu/dodo_main/dodo_robot_ws/install/dodo_processing:/home/ubuntu/dodo_main/dodo_robot_ws/install/dodo_monitor:/home/ubuntu/dodo_main/dodo_robot_ws/install/dodo_imu:/home/ubuntu/dodo_main/dodo_robot_ws/install/dodo_canbus:/opt/ros/humble CONDA_PROMPT_MODIFIER=(base) /usr/bin/cmake --install /home/ubuntu/dodo_main/dodo_robot_ws/build/dodo_processing
[0.463s] -- Install configuration: ""
[0.465s] -- Execute custom install script
[0.468s] -- Up-to-date symlink: /home/ubuntu/dodo_main/dodo_robot_ws/install/dodo_processing/lib/dodo_processing/processing_node
[0.469s] -- Up-to-date symlink: /home/ubuntu/dodo_main/dodo_robot_ws/install/dodo_processing/share/dodo_processing/launch/processing_node.launch.py
[0.471s] -- Up-to-date symlink: /home/ubuntu/dodo_main/dodo_robot_ws/install/dodo_processing/include//dodo_processing/processing_node.hpp
[0.472s] -- Up-to-date symlink: /home/ubuntu/dodo_main/dodo_robot_ws/install/dodo_processing/share/ament_index/resource_index/package_run_dependencies/dodo_processing
[0.472s] -- Up-to-date symlink: /home/ubuntu/dodo_main/dodo_robot_ws/install/dodo_processing/share/ament_index/resource_index/parent_prefix_path/dodo_processing
[0.473s] -- Up-to-date symlink: /home/ubuntu/dodo_main/dodo_robot_ws/install/dodo_processing/share/dodo_processing/environment/ament_prefix_path.sh
[0.474s] -- Up-to-date symlink: /home/ubuntu/dodo_main/dodo_robot_ws/install/dodo_processing/share/dodo_processing/environment/ament_prefix_path.dsv
[0.474s] -- Up-to-date symlink: /home/ubuntu/dodo_main/dodo_robot_ws/install/dodo_processing/share/dodo_processing/environment/path.sh
[0.475s] -- Up-to-date symlink: /home/ubuntu/dodo_main/dodo_robot_ws/install/dodo_processing/share/dodo_processing/environment/path.dsv
[0.479s] -- Up-to-date symlink: /home/ubuntu/dodo_main/dodo_robot_ws/install/dodo_processing/share/dodo_processing/local_setup.bash
[0.480s] -- Up-to-date symlink: /home/ubuntu/dodo_main/dodo_robot_ws/install/dodo_processing/share/dodo_processing/local_setup.sh
[0.481s] -- Up-to-date symlink: /home/ubuntu/dodo_main/dodo_robot_ws/install/dodo_processing/share/dodo_processing/local_setup.zsh
[0.482s] -- Up-to-date symlink: /home/ubuntu/dodo_main/dodo_robot_ws/install/dodo_processing/share/dodo_processing/local_setup.dsv
[0.482s] -- Symlinking: /home/ubuntu/dodo_main/dodo_robot_ws/install/dodo_processing/share/dodo_processing/package.dsv
[0.508s] -- Up-to-date symlink: /home/ubuntu/dodo_main/dodo_robot_ws/install/dodo_processing/share/ament_index/resource_index/packages/dodo_processing
[0.508s] -- Up-to-date symlink: /home/ubuntu/dodo_main/dodo_robot_ws/install/dodo_processing/share/dodo_processing/cmake/dodo_processingConfig.cmake
[0.508s] -- Up-to-date symlink: /home/ubuntu/dodo_main/dodo_robot_ws/install/dodo_processing/share/dodo_processing/cmake/dodo_processingConfig-version.cmake
[0.509s] -- Up-to-date symlink: /home/ubuntu/dodo_main/dodo_robot_ws/install/dodo_processing/share/dodo_processing/package.xml
[0.521s] Invoked command in '/home/ubuntu/dodo_main/dodo_robot_ws/build/dodo_processing' returned '0': CMAKE_PREFIX_PATH=/home/ubuntu/dodo_main/dodo_robot_ws/install/dodo_msgs:/home/ubuntu/dodo_main/dodo_robot_ws/install/dodo_bringup:/home/ubuntu/dodo_main/dodo_robot_ws/install/dodo_usb_command:/home/ubuntu/dodo_main/dodo_robot_ws/install/dodo_sensor_fusion:/home/ubuntu/dodo_main/dodo_robot_ws/install/dodo_safety:/home/ubuntu/dodo_main/dodo_robot_ws/install/dodo_rl:/home/ubuntu/dodo_main/dodo_robot_ws/install/dodo_processing:/home/ubuntu/dodo_main/dodo_robot_ws/install/dodo_monitor:/home/ubuntu/dodo_main/dodo_robot_ws/install/dodo_imu:/home/ubuntu/dodo_main/dodo_robot_ws/install/dodo_canbus:/opt/ros/humble CONDA_PROMPT_MODIFIER=(base) /usr/bin/cmake --install /home/ubuntu/dodo_main/dodo_robot_ws/build/dodo_processing
