[0.022s] Invoking command in '/home/ubuntu/dodo_main/dodo_robot_ws/build/dodo_monitor': AMENT_PREFIX_PATH=/home/ubuntu/dodo_main/dodo_robot_ws/install/dodo_msgs:${AMENT_PREFIX_PATH} CMAKE_PREFIX_PATH=/home/ubuntu/dodo_main/dodo_robot_ws/install/dodo_msgs:/opt/ros/humble LD_LIBRARY_PATH=/home/ubuntu/dodo_main/dodo_robot_ws/install/dodo_msgs/lib:${LD_LIBRARY_PATH} PYTHONPATH=/home/ubuntu/dodo_main/dodo_robot_ws/install/dodo_msgs/local/lib/python3.10/dist-packages:${PYTHONPATH} /usr/bin/cmake /home/ubuntu/dodo_main/dodo_robot_ws/src/dodo_monitor -DCMAKE_INSTALL_PREFIX=/home/ubuntu/dodo_main/dodo_robot_ws/install/dodo_monitor
[0.078s] -- The C compiler identification is GNU 11.4.0
[0.124s] -- The CXX compiler identification is GNU 11.4.0
[0.129s] -- Detecting C compiler ABI info
[0.196s] -- Detecting C compiler ABI info - done
[0.199s] -- Check for working C compiler: /usr/bin/cc - skipped
[0.199s] -- Detecting C compile features
[0.199s] -- Detecting C compile features - done
[0.202s] -- Detecting CXX compiler ABI info
[0.275s] -- Detecting CXX compiler ABI info - done
[0.276s] -- Check for working CXX compiler: /usr/bin/c++ - skipped
[0.276s] -- Detecting CXX compile features
[0.277s] -- Detecting CXX compile features - done
[0.279s] -- Found ament_cmake: 1.3.11 (/opt/ros/humble/share/ament_cmake/cmake)
[0.388s] -- Found Python3: /usr/bin/python3 (found version "3.10.12") found components: Interpreter 
[0.450s] -- Found rclcpp: 16.0.11 (/opt/ros/humble/share/rclcpp/cmake)
[0.480s] -- Found rosidl_generator_c: 3.1.6 (/opt/ros/humble/share/rosidl_generator_c/cmake)
[0.484s] -- Found rosidl_adapter: 3.1.6 (/opt/ros/humble/share/rosidl_adapter/cmake)
[0.491s] -- Found rosidl_generator_cpp: 3.1.6 (/opt/ros/humble/share/rosidl_generator_cpp/cmake)
[0.499s] -- Using all available rosidl_typesupport_c: rosidl_typesupport_fastrtps_c;rosidl_typesupport_introspection_c
[0.511s] -- Using all available rosidl_typesupport_cpp: rosidl_typesupport_fastrtps_cpp;rosidl_typesupport_introspection_cpp
[0.540s] -- Found rmw_implementation_cmake: 6.1.2 (/opt/ros/humble/share/rmw_implementation_cmake/cmake)
[0.542s] -- Found rmw_fastrtps_cpp: 6.2.7 (/opt/ros/humble/share/rmw_fastrtps_cpp/cmake)
[0.616s] -- Found OpenSSL: /usr/lib/x86_64-linux-gnu/libcrypto.so (found version "3.0.2")  
[0.638s] -- Found FastRTPS: /opt/ros/humble/include  
[0.670s] -- Using RMW implementation 'rmw_fastrtps_cpp' as default
[0.679s] -- Looking for pthread.h
[0.748s] -- Looking for pthread.h - found
[0.748s] -- Performing Test CMAKE_HAVE_LIBC_PTHREAD
[0.843s] -- Performing Test CMAKE_HAVE_LIBC_PTHREAD - Success
[0.843s] -- Found Threads: TRUE  
[0.887s] -- Found diagnostic_msgs: 4.2.4 (/opt/ros/humble/share/diagnostic_msgs/cmake)
[0.904s] -- Found dodo_msgs: 0.1.0 (/home/ubuntu/dodo_main/dodo_robot_ws/install/dodo_msgs/share/dodo_msgs/cmake)
[1.004s] -- Configuring done
[1.015s] -- Generating done
[1.018s] -- Build files have been written to: /home/ubuntu/dodo_main/dodo_robot_ws/build/dodo_monitor
[1.027s] Invoked command in '/home/ubuntu/dodo_main/dodo_robot_ws/build/dodo_monitor' returned '0': AMENT_PREFIX_PATH=/home/ubuntu/dodo_main/dodo_robot_ws/install/dodo_msgs:${AMENT_PREFIX_PATH} CMAKE_PREFIX_PATH=/home/ubuntu/dodo_main/dodo_robot_ws/install/dodo_msgs:/opt/ros/humble LD_LIBRARY_PATH=/home/ubuntu/dodo_main/dodo_robot_ws/install/dodo_msgs/lib:${LD_LIBRARY_PATH} PYTHONPATH=/home/ubuntu/dodo_main/dodo_robot_ws/install/dodo_msgs/local/lib/python3.10/dist-packages:${PYTHONPATH} /usr/bin/cmake /home/ubuntu/dodo_main/dodo_robot_ws/src/dodo_monitor -DCMAKE_INSTALL_PREFIX=/home/ubuntu/dodo_main/dodo_robot_ws/install/dodo_monitor
[1.029s] Invoking command in '/home/ubuntu/dodo_main/dodo_robot_ws/build/dodo_monitor': AMENT_PREFIX_PATH=/home/ubuntu/dodo_main/dodo_robot_ws/install/dodo_msgs:${AMENT_PREFIX_PATH} CMAKE_PREFIX_PATH=/home/ubuntu/dodo_main/dodo_robot_ws/install/dodo_msgs:/opt/ros/humble LD_LIBRARY_PATH=/home/ubuntu/dodo_main/dodo_robot_ws/install/dodo_msgs/lib:${LD_LIBRARY_PATH} PYTHONPATH=/home/ubuntu/dodo_main/dodo_robot_ws/install/dodo_msgs/local/lib/python3.10/dist-packages:${PYTHONPATH} /usr/bin/cmake --build /home/ubuntu/dodo_main/dodo_robot_ws/build/dodo_monitor -- -j2 -l2
[1.081s] [ 50%] [32mBuilding CXX object CMakeFiles/monitor_node.dir/src/monitor_node.cpp.o[0m
[7.955s] [100%] [32m[1mLinking CXX executable monitor_node[0m
[8.378s] [100%] Built target monitor_node
[8.390s] Invoked command in '/home/ubuntu/dodo_main/dodo_robot_ws/build/dodo_monitor' returned '0': AMENT_PREFIX_PATH=/home/ubuntu/dodo_main/dodo_robot_ws/install/dodo_msgs:${AMENT_PREFIX_PATH} CMAKE_PREFIX_PATH=/home/ubuntu/dodo_main/dodo_robot_ws/install/dodo_msgs:/opt/ros/humble LD_LIBRARY_PATH=/home/ubuntu/dodo_main/dodo_robot_ws/install/dodo_msgs/lib:${LD_LIBRARY_PATH} PYTHONPATH=/home/ubuntu/dodo_main/dodo_robot_ws/install/dodo_msgs/local/lib/python3.10/dist-packages:${PYTHONPATH} /usr/bin/cmake --build /home/ubuntu/dodo_main/dodo_robot_ws/build/dodo_monitor -- -j2 -l2
[8.393s] Invoking command in '/home/ubuntu/dodo_main/dodo_robot_ws/build/dodo_monitor': AMENT_PREFIX_PATH=/home/ubuntu/dodo_main/dodo_robot_ws/install/dodo_msgs:${AMENT_PREFIX_PATH} CMAKE_PREFIX_PATH=/home/ubuntu/dodo_main/dodo_robot_ws/install/dodo_msgs:/opt/ros/humble LD_LIBRARY_PATH=/home/ubuntu/dodo_main/dodo_robot_ws/install/dodo_msgs/lib:${LD_LIBRARY_PATH} PYTHONPATH=/home/ubuntu/dodo_main/dodo_robot_ws/install/dodo_msgs/local/lib/python3.10/dist-packages:${PYTHONPATH} /usr/bin/cmake --install /home/ubuntu/dodo_main/dodo_robot_ws/build/dodo_monitor
[8.402s] -- Install configuration: ""
[8.403s] -- Installing: /home/ubuntu/dodo_main/dodo_robot_ws/install/dodo_monitor/lib/dodo_monitor/monitor_node
[8.409s] -- Set runtime path of "/home/ubuntu/dodo_main/dodo_robot_ws/install/dodo_monitor/lib/dodo_monitor/monitor_node" to ""
[8.409s] -- Installing: /home/ubuntu/dodo_main/dodo_robot_ws/install/dodo_monitor/share/dodo_monitor/launch
[8.409s] -- Installing: /home/ubuntu/dodo_main/dodo_robot_ws/install/dodo_monitor/share/dodo_monitor/launch/monitor_node.launch.py
[8.410s] -- Installing: /home/ubuntu/dodo_main/dodo_robot_ws/install/dodo_monitor/include/
[8.410s] -- Installing: /home/ubuntu/dodo_main/dodo_robot_ws/install/dodo_monitor/include//dodo_monitor
[8.410s] -- Installing: /home/ubuntu/dodo_main/dodo_robot_ws/install/dodo_monitor/include//dodo_monitor/monitor_node.hpp
[8.411s] -- Installing: /home/ubuntu/dodo_main/dodo_robot_ws/install/dodo_monitor/share/ament_index/resource_index/package_run_dependencies/dodo_monitor
[8.412s] -- Installing: /home/ubuntu/dodo_main/dodo_robot_ws/install/dodo_monitor/share/ament_index/resource_index/parent_prefix_path/dodo_monitor
[8.414s] -- Installing: /home/ubuntu/dodo_main/dodo_robot_ws/install/dodo_monitor/share/dodo_monitor/environment/ament_prefix_path.sh
[8.415s] -- Installing: /home/ubuntu/dodo_main/dodo_robot_ws/install/dodo_monitor/share/dodo_monitor/environment/ament_prefix_path.dsv
[8.416s] -- Installing: /home/ubuntu/dodo_main/dodo_robot_ws/install/dodo_monitor/share/dodo_monitor/environment/path.sh
[8.416s] -- Installing: /home/ubuntu/dodo_main/dodo_robot_ws/install/dodo_monitor/share/dodo_monitor/environment/path.dsv
[8.417s] -- Installing: /home/ubuntu/dodo_main/dodo_robot_ws/install/dodo_monitor/share/dodo_monitor/local_setup.bash
[8.417s] -- Installing: /home/ubuntu/dodo_main/dodo_robot_ws/install/dodo_monitor/share/dodo_monitor/local_setup.sh
[8.418s] -- Installing: /home/ubuntu/dodo_main/dodo_robot_ws/install/dodo_monitor/share/dodo_monitor/local_setup.zsh
[8.418s] -- Installing: /home/ubuntu/dodo_main/dodo_robot_ws/install/dodo_monitor/share/dodo_monitor/local_setup.dsv
[8.419s] -- Installing: /home/ubuntu/dodo_main/dodo_robot_ws/install/dodo_monitor/share/dodo_monitor/package.dsv
[8.419s] -- Installing: /home/ubuntu/dodo_main/dodo_robot_ws/install/dodo_monitor/share/ament_index/resource_index/packages/dodo_monitor
[8.420s] -- Installing: /home/ubuntu/dodo_main/dodo_robot_ws/install/dodo_monitor/share/dodo_monitor/cmake/dodo_monitorConfig.cmake
[8.420s] -- Installing: /home/ubuntu/dodo_main/dodo_robot_ws/install/dodo_monitor/share/dodo_monitor/cmake/dodo_monitorConfig-version.cmake
[8.421s] -- Installing: /home/ubuntu/dodo_main/dodo_robot_ws/install/dodo_monitor/share/dodo_monitor/package.xml
[8.425s] Invoked command in '/home/ubuntu/dodo_main/dodo_robot_ws/build/dodo_monitor' returned '0': AMENT_PREFIX_PATH=/home/ubuntu/dodo_main/dodo_robot_ws/install/dodo_msgs:${AMENT_PREFIX_PATH} CMAKE_PREFIX_PATH=/home/ubuntu/dodo_main/dodo_robot_ws/install/dodo_msgs:/opt/ros/humble LD_LIBRARY_PATH=/home/ubuntu/dodo_main/dodo_robot_ws/install/dodo_msgs/lib:${LD_LIBRARY_PATH} PYTHONPATH=/home/ubuntu/dodo_main/dodo_robot_ws/install/dodo_msgs/local/lib/python3.10/dist-packages:${PYTHONPATH} /usr/bin/cmake --install /home/ubuntu/dodo_main/dodo_robot_ws/build/dodo_monitor
