[0.011s] Invoking command in '/home/ubuntu/dodo_main/dodo_robot_ws/build/dodo_imu': CMAKE_PREFIX_PATH=/opt/ros/humble CONDA_PROMPT_MODIFIER=(base) /usr/bin/cmake --build /home/ubuntu/dodo_main/dodo_robot_ws/build/dodo_imu -- -j2 -l2
[0.091s] [100%] Built target imu_node
[0.100s] Invoked command in '/home/ubuntu/dodo_main/dodo_robot_ws/build/dodo_imu' returned '0': CMAKE_PREFIX_PATH=/opt/ros/humble CONDA_PROMPT_MODIFIER=(base) /usr/bin/cmake --build /home/ubuntu/dodo_main/dodo_robot_ws/build/dodo_imu -- -j2 -l2
[0.102s] Invoking command in '/home/ubuntu/dodo_main/dodo_robot_ws/build/dodo_imu': CMAKE_PREFIX_PATH=/opt/ros/humble CONDA_PROMPT_MODIFIER=(base) /usr/bin/cmake --install /home/ubuntu/dodo_main/dodo_robot_ws/build/dodo_imu
[0.109s] -- Install configuration: ""
[0.111s] -- Up-to-date: /home/ubuntu/dodo_main/dodo_robot_ws/install/dodo_imu/lib/dodo_imu/imu_node
[0.112s] -- Up-to-date: /home/ubuntu/dodo_main/dodo_robot_ws/install/dodo_imu/share/dodo_imu/launch
[0.112s] -- Up-to-date: /home/ubuntu/dodo_main/dodo_robot_ws/install/dodo_imu/share/dodo_imu/launch/imu_node.launch.py
[0.113s] -- Up-to-date: /home/ubuntu/dodo_main/dodo_robot_ws/install/dodo_imu/include/
[0.113s] -- Up-to-date: /home/ubuntu/dodo_main/dodo_robot_ws/install/dodo_imu/include//dodo_imu
[0.114s] -- Up-to-date: /home/ubuntu/dodo_main/dodo_robot_ws/install/dodo_imu/include//dodo_imu/imu_driver.hpp
[0.114s] -- Up-to-date: /home/ubuntu/dodo_main/dodo_robot_ws/install/dodo_imu/include//dodo_imu/imu_node.hpp
[0.116s] -- Up-to-date: /home/ubuntu/dodo_main/dodo_robot_ws/install/dodo_imu/share/ament_index/resource_index/package_run_dependencies/dodo_imu
[0.117s] -- Up-to-date: /home/ubuntu/dodo_main/dodo_robot_ws/install/dodo_imu/share/ament_index/resource_index/parent_prefix_path/dodo_imu
[0.117s] -- Up-to-date: /home/ubuntu/dodo_main/dodo_robot_ws/install/dodo_imu/share/dodo_imu/environment/ament_prefix_path.sh
[0.118s] -- Up-to-date: /home/ubuntu/dodo_main/dodo_robot_ws/install/dodo_imu/share/dodo_imu/environment/ament_prefix_path.dsv
[0.118s] -- Up-to-date: /home/ubuntu/dodo_main/dodo_robot_ws/install/dodo_imu/share/dodo_imu/environment/path.sh
[0.119s] -- Up-to-date: /home/ubuntu/dodo_main/dodo_robot_ws/install/dodo_imu/share/dodo_imu/environment/path.dsv
[0.119s] -- Up-to-date: /home/ubuntu/dodo_main/dodo_robot_ws/install/dodo_imu/share/dodo_imu/local_setup.bash
[0.119s] -- Up-to-date: /home/ubuntu/dodo_main/dodo_robot_ws/install/dodo_imu/share/dodo_imu/local_setup.sh
[0.120s] -- Up-to-date: /home/ubuntu/dodo_main/dodo_robot_ws/install/dodo_imu/share/dodo_imu/local_setup.zsh
[0.120s] -- Up-to-date: /home/ubuntu/dodo_main/dodo_robot_ws/install/dodo_imu/share/dodo_imu/local_setup.dsv
[0.120s] -- Installing: /home/ubuntu/dodo_main/dodo_robot_ws/install/dodo_imu/share/dodo_imu/package.dsv
[0.121s] -- Up-to-date: /home/ubuntu/dodo_main/dodo_robot_ws/install/dodo_imu/share/ament_index/resource_index/packages/dodo_imu
[0.121s] -- Up-to-date: /home/ubuntu/dodo_main/dodo_robot_ws/install/dodo_imu/share/dodo_imu/cmake/dodo_imuConfig.cmake
[0.122s] -- Up-to-date: /home/ubuntu/dodo_main/dodo_robot_ws/install/dodo_imu/share/dodo_imu/cmake/dodo_imuConfig-version.cmake
[0.122s] -- Up-to-date: /home/ubuntu/dodo_main/dodo_robot_ws/install/dodo_imu/share/dodo_imu/package.xml
[0.124s] Invoked command in '/home/ubuntu/dodo_main/dodo_robot_ws/build/dodo_imu' returned '0': CMAKE_PREFIX_PATH=/opt/ros/humble CONDA_PROMPT_MODIFIER=(base) /usr/bin/cmake --install /home/ubuntu/dodo_main/dodo_robot_ws/build/dodo_imu
