[0.107s] Invoking command in '/home/ub/dodo/dodo_robot_ROS2/build/dodo_monitor': AMENT_PREFIX_PATH=/home/ub/dodo/dodo_robot_ROS2/install/dodo_msgs:${AMENT_PREFIX_PATH} CMAKE_PREFIX_PATH=/home/ub/dodo/dodo_robot_ROS2/install/dodo_msgs:/opt/ros/humble LD_LIBRARY_PATH=/home/ub/dodo/dodo_robot_ROS2/install/dodo_msgs/lib:${LD_LIBRARY_PATH} PYTHONPATH=/home/ub/dodo/dodo_robot_ROS2/install/dodo_msgs/local/lib/python3.10/dist-packages:${PYTHONPATH} /usr/bin/cmake --build /home/ub/dodo/dodo_robot_ROS2/build/dodo_monitor -- -j2 -l2
[0.242s] [35m[1mConsolidate compiler generated dependencies of target monitor_node[0m
[0.349s] [100%] Built target monitor_node
[0.396s] Invoked command in '/home/ub/dodo/dodo_robot_ROS2/build/dodo_monitor' returned '0': AMENT_PREFIX_PATH=/home/ub/dodo/dodo_robot_ROS2/install/dodo_msgs:${AMENT_PREFIX_PATH} CMAKE_PREFIX_PATH=/home/ub/dodo/dodo_robot_ROS2/install/dodo_msgs:/opt/ros/humble LD_LIBRARY_PATH=/home/ub/dodo/dodo_robot_ROS2/install/dodo_msgs/lib:${LD_LIBRARY_PATH} PYTHONPATH=/home/ub/dodo/dodo_robot_ROS2/install/dodo_msgs/local/lib/python3.10/dist-packages:${PYTHONPATH} /usr/bin/cmake --build /home/ub/dodo/dodo_robot_ROS2/build/dodo_monitor -- -j2 -l2
[0.410s] Invoking command in '/home/ub/dodo/dodo_robot_ROS2/build/dodo_monitor': AMENT_PREFIX_PATH=/home/ub/dodo/dodo_robot_ROS2/install/dodo_msgs:${AMENT_PREFIX_PATH} CMAKE_PREFIX_PATH=/home/ub/dodo/dodo_robot_ROS2/install/dodo_msgs:/opt/ros/humble LD_LIBRARY_PATH=/home/ub/dodo/dodo_robot_ROS2/install/dodo_msgs/lib:${LD_LIBRARY_PATH} PYTHONPATH=/home/ub/dodo/dodo_robot_ROS2/install/dodo_msgs/local/lib/python3.10/dist-packages:${PYTHONPATH} /usr/bin/cmake --install /home/ub/dodo/dodo_robot_ROS2/build/dodo_monitor
[0.441s] -- Install configuration: ""
[0.443s] -- Execute custom install script
[0.445s] -- Up-to-date symlink: /home/ub/dodo/dodo_robot_ROS2/install/dodo_monitor/lib/dodo_monitor/monitor_node
[0.450s] -- Up-to-date symlink: /home/ub/dodo/dodo_robot_ROS2/install/dodo_monitor/share/dodo_monitor/launch/monitor_node.launch.py
[0.450s] -- Up-to-date symlink: /home/ub/dodo/dodo_robot_ROS2/install/dodo_monitor/include//dodo_monitor/monitor_node.hpp
[0.451s] -- Up-to-date symlink: /home/ub/dodo/dodo_robot_ROS2/install/dodo_monitor/share/ament_index/resource_index/package_run_dependencies/dodo_monitor
[0.451s] -- Up-to-date symlink: /home/ub/dodo/dodo_robot_ROS2/install/dodo_monitor/share/ament_index/resource_index/parent_prefix_path/dodo_monitor
[0.451s] -- Up-to-date symlink: /home/ub/dodo/dodo_robot_ROS2/install/dodo_monitor/share/dodo_monitor/environment/ament_prefix_path.sh
[0.451s] -- Up-to-date symlink: /home/ub/dodo/dodo_robot_ROS2/install/dodo_monitor/share/dodo_monitor/environment/ament_prefix_path.dsv
[0.460s] -- Up-to-date symlink: /home/ub/dodo/dodo_robot_ROS2/install/dodo_monitor/share/dodo_monitor/environment/path.sh
[0.466s] -- Up-to-date symlink: /home/ub/dodo/dodo_robot_ROS2/install/dodo_monitor/share/dodo_monitor/environment/path.dsv
[0.467s] -- Up-to-date symlink: /home/ub/dodo/dodo_robot_ROS2/install/dodo_monitor/share/dodo_monitor/local_setup.bash
[0.467s] -- Up-to-date symlink: /home/ub/dodo/dodo_robot_ROS2/install/dodo_monitor/share/dodo_monitor/local_setup.sh
[0.470s] -- Up-to-date symlink: /home/ub/dodo/dodo_robot_ROS2/install/dodo_monitor/share/dodo_monitor/local_setup.zsh
[0.473s] -- Up-to-date symlink: /home/ub/dodo/dodo_robot_ROS2/install/dodo_monitor/share/dodo_monitor/local_setup.dsv
[0.473s] -- Symlinking: /home/ub/dodo/dodo_robot_ROS2/install/dodo_monitor/share/dodo_monitor/package.dsv
[0.512s] -- Up-to-date symlink: /home/ub/dodo/dodo_robot_ROS2/install/dodo_monitor/share/ament_index/resource_index/packages/dodo_monitor
[0.515s] -- Up-to-date symlink: /home/ub/dodo/dodo_robot_ROS2/install/dodo_monitor/share/dodo_monitor/cmake/dodo_monitorConfig.cmake
[0.515s] -- Up-to-date symlink: /home/ub/dodo/dodo_robot_ROS2/install/dodo_monitor/share/dodo_monitor/cmake/dodo_monitorConfig-version.cmake
[0.516s] -- Up-to-date symlink: /home/ub/dodo/dodo_robot_ROS2/install/dodo_monitor/share/dodo_monitor/package.xml
[0.537s] Invoked command in '/home/ub/dodo/dodo_robot_ROS2/build/dodo_monitor' returned '0': AMENT_PREFIX_PATH=/home/ub/dodo/dodo_robot_ROS2/install/dodo_msgs:${AMENT_PREFIX_PATH} CMAKE_PREFIX_PATH=/home/ub/dodo/dodo_robot_ROS2/install/dodo_msgs:/opt/ros/humble LD_LIBRARY_PATH=/home/ub/dodo/dodo_robot_ROS2/install/dodo_msgs/lib:${LD_LIBRARY_PATH} PYTHONPATH=/home/ub/dodo/dodo_robot_ROS2/install/dodo_msgs/local/lib/python3.10/dist-packages:${PYTHONPATH} /usr/bin/cmake --install /home/ub/dodo/dodo_robot_ROS2/build/dodo_monitor
