[0.014s] Invoking command in '/home/ubuntu/dodo_main/dodo_robot_ws/build/dodo_sensor_fusion': AMENT_PREFIX_PATH=/home/ubuntu/dodo_main/dodo_robot_ws/install/dodo_msgs:${AMENT_PREFIX_PATH} CMAKE_PREFIX_PATH=/home/ubuntu/dodo_main/dodo_robot_ws/install/dodo_msgs:/opt/ros/humble LD_LIBRARY_PATH=/home/ubuntu/dodo_main/dodo_robot_ws/install/dodo_msgs/lib:${LD_LIBRARY_PATH} PYTHONPATH=/home/ubuntu/dodo_main/dodo_robot_ws/install/dodo_msgs/local/lib/python3.10/dist-packages:${PYTHONPATH} /usr/bin/cmake --build /home/ubuntu/dodo_main/dodo_robot_ws/build/dodo_sensor_fusion -- -j2 -l2
[0.062s] [35m[1mConsolidate compiler generated dependencies of target fusion_node[0m
[0.083s] [100%] Built target fusion_node
[0.099s] Invoked command in '/home/ubuntu/dodo_main/dodo_robot_ws/build/dodo_sensor_fusion' returned '0': AMENT_PREFIX_PATH=/home/ubuntu/dodo_main/dodo_robot_ws/install/dodo_msgs:${AMENT_PREFIX_PATH} CMAKE_PREFIX_PATH=/home/ubuntu/dodo_main/dodo_robot_ws/install/dodo_msgs:/opt/ros/humble LD_LIBRARY_PATH=/home/ubuntu/dodo_main/dodo_robot_ws/install/dodo_msgs/lib:${LD_LIBRARY_PATH} PYTHONPATH=/home/ubuntu/dodo_main/dodo_robot_ws/install/dodo_msgs/local/lib/python3.10/dist-packages:${PYTHONPATH} /usr/bin/cmake --build /home/ubuntu/dodo_main/dodo_robot_ws/build/dodo_sensor_fusion -- -j2 -l2
[0.099s] Invoking command in '/home/ubuntu/dodo_main/dodo_robot_ws/build/dodo_sensor_fusion': AMENT_PREFIX_PATH=/home/ubuntu/dodo_main/dodo_robot_ws/install/dodo_msgs:${AMENT_PREFIX_PATH} CMAKE_PREFIX_PATH=/home/ubuntu/dodo_main/dodo_robot_ws/install/dodo_msgs:/opt/ros/humble LD_LIBRARY_PATH=/home/ubuntu/dodo_main/dodo_robot_ws/install/dodo_msgs/lib:${LD_LIBRARY_PATH} PYTHONPATH=/home/ubuntu/dodo_main/dodo_robot_ws/install/dodo_msgs/local/lib/python3.10/dist-packages:${PYTHONPATH} /usr/bin/cmake --install /home/ubuntu/dodo_main/dodo_robot_ws/build/dodo_sensor_fusion
[0.107s] -- Install configuration: ""
[0.108s] -- Up-to-date: /home/ubuntu/dodo_main/dodo_robot_ws/install/dodo_sensor_fusion/lib/dodo_sensor_fusion/fusion_node
[0.108s] -- Up-to-date: /home/ubuntu/dodo_main/dodo_robot_ws/install/dodo_sensor_fusion/share/dodo_sensor_fusion/launch
[0.108s] -- Up-to-date: /home/ubuntu/dodo_main/dodo_robot_ws/install/dodo_sensor_fusion/share/dodo_sensor_fusion/launch/fusion_node.launch.py
[0.108s] -- Up-to-date: /home/ubuntu/dodo_main/dodo_robot_ws/install/dodo_sensor_fusion/include/
[0.108s] -- Up-to-date: /home/ubuntu/dodo_main/dodo_robot_ws/install/dodo_sensor_fusion/include//dodo_sensor_fusion
[0.108s] -- Up-to-date: /home/ubuntu/dodo_main/dodo_robot_ws/install/dodo_sensor_fusion/include//dodo_sensor_fusion/fusion_node.hpp
[0.108s] -- Up-to-date: /home/ubuntu/dodo_main/dodo_robot_ws/install/dodo_sensor_fusion/share/ament_index/resource_index/package_run_dependencies/dodo_sensor_fusion
[0.108s] -- Up-to-date: /home/ubuntu/dodo_main/dodo_robot_ws/install/dodo_sensor_fusion/share/ament_index/resource_index/parent_prefix_path/dodo_sensor_fusion
[0.108s] -- Up-to-date: /home/ubuntu/dodo_main/dodo_robot_ws/install/dodo_sensor_fusion/share/dodo_sensor_fusion/environment/ament_prefix_path.sh
[0.108s] -- Up-to-date: /home/ubuntu/dodo_main/dodo_robot_ws/install/dodo_sensor_fusion/share/dodo_sensor_fusion/environment/ament_prefix_path.dsv
[0.108s] -- Up-to-date: /home/ubuntu/dodo_main/dodo_robot_ws/install/dodo_sensor_fusion/share/dodo_sensor_fusion/environment/path.sh
[0.108s] -- Up-to-date: /home/ubuntu/dodo_main/dodo_robot_ws/install/dodo_sensor_fusion/share/dodo_sensor_fusion/environment/path.dsv
[0.108s] -- Up-to-date: /home/ubuntu/dodo_main/dodo_robot_ws/install/dodo_sensor_fusion/share/dodo_sensor_fusion/local_setup.bash
[0.108s] -- Up-to-date: /home/ubuntu/dodo_main/dodo_robot_ws/install/dodo_sensor_fusion/share/dodo_sensor_fusion/local_setup.sh
[0.108s] -- Up-to-date: /home/ubuntu/dodo_main/dodo_robot_ws/install/dodo_sensor_fusion/share/dodo_sensor_fusion/local_setup.zsh
[0.108s] -- Up-to-date: /home/ubuntu/dodo_main/dodo_robot_ws/install/dodo_sensor_fusion/share/dodo_sensor_fusion/local_setup.dsv
[0.108s] -- Installing: /home/ubuntu/dodo_main/dodo_robot_ws/install/dodo_sensor_fusion/share/dodo_sensor_fusion/package.dsv
[0.109s] -- Up-to-date: /home/ubuntu/dodo_main/dodo_robot_ws/install/dodo_sensor_fusion/share/ament_index/resource_index/packages/dodo_sensor_fusion
[0.109s] -- Up-to-date: /home/ubuntu/dodo_main/dodo_robot_ws/install/dodo_sensor_fusion/share/dodo_sensor_fusion/cmake/dodo_sensor_fusionConfig.cmake
[0.109s] -- Up-to-date: /home/ubuntu/dodo_main/dodo_robot_ws/install/dodo_sensor_fusion/share/dodo_sensor_fusion/cmake/dodo_sensor_fusionConfig-version.cmake
[0.109s] -- Up-to-date: /home/ubuntu/dodo_main/dodo_robot_ws/install/dodo_sensor_fusion/share/dodo_sensor_fusion/package.xml
[0.115s] Invoked command in '/home/ubuntu/dodo_main/dodo_robot_ws/build/dodo_sensor_fusion' returned '0': AMENT_PREFIX_PATH=/home/ubuntu/dodo_main/dodo_robot_ws/install/dodo_msgs:${AMENT_PREFIX_PATH} CMAKE_PREFIX_PATH=/home/ubuntu/dodo_main/dodo_robot_ws/install/dodo_msgs:/opt/ros/humble LD_LIBRARY_PATH=/home/ubuntu/dodo_main/dodo_robot_ws/install/dodo_msgs/lib:${LD_LIBRARY_PATH} PYTHONPATH=/home/ubuntu/dodo_main/dodo_robot_ws/install/dodo_msgs/local/lib/python3.10/dist-packages:${PYTHONPATH} /usr/bin/cmake --install /home/ubuntu/dodo_main/dodo_robot_ws/build/dodo_sensor_fusion
