[0.078s] Invoking command in '/home/ub/dodo/dodo_robot_ROS2/build/dodo_processing': AMENT_PREFIX_PATH=/home/ub/dodo/dodo_robot_ROS2/install/dodo_msgs:${AMENT_PREFIX_PATH} CMAKE_PREFIX_PATH=/home/ub/dodo/dodo_robot_ROS2/install/dodo_msgs:/opt/ros/humble LD_LIBRARY_PATH=/home/ub/dodo/dodo_robot_ROS2/install/dodo_msgs/lib:${LD_LIBRARY_PATH} PYTHONPATH=/home/ub/dodo/dodo_robot_ROS2/install/dodo_msgs/local/lib/python3.10/dist-packages:${PYTHONPATH} /usr/bin/cmake --build /home/ub/dodo/dodo_robot_ROS2/build/dodo_processing -- -j2 -l2
[0.274s] [35m[1mConsolidate compiler generated dependencies of target processing_node[0m
[0.379s] [100%] Built target processing_node
[0.441s] Invoked command in '/home/ub/dodo/dodo_robot_ROS2/build/dodo_processing' returned '0': AMENT_PREFIX_PATH=/home/ub/dodo/dodo_robot_ROS2/install/dodo_msgs:${AMENT_PREFIX_PATH} CMAKE_PREFIX_PATH=/home/ub/dodo/dodo_robot_ROS2/install/dodo_msgs:/opt/ros/humble LD_LIBRARY_PATH=/home/ub/dodo/dodo_robot_ROS2/install/dodo_msgs/lib:${LD_LIBRARY_PATH} PYTHONPATH=/home/ub/dodo/dodo_robot_ROS2/install/dodo_msgs/local/lib/python3.10/dist-packages:${PYTHONPATH} /usr/bin/cmake --build /home/ub/dodo/dodo_robot_ROS2/build/dodo_processing -- -j2 -l2
[0.463s] Invoking command in '/home/ub/dodo/dodo_robot_ROS2/build/dodo_processing': AMENT_PREFIX_PATH=/home/ub/dodo/dodo_robot_ROS2/install/dodo_msgs:${AMENT_PREFIX_PATH} CMAKE_PREFIX_PATH=/home/ub/dodo/dodo_robot_ROS2/install/dodo_msgs:/opt/ros/humble LD_LIBRARY_PATH=/home/ub/dodo/dodo_robot_ROS2/install/dodo_msgs/lib:${LD_LIBRARY_PATH} PYTHONPATH=/home/ub/dodo/dodo_robot_ROS2/install/dodo_msgs/local/lib/python3.10/dist-packages:${PYTHONPATH} /usr/bin/cmake --install /home/ub/dodo/dodo_robot_ROS2/build/dodo_processing
[0.495s] -- Install configuration: ""
[0.496s] -- Execute custom install script
[0.496s] -- Up-to-date symlink: /home/ub/dodo/dodo_robot_ROS2/install/dodo_processing/lib/dodo_processing/processing_node
[0.506s] -- Up-to-date symlink: /home/ub/dodo/dodo_robot_ROS2/install/dodo_processing/share/dodo_processing/launch/processing_node.launch.py
[0.506s] -- Up-to-date symlink: /home/ub/dodo/dodo_robot_ROS2/install/dodo_processing/include//dodo_processing/processing_node.hpp
[0.506s] -- Up-to-date symlink: /home/ub/dodo/dodo_robot_ROS2/install/dodo_processing/share/ament_index/resource_index/package_run_dependencies/dodo_processing
[0.513s] -- Up-to-date symlink: /home/ub/dodo/dodo_robot_ROS2/install/dodo_processing/share/ament_index/resource_index/parent_prefix_path/dodo_processing
[0.514s] -- Up-to-date symlink: /home/ub/dodo/dodo_robot_ROS2/install/dodo_processing/share/dodo_processing/environment/ament_prefix_path.sh
[0.514s] -- Up-to-date symlink: /home/ub/dodo/dodo_robot_ROS2/install/dodo_processing/share/dodo_processing/environment/ament_prefix_path.dsv
[0.514s] -- Up-to-date symlink: /home/ub/dodo/dodo_robot_ROS2/install/dodo_processing/share/dodo_processing/environment/path.sh
[0.514s] -- Up-to-date symlink: /home/ub/dodo/dodo_robot_ROS2/install/dodo_processing/share/dodo_processing/environment/path.dsv
[0.514s] -- Up-to-date symlink: /home/ub/dodo/dodo_robot_ROS2/install/dodo_processing/share/dodo_processing/local_setup.bash
[0.517s] -- Up-to-date symlink: /home/ub/dodo/dodo_robot_ROS2/install/dodo_processing/share/dodo_processing/local_setup.sh
[0.517s] -- Up-to-date symlink: /home/ub/dodo/dodo_robot_ROS2/install/dodo_processing/share/dodo_processing/local_setup.zsh
[0.528s] -- Up-to-date symlink: /home/ub/dodo/dodo_robot_ROS2/install/dodo_processing/share/dodo_processing/local_setup.dsv
[0.530s] -- Symlinking: /home/ub/dodo/dodo_robot_ROS2/install/dodo_processing/share/dodo_processing/package.dsv
[0.549s] -- Up-to-date symlink: /home/ub/dodo/dodo_robot_ROS2/install/dodo_processing/share/ament_index/resource_index/packages/dodo_processing
[0.549s] -- Up-to-date symlink: /home/ub/dodo/dodo_robot_ROS2/install/dodo_processing/share/dodo_processing/cmake/dodo_processingConfig.cmake
[0.549s] -- Up-to-date symlink: /home/ub/dodo/dodo_robot_ROS2/install/dodo_processing/share/dodo_processing/cmake/dodo_processingConfig-version.cmake
[0.550s] -- Up-to-date symlink: /home/ub/dodo/dodo_robot_ROS2/install/dodo_processing/share/dodo_processing/package.xml
[0.602s] Invoked command in '/home/ub/dodo/dodo_robot_ROS2/build/dodo_processing' returned '0': AMENT_PREFIX_PATH=/home/ub/dodo/dodo_robot_ROS2/install/dodo_msgs:${AMENT_PREFIX_PATH} CMAKE_PREFIX_PATH=/home/ub/dodo/dodo_robot_ROS2/install/dodo_msgs:/opt/ros/humble LD_LIBRARY_PATH=/home/ub/dodo/dodo_robot_ROS2/install/dodo_msgs/lib:${LD_LIBRARY_PATH} PYTHONPATH=/home/ub/dodo/dodo_robot_ROS2/install/dodo_msgs/local/lib/python3.10/dist-packages:${PYTHONPATH} /usr/bin/cmake --install /home/ub/dodo/dodo_robot_ROS2/build/dodo_processing
