[0.084s] Invoking command in '/home/ub/dodo/dodo_robot_ROS2/build/dodo_rl': CMAKE_PREFIX_PATH=/opt/ros/humble /usr/bin/cmake --build /home/ub/dodo/dodo_robot_ROS2/build/dodo_rl -- -j2 -l2
[0.378s] [35m[1mConsolidate compiler generated dependencies of target rl_node[0m
[0.475s] [100%] Built target rl_node
[0.535s] Invoked command in '/home/ub/dodo/dodo_robot_ROS2/build/dodo_rl' returned '0': CMAKE_PREFIX_PATH=/opt/ros/humble /usr/bin/cmake --build /home/ub/dodo/dodo_robot_ROS2/build/dodo_rl -- -j2 -l2
[0.537s] Invoking command in '/home/ub/dodo/dodo_robot_ROS2/build/dodo_rl': CMAKE_PREFIX_PATH=/opt/ros/humble /usr/bin/cmake --install /home/ub/dodo/dodo_robot_ROS2/build/dodo_rl
[0.559s] -- Install configuration: ""
[0.559s] -- Execute custom install script
[0.561s] -- Up-to-date symlink: /home/ub/dodo/dodo_robot_ROS2/install/dodo_rl/lib/dodo_rl/rl_node
[0.562s] -- Up-to-date symlink: /home/ub/dodo/dodo_robot_ROS2/install/dodo_rl/share/dodo_rl/launch/rl_node.launch.py
[0.564s] -- Up-to-date symlink: /home/ub/dodo/dodo_robot_ROS2/install/dodo_rl/include//dodo_rl/ppo_model.hpp
[0.566s] -- Up-to-date symlink: /home/ub/dodo/dodo_robot_ROS2/install/dodo_rl/include//dodo_rl/rl_node.hpp
[0.567s] -- Up-to-date symlink: /home/ub/dodo/dodo_robot_ROS2/install/dodo_rl/share/ament_index/resource_index/package_run_dependencies/dodo_rl
[0.568s] -- Up-to-date symlink: /home/ub/dodo/dodo_robot_ROS2/install/dodo_rl/share/ament_index/resource_index/parent_prefix_path/dodo_rl
[0.568s] -- Up-to-date symlink: /home/ub/dodo/dodo_robot_ROS2/install/dodo_rl/share/dodo_rl/environment/ament_prefix_path.sh
[0.569s] -- Up-to-date symlink: /home/ub/dodo/dodo_robot_ROS2/install/dodo_rl/share/dodo_rl/environment/ament_prefix_path.dsv
[0.571s] -- Up-to-date symlink: /home/ub/dodo/dodo_robot_ROS2/install/dodo_rl/share/dodo_rl/environment/path.sh
[0.572s] -- Up-to-date symlink: /home/ub/dodo/dodo_robot_ROS2/install/dodo_rl/share/dodo_rl/environment/path.dsv
[0.573s] -- Up-to-date symlink: /home/ub/dodo/dodo_robot_ROS2/install/dodo_rl/share/dodo_rl/local_setup.bash
[0.574s] -- Up-to-date symlink: /home/ub/dodo/dodo_robot_ROS2/install/dodo_rl/share/dodo_rl/local_setup.sh
[0.575s] -- Up-to-date symlink: /home/ub/dodo/dodo_robot_ROS2/install/dodo_rl/share/dodo_rl/local_setup.zsh
[0.576s] -- Up-to-date symlink: /home/ub/dodo/dodo_robot_ROS2/install/dodo_rl/share/dodo_rl/local_setup.dsv
[0.576s] -- Symlinking: /home/ub/dodo/dodo_robot_ROS2/install/dodo_rl/share/dodo_rl/package.dsv
[0.616s] -- Up-to-date symlink: /home/ub/dodo/dodo_robot_ROS2/install/dodo_rl/share/ament_index/resource_index/packages/dodo_rl
[0.617s] -- Up-to-date symlink: /home/ub/dodo/dodo_robot_ROS2/install/dodo_rl/share/dodo_rl/cmake/dodo_rlConfig.cmake
[0.618s] -- Up-to-date symlink: /home/ub/dodo/dodo_robot_ROS2/install/dodo_rl/share/dodo_rl/cmake/dodo_rlConfig-version.cmake
[0.620s] -- Up-to-date symlink: /home/ub/dodo/dodo_robot_ROS2/install/dodo_rl/share/dodo_rl/package.xml
[0.634s] Invoked command in '/home/ub/dodo/dodo_robot_ROS2/build/dodo_rl' returned '0': CMAKE_PREFIX_PATH=/opt/ros/humble /usr/bin/cmake --install /home/ub/dodo/dodo_robot_ROS2/build/dodo_rl
