[0.062s] Invoking command in '/home/ub/dodo/dodo_robot_ROS2/build/dodo_sensor_fusion': AMENT_PREFIX_PATH=/home/ub/dodo/dodo_robot_ROS2/install/dodo_msgs:${AMENT_PREFIX_PATH} CMAKE_PREFIX_PATH=/home/ub/dodo/dodo_robot_ROS2/install/dodo_msgs:/opt/ros/humble LD_LIBRARY_PATH=/home/ub/dodo/dodo_robot_ROS2/install/dodo_msgs/lib:${LD_LIBRARY_PATH} PYTHONPATH=/home/ub/dodo/dodo_robot_ROS2/install/dodo_msgs/local/lib/python3.10/dist-packages:${PYTHONPATH} /usr/bin/cmake --build /home/ub/dodo/dodo_robot_ROS2/build/dodo_sensor_fusion -- -j2 -l2
[0.238s] [100%] Built target fusion_node
[0.268s] Invoked command in '/home/ub/dodo/dodo_robot_ROS2/build/dodo_sensor_fusion' returned '0': AMENT_PREFIX_PATH=/home/ub/dodo/dodo_robot_ROS2/install/dodo_msgs:${AMENT_PREFIX_PATH} CMAKE_PREFIX_PATH=/home/ub/dodo/dodo_robot_ROS2/install/dodo_msgs:/opt/ros/humble LD_LIBRARY_PATH=/home/ub/dodo/dodo_robot_ROS2/install/dodo_msgs/lib:${LD_LIBRARY_PATH} PYTHONPATH=/home/ub/dodo/dodo_robot_ROS2/install/dodo_msgs/local/lib/python3.10/dist-packages:${PYTHONPATH} /usr/bin/cmake --build /home/ub/dodo/dodo_robot_ROS2/build/dodo_sensor_fusion -- -j2 -l2
[0.272s] Invoking command in '/home/ub/dodo/dodo_robot_ROS2/build/dodo_sensor_fusion': AMENT_PREFIX_PATH=/home/ub/dodo/dodo_robot_ROS2/install/dodo_msgs:${AMENT_PREFIX_PATH} CMAKE_PREFIX_PATH=/home/ub/dodo/dodo_robot_ROS2/install/dodo_msgs:/opt/ros/humble LD_LIBRARY_PATH=/home/ub/dodo/dodo_robot_ROS2/install/dodo_msgs/lib:${LD_LIBRARY_PATH} PYTHONPATH=/home/ub/dodo/dodo_robot_ROS2/install/dodo_msgs/local/lib/python3.10/dist-packages:${PYTHONPATH} /usr/bin/cmake --install /home/ub/dodo/dodo_robot_ROS2/build/dodo_sensor_fusion
[0.311s] -- Install configuration: ""
[0.312s] -- Execute custom install script
[0.314s] -- Up-to-date symlink: /home/ub/dodo/dodo_robot_ROS2/install/dodo_sensor_fusion/lib/dodo_sensor_fusion/fusion_node
[0.314s] -- Up-to-date symlink: /home/ub/dodo/dodo_robot_ROS2/install/dodo_sensor_fusion/share/dodo_sensor_fusion/launch/fusion_node.launch.py
[0.314s] -- Up-to-date symlink: /home/ub/dodo/dodo_robot_ROS2/install/dodo_sensor_fusion/include//dodo_sensor_fusion/fusion_node.hpp
[0.320s] -- Up-to-date symlink: /home/ub/dodo/dodo_robot_ROS2/install/dodo_sensor_fusion/share/ament_index/resource_index/package_run_dependencies/dodo_sensor_fusion
[0.321s] -- Up-to-date symlink: /home/ub/dodo/dodo_robot_ROS2/install/dodo_sensor_fusion/share/ament_index/resource_index/parent_prefix_path/dodo_sensor_fusion
[0.322s] -- Up-to-date symlink: /home/ub/dodo/dodo_robot_ROS2/install/dodo_sensor_fusion/share/dodo_sensor_fusion/environment/ament_prefix_path.sh
[0.322s] -- Up-to-date symlink: /home/ub/dodo/dodo_robot_ROS2/install/dodo_sensor_fusion/share/dodo_sensor_fusion/environment/ament_prefix_path.dsv
[0.322s] -- Up-to-date symlink: /home/ub/dodo/dodo_robot_ROS2/install/dodo_sensor_fusion/share/dodo_sensor_fusion/environment/path.sh
[0.323s] -- Up-to-date symlink: /home/ub/dodo/dodo_robot_ROS2/install/dodo_sensor_fusion/share/dodo_sensor_fusion/environment/path.dsv
[0.323s] -- Up-to-date symlink: /home/ub/dodo/dodo_robot_ROS2/install/dodo_sensor_fusion/share/dodo_sensor_fusion/local_setup.bash
[0.323s] -- Up-to-date symlink: /home/ub/dodo/dodo_robot_ROS2/install/dodo_sensor_fusion/share/dodo_sensor_fusion/local_setup.sh
[0.323s] -- Up-to-date symlink: /home/ub/dodo/dodo_robot_ROS2/install/dodo_sensor_fusion/share/dodo_sensor_fusion/local_setup.zsh
[0.323s] -- Up-to-date symlink: /home/ub/dodo/dodo_robot_ROS2/install/dodo_sensor_fusion/share/dodo_sensor_fusion/local_setup.dsv
[0.323s] -- Symlinking: /home/ub/dodo/dodo_robot_ROS2/install/dodo_sensor_fusion/share/dodo_sensor_fusion/package.dsv
[0.344s] -- Up-to-date symlink: /home/ub/dodo/dodo_robot_ROS2/install/dodo_sensor_fusion/share/ament_index/resource_index/packages/dodo_sensor_fusion
[0.344s] -- Up-to-date symlink: /home/ub/dodo/dodo_robot_ROS2/install/dodo_sensor_fusion/share/dodo_sensor_fusion/cmake/dodo_sensor_fusionConfig.cmake
[0.349s] -- Up-to-date symlink: /home/ub/dodo/dodo_robot_ROS2/install/dodo_sensor_fusion/share/dodo_sensor_fusion/cmake/dodo_sensor_fusionConfig-version.cmake
[0.349s] -- Up-to-date symlink: /home/ub/dodo/dodo_robot_ROS2/install/dodo_sensor_fusion/share/dodo_sensor_fusion/package.xml
[0.356s] Invoked command in '/home/ub/dodo/dodo_robot_ROS2/build/dodo_sensor_fusion' returned '0': AMENT_PREFIX_PATH=/home/ub/dodo/dodo_robot_ROS2/install/dodo_msgs:${AMENT_PREFIX_PATH} CMAKE_PREFIX_PATH=/home/ub/dodo/dodo_robot_ROS2/install/dodo_msgs:/opt/ros/humble LD_LIBRARY_PATH=/home/ub/dodo/dodo_robot_ROS2/install/dodo_msgs/lib:${LD_LIBRARY_PATH} PYTHONPATH=/home/ub/dodo/dodo_robot_ROS2/install/dodo_msgs/local/lib/python3.10/dist-packages:${PYTHONPATH} /usr/bin/cmake --install /home/ub/dodo/dodo_robot_ROS2/build/dodo_sensor_fusion
