-- The C compiler identification is GNU 11.4.0
-- The CXX compiler identification is GNU 11.4.0
-- Detecting C compiler ABI info
-- Detecting C compiler ABI info - done
-- Check for working C compiler: /usr/bin/cc - skipped
-- Detecting C compile features
-- Detecting C compile features - done
-- Detecting CXX compiler ABI info
-- Detecting CXX compiler ABI info - done
-- Check for working CXX compiler: /usr/bin/c++ - skipped
-- Detecting CXX compile features
-- Detecting CXX compile features - done
-- Found ament_cmake: 1.3.11 (/opt/ros/humble/share/ament_cmake/cmake)
-- Found Python3: /usr/bin/python3 (found version "3.10.12") found components: Interpreter 
-- Override CMake install command with custom implementation using symlinks instead of copying resources
-- Found rclcpp: 16.0.11 (/opt/ros/humble/share/rclcpp/cmake)
-- Found rosidl_generator_c: 3.1.6 (/opt/ros/humble/share/rosidl_generator_c/cmake)
-- Found rosidl_adapter: 3.1.6 (/opt/ros/humble/share/rosidl_adapter/cmake)
-- Found rosidl_generator_cpp: 3.1.6 (/opt/ros/humble/share/rosidl_generator_cpp/cmake)
-- Using all available rosidl_typesupport_c: rosidl_typesupport_fastrtps_c;rosidl_typesupport_introspection_c
-- Using all available rosidl_typesupport_cpp: rosidl_typesupport_fastrtps_cpp;rosidl_typesupport_introspection_cpp
-- Found rmw_implementation_cmake: 6.1.2 (/opt/ros/humble/share/rmw_implementation_cmake/cmake)
-- Found rmw_fastrtps_cpp: 6.2.7 (/opt/ros/humble/share/rmw_fastrtps_cpp/cmake)
-- Found OpenSSL: /usr/lib/x86_64-linux-gnu/libcrypto.so (found version "3.0.2")  
-- Found FastRTPS: /opt/ros/humble/include  
-- Using RMW implementation 'rmw_fastrtps_cpp' as default
-- Looking for pthread.h
-- Looking for pthread.h - found
-- Performing Test CMAKE_HAVE_LIBC_PTHREAD
-- Performing Test CMAKE_HAVE_LIBC_PTHREAD - Success
-- Found Threads: TRUE  
-- Found sensor_msgs: 4.2.4 (/opt/ros/humble/share/sensor_msgs/cmake)
-- Configuring done
-- Generating done
-- Build files have been written to: /home/ub/dodo/dodo_robot_ROS2/build/dodo_canbus
[ 33%] [32mBuilding CXX object CMakeFiles/canbus_node.dir/src/odrive_can.cpp.o[0m
[ 66%] [32mBuilding CXX object CMakeFiles/canbus_node.dir/src/canbus_node.cpp.o[0m
[100%] [32m[1mLinking CXX executable canbus_node[0m
[100%] Built target canbus_node
-- Install configuration: ""
-- Execute custom install script
-- Symlinking: /home/ub/dodo/dodo_robot_ROS2/install/dodo_canbus/lib/dodo_canbus/canbus_node
-- Symlinking: /home/ub/dodo/dodo_robot_ROS2/install/dodo_canbus/share/dodo_canbus/launch/canbus_node.launch.py
-- Symlinking: /home/ub/dodo/dodo_robot_ROS2/install/dodo_canbus/include//dodo_canbus/canbus_node.hpp
-- Symlinking: /home/ub/dodo/dodo_robot_ROS2/install/dodo_canbus/include//dodo_canbus/odrive_can.hpp
-- Symlinking: /home/ub/dodo/dodo_robot_ROS2/install/dodo_canbus/share/ament_index/resource_index/package_run_dependencies/dodo_canbus
-- Symlinking: /home/ub/dodo/dodo_robot_ROS2/install/dodo_canbus/share/ament_index/resource_index/parent_prefix_path/dodo_canbus
-- Symlinking: /home/ub/dodo/dodo_robot_ROS2/install/dodo_canbus/share/dodo_canbus/environment/ament_prefix_path.sh
-- Symlinking: /home/ub/dodo/dodo_robot_ROS2/install/dodo_canbus/share/dodo_canbus/environment/ament_prefix_path.dsv
-- Symlinking: /home/ub/dodo/dodo_robot_ROS2/install/dodo_canbus/share/dodo_canbus/environment/path.sh
-- Symlinking: /home/ub/dodo/dodo_robot_ROS2/install/dodo_canbus/share/dodo_canbus/environment/path.dsv
-- Symlinking: /home/ub/dodo/dodo_robot_ROS2/install/dodo_canbus/share/dodo_canbus/local_setup.bash
-- Symlinking: /home/ub/dodo/dodo_robot_ROS2/install/dodo_canbus/share/dodo_canbus/local_setup.sh
-- Symlinking: /home/ub/dodo/dodo_robot_ROS2/install/dodo_canbus/share/dodo_canbus/local_setup.zsh
-- Symlinking: /home/ub/dodo/dodo_robot_ROS2/install/dodo_canbus/share/dodo_canbus/local_setup.dsv
-- Symlinking: /home/ub/dodo/dodo_robot_ROS2/install/dodo_canbus/share/dodo_canbus/package.dsv
-- Symlinking: /home/ub/dodo/dodo_robot_ROS2/install/dodo_canbus/share/ament_index/resource_index/packages/dodo_canbus
-- Symlinking: /home/ub/dodo/dodo_robot_ROS2/install/dodo_canbus/share/dodo_canbus/cmake/dodo_canbusConfig.cmake
-- Symlinking: /home/ub/dodo/dodo_robot_ROS2/install/dodo_canbus/share/dodo_canbus/cmake/dodo_canbusConfig-version.cmake
-- Symlinking: /home/ub/dodo/dodo_robot_ROS2/install/dodo_canbus/share/dodo_canbus/package.xml
