[0.038s] Invoking command in '/home/ub/dodo/dodo_robot_ROS2/build/dodo_processing': AMENT_PREFIX_PATH=/home/ub/dodo/dodo_robot_ROS2/install/dodo_msgs:${AMENT_PREFIX_PATH} CMAKE_PREFIX_PATH=/home/ub/dodo/dodo_robot_ROS2/install/dodo_msgs:/opt/ros/humble LD_LIBRARY_PATH=/home/ub/dodo/dodo_robot_ROS2/install/dodo_msgs/lib:${LD_LIBRARY_PATH} PYTHONPATH=/home/ub/dodo/dodo_robot_ROS2/install/dodo_msgs/local/lib/python3.10/dist-packages:${PYTHONPATH} /usr/bin/cmake /home/ub/dodo/dodo_robot_ROS2/src/dodo_processing -DAMENT_CMAKE_SYMLINK_INSTALL=1 -DCMAKE_INSTALL_PREFIX=/home/ub/dodo/dodo_robot_ROS2/install/dodo_processing
[0.276s] -- The C compiler identification is GNU 11.4.0
[0.476s] -- The CXX compiler identification is GNU 11.4.0
[0.512s] -- Detecting C compiler ABI info
[0.805s] -- Detecting C compiler ABI info - done
[0.848s] -- Check for working C compiler: /usr/bin/cc - skipped
[0.849s] -- Detecting C compile features
[0.849s] -- Detecting C compile features - done
[0.862s] -- Detecting CXX compiler ABI info
[1.236s] -- Detecting CXX compiler ABI info - done
[1.257s] -- Check for working CXX compiler: /usr/bin/c++ - skipped
[1.258s] -- Detecting CXX compile features
[1.260s] -- Detecting CXX compile features - done
[1.269s] -- Found ament_cmake: 1.3.11 (/opt/ros/humble/share/ament_cmake/cmake)
[1.872s] -- Found Python3: /usr/bin/python3 (found version "3.10.12") found components: Interpreter 
[2.084s] -- Override CMake install command with custom implementation using symlinks instead of copying resources
[2.147s] -- Found rclcpp: 16.0.11 (/opt/ros/humble/share/rclcpp/cmake)
[2.255s] -- Found rosidl_generator_c: 3.1.6 (/opt/ros/humble/share/rosidl_generator_c/cmake)
[2.272s] -- Found rosidl_adapter: 3.1.6 (/opt/ros/humble/share/rosidl_adapter/cmake)
[2.291s] -- Found rosidl_generator_cpp: 3.1.6 (/opt/ros/humble/share/rosidl_generator_cpp/cmake)
[2.320s] -- Using all available rosidl_typesupport_c: rosidl_typesupport_fastrtps_c;rosidl_typesupport_introspection_c
[2.384s] -- Using all available rosidl_typesupport_cpp: rosidl_typesupport_fastrtps_cpp;rosidl_typesupport_introspection_cpp
[2.515s] -- Found rmw_implementation_cmake: 6.1.2 (/opt/ros/humble/share/rmw_implementation_cmake/cmake)
[2.521s] -- Found rmw_fastrtps_cpp: 6.2.7 (/opt/ros/humble/share/rmw_fastrtps_cpp/cmake)
[2.794s] -- Found OpenSSL: /usr/lib/x86_64-linux-gnu/libcrypto.so (found version "3.0.2")  
[2.861s] -- Found FastRTPS: /opt/ros/humble/include  
[2.965s] -- Using RMW implementation 'rmw_fastrtps_cpp' as default
[3.004s] -- Looking for pthread.h
[3.255s] -- Looking for pthread.h - found
[3.256s] -- Performing Test CMAKE_HAVE_LIBC_PTHREAD
[3.509s] -- Performing Test CMAKE_HAVE_LIBC_PTHREAD - Success
[3.526s] -- Found Threads: TRUE  
[3.668s] -- Found sensor_msgs: 4.2.4 (/opt/ros/humble/share/sensor_msgs/cmake)
[3.751s] -- Found dodo_msgs: 0.1.0 (/home/ub/dodo/dodo_robot_ROS2/install/dodo_msgs/share/dodo_msgs/cmake)
[4.026s] -- Configuring done
[4.084s] -- Generating done
[4.094s] -- Build files have been written to: /home/ub/dodo/dodo_robot_ROS2/build/dodo_processing
[4.118s] Invoked command in '/home/ub/dodo/dodo_robot_ROS2/build/dodo_processing' returned '0': AMENT_PREFIX_PATH=/home/ub/dodo/dodo_robot_ROS2/install/dodo_msgs:${AMENT_PREFIX_PATH} CMAKE_PREFIX_PATH=/home/ub/dodo/dodo_robot_ROS2/install/dodo_msgs:/opt/ros/humble LD_LIBRARY_PATH=/home/ub/dodo/dodo_robot_ROS2/install/dodo_msgs/lib:${LD_LIBRARY_PATH} PYTHONPATH=/home/ub/dodo/dodo_robot_ROS2/install/dodo_msgs/local/lib/python3.10/dist-packages:${PYTHONPATH} /usr/bin/cmake /home/ub/dodo/dodo_robot_ROS2/src/dodo_processing -DAMENT_CMAKE_SYMLINK_INSTALL=1 -DCMAKE_INSTALL_PREFIX=/home/ub/dodo/dodo_robot_ROS2/install/dodo_processing
[4.147s] Invoking command in '/home/ub/dodo/dodo_robot_ROS2/build/dodo_processing': AMENT_PREFIX_PATH=/home/ub/dodo/dodo_robot_ROS2/install/dodo_msgs:${AMENT_PREFIX_PATH} CMAKE_PREFIX_PATH=/home/ub/dodo/dodo_robot_ROS2/install/dodo_msgs:/opt/ros/humble LD_LIBRARY_PATH=/home/ub/dodo/dodo_robot_ROS2/install/dodo_msgs/lib:${LD_LIBRARY_PATH} PYTHONPATH=/home/ub/dodo/dodo_robot_ROS2/install/dodo_msgs/local/lib/python3.10/dist-packages:${PYTHONPATH} /usr/bin/cmake --build /home/ub/dodo/dodo_robot_ROS2/build/dodo_processing -- -j2 -l2
[4.317s] [ 50%] [32mBuilding CXX object CMakeFiles/processing_node.dir/src/processing_node.cpp.o[0m
[62.837s] [100%] [32m[1mLinking CXX executable processing_node[0m
[65.401s] [100%] Built target processing_node
[65.477s] Invoked command in '/home/ub/dodo/dodo_robot_ROS2/build/dodo_processing' returned '0': AMENT_PREFIX_PATH=/home/ub/dodo/dodo_robot_ROS2/install/dodo_msgs:${AMENT_PREFIX_PATH} CMAKE_PREFIX_PATH=/home/ub/dodo/dodo_robot_ROS2/install/dodo_msgs:/opt/ros/humble LD_LIBRARY_PATH=/home/ub/dodo/dodo_robot_ROS2/install/dodo_msgs/lib:${LD_LIBRARY_PATH} PYTHONPATH=/home/ub/dodo/dodo_robot_ROS2/install/dodo_msgs/local/lib/python3.10/dist-packages:${PYTHONPATH} /usr/bin/cmake --build /home/ub/dodo/dodo_robot_ROS2/build/dodo_processing -- -j2 -l2
[65.484s] Invoking command in '/home/ub/dodo/dodo_robot_ROS2/build/dodo_processing': AMENT_PREFIX_PATH=/home/ub/dodo/dodo_robot_ROS2/install/dodo_msgs:${AMENT_PREFIX_PATH} CMAKE_PREFIX_PATH=/home/ub/dodo/dodo_robot_ROS2/install/dodo_msgs:/opt/ros/humble LD_LIBRARY_PATH=/home/ub/dodo/dodo_robot_ROS2/install/dodo_msgs/lib:${LD_LIBRARY_PATH} PYTHONPATH=/home/ub/dodo/dodo_robot_ROS2/install/dodo_msgs/local/lib/python3.10/dist-packages:${PYTHONPATH} /usr/bin/cmake --install /home/ub/dodo/dodo_robot_ROS2/build/dodo_processing
[65.506s] -- Install configuration: ""
[65.514s] -- Execute custom install script
[65.516s] -- Symlinking: /home/ub/dodo/dodo_robot_ROS2/install/dodo_processing/lib/dodo_processing/processing_node
[65.558s] -- Symlinking: /home/ub/dodo/dodo_robot_ROS2/install/dodo_processing/share/dodo_processing/launch/processing_node.launch.py
[65.575s] -- Symlinking: /home/ub/dodo/dodo_robot_ROS2/install/dodo_processing/include//dodo_processing/processing_node.hpp
[65.610s] -- Symlinking: /home/ub/dodo/dodo_robot_ROS2/install/dodo_processing/share/ament_index/resource_index/package_run_dependencies/dodo_processing
[65.637s] -- Symlinking: /home/ub/dodo/dodo_robot_ROS2/install/dodo_processing/share/ament_index/resource_index/parent_prefix_path/dodo_processing
[65.663s] -- Symlinking: /home/ub/dodo/dodo_robot_ROS2/install/dodo_processing/share/dodo_processing/environment/ament_prefix_path.sh
[65.686s] -- Symlinking: /home/ub/dodo/dodo_robot_ROS2/install/dodo_processing/share/dodo_processing/environment/ament_prefix_path.dsv
[65.712s] -- Symlinking: /home/ub/dodo/dodo_robot_ROS2/install/dodo_processing/share/dodo_processing/environment/path.sh
[65.770s] -- Symlinking: /home/ub/dodo/dodo_robot_ROS2/install/dodo_processing/share/dodo_processing/environment/path.dsv
[65.818s] -- Symlinking: /home/ub/dodo/dodo_robot_ROS2/install/dodo_processing/share/dodo_processing/local_setup.bash
[65.844s] -- Symlinking: /home/ub/dodo/dodo_robot_ROS2/install/dodo_processing/share/dodo_processing/local_setup.sh
[65.868s] -- Symlinking: /home/ub/dodo/dodo_robot_ROS2/install/dodo_processing/share/dodo_processing/local_setup.zsh
[65.897s] -- Symlinking: /home/ub/dodo/dodo_robot_ROS2/install/dodo_processing/share/dodo_processing/local_setup.dsv
[65.923s] -- Symlinking: /home/ub/dodo/dodo_robot_ROS2/install/dodo_processing/share/dodo_processing/package.dsv
[65.948s] -- Symlinking: /home/ub/dodo/dodo_robot_ROS2/install/dodo_processing/share/ament_index/resource_index/packages/dodo_processing
[65.970s] -- Symlinking: /home/ub/dodo/dodo_robot_ROS2/install/dodo_processing/share/dodo_processing/cmake/dodo_processingConfig.cmake
[65.991s] -- Symlinking: /home/ub/dodo/dodo_robot_ROS2/install/dodo_processing/share/dodo_processing/cmake/dodo_processingConfig-version.cmake
[66.011s] -- Symlinking: /home/ub/dodo/dodo_robot_ROS2/install/dodo_processing/share/dodo_processing/package.xml
[66.068s] Invoked command in '/home/ub/dodo/dodo_robot_ROS2/build/dodo_processing' returned '0': AMENT_PREFIX_PATH=/home/ub/dodo/dodo_robot_ROS2/install/dodo_msgs:${AMENT_PREFIX_PATH} CMAKE_PREFIX_PATH=/home/ub/dodo/dodo_robot_ROS2/install/dodo_msgs:/opt/ros/humble LD_LIBRARY_PATH=/home/ub/dodo/dodo_robot_ROS2/install/dodo_msgs/lib:${LD_LIBRARY_PATH} PYTHONPATH=/home/ub/dodo/dodo_robot_ROS2/install/dodo_msgs/local/lib/python3.10/dist-packages:${PYTHONPATH} /usr/bin/cmake --install /home/ub/dodo/dodo_robot_ROS2/build/dodo_processing
