[0.021s] Invoking command in '/home/ubuntu/dodo_main/dodo_robot_ws/build/dodo_canbus': CMAKE_PREFIX_PATH=/opt/ros/humble CONDA_PROMPT_MODIFIER=(base) /usr/bin/cmake --build /home/ubuntu/dodo_main/dodo_robot_ws/build/dodo_canbus -- -j2 -l2
[0.290s] [100%] Built target canbus_node
[0.304s] Invoked command in '/home/ubuntu/dodo_main/dodo_robot_ws/build/dodo_canbus' returned '0': CMAKE_PREFIX_PATH=/opt/ros/humble CONDA_PROMPT_MODIFIER=(base) /usr/bin/cmake --build /home/ubuntu/dodo_main/dodo_robot_ws/build/dodo_canbus -- -j2 -l2
[0.322s] Invoking command in '/home/ubuntu/dodo_main/dodo_robot_ws/build/dodo_canbus': CMAKE_PREFIX_PATH=/opt/ros/humble CONDA_PROMPT_MODIFIER=(base) /usr/bin/cmake --install /home/ubuntu/dodo_main/dodo_robot_ws/build/dodo_canbus
[0.352s] -- Install configuration: ""
[0.353s] -- Execute custom install script
[0.354s] -- Up-to-date symlink: /home/ubuntu/dodo_main/dodo_robot_ws/install/dodo_canbus/lib/dodo_canbus/canbus_node
[0.356s] -- Up-to-date symlink: /home/ubuntu/dodo_main/dodo_robot_ws/install/dodo_canbus/share/dodo_canbus/launch/canbus_node.launch.py
[0.358s] -- Up-to-date symlink: /home/ubuntu/dodo_main/dodo_robot_ws/install/dodo_canbus/include//dodo_canbus/canbus_node.hpp
[0.358s] -- Up-to-date symlink: /home/ubuntu/dodo_main/dodo_robot_ws/install/dodo_canbus/include//dodo_canbus/odrive_can.hpp
[0.359s] -- Up-to-date symlink: /home/ubuntu/dodo_main/dodo_robot_ws/install/dodo_canbus/share/ament_index/resource_index/package_run_dependencies/dodo_canbus
[0.360s] -- Up-to-date symlink: /home/ubuntu/dodo_main/dodo_robot_ws/install/dodo_canbus/share/ament_index/resource_index/parent_prefix_path/dodo_canbus
[0.362s] -- Up-to-date symlink: /home/ubuntu/dodo_main/dodo_robot_ws/install/dodo_canbus/share/dodo_canbus/environment/ament_prefix_path.sh
[0.363s] -- Up-to-date symlink: /home/ubuntu/dodo_main/dodo_robot_ws/install/dodo_canbus/share/dodo_canbus/environment/ament_prefix_path.dsv
[0.365s] -- Up-to-date symlink: /home/ubuntu/dodo_main/dodo_robot_ws/install/dodo_canbus/share/dodo_canbus/environment/path.sh
[0.365s] -- Up-to-date symlink: /home/ubuntu/dodo_main/dodo_robot_ws/install/dodo_canbus/share/dodo_canbus/environment/path.dsv
[0.366s] -- Up-to-date symlink: /home/ubuntu/dodo_main/dodo_robot_ws/install/dodo_canbus/share/dodo_canbus/local_setup.bash
[0.367s] -- Up-to-date symlink: /home/ubuntu/dodo_main/dodo_robot_ws/install/dodo_canbus/share/dodo_canbus/local_setup.sh
[0.370s] -- Up-to-date symlink: /home/ubuntu/dodo_main/dodo_robot_ws/install/dodo_canbus/share/dodo_canbus/local_setup.zsh
[0.371s] -- Up-to-date symlink: /home/ubuntu/dodo_main/dodo_robot_ws/install/dodo_canbus/share/dodo_canbus/local_setup.dsv
[0.371s] -- Symlinking: /home/ubuntu/dodo_main/dodo_robot_ws/install/dodo_canbus/share/dodo_canbus/package.dsv
[0.385s] -- Up-to-date symlink: /home/ubuntu/dodo_main/dodo_robot_ws/install/dodo_canbus/share/ament_index/resource_index/packages/dodo_canbus
[0.387s] -- Up-to-date symlink: /home/ubuntu/dodo_main/dodo_robot_ws/install/dodo_canbus/share/dodo_canbus/cmake/dodo_canbusConfig.cmake
[0.387s] -- Up-to-date symlink: /home/ubuntu/dodo_main/dodo_robot_ws/install/dodo_canbus/share/dodo_canbus/cmake/dodo_canbusConfig-version.cmake
[0.388s] -- Up-to-date symlink: /home/ubuntu/dodo_main/dodo_robot_ws/install/dodo_canbus/share/dodo_canbus/package.xml
[0.390s] Invoked command in '/home/ubuntu/dodo_main/dodo_robot_ws/build/dodo_canbus' returned '0': CMAKE_PREFIX_PATH=/opt/ros/humble CONDA_PROMPT_MODIFIER=(base) /usr/bin/cmake --install /home/ubuntu/dodo_main/dodo_robot_ws/build/dodo_canbus
