[0.031s] Invoking command in '/home/ub/dodo/dodo_robot_ROS2/build/dodo_usb_command': CMAKE_PREFIX_PATH=/opt/ros/humble /usr/bin/cmake --build /home/ub/dodo/dodo_robot_ROS2/build/dodo_usb_command -- -j2 -l2
[0.215s] [100%] Built target usb_command_node
[0.275s] Invoked command in '/home/ub/dodo/dodo_robot_ROS2/build/dodo_usb_command' returned '0': CMAKE_PREFIX_PATH=/opt/ros/humble /usr/bin/cmake --build /home/ub/dodo/dodo_robot_ROS2/build/dodo_usb_command -- -j2 -l2
[0.292s] Invoking command in '/home/ub/dodo/dodo_robot_ROS2/build/dodo_usb_command': CMAKE_PREFIX_PATH=/opt/ros/humble /usr/bin/cmake --install /home/ub/dodo/dodo_robot_ROS2/build/dodo_usb_command
[0.348s] -- Install configuration: ""
[0.351s] -- Execute custom install script
[0.358s] -- Up-to-date symlink: /home/ub/dodo/dodo_robot_ROS2/install/dodo_usb_command/lib/dodo_usb_command/usb_command_node
[0.368s] -- Up-to-date symlink: /home/ub/dodo/dodo_robot_ROS2/install/dodo_usb_command/share/dodo_usb_command/launch/usb_command.launch.py
[0.369s] -- Up-to-date symlink: /home/ub/dodo/dodo_robot_ROS2/install/dodo_usb_command/include//dodo_usb_command/usb_command_node.hpp
[0.370s] -- Up-to-date symlink: /home/ub/dodo/dodo_robot_ROS2/install/dodo_usb_command/share/ament_index/resource_index/package_run_dependencies/dodo_usb_command
[0.371s] -- Up-to-date symlink: /home/ub/dodo/dodo_robot_ROS2/install/dodo_usb_command/share/ament_index/resource_index/parent_prefix_path/dodo_usb_command
[0.371s] -- Up-to-date symlink: /home/ub/dodo/dodo_robot_ROS2/install/dodo_usb_command/share/dodo_usb_command/environment/ament_prefix_path.sh
[0.374s] -- Up-to-date symlink: /home/ub/dodo/dodo_robot_ROS2/install/dodo_usb_command/share/dodo_usb_command/environment/ament_prefix_path.dsv
[0.376s] -- Up-to-date symlink: /home/ub/dodo/dodo_robot_ROS2/install/dodo_usb_command/share/dodo_usb_command/environment/path.sh
[0.378s] -- Up-to-date symlink: /home/ub/dodo/dodo_robot_ROS2/install/dodo_usb_command/share/dodo_usb_command/environment/path.dsv
[0.380s] -- Up-to-date symlink: /home/ub/dodo/dodo_robot_ROS2/install/dodo_usb_command/share/dodo_usb_command/local_setup.bash
[0.382s] -- Up-to-date symlink: /home/ub/dodo/dodo_robot_ROS2/install/dodo_usb_command/share/dodo_usb_command/local_setup.sh
[0.382s] -- Up-to-date symlink: /home/ub/dodo/dodo_robot_ROS2/install/dodo_usb_command/share/dodo_usb_command/local_setup.zsh
[0.388s] -- Up-to-date symlink: /home/ub/dodo/dodo_robot_ROS2/install/dodo_usb_command/share/dodo_usb_command/local_setup.dsv
[0.388s] -- Symlinking: /home/ub/dodo/dodo_robot_ROS2/install/dodo_usb_command/share/dodo_usb_command/package.dsv
[0.415s] -- Up-to-date symlink: /home/ub/dodo/dodo_robot_ROS2/install/dodo_usb_command/share/ament_index/resource_index/packages/dodo_usb_command
[0.419s] -- Up-to-date symlink: /home/ub/dodo/dodo_robot_ROS2/install/dodo_usb_command/share/dodo_usb_command/cmake/dodo_usb_commandConfig.cmake
[0.428s] -- Up-to-date symlink: /home/ub/dodo/dodo_robot_ROS2/install/dodo_usb_command/share/dodo_usb_command/cmake/dodo_usb_commandConfig-version.cmake
[0.429s] -- Up-to-date symlink: /home/ub/dodo/dodo_robot_ROS2/install/dodo_usb_command/share/dodo_usb_command/package.xml
[0.433s] Invoked command in '/home/ub/dodo/dodo_robot_ROS2/build/dodo_usb_command' returned '0': CMAKE_PREFIX_PATH=/opt/ros/humble /usr/bin/cmake --install /home/ub/dodo/dodo_robot_ROS2/build/dodo_usb_command
