-- Found ament_cmake: 1.3.11 (/opt/ros/humble/share/ament_cmake/cmake)
-- Override CMake install command with custom implementation using symlinks instead of copying resources
-- Found rclcpp: 16.0.11 (/opt/ros/humble/share/rclcpp/cmake)
-- Found rosidl_generator_c: 3.1.6 (/opt/ros/humble/share/rosidl_generator_c/cmake)
-- Found rosidl_adapter: 3.1.6 (/opt/ros/humble/share/rosidl_adapter/cmake)
-- Found rosidl_generator_cpp: 3.1.6 (/opt/ros/humble/share/rosidl_generator_cpp/cmake)
-- Using all available rosidl_typesupport_c: rosidl_typesupport_fastrtps_c;rosidl_typesupport_introspection_c
-- Using all available rosidl_typesupport_cpp: rosidl_typesupport_fastrtps_cpp;rosidl_typesupport_introspection_cpp
-- Found rmw_implementation_cmake: 6.1.2 (/opt/ros/humble/share/rmw_implementation_cmake/cmake)
-- Found rmw_fastrtps_cpp: 6.2.7 (/opt/ros/humble/share/rmw_fastrtps_cpp/cmake)
-- Using RMW implementation 'rmw_fastrtps_cpp' as default
-- Found sensor_msgs: 4.2.4 (/opt/ros/humble/share/sensor_msgs/cmake)
-- Configuring done
-- Generating done
-- Build files have been written to: /home/ubuntu/dodo_main/dodo_robot_ws/build/dodo_imu
[35m[1mConsolidate compiler generated dependencies of target imu_node[0m
[ 33%] [32mBuilding CXX object CMakeFiles/imu_node.dir/src/imu_node.cpp.o[0m
[ 66%] [32m[1mLinking CXX executable imu_node[0m
[100%] Built target imu_node
-- Install configuration: ""
-- Execute custom install script
-- Symlinking: /home/ubuntu/dodo_main/dodo_robot_ws/install/dodo_imu/lib/dodo_imu/imu_node
-- Symlinking: /home/ubuntu/dodo_main/dodo_robot_ws/install/dodo_imu/share/dodo_imu/launch/imu_node.launch.py
-- Symlinking: /home/ubuntu/dodo_main/dodo_robot_ws/install/dodo_imu/include//dodo_imu/imu_driver.hpp
-- Symlinking: /home/ubuntu/dodo_main/dodo_robot_ws/install/dodo_imu/include//dodo_imu/imu_node.hpp
-- Symlinking: /home/ubuntu/dodo_main/dodo_robot_ws/install/dodo_imu/share/ament_index/resource_index/package_run_dependencies/dodo_imu
-- Symlinking: /home/ubuntu/dodo_main/dodo_robot_ws/install/dodo_imu/share/ament_index/resource_index/parent_prefix_path/dodo_imu
-- Symlinking: /home/ubuntu/dodo_main/dodo_robot_ws/install/dodo_imu/share/dodo_imu/environment/ament_prefix_path.sh
-- Symlinking: /home/ubuntu/dodo_main/dodo_robot_ws/install/dodo_imu/share/dodo_imu/environment/ament_prefix_path.dsv
-- Symlinking: /home/ubuntu/dodo_main/dodo_robot_ws/install/dodo_imu/share/dodo_imu/environment/path.sh
-- Symlinking: /home/ubuntu/dodo_main/dodo_robot_ws/install/dodo_imu/share/dodo_imu/environment/path.dsv
-- Symlinking: /home/ubuntu/dodo_main/dodo_robot_ws/install/dodo_imu/share/dodo_imu/local_setup.bash
-- Symlinking: /home/ubuntu/dodo_main/dodo_robot_ws/install/dodo_imu/share/dodo_imu/local_setup.sh
-- Symlinking: /home/ubuntu/dodo_main/dodo_robot_ws/install/dodo_imu/share/dodo_imu/local_setup.zsh
-- Symlinking: /home/ubuntu/dodo_main/dodo_robot_ws/install/dodo_imu/share/dodo_imu/local_setup.dsv
-- Symlinking: /home/ubuntu/dodo_main/dodo_robot_ws/install/dodo_imu/share/dodo_imu/package.dsv
-- Symlinking: /home/ubuntu/dodo_main/dodo_robot_ws/install/dodo_imu/share/ament_index/resource_index/packages/dodo_imu
-- Symlinking: /home/ubuntu/dodo_main/dodo_robot_ws/install/dodo_imu/share/dodo_imu/cmake/dodo_imuConfig.cmake
-- Symlinking: /home/ubuntu/dodo_main/dodo_robot_ws/install/dodo_imu/share/dodo_imu/cmake/dodo_imuConfig-version.cmake
-- Symlinking: /home/ubuntu/dodo_main/dodo_robot_ws/install/dodo_imu/share/dodo_imu/package.xml
