[0.031s] Invoking command in '/home/ubuntu/dodo_main/dodo_robot_ws/build/dodo_imu': CMAKE_PREFIX_PATH=${CMAKE_PREFIX_PATH}:/opt/ros/humble CONDA_PROMPT_MODIFIER=(base) /usr/bin/cmake /home/ubuntu/dodo_main/dodo_robot_ws/src/dodo_imu -DAMENT_CMAKE_SYMLINK_INSTALL=1 -DCMAKE_INSTALL_PREFIX=/home/ubuntu/dodo_main/dodo_robot_ws/install/dodo_imu
[0.053s] -- Found ament_cmake: 1.3.11 (/opt/ros/humble/share/ament_cmake/cmake)
[0.204s] -- Override CMake install command with custom implementation using symlinks instead of copying resources
[0.231s] -- Found rclcpp: 16.0.11 (/opt/ros/humble/share/rclcpp/cmake)
[0.262s] -- Found rosidl_generator_c: 3.1.6 (/opt/ros/humble/share/rosidl_generator_c/cmake)
[0.264s] -- Found rosidl_adapter: 3.1.6 (/opt/ros/humble/share/rosidl_adapter/cmake)
[0.269s] -- Found rosidl_generator_cpp: 3.1.6 (/opt/ros/humble/share/rosidl_generator_cpp/cmake)
[0.278s] -- Using all available rosidl_typesupport_c: rosidl_typesupport_fastrtps_c;rosidl_typesupport_introspection_c
[0.287s] -- Using all available rosidl_typesupport_cpp: rosidl_typesupport_fastrtps_cpp;rosidl_typesupport_introspection_cpp
[0.327s] -- Found rmw_implementation_cmake: 6.1.2 (/opt/ros/humble/share/rmw_implementation_cmake/cmake)
[0.330s] -- Found rmw_fastrtps_cpp: 6.2.7 (/opt/ros/humble/share/rmw_fastrtps_cpp/cmake)
[0.438s] -- Using RMW implementation 'rmw_fastrtps_cpp' as default
[0.496s] -- Found sensor_msgs: 4.2.4 (/opt/ros/humble/share/sensor_msgs/cmake)
[0.565s] -- Configuring done
[0.577s] -- Generating done
[0.581s] -- Build files have been written to: /home/ubuntu/dodo_main/dodo_robot_ws/build/dodo_imu
[0.588s] Invoked command in '/home/ubuntu/dodo_main/dodo_robot_ws/build/dodo_imu' returned '0': CMAKE_PREFIX_PATH=${CMAKE_PREFIX_PATH}:/opt/ros/humble CONDA_PROMPT_MODIFIER=(base) /usr/bin/cmake /home/ubuntu/dodo_main/dodo_robot_ws/src/dodo_imu -DAMENT_CMAKE_SYMLINK_INSTALL=1 -DCMAKE_INSTALL_PREFIX=/home/ubuntu/dodo_main/dodo_robot_ws/install/dodo_imu
[0.589s] Invoking command in '/home/ubuntu/dodo_main/dodo_robot_ws/build/dodo_imu': CMAKE_PREFIX_PATH=${CMAKE_PREFIX_PATH}:/opt/ros/humble CONDA_PROMPT_MODIFIER=(base) /usr/bin/cmake --build /home/ubuntu/dodo_main/dodo_robot_ws/build/dodo_imu -- -j2 -l2
[0.632s] [35m[1mConsolidate compiler generated dependencies of target imu_node[0m
[0.655s] [ 33%] [32mBuilding CXX object CMakeFiles/imu_node.dir/src/imu_node.cpp.o[0m
[3.960s] [ 66%] [32m[1mLinking CXX executable imu_node[0m
[4.160s] [100%] Built target imu_node
[4.172s] Invoked command in '/home/ubuntu/dodo_main/dodo_robot_ws/build/dodo_imu' returned '0': CMAKE_PREFIX_PATH=${CMAKE_PREFIX_PATH}:/opt/ros/humble CONDA_PROMPT_MODIFIER=(base) /usr/bin/cmake --build /home/ubuntu/dodo_main/dodo_robot_ws/build/dodo_imu -- -j2 -l2
[4.172s] Invoking command in '/home/ubuntu/dodo_main/dodo_robot_ws/build/dodo_imu': CMAKE_PREFIX_PATH=${CMAKE_PREFIX_PATH}:/opt/ros/humble CONDA_PROMPT_MODIFIER=(base) /usr/bin/cmake --install /home/ubuntu/dodo_main/dodo_robot_ws/build/dodo_imu
[4.178s] -- Install configuration: ""
[4.179s] -- Execute custom install script
[4.179s] -- Symlinking: /home/ubuntu/dodo_main/dodo_robot_ws/install/dodo_imu/lib/dodo_imu/imu_node
[4.190s] -- Symlinking: /home/ubuntu/dodo_main/dodo_robot_ws/install/dodo_imu/share/dodo_imu/launch/imu_node.launch.py
[4.198s] -- Symlinking: /home/ubuntu/dodo_main/dodo_robot_ws/install/dodo_imu/include//dodo_imu/imu_driver.hpp
[4.206s] -- Symlinking: /home/ubuntu/dodo_main/dodo_robot_ws/install/dodo_imu/include//dodo_imu/imu_node.hpp
[4.214s] -- Symlinking: /home/ubuntu/dodo_main/dodo_robot_ws/install/dodo_imu/share/ament_index/resource_index/package_run_dependencies/dodo_imu
[4.229s] -- Symlinking: /home/ubuntu/dodo_main/dodo_robot_ws/install/dodo_imu/share/ament_index/resource_index/parent_prefix_path/dodo_imu
[4.242s] -- Symlinking: /home/ubuntu/dodo_main/dodo_robot_ws/install/dodo_imu/share/dodo_imu/environment/ament_prefix_path.sh
[4.253s] -- Symlinking: /home/ubuntu/dodo_main/dodo_robot_ws/install/dodo_imu/share/dodo_imu/environment/ament_prefix_path.dsv
[4.261s] -- Symlinking: /home/ubuntu/dodo_main/dodo_robot_ws/install/dodo_imu/share/dodo_imu/environment/path.sh
[4.269s] -- Symlinking: /home/ubuntu/dodo_main/dodo_robot_ws/install/dodo_imu/share/dodo_imu/environment/path.dsv
[4.276s] -- Symlinking: /home/ubuntu/dodo_main/dodo_robot_ws/install/dodo_imu/share/dodo_imu/local_setup.bash
[4.289s] -- Symlinking: /home/ubuntu/dodo_main/dodo_robot_ws/install/dodo_imu/share/dodo_imu/local_setup.sh
[4.300s] -- Symlinking: /home/ubuntu/dodo_main/dodo_robot_ws/install/dodo_imu/share/dodo_imu/local_setup.zsh
[4.311s] -- Symlinking: /home/ubuntu/dodo_main/dodo_robot_ws/install/dodo_imu/share/dodo_imu/local_setup.dsv
[4.318s] -- Symlinking: /home/ubuntu/dodo_main/dodo_robot_ws/install/dodo_imu/share/dodo_imu/package.dsv
[4.325s] -- Symlinking: /home/ubuntu/dodo_main/dodo_robot_ws/install/dodo_imu/share/ament_index/resource_index/packages/dodo_imu
[4.332s] -- Symlinking: /home/ubuntu/dodo_main/dodo_robot_ws/install/dodo_imu/share/dodo_imu/cmake/dodo_imuConfig.cmake
[4.340s] -- Symlinking: /home/ubuntu/dodo_main/dodo_robot_ws/install/dodo_imu/share/dodo_imu/cmake/dodo_imuConfig-version.cmake
[4.346s] -- Symlinking: /home/ubuntu/dodo_main/dodo_robot_ws/install/dodo_imu/share/dodo_imu/package.xml
[4.355s] Invoked command in '/home/ubuntu/dodo_main/dodo_robot_ws/build/dodo_imu' returned '0': CMAKE_PREFIX_PATH=${CMAKE_PREFIX_PATH}:/opt/ros/humble CONDA_PROMPT_MODIFIER=(base) /usr/bin/cmake --install /home/ubuntu/dodo_main/dodo_robot_ws/build/dodo_imu
