[0.026s] Invoking command in '/home/ubuntu/dodo_main/dodo_robot_ws/build/dodo_canbus': CMAKE_PREFIX_PATH=/opt/ros/humble /usr/bin/cmake --build /home/ubuntu/dodo_main/dodo_robot_ws/build/dodo_canbus -- -j2 -l2
[0.207s] [35m[1mConsolidate compiler generated dependencies of target canbus_node[0m
[0.274s] [100%] Built target canbus_node
[0.300s] Invoked command in '/home/ubuntu/dodo_main/dodo_robot_ws/build/dodo_canbus' returned '0': CMAKE_PREFIX_PATH=/opt/ros/humble /usr/bin/cmake --build /home/ubuntu/dodo_main/dodo_robot_ws/build/dodo_canbus -- -j2 -l2
[0.325s] Invoking command in '/home/ubuntu/dodo_main/dodo_robot_ws/build/dodo_canbus': CMAKE_PREFIX_PATH=/opt/ros/humble /usr/bin/cmake --install /home/ubuntu/dodo_main/dodo_robot_ws/build/dodo_canbus
[0.346s] -- Install configuration: ""
[0.347s] -- Up-to-date: /home/ubuntu/dodo_main/dodo_robot_ws/install/dodo_canbus/lib/dodo_canbus/canbus_node
[0.348s] -- Up-to-date: /home/ubuntu/dodo_main/dodo_robot_ws/install/dodo_canbus/share/dodo_canbus/launch
[0.348s] -- Up-to-date: /home/ubuntu/dodo_main/dodo_robot_ws/install/dodo_canbus/share/dodo_canbus/launch/canbus_node.launch.py
[0.348s] -- Up-to-date: /home/ubuntu/dodo_main/dodo_robot_ws/install/dodo_canbus/include/
[0.349s] -- Up-to-date: /home/ubuntu/dodo_main/dodo_robot_ws/install/dodo_canbus/include//dodo_canbus
[0.350s] -- Up-to-date: /home/ubuntu/dodo_main/dodo_robot_ws/install/dodo_canbus/include//dodo_canbus/canbus_node.hpp
[0.350s] -- Up-to-date: /home/ubuntu/dodo_main/dodo_robot_ws/install/dodo_canbus/include//dodo_canbus/odrive_can.hpp
[0.352s] -- Up-to-date: /home/ubuntu/dodo_main/dodo_robot_ws/install/dodo_canbus/share/ament_index/resource_index/package_run_dependencies/dodo_canbus
[0.352s] -- Up-to-date: /home/ubuntu/dodo_main/dodo_robot_ws/install/dodo_canbus/share/ament_index/resource_index/parent_prefix_path/dodo_canbus
[0.353s] -- Up-to-date: /home/ubuntu/dodo_main/dodo_robot_ws/install/dodo_canbus/share/dodo_canbus/environment/ament_prefix_path.sh
[0.353s] -- Up-to-date: /home/ubuntu/dodo_main/dodo_robot_ws/install/dodo_canbus/share/dodo_canbus/environment/ament_prefix_path.dsv
[0.353s] -- Up-to-date: /home/ubuntu/dodo_main/dodo_robot_ws/install/dodo_canbus/share/dodo_canbus/environment/path.sh
[0.354s] -- Up-to-date: /home/ubuntu/dodo_main/dodo_robot_ws/install/dodo_canbus/share/dodo_canbus/environment/path.dsv
[0.354s] -- Up-to-date: /home/ubuntu/dodo_main/dodo_robot_ws/install/dodo_canbus/share/dodo_canbus/local_setup.bash
[0.354s] -- Up-to-date: /home/ubuntu/dodo_main/dodo_robot_ws/install/dodo_canbus/share/dodo_canbus/local_setup.sh
[0.355s] -- Up-to-date: /home/ubuntu/dodo_main/dodo_robot_ws/install/dodo_canbus/share/dodo_canbus/local_setup.zsh
[0.355s] -- Up-to-date: /home/ubuntu/dodo_main/dodo_robot_ws/install/dodo_canbus/share/dodo_canbus/local_setup.dsv
[0.355s] -- Installing: /home/ubuntu/dodo_main/dodo_robot_ws/install/dodo_canbus/share/dodo_canbus/package.dsv
[0.356s] -- Up-to-date: /home/ubuntu/dodo_main/dodo_robot_ws/install/dodo_canbus/share/ament_index/resource_index/packages/dodo_canbus
[0.357s] -- Up-to-date: /home/ubuntu/dodo_main/dodo_robot_ws/install/dodo_canbus/share/dodo_canbus/cmake/dodo_canbusConfig.cmake
[0.357s] -- Up-to-date: /home/ubuntu/dodo_main/dodo_robot_ws/install/dodo_canbus/share/dodo_canbus/cmake/dodo_canbusConfig-version.cmake
[0.357s] -- Up-to-date: /home/ubuntu/dodo_main/dodo_robot_ws/install/dodo_canbus/share/dodo_canbus/package.xml
[0.361s] Invoked command in '/home/ubuntu/dodo_main/dodo_robot_ws/build/dodo_canbus' returned '0': CMAKE_PREFIX_PATH=/opt/ros/humble /usr/bin/cmake --install /home/ubuntu/dodo_main/dodo_robot_ws/build/dodo_canbus
