-- Found ament_cmake: 1.3.11 (/opt/ros/humble/share/ament_cmake/cmake)
-- Override CMake install command with custom implementation using symlinks instead of copying resources
-- Found rclcpp: 16.0.11 (/opt/ros/humble/share/rclcpp/cmake)
-- Found rosidl_generator_c: 3.1.6 (/opt/ros/humble/share/rosidl_generator_c/cmake)
-- Found rosidl_adapter: 3.1.6 (/opt/ros/humble/share/rosidl_adapter/cmake)
-- Found rosidl_generator_cpp: 3.1.6 (/opt/ros/humble/share/rosidl_generator_cpp/cmake)
-- Using all available rosidl_typesupport_c: rosidl_typesupport_fastrtps_c;rosidl_typesupport_introspection_c
-- Using all available rosidl_typesupport_cpp: rosidl_typesupport_fastrtps_cpp;rosidl_typesupport_introspection_cpp
-- Found rmw_implementation_cmake: 6.1.2 (/opt/ros/humble/share/rmw_implementation_cmake/cmake)
-- Found rmw_fastrtps_cpp: 6.2.7 (/opt/ros/humble/share/rmw_fastrtps_cpp/cmake)
-- Using RMW implementation 'rmw_fastrtps_cpp' as default
-- Found dodo_msgs: 0.1.0 (/home/ubuntu/dodo_main/dodo_robot_ws/install/dodo_msgs/share/dodo_msgs/cmake)
-- Configuring done
-- Generating done
-- Build files have been written to: /home/ubuntu/dodo_main/dodo_robot_ws/build/dodo_safety
[35m[1mConsolidate compiler generated dependencies of target safety_node[0m
[ 50%] [32m[1mLinking CXX executable safety_node[0m
[100%] Built target safety_node
-- Install configuration: ""
-- Execute custom install script
-- Symlinking: /home/ubuntu/dodo_main/dodo_robot_ws/install/dodo_safety/lib/dodo_safety/safety_node
-- Symlinking: /home/ubuntu/dodo_main/dodo_robot_ws/install/dodo_safety/share/dodo_safety/launch/safety_node.launch.py
-- Symlinking: /home/ubuntu/dodo_main/dodo_robot_ws/install/dodo_safety/include//dodo_safety/safety_node.hpp
-- Symlinking: /home/ubuntu/dodo_main/dodo_robot_ws/install/dodo_safety/share/ament_index/resource_index/package_run_dependencies/dodo_safety
-- Symlinking: /home/ubuntu/dodo_main/dodo_robot_ws/install/dodo_safety/share/ament_index/resource_index/parent_prefix_path/dodo_safety
-- Symlinking: /home/ubuntu/dodo_main/dodo_robot_ws/install/dodo_safety/share/dodo_safety/environment/ament_prefix_path.sh
-- Symlinking: /home/ubuntu/dodo_main/dodo_robot_ws/install/dodo_safety/share/dodo_safety/environment/ament_prefix_path.dsv
-- Symlinking: /home/ubuntu/dodo_main/dodo_robot_ws/install/dodo_safety/share/dodo_safety/environment/path.sh
-- Symlinking: /home/ubuntu/dodo_main/dodo_robot_ws/install/dodo_safety/share/dodo_safety/environment/path.dsv
-- Symlinking: /home/ubuntu/dodo_main/dodo_robot_ws/install/dodo_safety/share/dodo_safety/local_setup.bash
-- Symlinking: /home/ubuntu/dodo_main/dodo_robot_ws/install/dodo_safety/share/dodo_safety/local_setup.sh
-- Symlinking: /home/ubuntu/dodo_main/dodo_robot_ws/install/dodo_safety/share/dodo_safety/local_setup.zsh
-- Symlinking: /home/ubuntu/dodo_main/dodo_robot_ws/install/dodo_safety/share/dodo_safety/local_setup.dsv
-- Symlinking: /home/ubuntu/dodo_main/dodo_robot_ws/install/dodo_safety/share/dodo_safety/package.dsv
-- Symlinking: /home/ubuntu/dodo_main/dodo_robot_ws/install/dodo_safety/share/ament_index/resource_index/packages/dodo_safety
-- Symlinking: /home/ubuntu/dodo_main/dodo_robot_ws/install/dodo_safety/share/dodo_safety/cmake/dodo_safetyConfig.cmake
-- Symlinking: /home/ubuntu/dodo_main/dodo_robot_ws/install/dodo_safety/share/dodo_safety/cmake/dodo_safetyConfig-version.cmake
-- Symlinking: /home/ubuntu/dodo_main/dodo_robot_ws/install/dodo_safety/share/dodo_safety/package.xml
